/sw/apps/bioinfo/quast/5.0.2/snowy/bin/quast.py /home/tiscargf/working_GA/results/Canu_assembly/assCanu_Efae.contigs.fasta -r /home/tiscargf/working_GA/data/Reference_genome/E_faecium_E745.fasta -o /home/tiscargf/working_GA/results/Quast_AssembledGenome

Version: 5.0.2

System information:
  OS: Linux-3.10.0-1160.59.1.el7.x86_64-x86_64-with-centos-7.9.2009-Core (linux_64)
  Python version: 3.7.2
  CPUs number: 16

Started: 2022-04-28 16:09:50

Logging to /home/tiscargf/working_GA/results/Quast_AssembledGenome/quast.log
NOTICE: Maximum number of threads is set to 4 (use --threads option to set it manually)

CWD: /domus/h1/tiscargf/working_GA/code
Main parameters: 
  MODE: default, threads: 4, minimum contig length: 500, minimum alignment length: 65, \
  ambiguity: one, threshold for extensive misassembly size: 1000

Reference:
  /home/tiscargf/working_GA/data/Reference_genome/E_faecium_E745.fasta ==> E_faecium_E745

Contigs:
  Pre-processing...
  /home/tiscargf/working_GA/results/Canu_assembly/assCanu_Efae.contigs.fasta ==> assCanu_Efae.contigs

2022-04-28 16:09:51
Running Basic statistics processor...
  Reference genome:
    E_faecium_E745.fasta, length = 2765010, num fragments = 1, GC % = 38.11
  Contig files: 
    assCanu_Efae.contigs
  Calculating N50 and L50...
    assCanu_Efae.contigs, N50 = 2775622, L50 = 1, Total length = 3156374, GC % = 37.74, # N's per 100 kbp =  0.00
  Drawing Nx plot...
    saved to /home/tiscargf/working_GA/results/Quast_AssembledGenome/basic_stats/Nx_plot.pdf
  Drawing NGx plot...
    saved to /home/tiscargf/working_GA/results/Quast_AssembledGenome/basic_stats/NGx_plot.pdf
  Drawing cumulative plot...
    saved to /home/tiscargf/working_GA/results/Quast_AssembledGenome/basic_stats/cumulative_plot.pdf
  Drawing GC content plot...
    saved to /home/tiscargf/working_GA/results/Quast_AssembledGenome/basic_stats/GC_content_plot.pdf
  Drawing assCanu_Efae.contigs GC content plot...
    saved to /home/tiscargf/working_GA/results/Quast_AssembledGenome/basic_stats/assCanu_Efae.contigs_GC_content_plot.pdf
Done.

2022-04-28 16:09:53
Running Contig analyzer...
  assCanu_Efae.contigs
  Logging to files /home/tiscargf/working_GA/results/Quast_AssembledGenome/contigs_reports/contigs_report_assCanu_Efae-contigs.stdout and contigs_report_assCanu_Efae-contigs.stderr...
  Aligning contigs to the reference
  Analysis is finished.
  Creating total report...
    saved to /home/tiscargf/working_GA/results/Quast_AssembledGenome/contigs_reports/misassemblies_report.txt, misassemblies_report.tsv, and misassemblies_report.tex
  Transposed version of total report...
    saved to /home/tiscargf/working_GA/results/Quast_AssembledGenome/contigs_reports/transposed_report_misassemblies.txt, transposed_report_misassemblies.tsv, and transposed_report_misassemblies.tex
  Creating total report...
    saved to /home/tiscargf/working_GA/results/Quast_AssembledGenome/contigs_reports/unaligned_report.txt, unaligned_report.tsv, and unaligned_report.tex
  Drawing misassemblies by types plot...
    saved to /home/tiscargf/working_GA/results/Quast_AssembledGenome/contigs_reports/misassemblies_plot.pdf
  Drawing misassemblies FRCurve plot...
    saved to /home/tiscargf/working_GA/results/Quast_AssembledGenome/contigs_reports/misassemblies_frcurve_plot.pdf
Done.

2022-04-28 16:09:55
Running NA-NGA calculation...
  assCanu_Efae.contigs, Largest alignment = 2148946, NA50 = 2148946, NGA50 = 2148946, LA50 = 1, LGA50 = 1
  Drawing cumulative plot...
    saved to /home/tiscargf/working_GA/results/Quast_AssembledGenome/aligned_stats/cumulative_plot.pdf
  Drawing NAx plot...
    saved to /home/tiscargf/working_GA/results/Quast_AssembledGenome/aligned_stats/NAx_plot.pdf
  Drawing NGAx plot...
    saved to /home/tiscargf/working_GA/results/Quast_AssembledGenome/aligned_stats/NGAx_plot.pdf
Done.

2022-04-28 16:09:56
Running Genome analyzer...
  NOTICE: No file with genomic features were provided. Use the --features option if you want to specify it.

  NOTICE: No file with operons were provided. Use the -O option if you want to specify it.
  assCanu_Efae.contigs
  Analysis is finished.
  Skipping drawing Genome fraction, % histogram... (less than 2 columns histogram makes no sense)
Done.

NOTICE: Genes are not predicted by default. Use --gene-finding or --glimmer option to enable it.

2022-04-28 16:09:57
Creating large visual summaries...
This may take a while: press Ctrl-C to skip this step..
  1 of 2: Creating Icarus viewers...
  2 of 2: Creating PDF with all tables and plots...
Done

2022-04-28 16:09:59
RESULTS:
  Text versions of total report are saved to /home/tiscargf/working_GA/results/Quast_AssembledGenome/report.txt, report.tsv, and report.tex
  Text versions of transposed total report are saved to /home/tiscargf/working_GA/results/Quast_AssembledGenome/transposed_report.txt, transposed_report.tsv, and transposed_report.tex
  HTML version (interactive tables and plots) is saved to /home/tiscargf/working_GA/results/Quast_AssembledGenome/report.html
  PDF version (tables and plots) is saved to /home/tiscargf/working_GA/results/Quast_AssembledGenome/report.pdf
  Icarus (contig browser) is saved to /home/tiscargf/working_GA/results/Quast_AssembledGenome/icarus.html
  Log is saved to /home/tiscargf/working_GA/results/Quast_AssembledGenome/quast.log

Finished: 2022-04-28 16:09:59
Elapsed time: 0:00:09.080538
NOTICEs: 4; WARNINGs: 0; non-fatal ERRORs: 0

Thank you for using QUAST!
