[15:19:43] This is prokka 1.14.6
[15:19:43] Written by Torsten Seemann <torsten.seemann@gmail.com>
[15:19:43] Homepage is https://github.com/tseemann/prokka
[15:19:43] Local time is Fri Apr 29 15:19:43 2022
[15:19:43] You are tiscargf
[15:19:43] Operating system is linux
[15:19:43] You have BioPerl 1.007001
[15:19:43] System has 16 cores.
[15:19:43] Will use maximum of 8 cores.
[15:19:43] Annotating as >>> Bacteria <<<
[15:19:43] Generating locus_tag from 'assCanu_Efae.contigs.fasta' contents.
[15:19:43] Setting --locustag MDLOOKAE from MD5 6d5884ae275934beb25f74a9bb60dc40
[15:19:43] Creating new output folder: /home/tiscargf/working_GA/code/prokka_annot
[15:19:43] Running: mkdir -p \/home\/tiscargf\/working_GA\/code\/prokka_annot
[15:19:43] Using filename prefix: E_fae_E745.XXX
[15:19:43] Setting HMMER_NCPU=1
[15:19:43] Writing log to: /home/tiscargf/working_GA/code/prokka_annot/E_fae_E745.log
[15:19:43] Command: /sw/bioinfo/prokka/1.45-5b58020/snowy/bin/prokka assCanu_Efae.contigs.fasta --addgenes --prefix E_fae_E745 --outdir /home/tiscargf/working_GA/code/prokka_annot --genus Enterococcus --species faecalis --strain E745 --usegenus --protein /home/tiscargf/working_GA/data/Reference_genome/E_faecium_E745.fasta
[15:19:43] Appending to PATH: /sw/bioinfo/prokka/1.45-5b58020/rackham/bin/../binaries/linux
[15:19:43] Appending to PATH: /sw/bioinfo/prokka/1.45-5b58020/rackham/bin/../binaries/linux/../common
[15:19:43] Appending to PATH: /sw/bioinfo/prokka/1.45-5b58020/rackham/bin
[15:19:43] Looking for 'aragorn' - found /sw/bioinfo/prokka/1.45-5b58020/rackham/bin/../binaries/linux/aragorn
[15:19:43] Determined aragorn version is 001002 from 'ARAGORN v1.2.38 Dean Laslett'
[15:19:43] Looking for 'barrnap' - found /sw/bioinfo/barrnap/0.8/snowy/bin/barrnap
[15:19:43] Determined barrnap version is 000008 from 'barrnap 0.8'
[15:19:43] Looking for 'blastp' - found /sw/bioinfo/blast/2.11.0+/snowy/bin/blastp
[15:19:45] Determined blastp version is 002011 from 'blastp: 2.11.0+'
[15:19:45] Looking for 'cmpress' - found /sw/bioinfo/prokka/1.45-5b58020/rackham/bin/../binaries/linux/cmpress
[15:19:45] Determined cmpress version is 001001 from '# INFERNAL 1.1.2 (July 2016)'
[15:19:45] Looking for 'cmscan' - found /sw/bioinfo/prokka/1.45-5b58020/rackham/bin/../binaries/linux/cmscan
[15:19:45] Determined cmscan version is 001001 from '# INFERNAL 1.1.2 (July 2016)'
[15:19:45] Looking for 'egrep' - found /usr/bin/egrep
[15:19:45] Looking for 'find' - found /usr/bin/find
[15:19:45] Looking for 'grep' - found /usr/bin/grep
[15:19:45] Looking for 'hmmpress' - found /sw/apps/bioinfo/hmmer/3.1b2/snowy/bin/hmmpress
[15:19:45] Determined hmmpress version is 003001 from '# HMMER 3.1b2 (February 2015); http://hmmer.org/'
[15:19:45] Looking for 'hmmscan' - found /sw/apps/bioinfo/hmmer/3.1b2/snowy/bin/hmmscan
[15:19:45] Determined hmmscan version is 003001 from '# HMMER 3.1b2 (February 2015); http://hmmer.org/'
[15:19:45] Looking for 'java' - found /usr/bin/java
[15:19:45] Looking for 'makeblastdb' - found /sw/bioinfo/blast/2.11.0+/snowy/bin/makeblastdb
[15:19:46] Determined makeblastdb version is 002011 from 'makeblastdb: 2.11.0+'
[15:19:46] Looking for 'minced' - found /sw/apps/bioinfo/minced/0.2.0/snowy/minced
[15:19:46] Determined minced version is 002000 from 'minced 0.2.0'
[15:19:46] Looking for 'parallel' - found /sw/parallel/gnuparallel/20170122/snowy/bin/parallel
[15:19:47] Determined parallel version is 20170122 from 'GNU parallel 20170122'
[15:19:47] Looking for 'prodigal' - found /sw/apps/bioinfo/prodigal/2.6.3/snowy/bin/prodigal
[15:19:47] Determined prodigal version is 002006 from 'Prodigal V2.6.3: February, 2016'
[15:19:47] Looking for 'prokka-genbank_to_fasta_db' - found /sw/bioinfo/prokka/1.45-5b58020/snowy/bin/prokka-genbank_to_fasta_db
[15:19:47] Looking for 'sed' - found /usr/bin/sed
[15:19:47] Looking for 'signalp' - found /sw/bioinfo/SignalP/4.1f/snowy/signalp
[15:19:47] Determined signalp version is 004001 from '4.1 6175439'
[15:19:47] Looking for 'tbl2asn' - found /sw/bioinfo/tbl2asn/25.8/snowy/tbl2asn
[15:19:47] Determined tbl2asn version is 025008 from 'tbl2asn 25.8   arguments:'
[15:19:47] Using genetic code table 11.
[15:19:47] Loading and checking input file: assCanu_Efae.contigs.fasta
[15:19:47] Wrote 9 contigs totalling 3156374 bp.
[15:19:47] Predicting tRNAs and tmRNAs
[15:19:47] Running: aragorn -l -gc11  -w \/home\/tiscargf\/working_GA\/code\/prokka_annot\/E_fae_E745\.fna
[15:19:48] 1 tRNA-Val [650039,650113] 35 (tac)
[15:19:48] 2 tRNA-Lys [650115,650189] 35 (ttt)
[15:19:48] 3 tRNA-Leu [650195,650278] 36 (tag)
[15:19:48] 4 tRNA-Thr [650294,650369] 35 (tgt)
[15:19:48] 5 tRNA-Gly [650379,650450] 33 (gcc)
[15:19:48] 6 tRNA-Leu [650467,650552] 35 (taa)
[15:19:48] 7 tRNA-Arg [650562,650637] 36 (acg)
[15:19:48] 8 tRNA-Pro [650658,650731] 35 (tgg)
[15:19:48] 9 tRNA-Arg [650788,650864] 36 (acg)
[15:19:48] 10 tRNA-Ala [876883,876955] 34 (tgc)
[15:19:48] 11 tRNA-Val [880385,880459] 35 (tac)
[15:19:48] 12 tRNA-Lys [880461,880535] 35 (ttt)
[15:19:48] 13 tRNA-Leu [880541,880624] 36 (tag)
[15:19:48] 14 tRNA-Thr [880640,880715] 35 (tgt)
[15:19:48] 15 tRNA-Gly [880725,880796] 33 (gcc)
[15:19:48] 16 tRNA-Leu [880813,880898] 35 (taa)
[15:19:48] 17 tRNA-Arg [880908,880983] 36 (acg)
[15:19:48] 18 tRNA-Pro [880992,881065] 35 (tgg)
[15:19:48] 19 tRNA-Ala [881085,881157] 34 (tgc)
[15:19:48] 20 tRNA-Met [881184,881259] 36 (cat)
[15:19:48] 21 tRNA-Met [881271,881346] 36 (cat)
[15:19:48] 22 tRNA-Ser [881369,881458] 37 (tga)
[15:19:48] 23 tRNA-Met [881470,881545] 36 (cat)
[15:19:48] 24 tRNA-Asp [881563,881638] 34 (gtc)
[15:19:48] 25 tRNA-Gly [881640,881710] 33 (tcc)
[15:19:48] 26 tRNA-Ile [881723,881798] 36 (gat)
[15:19:48] 27 tRNA-Ser [881821,881910] 36 (gct)
[15:19:48] 28 tRNA-Glu [881930,882003] 35 (ttc)
[15:19:48] 29 tRNA-Ser [882025,882114] 37 (tga)
[15:19:48] 30 tRNA-Met [882126,882201] 36 (cat)
[15:19:48] 31 tRNA-Asp [882218,882292] 35 (gtc)
[15:19:48] 32 tRNA-Phe [882294,882368] 35 (gaa)
[15:19:48] 33 tRNA-Gly [882372,882442] 33 (tcc)
[15:19:48] 34 tRNA-Ile [882454,882529] 36 (gat)
[15:19:48] 35 tRNA-Glu [882539,882612] 35 (ttc)
[15:19:48] 36 tRNA-Lys c[1082670,1082742] 34 (ctt)
[15:19:48] 37 tRNA-Met [1134608,1134681] 35 (cat)
[15:19:48] 38 tRNA-Ala [1263871,1263943] 34 (tgc)
[15:19:48] 39 tRNA-Asn [1267369,1267444] 36 (gtt)
[15:19:48] 40 tRNA-Ser [1267482,1267573] 36 (gga)
[15:19:48] 41 tRNA-Glu [1267586,1267659] 35 (ttc)
[15:19:48] 42 tRNA-Val [1267673,1267747] 35 (tac)
[15:19:48] 43 tRNA-Asp [1267755,1267830] 35 (gtc)
[15:19:48] 44 tRNA-Phe [1267864,1267939] 34 (gaa)
[15:19:48] 45 tRNA-Tyr [1267940,1268022] 36 (gta)
[15:19:48] 46 tRNA-Trp [1268028,1268101] 33 (cca)
[15:19:48] 47 tRNA-His [1268104,1268177] 34 (gtg)
[15:19:48] 48 tRNA-Gln [1268187,1268260] 34 (ttg)
[15:19:48] 49 tRNA-Cys [1268305,1268375] 33 (gca)
[15:19:48] 50 tRNA-Leu [1268395,1268481] 36 (caa)
[15:19:48] 51 tRNA-His [1268542,1268615] 34 (gtg)
[15:19:48] 52 tRNA-Gln [1268623,1268696] 34 (ttg)
[15:19:48] 53 tRNA-Leu [1268712,1268798] 36 (caa)
[15:19:48] 54 tRNA-Leu c[1431863,1431947] 35 (gag)
[15:19:48] 55 tRNA-Leu [1520984,1521069] 36 (cag)
[15:19:48] 56 tRNA-Gln c[1525439,1525511] 34 (ctg)
[15:19:48] 57 tRNA-Met c[1749403,1749478] 36 (cat)
[15:19:48] 58 tRNA-Ser c[2013252,2013339] 33 (cga)
[15:19:48] 59 tmRNA [2042153,2042516] 91,129 AKNENNSYALAA*
[15:19:48] 60 tRNA-Met c[2044901,2044974] 35 (cat)
[15:19:48] 61 tRNA-Gln c[2289363,2289436] 34 (ttg)
[15:19:48] 62 tRNA-Tyr c[2289442,2289522] 35 (gta)
[15:19:48] 63 tRNA-Arg [2320139,2320212] 35 (ccg)
[15:19:48] 64 tRNA-Gly c[2391267,2391337] 33 (ccc)
[15:19:48] 65 tRNA-Asn c[2444425,2444500] 36 (gtt)
[15:19:48] 66 tRNA-Thr [2444713,2444785] 34 (ggt)
[15:19:48] 67 tRNA-Asn c[2447771,2447846] 36 (gtt)
[15:19:48] 68 tRNA-Thr c[2536496,2536568] 34 (cgt)
[15:19:48] 69 tRNA-Met c[2606834,2606907] 35 (cat)
[15:19:48] 70 tRNA-Arg c[2644187,2644262] 36 (cct)
[15:19:48] 71 tRNA-Arg c[2698296,2698370] 35 (tct)
[15:19:48] Found 71 tRNAs
[15:19:48] Predicting Ribosomal RNAs
[15:19:48] Running Barrnap with 8 threads
[15:19:55] 1 tig00000001 219155 5S ribosomal RNA
[15:19:55] 2 tig00000001 219364 23S ribosomal RNA
[15:19:55] 3 tig00000001 222621 16S ribosomal RNA
[15:19:55] 4 tig00000001 645000 16S ribosomal RNA
[15:19:55] 5 tig00000001 646904 23S ribosomal RNA
[15:19:55] 6 tig00000001 649913 5S ribosomal RNA
[15:19:55] 7 tig00000001 875250 16S ribosomal RNA
[15:19:55] 8 tig00000001 877250 23S ribosomal RNA
[15:19:55] 9 tig00000001 880259 5S ribosomal RNA
[15:19:55] 10 tig00000001 971444 16S ribosomal RNA
[15:19:55] 11 tig00000001 973348 23S ribosomal RNA
[15:19:55] 12 tig00000001 976357 5S ribosomal RNA
[15:19:55] 13 tig00000001 1262237 16S ribosomal RNA
[15:19:55] 14 tig00000001 1264238 23S ribosomal RNA
[15:19:55] 15 tig00000001 1267247 5S ribosomal RNA
[15:19:55] 16 tig00000001 2447858 5S ribosomal RNA
[15:19:55] 17 tig00000001 2448067 23S ribosomal RNA
[15:19:55] 18 tig00000001 2451324 16S ribosomal RNA
[15:19:55] Found 18 rRNAs
[15:19:55] Skipping ncRNA search, enable with --rfam if desired.
[15:19:55] Total of 88 tRNA + rRNA features
[15:19:55] Searching for CRISPR repeats
[15:19:56] Found 0 CRISPRs
[15:19:56] Predicting coding sequences
[15:19:56] Contigs total 3156374 bp, so using single mode
[15:19:56] Running: prodigal -i \/home\/tiscargf\/working_GA\/code\/prokka_annot\/E_fae_E745\.fna -c -m -g 11 -p single -f sco -q
[15:20:04] Found 3130 CDS
[15:20:04] Connecting features back to sequences
[15:20:04] Using custom Enterococcus database for annotation
[15:20:04] Preparing user-supplied primary BLAST annotation source: /home/tiscargf/working_GA/data/Reference_genome/E_faecium_E745.fasta
[15:20:04] Guessed source was in fasta format.
[15:20:04] Running: makeblastdb -dbtype prot -in \/home\/tiscargf\/working_GA\/data\/Reference_genome\/E_faecium_E745\.fasta -out \/home\/tiscargf\/working_GA\/code\/prokka_annot\/proteins -logfile /dev/null
[15:20:05] Using /inference source as 'E_faecium_E745.fasta'
[15:20:05] Annotating CDS, please be patient.
[15:20:05] Will use 8 CPUs for similarity searching.
[15:20:08] There are still 3130 unannotated CDS left (started with 3130)
[15:20:08] Will use blast to search against /home/tiscargf/working_GA/code/prokka_annot/proteins with 8 CPUs
[15:20:08] Running: cat \/home\/tiscargf\/working_GA\/code\/prokka_annot\/E_fae_E745\.proteins\.tmp\.53687\.faa | parallel --gnu --plain -j 8 --block 56786 --recstart '>' --pipe blastp -query - -db /home/tiscargf/working_GA/code/prokka_annot/proteins -evalue 1e-09 -qcov_hsp_perc 80 -num_threads 1 -num_descriptions 1 -num_alignments 1 -seg no > \/home\/tiscargf\/working_GA\/code\/prokka_annot\/E_fae_E745\.proteins\.tmp\.53687\.blast 2> /dev/null
[15:22:38] Deleting unwanted file: /home/tiscargf/working_GA/code/prokka_annot/E_fae_E745.proteins.tmp.53687.faa
[15:22:38] Deleting unwanted file: /home/tiscargf/working_GA/code/prokka_annot/E_fae_E745.proteins.tmp.53687.blast
[15:22:41] There are still 3130 unannotated CDS left (started with 3130)
[15:22:41] Will use blast to search against /sw/bioinfo/prokka/1.45-5b58020/rackham/db/genus/Enterococcus with 8 CPUs
[15:22:41] Running: cat \/home\/tiscargf\/working_GA\/code\/prokka_annot\/E_fae_E745\.Enterococcus\.tmp\.53687\.faa | parallel --gnu --plain -j 8 --block 56786 --recstart '>' --pipe blastp -query - -db /sw/bioinfo/prokka/1.45-5b58020/rackham/db/genus/Enterococcus -evalue 1e-09 -qcov_hsp_perc 80 -num_threads 1 -num_descriptions 1 -num_alignments 1 -seg no > \/home\/tiscargf\/working_GA\/code\/prokka_annot\/E_fae_E745\.Enterococcus\.tmp\.53687\.blast 2> /dev/null
[15:23:39] Modify product: Class II Aldolase and Adducin N-terminal domain protein => hypothetical protein
[15:23:39] Modify product: site-specific tyrosine recombinase XerD-family => site-specific tyrosine recombinase XerD-family protein
[15:23:39] Modify product: site-specific tyrosine recombinase XerC-family => site-specific tyrosine recombinase XerC-family protein
[15:23:39] Modify product: site-specific tyrosine recombinase XerC-family => site-specific tyrosine recombinase XerC-family protein
[15:23:40] Modify product: transcriptional regulator Spx-family => transcriptional regulator Spx-family protein
[15:23:40] Modify product: putative RNA-binding protein containing a PIN domain => putative RNA-binding protein containing a PIN domain protein
[15:23:40] Modify product: radical SAM protein family => radical SAM protein family protein
[15:23:41] Modify product: site-specific tyrosine recombinase XerC-family => site-specific tyrosine recombinase XerC-family protein
[15:23:41] Modify product: site-specific tyrosine recombinase XerC-family => site-specific tyrosine recombinase XerC-family protein
[15:23:41] Modify product: site-specific tyrosine recombinase XerC-family => site-specific tyrosine recombinase XerC-family protein
[15:23:41] Modify product: Sporulation Regulator WhiA N terminal => hypothetical protein
[15:23:41] Modify product: excisionase family DNA binding domain => excisionase family DNA binding domain protein
[15:23:41] Modify product: site-specific tyrosine recombinase XerC-family => site-specific tyrosine recombinase XerC-family protein
[15:23:41] Modify product: Transglutaminase-like superfamily => Transglutaminase-like superfamily protein
[15:23:42] Modify product: site-specific tyrosine recombinase XerC-family => site-specific tyrosine recombinase XerC-family protein
[15:23:42] Modify product: site-specific tyrosine recombinase XerC-family => site-specific tyrosine recombinase XerC-family protein
[15:23:42] Modify product: Transposase IS66 family => Transposase IS66 family protein
[15:23:42] Modify product: site-specific tyrosine recombinase XerC-family => site-specific tyrosine recombinase XerC-family protein
[15:23:43] Modify product: site-specific tyrosine recombinase XerC-family => site-specific tyrosine recombinase XerC-family protein
[15:23:43] Modify product: Sortase family => Sortase family protein
[15:23:43] Modify product: BRO family, N-terminal domain-containing protein => hypothetical protein
[15:23:43] Modify product: site-specific tyrosine recombinase XerC-family => site-specific tyrosine recombinase XerC-family protein
[15:23:43] Modify product: site-specific tyrosine recombinase XerC-family => site-specific tyrosine recombinase XerC-family protein
[15:23:43] Cleaned 23 /product names
[15:23:43] Deleting unwanted file: /home/tiscargf/working_GA/code/prokka_annot/E_fae_E745.Enterococcus.tmp.53687.faa
[15:23:43] Deleting unwanted file: /home/tiscargf/working_GA/code/prokka_annot/E_fae_E745.Enterococcus.tmp.53687.blast
[15:23:44] There are still 779 unannotated CDS left (started with 3130)
[15:23:44] Will use blast to search against /sw/bioinfo/prokka/1.45-5b58020/rackham/db/kingdom/Bacteria/IS with 8 CPUs
[15:23:44] Running: cat \/home\/tiscargf\/working_GA\/code\/prokka_annot\/E_fae_E745\.IS\.tmp\.53687\.faa | parallel --gnu --plain -j 8 --block 8903 --recstart '>' --pipe blastp -query - -db /sw/bioinfo/prokka/1.45-5b58020/rackham/db/kingdom/Bacteria/IS -evalue 1e-30 -qcov_hsp_perc 90 -num_threads 1 -num_descriptions 1 -num_alignments 1 -seg no > \/home\/tiscargf\/working_GA\/code\/prokka_annot\/E_fae_E745\.IS\.tmp\.53687\.blast 2> /dev/null
[15:23:57] Deleting unwanted file: /home/tiscargf/working_GA/code/prokka_annot/E_fae_E745.IS.tmp.53687.faa
[15:23:57] Deleting unwanted file: /home/tiscargf/working_GA/code/prokka_annot/E_fae_E745.IS.tmp.53687.blast
[15:23:58] There are still 772 unannotated CDS left (started with 3130)
[15:23:58] Will use blast to search against /sw/bioinfo/prokka/1.45-5b58020/rackham/db/kingdom/Bacteria/AMR with 8 CPUs
[15:23:58] Running: cat \/home\/tiscargf\/working_GA\/code\/prokka_annot\/E_fae_E745\.AMR\.tmp\.53687\.faa | parallel --gnu --plain -j 8 --block 8773 --recstart '>' --pipe blastp -query - -db /sw/bioinfo/prokka/1.45-5b58020/rackham/db/kingdom/Bacteria/AMR -evalue 9.99999999999999e-301 -qcov_hsp_perc 90 -num_threads 1 -num_descriptions 1 -num_alignments 1 -seg no > \/home\/tiscargf\/working_GA\/code\/prokka_annot\/E_fae_E745\.AMR\.tmp\.53687\.blast 2> /dev/null
[15:24:08] Deleting unwanted file: /home/tiscargf/working_GA/code/prokka_annot/E_fae_E745.AMR.tmp.53687.faa
[15:24:08] Deleting unwanted file: /home/tiscargf/working_GA/code/prokka_annot/E_fae_E745.AMR.tmp.53687.blast
[15:24:09] There are still 772 unannotated CDS left (started with 3130)
[15:24:09] Will use blast to search against /sw/bioinfo/prokka/1.45-5b58020/rackham/db/kingdom/Bacteria/sprot with 8 CPUs
[15:24:09] Running: cat \/home\/tiscargf\/working_GA\/code\/prokka_annot\/E_fae_E745\.sprot\.tmp\.53687\.faa | parallel --gnu --plain -j 8 --block 8773 --recstart '>' --pipe blastp -query - -db /sw/bioinfo/prokka/1.45-5b58020/rackham/db/kingdom/Bacteria/sprot -evalue 1e-09 -qcov_hsp_perc 80 -num_threads 1 -num_descriptions 1 -num_alignments 1 -seg no > \/home\/tiscargf\/working_GA\/code\/prokka_annot\/E_fae_E745\.sprot\.tmp\.53687\.blast 2> /dev/null
[15:24:52] Modify product: Uncharacterized membrane protein YdfK => putative membrane protein YdfK
[15:24:52] Modify product: UPF0145 protein YbjQ => hypothetical protein
[15:24:52] Modify product: Uncharacterized protein YqgQ => putative protein YqgQ
[15:24:52] Modify product: Uncharacterized protein YueI => putative protein YueI
[15:24:52] Modify product: UPF0701 protein YicC => hypothetical protein
[15:24:52] Modify product: Probable transcriptional regulatory protein HI_0315 => putative transcriptional regulatory protein
[15:24:52] Modify product: UPF0342 protein SA1663 => hypothetical protein
[15:24:52] Modify product: Uncharacterized membrane protein YuaF => putative membrane protein YuaF
[15:24:52] Modify product: UPF0223 protein BH2638 => hypothetical protein
[15:24:52] Modify product: UPF0358 protein EF_2458 => hypothetical protein
[15:24:52] Modify product: UPF0291 protein SP_1473 => hypothetical protein
[15:24:52] Modify product: UPF0398 protein YpsA => hypothetical protein
[15:24:52] Modify product: UPF0340 protein YwlG => hypothetical protein
[15:24:52] Modify product: Uncharacterized protein YkuJ => putative protein YkuJ
[15:24:52] Modify product: Probable transcriptional regulatory protein YeeN => putative transcriptional regulatory protein YeeN
[15:24:52] Modify product: Deacetylase EF_0837 => Deacetylase
[15:24:52] Modify product: Uncharacterized protein PA2218 => putative protein
[15:24:52] Modify product: UPF0302 protein BA_1542/GBAA_1542/BAS1430 => hypothetical protein
[15:24:52] Modify product: UPF0346 protein YozE => hypothetical protein
[15:24:52] Modify product: UPF0316 protein SA1727 => hypothetical protein
[15:24:52] Modify product: UPF0374 protein SP_1903 => hypothetical protein
[15:24:52] Modify product: UPF0154 protein SA1178 => hypothetical protein
[15:24:52] Modify product: UPF0473 protein SP_0194 => hypothetical protein
[15:24:52] Modify product: UPF0297 protein EF_1202 => hypothetical protein
[15:24:52] Modify product: UPF0356 protein M6_Spy1605 => hypothetical protein
[15:24:52] Modify product: Uncharacterized protein Spy1535 => putative protein
[15:24:52] Modify product: Nucleoid-associated protein SP_1102 => Nucleoid-associated protein
[15:24:52] Modify product: Uncharacterized response regulatory protein SACOL0201 => putative response regulatory protein
[15:24:53] Modify product: Uncharacterized protein YjcQ => putative protein YjcQ
[15:24:53] Cleaned 29 /product names
[15:24:53] Deleting unwanted file: /home/tiscargf/working_GA/code/prokka_annot/E_fae_E745.sprot.tmp.53687.faa
[15:24:53] Deleting unwanted file: /home/tiscargf/working_GA/code/prokka_annot/E_fae_E745.sprot.tmp.53687.blast
[15:24:53] There are still 705 unannotated CDS left (started with 3130)
[15:24:53] Will use hmmer3 to search against /sw/bioinfo/prokka/1.45-5b58020/rackham/db/hmm/HAMAP.hmm with 8 CPUs
[15:24:53] Running: cat \/home\/tiscargf\/working_GA\/code\/prokka_annot\/E_fae_E745\.HAMAP\.hmm\.tmp\.53687\.faa | parallel --gnu --plain -j 8 --block 7872 --recstart '>' --pipe hmmscan --noali --notextw --acc -E 1e-09 --cpu 1 /sw/bioinfo/prokka/1.45-5b58020/rackham/db/hmm/HAMAP.hmm /dev/stdin > \/home\/tiscargf\/working_GA\/code\/prokka_annot\/E_fae_E745\.HAMAP\.hmm\.tmp\.53687\.hmmer3 2> /dev/null
[15:25:52] Deleting unwanted file: /home/tiscargf/working_GA/code/prokka_annot/E_fae_E745.HAMAP.hmm.tmp.53687.faa
[15:25:52] Deleting unwanted file: /home/tiscargf/working_GA/code/prokka_annot/E_fae_E745.HAMAP.hmm.tmp.53687.hmmer3
[15:25:52] Deleting unwanted file: /home/tiscargf/working_GA/code/prokka_annot/proteins.psq
[15:25:52] Deleting unwanted file: /home/tiscargf/working_GA/code/prokka_annot/proteins.phr
[15:25:52] Deleting unwanted file: /home/tiscargf/working_GA/code/prokka_annot/proteins.pin
[15:25:52] Labelling remaining 694 proteins as 'hypothetical protein'
[15:25:52] Possible /pseudo 'type I restriction modification site-specific deoxyribonuclease HsdR' at tig00000001 position 98908
[15:25:52] Possible /pseudo 'helix-turn-helix domain-containing protein' at tig00000001 position 104938
[15:25:52] Possible /pseudo 'Helix-turn-helix domain protein' at tig00000001 position 107951
[15:25:52] Possible /pseudo 'LPXTG-motif protein cell wall anchor domain protein' at tig00000001 position 158187
[15:25:52] Possible /pseudo 'LPXTG-motif protein cell wall anchor domain protein' at tig00000001 position 158723
[15:25:52] Possible /pseudo 'von Willebrand factor domain-containing protein' at tig00000001 position 163549
[15:25:52] Possible /pseudo 'Na+/H+ antiporter' at tig00000001 position 287123
[15:25:52] Possible /pseudo 'ATP-dependent DNA helicase IV' at tig00000001 position 307171
[15:25:52] Possible /pseudo 'ISEf1, transposase' at tig00000001 position 365793
[15:25:52] Possible /pseudo 'ISEfa8, transposase' at tig00000001 position 375258
[15:25:52] Possible /pseudo 'gluconate 5-dehydrogenase' at tig00000001 position 402171
[15:25:52] Possible /pseudo 'calcium-translocating P-type ATPase' at tig00000001 position 422134
[15:25:52] Possible /pseudo 'mannosyl-glycoprotein endo-beta-N-acetylglucosaminidase' at tig00000001 position 428229
[15:25:52] Possible /pseudo 'ABC1 family protein' at tig00000001 position 444013
[15:25:52] Possible /pseudo 'ISEnfa3, transposase' at tig00000001 position 449985
[15:25:52] Possible /pseudo 'iron ABC transporter system permease' at tig00000001 position 511715
[15:25:52] Possible /pseudo 'ABC transporter permease' at tig00000001 position 525019
[15:25:52] Possible /pseudo 'peptide ABC transporter ATP-binding protein' at tig00000001 position 526926
[15:25:52] Possible /pseudo 'purine nucleoside phosphorylase' at tig00000001 position 573242
[15:25:52] Possible /pseudo 'ABC transporter permease' at tig00000001 position 576305
[15:25:52] Possible /pseudo 'tRNA modification GTPase MnmE' at tig00000001 position 631117
[15:25:52] Possible /pseudo 'translation-associated GTPase' at tig00000001 position 636384
[15:25:52] Possible /pseudo 'peptidase, U32 family' at tig00000001 position 655117
[15:25:52] Possible /pseudo 'ABC transporter permease' at tig00000001 position 687548
[15:25:52] Possible /pseudo 'metal ion ABC transporter permease' at tig00000001 position 705435
[15:25:52] Possible /pseudo 'ABC transporter ATP-binding protein' at tig00000001 position 709729
[15:25:52] Possible /pseudo 'transposase' at tig00000001 position 723884
[15:25:52] Possible /pseudo 'C-5 cytosine-specific DNA methylase' at tig00000001 position 755092
[15:25:52] Possible /pseudo 'nitroreductase family protein' at tig00000001 position 791303
[15:25:52] Possible /pseudo 'major facilitator superfamily transporter' at tig00000001 position 794967
[15:25:52] Possible /pseudo 'ABC transporter ATP-binding protein' at tig00000001 position 890630
[15:25:52] Possible /pseudo 'ABC transporter ATP-binding protein' at tig00000001 position 904092
[15:25:52] Possible /pseudo 'B-type Cna protein' at tig00000001 position 911520
[15:25:52] Possible /pseudo 'ABC transporter permease' at tig00000001 position 926385
[15:25:52] Possible /pseudo 'ABC transporter permease' at tig00000001 position 957820
[15:25:52] Possible /pseudo 'ABC transporter permease' at tig00000001 position 958496
[15:25:52] Possible /pseudo 'DNA-3-methyladenine glycosylase' at tig00000001 position 1002889
[15:25:52] Possible /pseudo 'exonuclease SbcC' at tig00000001 position 1022595
[15:25:52] Possible /pseudo 'ABC-2 family transporter protein' at tig00000001 position 1049682
[15:25:52] Possible /pseudo 'YycH protein' at tig00000001 position 1088587
[15:25:52] Possible /pseudo 'ISEfa8, transposase' at tig00000001 position 1135684
[15:25:52] Possible /pseudo 'glycosyl transferase family protein' at tig00000001 position 1146289
[15:25:52] Possible /pseudo 'glycosyl transferase family protein' at tig00000001 position 1147121
[15:25:52] Possible /pseudo 'glycosyl transferase family protein' at tig00000001 position 1209665
[15:25:52] Possible /pseudo 'acetyl-CoA acetyltransferase/hydroxymethylglutaryl-CoA reductase, degradative' at tig00000001 position 1330451
[15:25:52] Possible /pseudo 'ABC transporter ATP-binding protein' at tig00000001 position 1420834
[15:25:52] Possible /pseudo 'ABC transporter permease' at tig00000001 position 1451524
[15:25:52] Possible /pseudo 'ATP-dependent DNA helicase RecQ' at tig00000001 position 1492776
[15:25:52] Possible /pseudo 'amino acid/peptide transporter' at tig00000001 position 1529558
[15:25:52] Possible /pseudo 'ATP-dependent helicase/deoxyribonuclease subunit B' at tig00000001 position 1533030
[15:25:52] Possible /pseudo 'ABC transporter permease' at tig00000001 position 1547197
[15:25:52] Possible /pseudo 'dihydroorotate dehydrogenase, electron transfer subunit' at tig00000001 position 1620282
[15:25:52] Possible /pseudo 'LPXTG-motif protein cell wall anchor domain protein' at tig00000001 position 1654822
[15:25:52] Possible /pseudo 'LPXTG-motif protein cell wall anchor domain protein' at tig00000001 position 1655400
[15:25:52] Possible /pseudo 'von Willebrand factor type A domain-containing protein' at tig00000001 position 1658842
[15:25:52] Possible /pseudo 'ABC transporter ATP-binding protein' at tig00000001 position 1662392
[15:25:52] Possible /pseudo 'ABC transporter permease' at tig00000001 position 1700179
[15:25:52] Possible /pseudo 'transporter, monovalent cation:proton antiporter-2 family protein' at tig00000001 position 1719665
[15:25:52] Possible /pseudo 'glycosyl transferase family protein' at tig00000001 position 1746482
[15:25:52] Possible /pseudo 'iron-containing alcohol dehydrogenase' at tig00000001 position 1759575
[15:25:52] Possible /pseudo 'NIF3-related protein' at tig00000001 position 1799576
[15:25:52] Possible /pseudo 'SAM-dependent methyltransferase family protein' at tig00000001 position 1800066
[15:25:52] Possible /pseudo 'Na(+), Li(+), K(+)/H(+) antiporter subunit B' at tig00000001 position 1825902
[15:25:52] Possible /pseudo 'ABC transporter permease' at tig00000001 position 1827635
[15:25:52] Possible /pseudo 'ATP-dependent protease ATP-binding protein ClpX' at tig00000001 position 1868453
[15:25:52] Possible /pseudo 'D-xylulose 5-phosphate/D-fructose 6-phosphate phosphoketolase' at tig00000001 position 1921411
[15:25:52] Possible /pseudo 'Phosphonoacetaldehyde hydrolase' at tig00000001 position 1943835
[15:25:52] Possible /pseudo 'ribosomal-protein-alanine acetyltransferase' at tig00000001 position 1953601
[15:25:52] Possible /pseudo 'ISEnfa3, transposase' at tig00000001 position 1977426
[15:25:52] Possible /pseudo 'ISEf1, transposase' at tig00000001 position 2045959
[15:25:52] Possible /pseudo 'ISEf1, transposase' at tig00000001 position 2046329
[15:25:52] Possible /pseudo 'GAF domain-containing protein' at tig00000001 position 2048677
[15:25:52] Possible /pseudo 'LysR family transcriptional regulator' at tig00000001 position 2056931
[15:25:52] Possible /pseudo 'ISEfa8, transposase' at tig00000001 position 2088388
[15:25:52] Possible /pseudo 'choloylglycine hydrolase family protein' at tig00000001 position 2145478
[15:25:52] Possible /pseudo 'ISEnfa3, transposase' at tig00000001 position 2149722
[15:25:52] Possible /pseudo 'ISEnfa3, transposase' at tig00000001 position 2152247
[15:25:52] Possible /pseudo 'N-acetylmuramoyl-L-alanine amidase' at tig00000001 position 2153487
[15:25:52] Possible /pseudo 'copper-translocating P-type ATPase' at tig00000001 position 2162904
[15:25:52] Possible /pseudo 'YibE/F-like protein' at tig00000001 position 2269889
[15:25:52] Possible /pseudo 'phosphate ABC transporter ATP-binding protein' at tig00000001 position 2272622
[15:25:52] Possible /pseudo 'ISEnfa3, transposase' at tig00000001 position 2311818
[15:25:52] Possible /pseudo 'N-acetylmuramoyl-L-alanine amidase' at tig00000001 position 2355457
[15:25:52] Possible /pseudo 'site-specific tyrosine recombinase XerC-family protein' at tig00000001 position 2388153
[15:25:52] Possible /pseudo 'ABC transporter permease' at tig00000001 position 2406900
[15:25:52] Possible /pseudo 'ABC transporter ATP-binding protein/permease' at tig00000001 position 2420722
[15:25:52] Possible /pseudo 'thiamine biosynthesis protein ThiI' at tig00000001 position 2433248
[15:25:52] Possible /pseudo 'ISEfa8, transposase' at tig00000001 position 2446571
[15:25:52] Possible /pseudo 'SIS domain-containing protein' at tig00000001 position 2488854
[15:25:52] Possible /pseudo 'ABC transporter ATP-binding protein/permease' at tig00000001 position 2498195
[15:25:52] Possible /pseudo 'ABC transporter ATP-binding protein' at tig00000001 position 2514456
[15:25:52] Possible /pseudo 'acetyltransferase' at tig00000001 position 2544408
[15:25:52] Possible /pseudo 'signal peptidase I' at tig00000001 position 2545806
[15:25:52] Possible /pseudo 'PTS system, mannitol-specific IICB component' at tig00000001 position 2561697
[15:25:52] Possible /pseudo 'ABC transporter ATP-binding protein/permease' at tig00000001 position 2567616
[15:25:52] Possible /pseudo 'ABC transporter ATP-binding protein/permease' at tig00000001 position 2567867
[15:25:52] Possible /pseudo 'ISEfa8, transposase' at tig00000001 position 2605867
[15:25:52] Possible /pseudo 'D-alanyl-lipoteichoic acid synthetase, DltD' at tig00000001 position 2706187
[15:25:52] Possible /pseudo 'D-alanine--poly(phosphoribitol) ligase subunit 1' at tig00000001 position 2709149
[15:25:52] Possible /pseudo 'helix-turn-helix domain-containing protein' at tig00000001 position 2751089
[15:25:52] Possible /pseudo 'ISL3 family transposase' at tig00000004 position 874
[15:25:52] Possible /pseudo 'ISL3 family transposase' at tig00000004 position 1292
[15:25:52] Possible /pseudo 'cell wall surface anchor family protein' at tig00000004 position 11133
[15:25:52] Possible /pseudo 'cell wall surface anchor family protein' at tig00000004 position 11474
[15:25:52] Possible /pseudo 'ISEfa8, transposase' at tig00000004 position 110821
[15:25:52] Possible /pseudo 'ISEnfa3, transposase' at tig00000004 position 111902
[15:25:52] Possible /pseudo 'IS256 family transposase' at tig00000004 position 114013
[15:25:52] Possible /pseudo 'ABC transporter permease' at tig00000004 position 136036
[15:25:52] Possible /pseudo 'ABC transporter, permease protein' at tig00000004 position 143228
[15:25:52] Possible /pseudo 'ISEfa8, transposase' at tig00000004 position 159123
[15:25:52] Possible /pseudo 'ISEfa8, transposase' at tig00000004 position 161738
[15:25:52] Possible /pseudo 'transcriptional antiterminator bglG:Sigma-54 factor' at tig00000004 position 202045
[15:25:52] Possible /pseudo 'transcriptional antiterminator bglG:Sigma-54 factor' at tig00000004 position 203096
[15:25:52] Possible /pseudo 'PTS system, mannose/fructose/sorbose-specific IID component' at tig00000004 position 205885
[15:25:52] Possible /pseudo 'transposase' at tig00000004 position 210570
[15:25:52] Possible /pseudo 'IS1251-like transposase' at tig00000006 position 4492
[15:25:52] Possible /pseudo 'IS1251-like transposase' at tig00000006 position 4956
[15:25:52] Possible /pseudo 'ISL3 family transposase' at tig00000006 position 6967
[15:25:52] Possible /pseudo 'ISL3 family transposase' at tig00000006 position 8454
[15:25:52] Possible /pseudo 'Replication initiator protein A' at tig00000006 position 11488
[15:25:52] Possible /pseudo 'peptidase, M23 family' at tig00000008 position 1259
[15:25:52] Possible /pseudo 'HNH endonuclease domain protein' at tig00000008 position 8689
[15:25:52] Possible /pseudo 'TraG family conjugation protein' at tig00000008 position 12193
[15:25:52] Possible /pseudo 'replication initiator protein A' at tig00000008 position 29052
[15:25:52] Possible /pseudo 'bacteriocin-associated integral membrane protein' at tig00000009 position 4004
[15:25:52] Possible /pseudo 'bacteriocin-associated integral membrane protein' at tig00000009 position 12095
[15:25:52] Possible /pseudo 'replication protein' at tig00000014 position 7083
[15:25:52] Possible /pseudo 'replication protein' at tig00000014 position 7409
[15:25:52] Found 541 unique /gene codes.
[15:25:52] Fixed 2 duplicate /gene - prsA_1 prsA_2
[15:25:52] Fixed 2 duplicate /gene - vanR_1 vanR_2
[15:25:52] Fixed 2 duplicate /gene - yopX_1 yopX_2
[15:25:52] Fixed 2 duplicate /gene - coaC_1 coaC_2
[15:25:52] Fixed 2 duplicate /gene - umpB_1 umpB_2
[15:25:52] Fixed 2 duplicate /gene - napA_1 napA_2
[15:25:52] Fixed 2 duplicate /gene - cbiO_1 cbiO_2
[15:25:52] Fixed 2 duplicate /gene - tuf_1 tuf_2
[15:25:52] Fixed 2 duplicate /gene - rmlB_1 rmlB_2
[15:25:52] Fixed 5 duplicate /gene - prgN_1 prgN_2 prgN_3 prgN_4 prgN_5
[15:25:52] Fixed 2 duplicate /gene - dltD_1 dltD_2
[15:25:52] Fixed 2 duplicate /gene - vanB_1 vanB_2
[15:25:52] Fixed 2 duplicate /gene - ssb_1 ssb_2
[15:25:52] Fixed 4 duplicate /gene - bin3_1 bin3_2 bin3_3 bin3_4
[15:25:52] Fixed 7 duplicate /gene - rep_1 rep_2 rep_3 rep_4 rep_5 rep_6 rep_7
[15:25:52] Fixed 2 duplicate /gene - gatA_1 gatA_2
[15:25:52] Fixed 2 duplicate /gene - recQ_1 recQ_2
[15:25:52] Fixed 2 duplicate /gene - dfrD_1 dfrD_2
[15:25:52] Fixed 3 duplicate /gene - clpX_1 clpX_2 clpX_3
[15:25:52] Fixed 12 duplicate /gene - xerC_1 xerC_2 xerC_3 xerC_4 xerC_5 xerC_6 xerC_7 xerC_8 xerC_9 xerC_10 xerC_11 xerC_12
[15:25:52] Fixed 2 duplicate /gene - thiI_1 thiI_2
[15:25:52] Fixed 2 duplicate /gene - repA_1 repA_2
[15:25:52] Fixed 2 duplicate /gene - ligA_1 ligA_2
[15:25:52] Fixed 2 duplicate /gene - artM_1 artM_2
[15:25:52] Fixed 2 duplicate /gene - ytcP_1 ytcP_2
[15:25:52] Fixed 2 duplicate /gene - vanHB_1 vanHB_2
[15:25:52] Fixed 2 duplicate /gene - mnmE_1 mnmE_2
[15:25:52] Fixed 2 duplicate /gene - pglH_1 pglH_2
[15:25:52] Fixed 2 duplicate /gene - uxuA_1 uxuA_2
[15:25:52] Fixed 2 duplicate /gene - sbcC_1 sbcC_2
[15:25:52] Fixed 2 duplicate /gene - potA_1 potA_2
[15:25:52] Fixed 2 duplicate /gene - scrR_1 scrR_2
[15:25:52] Fixed 3 duplicate /gene - traE1_1 traE1_2 traE1_3
[15:25:52] Fixed 2 duplicate /gene - vanXB_1 vanXB_2
[15:25:52] Fixed 2 duplicate /gene - hsdR_1 hsdR_2
[15:25:52] Fixed 35 colliding /gene names.
[15:25:52] Adding /locus_tag identifiers
[15:25:52] Assigned 3219 locus_tags to CDS and RNA features.
[15:25:52] Writing outputs to /home/tiscargf/working_GA/code/prokka_annot/
[15:25:58] Generating annotation statistics file
[15:25:58] Generating Genbank and Sequin files
[15:25:58] Running: tbl2asn -V b -a r10k -l paired-ends -M n -N 1 -y 'Annotated using prokka 1.14.6 from https://github.com/tseemann/prokka' -Z \/home\/tiscargf\/working_GA\/code\/prokka_annot\/E_fae_E745\.err -i \/home\/tiscargf\/working_GA\/code\/prokka_annot\/E_fae_E745\.fsa 2> /dev/null
[15:26:07] Deleting unwanted file: /home/tiscargf/working_GA/code/prokka_annot/errorsummary.val
[15:26:07] Deleting unwanted file: /home/tiscargf/working_GA/code/prokka_annot/E_fae_E745.dr
[15:26:07] Deleting unwanted file: /home/tiscargf/working_GA/code/prokka_annot/E_fae_E745.fixedproducts
[15:26:07] Deleting unwanted file: /home/tiscargf/working_GA/code/prokka_annot/E_fae_E745.ecn
[15:26:07] Deleting unwanted file: /home/tiscargf/working_GA/code/prokka_annot/E_fae_E745.val
[15:26:07] Repairing broken .GBK output that tbl2asn produces...
[15:26:07] Running: sed 's/COORDINATES: profile/COORDINATES:profile/' < \/home\/tiscargf\/working_GA\/code\/prokka_annot\/E_fae_E745\.gbf > \/home\/tiscargf\/working_GA\/code\/prokka_annot\/E_fae_E745\.gbk
[15:26:07] Deleting unwanted file: /home/tiscargf/working_GA/code/prokka_annot/E_fae_E745.gbf
[15:26:07] Output files:
[15:26:07] /home/tiscargf/working_GA/code/prokka_annot/E_fae_E745.log
[15:26:07] /home/tiscargf/working_GA/code/prokka_annot/E_fae_E745.fna
[15:26:07] /home/tiscargf/working_GA/code/prokka_annot/E_fae_E745.gff
[15:26:07] /home/tiscargf/working_GA/code/prokka_annot/E_fae_E745.faa
[15:26:07] /home/tiscargf/working_GA/code/prokka_annot/E_fae_E745.ffn
[15:26:07] /home/tiscargf/working_GA/code/prokka_annot/E_fae_E745.tbl
[15:26:07] /home/tiscargf/working_GA/code/prokka_annot/E_fae_E745.fsa
[15:26:07] /home/tiscargf/working_GA/code/prokka_annot/E_fae_E745.tsv
[15:26:07] /home/tiscargf/working_GA/code/prokka_annot/E_fae_E745.txt
[15:26:07] /home/tiscargf/working_GA/code/prokka_annot/E_fae_E745.gbk
[15:26:07] /home/tiscargf/working_GA/code/prokka_annot/E_fae_E745.sqn
[15:26:07] /home/tiscargf/working_GA/code/prokka_annot/E_fae_E745.err
[15:26:07] Annotation finished successfully.
[15:26:07] Walltime used: 6.40 minutes
[15:26:07] If you use this result please cite the Prokka paper:
[15:26:07] Seemann T (2014) Prokka: rapid prokaryotic genome annotation. Bioinformatics. 30(14):2068-9.
[15:26:07] Type 'prokka --citation' for more details.
[15:26:07] Thank you, come again.
