[bwa_index] Pack FASTA... 0.02 sec
[bwa_index] Construct BWT for the packed sequence...
[bwa_index] 0.92 seconds elapse.
[bwa_index] Update BWT... 0.02 sec
[bwa_index] Pack forward-only FASTA... 0.01 sec
[bwa_index] Construct SA from BWT and Occ... 0.41 sec
[main] Version: 0.7.17-r1188
[main] CMD: bwa index /home/tiscargf/working_GA/results/Canu_assembly/assCanu_Efae.contigs.fasta
[main] Real time: 1.490 sec; CPU: 1.385 sec
[M::bwa_idx_load_from_disk] read 0 ALT contigs
[M::process] read 200822 sequences (20000062 bp)...
[M::process] read 200828 sequences (20000159 bp)...
[M::mem_pestat] # candidate unique pairs for (FF, FR, RF, RR): (2, 96181, 7, 4)
[M::mem_pestat] skip orientation FF as there are not enough pairs
[M::mem_pestat] analyzing insert size distribution for orientation FR...
[M::mem_pestat] (25, 50, 75) percentile: (103, 124, 156)
[M::mem_pestat] low and high boundaries for computing mean and std.dev: (1, 262)
[M::mem_pestat] mean and std.dev: (130.80, 40.00)
[M::mem_pestat] low and high boundaries for proper pairs: (1, 315)
[M::mem_pestat] skip orientation RF as there are not enough pairs
[M::mem_pestat] skip orientation RR as there are not enough pairs
[M::mem_process_seqs] Processed 200822 reads in 9.019 CPU sec, 9.027 real sec
[M::process] read 201070 sequences (20000049 bp)...
[M::mem_pestat] # candidate unique pairs for (FF, FR, RF, RR): (5, 96144, 2, 2)
[M::mem_pestat] skip orientation FF as there are not enough pairs
[M::mem_pestat] analyzing insert size distribution for orientation FR...
[M::mem_pestat] (25, 50, 75) percentile: (103, 124, 156)
[M::mem_pestat] low and high boundaries for computing mean and std.dev: (1, 262)
[M::mem_pestat] mean and std.dev: (130.91, 40.05)
[M::mem_pestat] low and high boundaries for proper pairs: (1, 315)
[M::mem_pestat] skip orientation RF as there are not enough pairs
[M::mem_pestat] skip orientation RR as there are not enough pairs
[M::mem_process_seqs] Processed 200828 reads in 9.229 CPU sec, 9.443 real sec
[M::process] read 200888 sequences (20000046 bp)...
[M::mem_pestat] # candidate unique pairs for (FF, FR, RF, RR): (0, 96228, 5, 3)
[M::mem_pestat] skip orientation FF as there are not enough pairs
[M::mem_pestat] analyzing insert size distribution for orientation FR...
[M::mem_pestat] (25, 50, 75) percentile: (104, 124, 156)
[M::mem_pestat] low and high boundaries for computing mean and std.dev: (1, 260)
[M::mem_pestat] mean and std.dev: (130.87, 39.70)
[M::mem_pestat] low and high boundaries for proper pairs: (1, 312)
[M::mem_pestat] skip orientation RF as there are not enough pairs
[M::mem_pestat] skip orientation RR as there are not enough pairs
[M::mem_process_seqs] Processed 201070 reads in 9.459 CPU sec, 9.691 real sec
[M::process] read 200962 sequences (20000045 bp)...
[M::mem_pestat] # candidate unique pairs for (FF, FR, RF, RR): (1, 96178, 6, 2)
[M::mem_pestat] skip orientation FF as there are not enough pairs
[M::mem_pestat] analyzing insert size distribution for orientation FR...
[M::mem_pestat] (25, 50, 75) percentile: (103, 124, 156)
[M::mem_pestat] low and high boundaries for computing mean and std.dev: (1, 262)
[M::mem_pestat] mean and std.dev: (130.90, 40.00)
[M::mem_pestat] low and high boundaries for proper pairs: (1, 315)
[M::mem_pestat] skip orientation RF as there are not enough pairs
[M::mem_pestat] skip orientation RR as there are not enough pairs
[M::mem_process_seqs] Processed 200888 reads in 9.287 CPU sec, 9.510 real sec
[M::process] read 200834 sequences (20000032 bp)...
[M::mem_pestat] # candidate unique pairs for (FF, FR, RF, RR): (0, 96177, 7, 1)
[M::mem_pestat] skip orientation FF as there are not enough pairs
[M::mem_pestat] analyzing insert size distribution for orientation FR...
[M::mem_pestat] (25, 50, 75) percentile: (103, 124, 156)
[M::mem_pestat] low and high boundaries for computing mean and std.dev: (1, 262)
[M::mem_pestat] mean and std.dev: (131.02, 39.94)
[M::mem_pestat] low and high boundaries for proper pairs: (1, 315)
[M::mem_pestat] skip orientation RF as there are not enough pairs
[M::mem_pestat] skip orientation RR as there are not enough pairs
[M::mem_process_seqs] Processed 200962 reads in 8.827 CPU sec, 9.075 real sec
[M::process] read 200834 sequences (20000083 bp)...
[M::mem_pestat] # candidate unique pairs for (FF, FR, RF, RR): (1, 96179, 5, 2)
[M::mem_pestat] skip orientation FF as there are not enough pairs
[M::mem_pestat] analyzing insert size distribution for orientation FR...
[M::mem_pestat] (25, 50, 75) percentile: (103, 123, 155)
[M::mem_pestat] low and high boundaries for computing mean and std.dev: (1, 259)
[M::mem_pestat] mean and std.dev: (130.23, 39.44)
[M::mem_pestat] low and high boundaries for proper pairs: (1, 311)
[M::mem_pestat] skip orientation RF as there are not enough pairs
[M::mem_pestat] skip orientation RR as there are not enough pairs
[M::mem_process_seqs] Processed 200834 reads in 8.542 CPU sec, 8.783 real sec
[M::process] read 200936 sequences (20000054 bp)...
[M::mem_pestat] # candidate unique pairs for (FF, FR, RF, RR): (1, 96120, 7, 2)
[M::mem_pestat] skip orientation FF as there are not enough pairs
[M::mem_pestat] analyzing insert size distribution for orientation FR...
[M::mem_pestat] (25, 50, 75) percentile: (103, 123, 155)
[M::mem_pestat] low and high boundaries for computing mean and std.dev: (1, 259)
[M::mem_pestat] mean and std.dev: (130.43, 39.29)
[M::mem_pestat] low and high boundaries for proper pairs: (1, 311)
[M::mem_pestat] skip orientation RF as there are not enough pairs
[M::mem_pestat] skip orientation RR as there are not enough pairs
[M::mem_process_seqs] Processed 200834 reads in 8.622 CPU sec, 8.872 real sec
[M::process] read 201096 sequences (20000162 bp)...
[M::mem_pestat] # candidate unique pairs for (FF, FR, RF, RR): (3, 96246, 2, 0)
[M::mem_pestat] skip orientation FF as there are not enough pairs
[M::mem_pestat] analyzing insert size distribution for orientation FR...
[M::mem_pestat] (25, 50, 75) percentile: (103, 124, 155)
[M::mem_pestat] low and high boundaries for computing mean and std.dev: (1, 259)
[M::mem_pestat] mean and std.dev: (130.34, 39.55)
[M::mem_pestat] low and high boundaries for proper pairs: (1, 311)
[M::mem_pestat] skip orientation RF as there are not enough pairs
[M::mem_pestat] skip orientation RR as there are not enough pairs
[M::mem_process_seqs] Processed 200936 reads in 8.514 CPU sec, 8.739 real sec
[M::process] read 201050 sequences (20000042 bp)...
[M::mem_pestat] # candidate unique pairs for (FF, FR, RF, RR): (0, 96281, 5, 0)
[M::mem_pestat] skip orientation FF as there are not enough pairs
[M::mem_pestat] analyzing insert size distribution for orientation FR...
[M::mem_pestat] (25, 50, 75) percentile: (103, 124, 155)
[M::mem_pestat] low and high boundaries for computing mean and std.dev: (1, 259)
[M::mem_pestat] mean and std.dev: (130.57, 39.56)
[M::mem_pestat] low and high boundaries for proper pairs: (1, 311)
[M::mem_pestat] skip orientation RF as there are not enough pairs
[M::mem_pestat] skip orientation RR as there are not enough pairs
[M::mem_process_seqs] Processed 201096 reads in 8.603 CPU sec, 8.841 real sec
[M::process] read 201016 sequences (20000026 bp)...
[M::mem_pestat] # candidate unique pairs for (FF, FR, RF, RR): (0, 96181, 2, 1)
[M::mem_pestat] skip orientation FF as there are not enough pairs
[M::mem_pestat] analyzing insert size distribution for orientation FR...
[M::mem_pestat] (25, 50, 75) percentile: (103, 123, 155)
[M::mem_pestat] low and high boundaries for computing mean and std.dev: (1, 259)
[M::mem_pestat] mean and std.dev: (130.25, 39.42)
[M::mem_pestat] low and high boundaries for proper pairs: (1, 311)
[M::mem_pestat] skip orientation RF as there are not enough pairs
[M::mem_pestat] skip orientation RR as there are not enough pairs
[M::mem_process_seqs] Processed 201050 reads in 8.541 CPU sec, 8.791 real sec
[M::process] read 200984 sequences (20000073 bp)...
[M::mem_pestat] # candidate unique pairs for (FF, FR, RF, RR): (0, 96286, 5, 1)
[M::mem_pestat] skip orientation FF as there are not enough pairs
[M::mem_pestat] analyzing insert size distribution for orientation FR...
[M::mem_pestat] (25, 50, 75) percentile: (103, 124, 156)
[M::mem_pestat] low and high boundaries for computing mean and std.dev: (1, 262)
[M::mem_pestat] mean and std.dev: (130.65, 40.07)
[M::mem_pestat] low and high boundaries for proper pairs: (1, 315)
[M::mem_pestat] skip orientation RF as there are not enough pairs
[M::mem_pestat] skip orientation RR as there are not enough pairs
[M::mem_process_seqs] Processed 201016 reads in 8.569 CPU sec, 8.814 real sec
[M::process] read 201036 sequences (20000163 bp)...
[M::mem_pestat] # candidate unique pairs for (FF, FR, RF, RR): (2, 96154, 2, 2)
[M::mem_pestat] skip orientation FF as there are not enough pairs
[M::mem_pestat] analyzing insert size distribution for orientation FR...
[M::mem_pestat] (25, 50, 75) percentile: (103, 124, 155)
[M::mem_pestat] low and high boundaries for computing mean and std.dev: (1, 259)
[M::mem_pestat] mean and std.dev: (130.36, 39.47)
[M::mem_pestat] low and high boundaries for proper pairs: (1, 311)
[M::mem_pestat] skip orientation RF as there are not enough pairs
[M::mem_pestat] skip orientation RR as there are not enough pairs
[M::mem_process_seqs] Processed 200984 reads in 8.563 CPU sec, 8.787 real sec
[M::process] read 201056 sequences (20000092 bp)...
[M::mem_pestat] # candidate unique pairs for (FF, FR, RF, RR): (2, 96186, 3, 1)
[M::mem_pestat] skip orientation FF as there are not enough pairs
[M::mem_pestat] analyzing insert size distribution for orientation FR...
[M::mem_pestat] (25, 50, 75) percentile: (103, 123, 155)
[M::mem_pestat] low and high boundaries for computing mean and std.dev: (1, 259)
[M::mem_pestat] mean and std.dev: (130.05, 39.47)
[M::mem_pestat] low and high boundaries for proper pairs: (1, 311)
[M::mem_pestat] skip orientation RF as there are not enough pairs
[M::mem_pestat] skip orientation RR as there are not enough pairs
[M::mem_process_seqs] Processed 201036 reads in 8.737 CPU sec, 8.988 real sec
[M::process] read 201036 sequences (20000079 bp)...
[M::mem_pestat] # candidate unique pairs for (FF, FR, RF, RR): (3, 96234, 4, 2)
[M::mem_pestat] skip orientation FF as there are not enough pairs
[M::mem_pestat] analyzing insert size distribution for orientation FR...
[M::mem_pestat] (25, 50, 75) percentile: (103, 124, 155)
[M::mem_pestat] low and high boundaries for computing mean and std.dev: (1, 259)
[M::mem_pestat] mean and std.dev: (130.39, 39.50)
[M::mem_pestat] low and high boundaries for proper pairs: (1, 311)
[M::mem_pestat] skip orientation RF as there are not enough pairs
[M::mem_pestat] skip orientation RR as there are not enough pairs
[M::mem_process_seqs] Processed 201056 reads in 8.627 CPU sec, 8.857 real sec
[M::mem_pestat] # candidate unique pairs for (FF, FR, RF, RR): (1, 96250, 6, 0)
[M::mem_pestat] skip orientation FF as there are not enough pairs
[M::mem_pestat] analyzing insert size distribution for orientation FR...
[M::mem_pestat] (25, 50, 75) percentile: (103, 123, 155)
[M::mem_pestat] low and high boundaries for computing mean and std.dev: (1, 259)
[M::mem_pestat] mean and std.dev: (130.13, 39.32)
[M::mem_pestat] low and high boundaries for proper pairs: (1, 311)
[M::mem_pestat] skip orientation RF as there are not enough pairs
[M::mem_pestat] skip orientation RR as there are not enough pairs
[M::mem_process_seqs] Processed 201036 reads in 8.105 CPU sec, 12.172 real sec
[M::process] read 201048 sequences (20000035 bp)...
[M::process] read 201034 sequences (20000085 bp)...
[M::mem_pestat] # candidate unique pairs for (FF, FR, RF, RR): (0, 96354, 1, 1)
[M::mem_pestat] skip orientation FF as there are not enough pairs
[M::mem_pestat] analyzing insert size distribution for orientation FR...
[M::mem_pestat] (25, 50, 75) percentile: (103, 123, 155)
[M::mem_pestat] low and high boundaries for computing mean and std.dev: (1, 259)
[M::mem_pestat] mean and std.dev: (130.06, 39.46)
[M::mem_pestat] low and high boundaries for proper pairs: (1, 311)
[M::mem_pestat] skip orientation RF as there are not enough pairs
[M::mem_pestat] skip orientation RR as there are not enough pairs
[M::mem_process_seqs] Processed 201048 reads in 8.383 CPU sec, 8.411 real sec
[M::process] read 201192 sequences (20000072 bp)...
[M::mem_pestat] # candidate unique pairs for (FF, FR, RF, RR): (1, 96227, 2, 0)
[M::mem_pestat] skip orientation FF as there are not enough pairs
[M::mem_pestat] analyzing insert size distribution for orientation FR...
[M::mem_pestat] (25, 50, 75) percentile: (103, 123, 155)
[M::mem_pestat] low and high boundaries for computing mean and std.dev: (1, 259)
[M::mem_pestat] mean and std.dev: (130.05, 39.39)
[M::mem_pestat] low and high boundaries for proper pairs: (1, 311)
[M::mem_pestat] skip orientation RF as there are not enough pairs
[M::mem_pestat] skip orientation RR as there are not enough pairs
[M::mem_process_seqs] Processed 201034 reads in 8.549 CPU sec, 8.746 real sec
[M::process] read 201048 sequences (20000170 bp)...
[M::mem_pestat] # candidate unique pairs for (FF, FR, RF, RR): (1, 96393, 4, 3)
[M::mem_pestat] skip orientation FF as there are not enough pairs
[M::mem_pestat] analyzing insert size distribution for orientation FR...
[M::mem_pestat] (25, 50, 75) percentile: (103, 123, 155)
[M::mem_pestat] low and high boundaries for computing mean and std.dev: (1, 259)
[M::mem_pestat] mean and std.dev: (130.03, 39.44)
[M::mem_pestat] low and high boundaries for proper pairs: (1, 311)
[M::mem_pestat] skip orientation RF as there are not enough pairs
[M::mem_pestat] skip orientation RR as there are not enough pairs
[M::mem_process_seqs] Processed 201192 reads in 8.545 CPU sec, 8.758 real sec
[M::process] read 201142 sequences (20000184 bp)...
[M::mem_pestat] # candidate unique pairs for (FF, FR, RF, RR): (2, 96237, 8, 3)
[M::mem_pestat] skip orientation FF as there are not enough pairs
[M::mem_pestat] analyzing insert size distribution for orientation FR...
[M::mem_pestat] (25, 50, 75) percentile: (103, 123, 155)
[M::mem_pestat] low and high boundaries for computing mean and std.dev: (1, 259)
[M::mem_pestat] mean and std.dev: (130.26, 39.50)
[M::mem_pestat] low and high boundaries for proper pairs: (1, 311)
[M::mem_pestat] skip orientation RF as there are not enough pairs
[M::mem_pestat] skip orientation RR as there are not enough pairs
[M::mem_process_seqs] Processed 201048 reads in 8.568 CPU sec, 8.767 real sec
[M::process] read 201208 sequences (20000118 bp)...
[M::mem_pestat] # candidate unique pairs for (FF, FR, RF, RR): (3, 96237, 7, 2)
[M::mem_pestat] skip orientation FF as there are not enough pairs
[M::mem_pestat] analyzing insert size distribution for orientation FR...
[M::mem_pestat] (25, 50, 75) percentile: (103, 123, 154)
[M::mem_pestat] low and high boundaries for computing mean and std.dev: (1, 256)
[M::mem_pestat] mean and std.dev: (129.50, 38.82)
[M::mem_pestat] low and high boundaries for proper pairs: (1, 307)
[M::mem_pestat] skip orientation RF as there are not enough pairs
[M::mem_pestat] skip orientation RR as there are not enough pairs
[M::mem_process_seqs] Processed 201142 reads in 8.567 CPU sec, 8.769 real sec
[M::process] read 201162 sequences (20000170 bp)...
[M::mem_pestat] # candidate unique pairs for (FF, FR, RF, RR): (2, 96307, 1, 1)
[M::mem_pestat] skip orientation FF as there are not enough pairs
[M::mem_pestat] analyzing insert size distribution for orientation FR...
[M::mem_pestat] (25, 50, 75) percentile: (103, 123, 155)
[M::mem_pestat] low and high boundaries for computing mean and std.dev: (1, 259)
[M::mem_pestat] mean and std.dev: (130.29, 39.43)
[M::mem_pestat] low and high boundaries for proper pairs: (1, 311)
[M::mem_pestat] skip orientation RF as there are not enough pairs
[M::mem_pestat] skip orientation RR as there are not enough pairs
[M::mem_process_seqs] Processed 201208 reads in 8.555 CPU sec, 8.757 real sec
[M::process] read 201218 sequences (20000105 bp)...
[M::mem_pestat] # candidate unique pairs for (FF, FR, RF, RR): (1, 96239, 4, 4)
[M::mem_pestat] skip orientation FF as there are not enough pairs
[M::mem_pestat] analyzing insert size distribution for orientation FR...
[M::mem_pestat] (25, 50, 75) percentile: (103, 123, 154)
[M::mem_pestat] low and high boundaries for computing mean and std.dev: (1, 256)
[M::mem_pestat] mean and std.dev: (129.63, 38.90)
[M::mem_pestat] low and high boundaries for proper pairs: (1, 307)
[M::mem_pestat] skip orientation RF as there are not enough pairs
[M::mem_pestat] skip orientation RR as there are not enough pairs
[M::mem_process_seqs] Processed 201162 reads in 8.546 CPU sec, 8.755 real sec
[M::process] read 201304 sequences (20000114 bp)...
[M::mem_pestat] # candidate unique pairs for (FF, FR, RF, RR): (2, 96307, 6, 5)
[M::mem_pestat] skip orientation FF as there are not enough pairs
[M::mem_pestat] analyzing insert size distribution for orientation FR...
[M::mem_pestat] (25, 50, 75) percentile: (103, 123, 154)
[M::mem_pestat] low and high boundaries for computing mean and std.dev: (1, 256)
[M::mem_pestat] mean and std.dev: (129.47, 38.68)
[M::mem_pestat] low and high boundaries for proper pairs: (1, 307)
[M::mem_pestat] skip orientation RF as there are not enough pairs
[M::mem_pestat] skip orientation RR as there are not enough pairs
[M::mem_process_seqs] Processed 201218 reads in 8.615 CPU sec, 8.823 real sec
[M::process] read 201350 sequences (20000064 bp)...
[M::mem_pestat] # candidate unique pairs for (FF, FR, RF, RR): (0, 96337, 5, 1)
[M::mem_pestat] skip orientation FF as there are not enough pairs
[M::mem_pestat] analyzing insert size distribution for orientation FR...
[M::mem_pestat] (25, 50, 75) percentile: (103, 123, 154)
[M::mem_pestat] low and high boundaries for computing mean and std.dev: (1, 256)
[M::mem_pestat] mean and std.dev: (129.47, 38.94)
[M::mem_pestat] low and high boundaries for proper pairs: (1, 307)
[M::mem_pestat] skip orientation RF as there are not enough pairs
[M::mem_pestat] skip orientation RR as there are not enough pairs
[M::mem_process_seqs] Processed 201304 reads in 8.558 CPU sec, 8.762 real sec
[M::process] read 201410 sequences (20000027 bp)...
[M::mem_pestat] # candidate unique pairs for (FF, FR, RF, RR): (0, 96401, 4, 2)
[M::mem_pestat] skip orientation FF as there are not enough pairs
[M::mem_pestat] analyzing insert size distribution for orientation FR...
[M::mem_pestat] (25, 50, 75) percentile: (103, 123, 154)
[M::mem_pestat] low and high boundaries for computing mean and std.dev: (1, 256)
[M::mem_pestat] mean and std.dev: (129.47, 38.87)
[M::mem_pestat] low and high boundaries for proper pairs: (1, 307)
[M::mem_pestat] skip orientation RF as there are not enough pairs
[M::mem_pestat] skip orientation RR as there are not enough pairs
[M::mem_process_seqs] Processed 201350 reads in 8.620 CPU sec, 8.838 real sec
[M::process] read 201462 sequences (20000041 bp)...
[M::mem_pestat] # candidate unique pairs for (FF, FR, RF, RR): (0, 96272, 5, 0)
[M::mem_pestat] skip orientation FF as there are not enough pairs
[M::mem_pestat] analyzing insert size distribution for orientation FR...
[M::mem_pestat] (25, 50, 75) percentile: (103, 123, 154)
[M::mem_pestat] low and high boundaries for computing mean and std.dev: (1, 256)
[M::mem_pestat] mean and std.dev: (129.61, 38.90)
[M::mem_pestat] low and high boundaries for proper pairs: (1, 307)
[M::mem_pestat] skip orientation RF as there are not enough pairs
[M::mem_pestat] skip orientation RR as there are not enough pairs
[M::mem_process_seqs] Processed 201410 reads in 8.580 CPU sec, 8.795 real sec
[M::process] read 201392 sequences (20000073 bp)...
[M::mem_pestat] # candidate unique pairs for (FF, FR, RF, RR): (0, 96379, 5, 2)
[M::mem_pestat] skip orientation FF as there are not enough pairs
[M::mem_pestat] analyzing insert size distribution for orientation FR...
[M::mem_pestat] (25, 50, 75) percentile: (103, 123, 154)
[M::mem_pestat] low and high boundaries for computing mean and std.dev: (1, 256)
[M::mem_pestat] mean and std.dev: (129.48, 38.74)
[M::mem_pestat] low and high boundaries for proper pairs: (1, 307)
[M::mem_pestat] skip orientation RF as there are not enough pairs
[M::mem_pestat] skip orientation RR as there are not enough pairs
[M::mem_process_seqs] Processed 201462 reads in 8.815 CPU sec, 9.025 real sec
[M::process] read 202780 sequences (20000054 bp)...
[M::mem_pestat] # candidate unique pairs for (FF, FR, RF, RR): (2, 96330, 5, 1)
[M::mem_pestat] skip orientation FF as there are not enough pairs
[M::mem_pestat] analyzing insert size distribution for orientation FR...
[M::mem_pestat] (25, 50, 75) percentile: (103, 123, 154)
[M::mem_pestat] low and high boundaries for computing mean and std.dev: (1, 256)
[M::mem_pestat] mean and std.dev: (129.24, 38.66)
[M::mem_pestat] low and high boundaries for proper pairs: (1, 307)
[M::mem_pestat] skip orientation RF as there are not enough pairs
[M::mem_pestat] skip orientation RR as there are not enough pairs
[M::mem_process_seqs] Processed 201392 reads in 9.255 CPU sec, 9.460 real sec
[M::mem_pestat] # candidate unique pairs for (FF, FR, RF, RR): (1, 97078, 7, 1)
[M::mem_pestat] skip orientation FF as there are not enough pairs
[M::mem_pestat] analyzing insert size distribution for orientation FR...
[M::mem_pestat] (25, 50, 75) percentile: (103, 123, 154)
[M::mem_pestat] low and high boundaries for computing mean and std.dev: (1, 256)
[M::mem_pestat] mean and std.dev: (129.63, 38.75)
[M::mem_pestat] low and high boundaries for proper pairs: (1, 307)
[M::mem_pestat] skip orientation RF as there are not enough pairs
[M::mem_pestat] skip orientation RR as there are not enough pairs
[M::mem_process_seqs] Processed 202780 reads in 9.211 CPU sec, 13.813 real sec
[M::process] read 201756 sequences (20000057 bp)...
[M::process] read 202066 sequences (20000172 bp)...
[M::mem_pestat] # candidate unique pairs for (FF, FR, RF, RR): (1, 96371, 4, 1)
[M::mem_pestat] skip orientation FF as there are not enough pairs
[M::mem_pestat] analyzing insert size distribution for orientation FR...
[M::mem_pestat] (25, 50, 75) percentile: (103, 123, 154)
[M::mem_pestat] low and high boundaries for computing mean and std.dev: (1, 256)
[M::mem_pestat] mean and std.dev: (129.61, 38.90)
[M::mem_pestat] low and high boundaries for proper pairs: (1, 307)
[M::mem_pestat] skip orientation RF as there are not enough pairs
[M::mem_pestat] skip orientation RR as there are not enough pairs
[M::mem_process_seqs] Processed 201756 reads in 9.186 CPU sec, 9.210 real sec
[M::process] read 202012 sequences (20000017 bp)...
[M::mem_pestat] # candidate unique pairs for (FF, FR, RF, RR): (0, 96821, 9, 1)
[M::mem_pestat] skip orientation FF as there are not enough pairs
[M::mem_pestat] analyzing insert size distribution for orientation FR...
[M::mem_pestat] (25, 50, 75) percentile: (103, 123, 154)
[M::mem_pestat] low and high boundaries for computing mean and std.dev: (1, 256)
[M::mem_pestat] mean and std.dev: (129.32, 38.63)
[M::mem_pestat] low and high boundaries for proper pairs: (1, 307)
[M::mem_pestat] skip orientation RF as there are not enough pairs
[M::mem_pestat] skip orientation RR as there are not enough pairs
[M::mem_process_seqs] Processed 202066 reads in 9.545 CPU sec, 9.765 real sec
[M::process] read 201306 sequences (20000092 bp)...
[M::mem_pestat] # candidate unique pairs for (FF, FR, RF, RR): (1, 96587, 3, 3)
[M::mem_pestat] skip orientation FF as there are not enough pairs
[M::mem_pestat] analyzing insert size distribution for orientation FR...
[M::mem_pestat] (25, 50, 75) percentile: (103, 123, 154)
[M::mem_pestat] low and high boundaries for computing mean and std.dev: (1, 256)
[M::mem_pestat] mean and std.dev: (129.42, 38.65)
[M::mem_pestat] low and high boundaries for proper pairs: (1, 307)
[M::mem_pestat] skip orientation RF as there are not enough pairs
[M::mem_pestat] skip orientation RR as there are not enough pairs
[M::mem_process_seqs] Processed 202012 reads in 9.321 CPU sec, 9.517 real sec
[M::process] read 200856 sequences (20000140 bp)...
[M::mem_pestat] # candidate unique pairs for (FF, FR, RF, RR): (3, 96470, 2, 2)
[M::mem_pestat] skip orientation FF as there are not enough pairs
[M::mem_pestat] analyzing insert size distribution for orientation FR...
[M::mem_pestat] (25, 50, 75) percentile: (103, 123, 155)
[M::mem_pestat] low and high boundaries for computing mean and std.dev: (1, 259)
[M::mem_pestat] mean and std.dev: (130.29, 39.52)
[M::mem_pestat] low and high boundaries for proper pairs: (1, 311)
[M::mem_pestat] skip orientation RF as there are not enough pairs
[M::mem_pestat] skip orientation RR as there are not enough pairs
[M::mem_process_seqs] Processed 201306 reads in 9.319 CPU sec, 9.531 real sec
[M::process] read 200862 sequences (20000189 bp)...
[M::mem_pestat] # candidate unique pairs for (FF, FR, RF, RR): (1, 96261, 5, 2)
[M::mem_pestat] skip orientation FF as there are not enough pairs
[M::mem_pestat] analyzing insert size distribution for orientation FR...
[M::mem_pestat] (25, 50, 75) percentile: (103, 124, 156)
[M::mem_pestat] low and high boundaries for computing mean and std.dev: (1, 262)
[M::mem_pestat] mean and std.dev: (130.95, 40.05)
[M::mem_pestat] low and high boundaries for proper pairs: (1, 315)
[M::mem_pestat] skip orientation RF as there are not enough pairs
[M::mem_pestat] skip orientation RR as there are not enough pairs
[M::mem_process_seqs] Processed 200856 reads in 9.336 CPU sec, 9.535 real sec
[M::process] read 201036 sequences (20000013 bp)...
[M::mem_pestat] # candidate unique pairs for (FF, FR, RF, RR): (3, 96214, 1, 2)
[M::mem_pestat] skip orientation FF as there are not enough pairs
[M::mem_pestat] analyzing insert size distribution for orientation FR...
[M::mem_pestat] (25, 50, 75) percentile: (103, 124, 155)
[M::mem_pestat] low and high boundaries for computing mean and std.dev: (1, 259)
[M::mem_pestat] mean and std.dev: (130.45, 39.21)
[M::mem_pestat] low and high boundaries for proper pairs: (1, 311)
[M::mem_pestat] skip orientation RF as there are not enough pairs
[M::mem_pestat] skip orientation RR as there are not enough pairs
[M::mem_process_seqs] Processed 200862 reads in 9.585 CPU sec, 9.782 real sec
[M::process] read 200892 sequences (20000151 bp)...
[M::mem_pestat] # candidate unique pairs for (FF, FR, RF, RR): (0, 96382, 5, 3)
[M::mem_pestat] skip orientation FF as there are not enough pairs
[M::mem_pestat] analyzing insert size distribution for orientation FR...
[M::mem_pestat] (25, 50, 75) percentile: (104, 124, 156)
[M::mem_pestat] low and high boundaries for computing mean and std.dev: (1, 260)
[M::mem_pestat] mean and std.dev: (131.05, 39.58)
[M::mem_pestat] low and high boundaries for proper pairs: (1, 312)
[M::mem_pestat] skip orientation RF as there are not enough pairs
[M::mem_pestat] skip orientation RR as there are not enough pairs
[M::mem_process_seqs] Processed 201036 reads in 9.534 CPU sec, 9.752 real sec
[M::process] read 200986 sequences (20000035 bp)...
[M::mem_pestat] # candidate unique pairs for (FF, FR, RF, RR): (1, 96134, 8, 1)
[M::mem_pestat] skip orientation FF as there are not enough pairs
[M::mem_pestat] analyzing insert size distribution for orientation FR...
[M::mem_pestat] (25, 50, 75) percentile: (104, 124, 156)
[M::mem_pestat] low and high boundaries for computing mean and std.dev: (1, 260)
[M::mem_pestat] mean and std.dev: (130.99, 39.80)
[M::mem_pestat] low and high boundaries for proper pairs: (1, 312)
[M::mem_pestat] skip orientation RF as there are not enough pairs
[M::mem_pestat] skip orientation RR as there are not enough pairs
[M::mem_process_seqs] Processed 200892 reads in 9.452 CPU sec, 9.647 real sec
[M::process] read 200878 sequences (20000173 bp)...
[M::mem_pestat] # candidate unique pairs for (FF, FR, RF, RR): (0, 96268, 6, 3)
[M::mem_pestat] skip orientation FF as there are not enough pairs
[M::mem_pestat] analyzing insert size distribution for orientation FR...
[M::mem_pestat] (25, 50, 75) percentile: (103, 124, 156)
[M::mem_pestat] low and high boundaries for computing mean and std.dev: (1, 262)
[M::mem_pestat] mean and std.dev: (130.74, 39.59)
[M::mem_pestat] low and high boundaries for proper pairs: (1, 315)
[M::mem_pestat] skip orientation RF as there are not enough pairs
[M::mem_pestat] skip orientation RR as there are not enough pairs
[M::mem_process_seqs] Processed 200986 reads in 9.439 CPU sec, 9.646 real sec
[M::process] read 200898 sequences (20000029 bp)...
[M::mem_pestat] # candidate unique pairs for (FF, FR, RF, RR): (3, 96205, 6, 2)
[M::mem_pestat] skip orientation FF as there are not enough pairs
[M::mem_pestat] analyzing insert size distribution for orientation FR...
[M::mem_pestat] (25, 50, 75) percentile: (103, 124, 155)
[M::mem_pestat] low and high boundaries for computing mean and std.dev: (1, 259)
[M::mem_pestat] mean and std.dev: (130.51, 39.31)
[M::mem_pestat] low and high boundaries for proper pairs: (1, 311)
[M::mem_pestat] skip orientation RF as there are not enough pairs
[M::mem_pestat] skip orientation RR as there are not enough pairs
[M::mem_process_seqs] Processed 200878 reads in 9.405 CPU sec, 9.604 real sec
[M::process] read 200988 sequences (20000121 bp)...
[M::mem_pestat] # candidate unique pairs for (FF, FR, RF, RR): (0, 96318, 3, 3)
[M::mem_pestat] skip orientation FF as there are not enough pairs
[M::mem_pestat] analyzing insert size distribution for orientation FR...
[M::mem_pestat] (25, 50, 75) percentile: (103, 124, 156)
[M::mem_pestat] low and high boundaries for computing mean and std.dev: (1, 262)
[M::mem_pestat] mean and std.dev: (130.94, 39.90)
[M::mem_pestat] low and high boundaries for proper pairs: (1, 315)
[M::mem_pestat] skip orientation RF as there are not enough pairs
[M::mem_pestat] skip orientation RR as there are not enough pairs
[M::mem_process_seqs] Processed 200898 reads in 9.235 CPU sec, 9.454 real sec
[M::process] read 200990 sequences (20000117 bp)...
[M::mem_pestat] # candidate unique pairs for (FF, FR, RF, RR): (4, 96085, 6, 3)
[M::mem_pestat] skip orientation FF as there are not enough pairs
[M::mem_pestat] analyzing insert size distribution for orientation FR...
[M::mem_pestat] (25, 50, 75) percentile: (103, 124, 156)
[M::mem_pestat] low and high boundaries for computing mean and std.dev: (1, 262)
[M::mem_pestat] mean and std.dev: (130.85, 39.93)
[M::mem_pestat] low and high boundaries for proper pairs: (1, 315)
[M::mem_pestat] skip orientation RF as there are not enough pairs
[M::mem_pestat] skip orientation RR as there are not enough pairs
[M::mem_process_seqs] Processed 200988 reads in 9.317 CPU sec, 9.514 real sec
[M::process] read 200976 sequences (20000056 bp)...
[M::mem_pestat] # candidate unique pairs for (FF, FR, RF, RR): (2, 96197, 1, 4)
[M::mem_pestat] skip orientation FF as there are not enough pairs
[M::mem_pestat] analyzing insert size distribution for orientation FR...
[M::mem_pestat] (25, 50, 75) percentile: (103, 124, 156)
[M::mem_pestat] low and high boundaries for computing mean and std.dev: (1, 262)
[M::mem_pestat] mean and std.dev: (130.90, 39.96)
[M::mem_pestat] low and high boundaries for proper pairs: (1, 315)
[M::mem_pestat] skip orientation RF as there are not enough pairs
[M::mem_pestat] skip orientation RR as there are not enough pairs
[M::mem_process_seqs] Processed 200990 reads in 9.281 CPU sec, 9.489 real sec
[M::mem_pestat] # candidate unique pairs for (FF, FR, RF, RR): (0, 96133, 4, 1)
[M::mem_pestat] skip orientation FF as there are not enough pairs
[M::mem_pestat] analyzing insert size distribution for orientation FR...
[M::mem_pestat] (25, 50, 75) percentile: (103, 124, 155)
[M::mem_pestat] low and high boundaries for computing mean and std.dev: (1, 259)
[M::mem_pestat] mean and std.dev: (130.49, 39.30)
[M::mem_pestat] low and high boundaries for proper pairs: (1, 311)
[M::mem_pestat] skip orientation RF as there are not enough pairs
[M::mem_pestat] skip orientation RR as there are not enough pairs
[M::mem_process_seqs] Processed 200976 reads in 8.948 CPU sec, 13.435 real sec
[M::process] read 200946 sequences (20000196 bp)...
[M::process] read 201096 sequences (20000037 bp)...
[M::mem_pestat] # candidate unique pairs for (FF, FR, RF, RR): (2, 96079, 8, 1)
[M::mem_pestat] skip orientation FF as there are not enough pairs
[M::mem_pestat] analyzing insert size distribution for orientation FR...
[M::mem_pestat] (25, 50, 75) percentile: (103, 124, 155)
[M::mem_pestat] low and high boundaries for computing mean and std.dev: (1, 259)
[M::mem_pestat] mean and std.dev: (130.34, 39.35)
[M::mem_pestat] low and high boundaries for proper pairs: (1, 311)
[M::mem_pestat] skip orientation RF as there are not enough pairs
[M::mem_pestat] skip orientation RR as there are not enough pairs
[M::mem_process_seqs] Processed 200946 reads in 9.220 CPU sec, 9.260 real sec
[M::process] read 200944 sequences (20000173 bp)...
[M::mem_pestat] # candidate unique pairs for (FF, FR, RF, RR): (4, 96359, 4, 1)
[M::mem_pestat] skip orientation FF as there are not enough pairs
[M::mem_pestat] analyzing insert size distribution for orientation FR...
[M::mem_pestat] (25, 50, 75) percentile: (103, 123, 155)
[M::mem_pestat] low and high boundaries for computing mean and std.dev: (1, 259)
[M::mem_pestat] mean and std.dev: (130.33, 39.28)
[M::mem_pestat] low and high boundaries for proper pairs: (1, 311)
[M::mem_pestat] skip orientation RF as there are not enough pairs
[M::mem_pestat] skip orientation RR as there are not enough pairs
[M::mem_process_seqs] Processed 201096 reads in 9.559 CPU sec, 9.762 real sec
[M::process] read 201002 sequences (20000179 bp)...
[M::mem_pestat] # candidate unique pairs for (FF, FR, RF, RR): (1, 96079, 3, 1)
[M::mem_pestat] skip orientation FF as there are not enough pairs
[M::mem_pestat] analyzing insert size distribution for orientation FR...
[M::mem_pestat] (25, 50, 75) percentile: (103, 124, 155)
[M::mem_pestat] low and high boundaries for computing mean and std.dev: (1, 259)
[M::mem_pestat] mean and std.dev: (130.30, 39.33)
[M::mem_pestat] low and high boundaries for proper pairs: (1, 311)
[M::mem_pestat] skip orientation RF as there are not enough pairs
[M::mem_pestat] skip orientation RR as there are not enough pairs
[M::mem_process_seqs] Processed 200944 reads in 9.764 CPU sec, 9.974 real sec
[M::process] read 201036 sequences (20000145 bp)...
[M::mem_pestat] # candidate unique pairs for (FF, FR, RF, RR): (0, 96189, 3, 4)
[M::mem_pestat] skip orientation FF as there are not enough pairs
[M::mem_pestat] analyzing insert size distribution for orientation FR...
[M::mem_pestat] (25, 50, 75) percentile: (103, 124, 155)
[M::mem_pestat] low and high boundaries for computing mean and std.dev: (1, 259)
[M::mem_pestat] mean and std.dev: (130.25, 39.37)
[M::mem_pestat] low and high boundaries for proper pairs: (1, 311)
[M::mem_pestat] skip orientation RF as there are not enough pairs
[M::mem_pestat] skip orientation RR as there are not enough pairs
[M::mem_process_seqs] Processed 201002 reads in 9.618 CPU sec, 9.838 real sec
[M::process] read 201066 sequences (20000091 bp)...
[M::mem_pestat] # candidate unique pairs for (FF, FR, RF, RR): (0, 96239, 5, 2)
[M::mem_pestat] skip orientation FF as there are not enough pairs
[M::mem_pestat] analyzing insert size distribution for orientation FR...
[M::mem_pestat] (25, 50, 75) percentile: (103, 123, 155)
[M::mem_pestat] low and high boundaries for computing mean and std.dev: (1, 259)
[M::mem_pestat] mean and std.dev: (130.05, 39.25)
[M::mem_pestat] low and high boundaries for proper pairs: (1, 311)
[M::mem_pestat] skip orientation RF as there are not enough pairs
[M::mem_pestat] skip orientation RR as there are not enough pairs
[M::mem_process_seqs] Processed 201036 reads in 9.337 CPU sec, 9.532 real sec
[M::process] read 201090 sequences (20000193 bp)...
[M::mem_pestat] # candidate unique pairs for (FF, FR, RF, RR): (3, 96281, 5, 3)
[M::mem_pestat] skip orientation FF as there are not enough pairs
[M::mem_pestat] analyzing insert size distribution for orientation FR...
[M::mem_pestat] (25, 50, 75) percentile: (103, 123, 155)
[M::mem_pestat] low and high boundaries for computing mean and std.dev: (1, 259)
[M::mem_pestat] mean and std.dev: (130.23, 39.52)
[M::mem_pestat] low and high boundaries for proper pairs: (1, 311)
[M::mem_pestat] skip orientation RF as there are not enough pairs
[M::mem_pestat] skip orientation RR as there are not enough pairs
[M::mem_process_seqs] Processed 201066 reads in 9.533 CPU sec, 9.740 real sec
[M::process] read 201096 sequences (20000124 bp)...
[M::mem_pestat] # candidate unique pairs for (FF, FR, RF, RR): (0, 96233, 1, 1)
[M::mem_pestat] skip orientation FF as there are not enough pairs
[M::mem_pestat] analyzing insert size distribution for orientation FR...
[M::mem_pestat] (25, 50, 75) percentile: (103, 123, 155)
[M::mem_pestat] low and high boundaries for computing mean and std.dev: (1, 259)
[M::mem_pestat] mean and std.dev: (130.03, 39.32)
[M::mem_pestat] low and high boundaries for proper pairs: (1, 311)
[M::mem_pestat] skip orientation RF as there are not enough pairs
[M::mem_pestat] skip orientation RR as there are not enough pairs
[M::mem_process_seqs] Processed 201090 reads in 9.491 CPU sec, 9.690 real sec
[M::process] read 201048 sequences (20000043 bp)...
[M::mem_pestat] # candidate unique pairs for (FF, FR, RF, RR): (0, 96358, 2, 4)
[M::mem_pestat] skip orientation FF as there are not enough pairs
[M::mem_pestat] analyzing insert size distribution for orientation FR...
[M::mem_pestat] (25, 50, 75) percentile: (103, 124, 155)
[M::mem_pestat] low and high boundaries for computing mean and std.dev: (1, 259)
[M::mem_pestat] mean and std.dev: (130.40, 39.53)
[M::mem_pestat] low and high boundaries for proper pairs: (1, 311)
[M::mem_pestat] skip orientation RF as there are not enough pairs
[M::mem_pestat] skip orientation RR as there are not enough pairs
[M::mem_process_seqs] Processed 201096 reads in 9.365 CPU sec, 9.583 real sec
[M::process] read 201124 sequences (20000034 bp)...
[M::mem_pestat] # candidate unique pairs for (FF, FR, RF, RR): (0, 96308, 5, 3)
[M::mem_pestat] skip orientation FF as there are not enough pairs
[M::mem_pestat] analyzing insert size distribution for orientation FR...
[M::mem_pestat] (25, 50, 75) percentile: (103, 123, 155)
[M::mem_pestat] low and high boundaries for computing mean and std.dev: (1, 259)
[M::mem_pestat] mean and std.dev: (130.06, 39.45)
[M::mem_pestat] low and high boundaries for proper pairs: (1, 311)
[M::mem_pestat] skip orientation RF as there are not enough pairs
[M::mem_pestat] skip orientation RR as there are not enough pairs
[M::mem_process_seqs] Processed 201048 reads in 9.335 CPU sec, 9.528 real sec
[M::process] read 201092 sequences (20000130 bp)...
[M::mem_pestat] # candidate unique pairs for (FF, FR, RF, RR): (2, 96283, 3, 5)
[M::mem_pestat] skip orientation FF as there are not enough pairs
[M::mem_pestat] analyzing insert size distribution for orientation FR...
[M::mem_pestat] (25, 50, 75) percentile: (103, 123, 155)
[M::mem_pestat] low and high boundaries for computing mean and std.dev: (1, 259)
[M::mem_pestat] mean and std.dev: (130.05, 39.32)
[M::mem_pestat] low and high boundaries for proper pairs: (1, 311)
[M::mem_pestat] skip orientation RF as there are not enough pairs
[M::mem_pestat] skip orientation RR as there are not enough pairs
[M::mem_process_seqs] Processed 201124 reads in 9.387 CPU sec, 9.596 real sec
[M::process] read 201156 sequences (20000199 bp)...
[M::mem_pestat] # candidate unique pairs for (FF, FR, RF, RR): (1, 96205, 5, 3)
[M::mem_pestat] skip orientation FF as there are not enough pairs
[M::mem_pestat] analyzing insert size distribution for orientation FR...
[M::mem_pestat] (25, 50, 75) percentile: (103, 123, 155)
[M::mem_pestat] low and high boundaries for computing mean and std.dev: (1, 259)
[M::mem_pestat] mean and std.dev: (129.97, 39.30)
[M::mem_pestat] low and high boundaries for proper pairs: (1, 311)
[M::mem_pestat] skip orientation RF as there are not enough pairs
[M::mem_pestat] skip orientation RR as there are not enough pairs
[M::mem_process_seqs] Processed 201092 reads in 9.416 CPU sec, 9.625 real sec
[M::process] read 201260 sequences (20000123 bp)...
[M::mem_pestat] # candidate unique pairs for (FF, FR, RF, RR): (0, 96235, 1, 3)
[M::mem_pestat] skip orientation FF as there are not enough pairs
[M::mem_pestat] analyzing insert size distribution for orientation FR...
[M::mem_pestat] (25, 50, 75) percentile: (103, 123, 155)
[M::mem_pestat] low and high boundaries for computing mean and std.dev: (1, 259)
[M::mem_pestat] mean and std.dev: (129.98, 39.11)
[M::mem_pestat] low and high boundaries for proper pairs: (1, 311)
[M::mem_pestat] skip orientation RF as there are not enough pairs
[M::mem_pestat] skip orientation RR as there are not enough pairs
[M::mem_process_seqs] Processed 201156 reads in 9.392 CPU sec, 9.602 real sec
[M::process] read 201374 sequences (20000163 bp)...
[M::mem_pestat] # candidate unique pairs for (FF, FR, RF, RR): (0, 96317, 1, 3)
[M::mem_pestat] skip orientation FF as there are not enough pairs
[M::mem_pestat] analyzing insert size distribution for orientation FR...
[M::mem_pestat] (25, 50, 75) percentile: (103, 123, 155)
[M::mem_pestat] low and high boundaries for computing mean and std.dev: (1, 259)
[M::mem_pestat] mean and std.dev: (130.04, 39.12)
[M::mem_pestat] low and high boundaries for proper pairs: (1, 311)
[M::mem_pestat] skip orientation RF as there are not enough pairs
[M::mem_pestat] skip orientation RR as there are not enough pairs
[M::mem_process_seqs] Processed 201260 reads in 9.310 CPU sec, 9.509 real sec
[M::mem_pestat] # candidate unique pairs for (FF, FR, RF, RR): (1, 96304, 2, 4)
[M::mem_pestat] skip orientation FF as there are not enough pairs
[M::mem_pestat] analyzing insert size distribution for orientation FR...
[M::mem_pestat] (25, 50, 75) percentile: (103, 123, 154)
[M::mem_pestat] low and high boundaries for computing mean and std.dev: (1, 256)
[M::mem_pestat] mean and std.dev: (129.55, 38.62)
[M::mem_pestat] low and high boundaries for proper pairs: (1, 307)
[M::mem_pestat] skip orientation RF as there are not enough pairs
[M::mem_pestat] skip orientation RR as there are not enough pairs
[M::mem_process_seqs] Processed 201374 reads in 9.050 CPU sec, 13.600 real sec
[M::process] read 201366 sequences (20000190 bp)...
[M::process] read 201334 sequences (20000018 bp)...
[M::mem_pestat] # candidate unique pairs for (FF, FR, RF, RR): (3, 96297, 2, 1)
[M::mem_pestat] skip orientation FF as there are not enough pairs
[M::mem_pestat] analyzing insert size distribution for orientation FR...
[M::mem_pestat] (25, 50, 75) percentile: (103, 123, 154)
[M::mem_pestat] low and high boundaries for computing mean and std.dev: (1, 256)
[M::mem_pestat] mean and std.dev: (129.43, 38.84)
[M::mem_pestat] low and high boundaries for proper pairs: (1, 307)
[M::mem_pestat] skip orientation RF as there are not enough pairs
[M::mem_pestat] skip orientation RR as there are not enough pairs
[M::mem_process_seqs] Processed 201366 reads in 9.250 CPU sec, 9.264 real sec
[M::process] read 201304 sequences (20000041 bp)...
[M::mem_pestat] # candidate unique pairs for (FF, FR, RF, RR): (2, 96350, 5, 3)
[M::mem_pestat] skip orientation FF as there are not enough pairs
[M::mem_pestat] analyzing insert size distribution for orientation FR...
[M::mem_pestat] (25, 50, 75) percentile: (103, 123, 154)
[M::mem_pestat] low and high boundaries for computing mean and std.dev: (1, 256)
[M::mem_pestat] mean and std.dev: (129.61, 38.76)
[M::mem_pestat] low and high boundaries for proper pairs: (1, 307)
[M::mem_pestat] skip orientation RF as there are not enough pairs
[M::mem_pestat] skip orientation RR as there are not enough pairs
[M::mem_process_seqs] Processed 201334 reads in 9.479 CPU sec, 9.714 real sec
[M::process] read 201636 sequences (20000089 bp)...
[M::mem_pestat] # candidate unique pairs for (FF, FR, RF, RR): (2, 96312, 3, 3)
[M::mem_pestat] skip orientation FF as there are not enough pairs
[M::mem_pestat] analyzing insert size distribution for orientation FR...
[M::mem_pestat] (25, 50, 75) percentile: (103, 123, 154)
[M::mem_pestat] low and high boundaries for computing mean and std.dev: (1, 256)
[M::mem_pestat] mean and std.dev: (129.48, 38.71)
[M::mem_pestat] low and high boundaries for proper pairs: (1, 307)
[M::mem_pestat] skip orientation RF as there are not enough pairs
[M::mem_pestat] skip orientation RR as there are not enough pairs
[M::mem_process_seqs] Processed 201304 reads in 9.380 CPU sec, 9.596 real sec
[M::process] read 203510 sequences (20000051 bp)...
[M::mem_pestat] # candidate unique pairs for (FF, FR, RF, RR): (2, 96438, 5, 0)
[M::mem_pestat] skip orientation FF as there are not enough pairs
[M::mem_pestat] analyzing insert size distribution for orientation FR...
[M::mem_pestat] (25, 50, 75) percentile: (103, 123, 154)
[M::mem_pestat] low and high boundaries for computing mean and std.dev: (1, 256)
[M::mem_pestat] mean and std.dev: (129.42, 38.78)
[M::mem_pestat] low and high boundaries for proper pairs: (1, 307)
[M::mem_pestat] skip orientation RF as there are not enough pairs
[M::mem_pestat] skip orientation RR as there are not enough pairs
[M::mem_process_seqs] Processed 201636 reads in 9.422 CPU sec, 9.650 real sec
[M::process] read 201818 sequences (20000071 bp)...
[M::mem_pestat] # candidate unique pairs for (FF, FR, RF, RR): (1, 97209, 7, 2)
[M::mem_pestat] skip orientation FF as there are not enough pairs
[M::mem_pestat] analyzing insert size distribution for orientation FR...
[M::mem_pestat] (25, 50, 75) percentile: (103, 123, 154)
[M::mem_pestat] low and high boundaries for computing mean and std.dev: (1, 256)
[M::mem_pestat] mean and std.dev: (129.53, 38.54)
[M::mem_pestat] low and high boundaries for proper pairs: (1, 307)
[M::mem_pestat] skip orientation RF as there are not enough pairs
[M::mem_pestat] skip orientation RR as there are not enough pairs
[M::mem_process_seqs] Processed 203510 reads in 9.426 CPU sec, 9.633 real sec
[M::process] read 201936 sequences (20000048 bp)...
[M::mem_pestat] # candidate unique pairs for (FF, FR, RF, RR): (2, 96595, 4, 1)
[M::mem_pestat] skip orientation FF as there are not enough pairs
[M::mem_pestat] analyzing insert size distribution for orientation FR...
[M::mem_pestat] (25, 50, 75) percentile: (103, 123, 154)
[M::mem_pestat] low and high boundaries for computing mean and std.dev: (1, 256)
[M::mem_pestat] mean and std.dev: (129.71, 38.86)
[M::mem_pestat] low and high boundaries for proper pairs: (1, 307)
[M::mem_pestat] skip orientation RF as there are not enough pairs
[M::mem_pestat] skip orientation RR as there are not enough pairs
[M::mem_process_seqs] Processed 201818 reads in 9.514 CPU sec, 9.722 real sec
[M::process] read 201908 sequences (20000050 bp)...
[M::mem_pestat] # candidate unique pairs for (FF, FR, RF, RR): (0, 96634, 9, 1)
[M::mem_pestat] skip orientation FF as there are not enough pairs
[M::mem_pestat] analyzing insert size distribution for orientation FR...
[M::mem_pestat] (25, 50, 75) percentile: (103, 123, 154)
[M::mem_pestat] low and high boundaries for computing mean and std.dev: (1, 256)
[M::mem_pestat] mean and std.dev: (129.60, 38.71)
[M::mem_pestat] low and high boundaries for proper pairs: (1, 307)
[M::mem_pestat] skip orientation RF as there are not enough pairs
[M::mem_pestat] skip orientation RR as there are not enough pairs
[M::mem_process_seqs] Processed 201936 reads in 9.413 CPU sec, 9.614 real sec
[M::process] read 201054 sequences (20000124 bp)...
[M::mem_pestat] # candidate unique pairs for (FF, FR, RF, RR): (2, 96557, 2, 2)
[M::mem_pestat] skip orientation FF as there are not enough pairs
[M::mem_pestat] analyzing insert size distribution for orientation FR...
[M::mem_pestat] (25, 50, 75) percentile: (103, 123, 154)
[M::mem_pestat] low and high boundaries for computing mean and std.dev: (1, 256)
[M::mem_pestat] mean and std.dev: (129.37, 38.59)
[M::mem_pestat] low and high boundaries for proper pairs: (1, 307)
[M::mem_pestat] skip orientation RF as there are not enough pairs
[M::mem_pestat] skip orientation RR as there are not enough pairs
[M::mem_process_seqs] Processed 201908 reads in 9.631 CPU sec, 9.854 real sec
[M::process] read 200830 sequences (20000193 bp)...
[M::mem_pestat] # candidate unique pairs for (FF, FR, RF, RR): (2, 96381, 3, 0)
[M::mem_pestat] skip orientation FF as there are not enough pairs
[M::mem_pestat] analyzing insert size distribution for orientation FR...
[M::mem_pestat] (25, 50, 75) percentile: (104, 124, 156)
[M::mem_pestat] low and high boundaries for computing mean and std.dev: (1, 260)
[M::mem_pestat] mean and std.dev: (130.85, 39.64)
[M::mem_pestat] low and high boundaries for proper pairs: (1, 312)
[M::mem_pestat] skip orientation RF as there are not enough pairs
[M::mem_pestat] skip orientation RR as there are not enough pairs
[M::mem_process_seqs] Processed 201054 reads in 9.484 CPU sec, 9.688 real sec
[M::process] read 201008 sequences (20000062 bp)...
[M::mem_pestat] # candidate unique pairs for (FF, FR, RF, RR): (3, 96235, 3, 1)
[M::mem_pestat] skip orientation FF as there are not enough pairs
[M::mem_pestat] analyzing insert size distribution for orientation FR...
[M::mem_pestat] (25, 50, 75) percentile: (104, 124, 155)
[M::mem_pestat] low and high boundaries for computing mean and std.dev: (2, 257)
[M::mem_pestat] mean and std.dev: (130.36, 39.13)
[M::mem_pestat] low and high boundaries for proper pairs: (1, 308)
[M::mem_pestat] skip orientation RF as there are not enough pairs
[M::mem_pestat] skip orientation RR as there are not enough pairs
[M::mem_process_seqs] Processed 200830 reads in 9.449 CPU sec, 9.675 real sec
[M::process] read 201066 sequences (20000154 bp)...
[M::mem_pestat] # candidate unique pairs for (FF, FR, RF, RR): (0, 96307, 3, 2)
[M::mem_pestat] skip orientation FF as there are not enough pairs
[M::mem_pestat] analyzing insert size distribution for orientation FR...
[M::mem_pestat] (25, 50, 75) percentile: (103, 124, 156)
[M::mem_pestat] low and high boundaries for computing mean and std.dev: (1, 262)
[M::mem_pestat] mean and std.dev: (130.92, 39.83)
[M::mem_pestat] low and high boundaries for proper pairs: (1, 315)
[M::mem_pestat] skip orientation RF as there are not enough pairs
[M::mem_pestat] skip orientation RR as there are not enough pairs
[M::mem_process_seqs] Processed 201008 reads in 9.358 CPU sec, 9.570 real sec
[M::process] read 200844 sequences (20000032 bp)...
[M::mem_pestat] # candidate unique pairs for (FF, FR, RF, RR): (1, 96306, 4, 1)
[M::mem_pestat] skip orientation FF as there are not enough pairs
[M::mem_pestat] analyzing insert size distribution for orientation FR...
[M::mem_pestat] (25, 50, 75) percentile: (104, 124, 157)
[M::mem_pestat] low and high boundaries for computing mean and std.dev: (1, 263)
[M::mem_pestat] mean and std.dev: (131.46, 40.25)
[M::mem_pestat] low and high boundaries for proper pairs: (1, 316)
[M::mem_pestat] skip orientation RF as there are not enough pairs
[M::mem_pestat] skip orientation RR as there are not enough pairs
[M::mem_process_seqs] Processed 201066 reads in 9.338 CPU sec, 9.545 real sec
[M::process] read 200880 sequences (20000126 bp)...
[M::mem_pestat] # candidate unique pairs for (FF, FR, RF, RR): (0, 96248, 6, 3)
[M::mem_pestat] skip orientation FF as there are not enough pairs
[M::mem_pestat] analyzing insert size distribution for orientation FR...
[M::mem_pestat] (25, 50, 75) percentile: (103, 124, 156)
[M::mem_pestat] low and high boundaries for computing mean and std.dev: (1, 262)
[M::mem_pestat] mean and std.dev: (131.08, 39.80)
[M::mem_pestat] low and high boundaries for proper pairs: (1, 315)
[M::mem_pestat] skip orientation RF as there are not enough pairs
[M::mem_pestat] skip orientation RR as there are not enough pairs
[M::mem_process_seqs] Processed 200844 reads in 9.239 CPU sec, 9.443 real sec
[M::mem_pestat] # candidate unique pairs for (FF, FR, RF, RR): (1, 96259, 2, 0)
[M::mem_pestat] skip orientation FF as there are not enough pairs
[M::mem_pestat] analyzing insert size distribution for orientation FR...
[M::mem_pestat] (25, 50, 75) percentile: (104, 124, 156)
[M::mem_pestat] low and high boundaries for computing mean and std.dev: (1, 260)
[M::mem_pestat] mean and std.dev: (130.75, 39.44)
[M::mem_pestat] low and high boundaries for proper pairs: (1, 312)
[M::mem_pestat] skip orientation RF as there are not enough pairs
[M::mem_pestat] skip orientation RR as there are not enough pairs
[M::mem_process_seqs] Processed 200880 reads in 8.788 CPU sec, 13.231 real sec
[M::process] read 200886 sequences (20000070 bp)...
[M::process] read 200856 sequences (20000146 bp)...
[M::mem_pestat] # candidate unique pairs for (FF, FR, RF, RR): (1, 96115, 4, 1)
[M::mem_pestat] skip orientation FF as there are not enough pairs
[M::mem_pestat] analyzing insert size distribution for orientation FR...
[M::mem_pestat] (25, 50, 75) percentile: (104, 124, 156)
[M::mem_pestat] low and high boundaries for computing mean and std.dev: (1, 260)
[M::mem_pestat] mean and std.dev: (131.00, 39.73)
[M::mem_pestat] low and high boundaries for proper pairs: (1, 312)
[M::mem_pestat] skip orientation RF as there are not enough pairs
[M::mem_pestat] skip orientation RR as there are not enough pairs
[M::mem_process_seqs] Processed 200886 reads in 9.462 CPU sec, 9.516 real sec
[M::process] read 201146 sequences (20000080 bp)...
[M::mem_pestat] # candidate unique pairs for (FF, FR, RF, RR): (3, 96245, 2, 2)
[M::mem_pestat] skip orientation FF as there are not enough pairs
[M::mem_pestat] analyzing insert size distribution for orientation FR...
[M::mem_pestat] (25, 50, 75) percentile: (104, 124, 156)
[M::mem_pestat] low and high boundaries for computing mean and std.dev: (1, 260)
[M::mem_pestat] mean and std.dev: (131.05, 39.65)
[M::mem_pestat] low and high boundaries for proper pairs: (1, 312)
[M::mem_pestat] skip orientation RF as there are not enough pairs
[M::mem_pestat] skip orientation RR as there are not enough pairs
[M::mem_process_seqs] Processed 200856 reads in 9.360 CPU sec, 9.572 real sec
[M::process] read 200918 sequences (20000001 bp)...
[M::mem_pestat] # candidate unique pairs for (FF, FR, RF, RR): (0, 96377, 4, 1)
[M::mem_pestat] skip orientation FF as there are not enough pairs
[M::mem_pestat] analyzing insert size distribution for orientation FR...
[M::mem_pestat] (25, 50, 75) percentile: (103, 124, 155)
[M::mem_pestat] low and high boundaries for computing mean and std.dev: (1, 259)
[M::mem_pestat] mean and std.dev: (130.51, 39.37)
[M::mem_pestat] low and high boundaries for proper pairs: (1, 311)
[M::mem_pestat] skip orientation RF as there are not enough pairs
[M::mem_pestat] skip orientation RR as there are not enough pairs
[M::mem_process_seqs] Processed 201146 reads in 9.549 CPU sec, 9.765 real sec
[M::process] read 201034 sequences (20000007 bp)...
[M::mem_pestat] # candidate unique pairs for (FF, FR, RF, RR): (2, 96163, 7, 1)
[M::mem_pestat] skip orientation FF as there are not enough pairs
[M::mem_pestat] analyzing insert size distribution for orientation FR...
[M::mem_pestat] (25, 50, 75) percentile: (103, 124, 156)
[M::mem_pestat] low and high boundaries for computing mean and std.dev: (1, 262)
[M::mem_pestat] mean and std.dev: (131.14, 39.96)
[M::mem_pestat] low and high boundaries for proper pairs: (1, 315)
[M::mem_pestat] skip orientation RF as there are not enough pairs
[M::mem_pestat] skip orientation RR as there are not enough pairs
[M::mem_process_seqs] Processed 200918 reads in 9.281 CPU sec, 9.495 real sec
[M::process] read 200956 sequences (20000194 bp)...
[M::mem_pestat] # candidate unique pairs for (FF, FR, RF, RR): (0, 96210, 3, 6)
[M::mem_pestat] skip orientation FF as there are not enough pairs
[M::mem_pestat] analyzing insert size distribution for orientation FR...
[M::mem_pestat] (25, 50, 75) percentile: (103, 124, 156)
[M::mem_pestat] low and high boundaries for computing mean and std.dev: (1, 262)
[M::mem_pestat] mean and std.dev: (130.72, 39.71)
[M::mem_pestat] low and high boundaries for proper pairs: (1, 315)
[M::mem_pestat] skip orientation RF as there are not enough pairs
[M::mem_pestat] skip orientation RR as there are not enough pairs
[M::mem_process_seqs] Processed 201034 reads in 9.339 CPU sec, 9.557 real sec
[M::process] read 200946 sequences (20000058 bp)...
[M::mem_pestat] # candidate unique pairs for (FF, FR, RF, RR): (3, 96166, 9, 6)
[M::mem_pestat] skip orientation FF as there are not enough pairs
[M::mem_pestat] analyzing insert size distribution for orientation FR...
[M::mem_pestat] (25, 50, 75) percentile: (103, 124, 155)
[M::mem_pestat] low and high boundaries for computing mean and std.dev: (1, 259)
[M::mem_pestat] mean and std.dev: (130.32, 39.32)
[M::mem_pestat] low and high boundaries for proper pairs: (1, 311)
[M::mem_pestat] skip orientation RF as there are not enough pairs
[M::mem_pestat] skip orientation RR as there are not enough pairs
[M::mem_process_seqs] Processed 200956 reads in 9.281 CPU sec, 9.473 real sec
[M::process] read 200978 sequences (20000087 bp)...
[M::mem_pestat] # candidate unique pairs for (FF, FR, RF, RR): (2, 96314, 7, 0)
[M::mem_pestat] skip orientation FF as there are not enough pairs
[M::mem_pestat] analyzing insert size distribution for orientation FR...
[M::mem_pestat] (25, 50, 75) percentile: (103, 124, 155)
[M::mem_pestat] low and high boundaries for computing mean and std.dev: (1, 259)
[M::mem_pestat] mean and std.dev: (130.36, 39.55)
[M::mem_pestat] low and high boundaries for proper pairs: (1, 311)
[M::mem_pestat] skip orientation RF as there are not enough pairs
[M::mem_pestat] skip orientation RR as there are not enough pairs
[M::mem_process_seqs] Processed 200946 reads in 9.368 CPU sec, 9.571 real sec
[M::process] read 201004 sequences (20000122 bp)...
[M::mem_pestat] # candidate unique pairs for (FF, FR, RF, RR): (5, 96223, 5, 1)
[M::mem_pestat] skip orientation FF as there are not enough pairs
[M::mem_pestat] analyzing insert size distribution for orientation FR...
[M::mem_pestat] (25, 50, 75) percentile: (103, 124, 155)
[M::mem_pestat] low and high boundaries for computing mean and std.dev: (1, 259)
[M::mem_pestat] mean and std.dev: (130.26, 39.35)
[M::mem_pestat] low and high boundaries for proper pairs: (1, 311)
[M::mem_pestat] skip orientation RF as there are not enough pairs
[M::mem_pestat] skip orientation RR as there are not enough pairs
[M::mem_process_seqs] Processed 200978 reads in 9.469 CPU sec, 9.681 real sec
[M::process] read 201054 sequences (20000111 bp)...
[M::mem_pestat] # candidate unique pairs for (FF, FR, RF, RR): (2, 96183, 5, 2)
[M::mem_pestat] skip orientation FF as there are not enough pairs
[M::mem_pestat] analyzing insert size distribution for orientation FR...
[M::mem_pestat] (25, 50, 75) percentile: (103, 124, 155)
[M::mem_pestat] low and high boundaries for computing mean and std.dev: (1, 259)
[M::mem_pestat] mean and std.dev: (130.32, 39.34)
[M::mem_pestat] low and high boundaries for proper pairs: (1, 311)
[M::mem_pestat] skip orientation RF as there are not enough pairs
[M::mem_pestat] skip orientation RR as there are not enough pairs
[M::mem_process_seqs] Processed 201004 reads in 9.431 CPU sec, 9.667 real sec
[M::process] read 201086 sequences (20000086 bp)...
[M::mem_pestat] # candidate unique pairs for (FF, FR, RF, RR): (2, 96129, 9, 2)
[M::mem_pestat] skip orientation FF as there are not enough pairs
[M::mem_pestat] analyzing insert size distribution for orientation FR...
[M::mem_pestat] (25, 50, 75) percentile: (103, 123, 155)
[M::mem_pestat] low and high boundaries for computing mean and std.dev: (1, 259)
[M::mem_pestat] mean and std.dev: (129.98, 39.33)
[M::mem_pestat] low and high boundaries for proper pairs: (1, 311)
[M::mem_pestat] skip orientation RF as there are not enough pairs
[M::mem_pestat] skip orientation RR as there are not enough pairs
[M::mem_process_seqs] Processed 201054 reads in 9.341 CPU sec, 9.544 real sec
[M::process] read 201078 sequences (20000147 bp)...
[M::mem_pestat] # candidate unique pairs for (FF, FR, RF, RR): (1, 96227, 8, 1)
[M::mem_pestat] skip orientation FF as there are not enough pairs
[M::mem_pestat] analyzing insert size distribution for orientation FR...
[M::mem_pestat] (25, 50, 75) percentile: (103, 123, 155)
[M::mem_pestat] low and high boundaries for computing mean and std.dev: (1, 259)
[M::mem_pestat] mean and std.dev: (130.15, 39.16)
[M::mem_pestat] low and high boundaries for proper pairs: (1, 311)
[M::mem_pestat] skip orientation RF as there are not enough pairs
[M::mem_pestat] skip orientation RR as there are not enough pairs
[M::mem_process_seqs] Processed 201086 reads in 9.354 CPU sec, 9.562 real sec
[M::process] read 201058 sequences (20000048 bp)...
[M::mem_pestat] # candidate unique pairs for (FF, FR, RF, RR): (2, 96301, 6, 2)
[M::mem_pestat] skip orientation FF as there are not enough pairs
[M::mem_pestat] analyzing insert size distribution for orientation FR...
[M::mem_pestat] (25, 50, 75) percentile: (103, 124, 155)
[M::mem_pestat] low and high boundaries for computing mean and std.dev: (1, 259)
[M::mem_pestat] mean and std.dev: (130.16, 39.14)
[M::mem_pestat] low and high boundaries for proper pairs: (1, 311)
[M::mem_pestat] skip orientation RF as there are not enough pairs
[M::mem_pestat] skip orientation RR as there are not enough pairs
[M::mem_process_seqs] Processed 201078 reads in 9.358 CPU sec, 9.571 real sec
[M::process] read 201082 sequences (20000083 bp)...
[M::mem_pestat] # candidate unique pairs for (FF, FR, RF, RR): (1, 96283, 2, 2)
[M::mem_pestat] skip orientation FF as there are not enough pairs
[M::mem_pestat] analyzing insert size distribution for orientation FR...
[M::mem_pestat] (25, 50, 75) percentile: (103, 124, 155)
[M::mem_pestat] low and high boundaries for computing mean and std.dev: (1, 259)
[M::mem_pestat] mean and std.dev: (130.34, 39.54)
[M::mem_pestat] low and high boundaries for proper pairs: (1, 311)
[M::mem_pestat] skip orientation RF as there are not enough pairs
[M::mem_pestat] skip orientation RR as there are not enough pairs
[M::mem_process_seqs] Processed 201058 reads in 9.524 CPU sec, 9.734 real sec
[M::mem_pestat] # candidate unique pairs for (FF, FR, RF, RR): (1, 96137, 3, 2)
[M::mem_pestat] skip orientation FF as there are not enough pairs
[M::mem_pestat] analyzing insert size distribution for orientation FR...
[M::mem_pestat] (25, 50, 75) percentile: (103, 123, 155)
[M::mem_pestat] low and high boundaries for computing mean and std.dev: (1, 259)
[M::mem_pestat] mean and std.dev: (129.84, 39.38)
[M::mem_pestat] low and high boundaries for proper pairs: (1, 311)
[M::mem_pestat] skip orientation RF as there are not enough pairs
[M::mem_pestat] skip orientation RR as there are not enough pairs
[M::mem_process_seqs] Processed 201082 reads in 9.056 CPU sec, 13.633 real sec
[M::process] read 201120 sequences (20000074 bp)...
[M::process] read 201214 sequences (20000194 bp)...
[M::mem_pestat] # candidate unique pairs for (FF, FR, RF, RR): (5, 96172, 4, 6)
[M::mem_pestat] skip orientation FF as there are not enough pairs
[M::mem_pestat] analyzing insert size distribution for orientation FR...
[M::mem_pestat] (25, 50, 75) percentile: (103, 123, 154)
[M::mem_pestat] low and high boundaries for computing mean and std.dev: (1, 256)
[M::mem_pestat] mean and std.dev: (129.79, 38.82)
[M::mem_pestat] low and high boundaries for proper pairs: (1, 307)
[M::mem_pestat] skip orientation RF as there are not enough pairs
[M::mem_pestat] skip orientation RR as there are not enough pairs
[M::mem_process_seqs] Processed 201120 reads in 9.159 CPU sec, 9.179 real sec
[M::process] read 201250 sequences (20000148 bp)...
[M::mem_pestat] # candidate unique pairs for (FF, FR, RF, RR): (3, 96254, 2, 2)
[M::mem_pestat] skip orientation FF as there are not enough pairs
[M::mem_pestat] analyzing insert size distribution for orientation FR...
[M::mem_pestat] (25, 50, 75) percentile: (103, 123, 155)
[M::mem_pestat] low and high boundaries for computing mean and std.dev: (1, 259)
[M::mem_pestat] mean and std.dev: (130.04, 39.12)
[M::mem_pestat] low and high boundaries for proper pairs: (1, 311)
[M::mem_pestat] skip orientation RF as there are not enough pairs
[M::mem_pestat] skip orientation RR as there are not enough pairs
[M::mem_process_seqs] Processed 201214 reads in 9.383 CPU sec, 9.602 real sec
[M::process] read 201276 sequences (20000046 bp)...
[M::mem_pestat] # candidate unique pairs for (FF, FR, RF, RR): (1, 96205, 5, 2)
[M::mem_pestat] skip orientation FF as there are not enough pairs
[M::mem_pestat] analyzing insert size distribution for orientation FR...
[M::mem_pestat] (25, 50, 75) percentile: (103, 123, 154)
[M::mem_pestat] low and high boundaries for computing mean and std.dev: (1, 256)
[M::mem_pestat] mean and std.dev: (129.66, 38.98)
[M::mem_pestat] low and high boundaries for proper pairs: (1, 307)
[M::mem_pestat] skip orientation RF as there are not enough pairs
[M::mem_pestat] skip orientation RR as there are not enough pairs
[M::mem_process_seqs] Processed 201250 reads in 9.311 CPU sec, 9.506 real sec
[M::process] read 201260 sequences (20000047 bp)...
[M::mem_pestat] # candidate unique pairs for (FF, FR, RF, RR): (2, 96294, 5, 1)
[M::mem_pestat] skip orientation FF as there are not enough pairs
[M::mem_pestat] analyzing insert size distribution for orientation FR...
[M::mem_pestat] (25, 50, 75) percentile: (103, 123, 155)
[M::mem_pestat] low and high boundaries for computing mean and std.dev: (1, 259)
[M::mem_pestat] mean and std.dev: (130.14, 39.27)
[M::mem_pestat] low and high boundaries for proper pairs: (1, 311)
[M::mem_pestat] skip orientation RF as there are not enough pairs
[M::mem_pestat] skip orientation RR as there are not enough pairs
[M::mem_process_seqs] Processed 201276 reads in 9.412 CPU sec, 9.633 real sec
[M::process] read 201350 sequences (20000198 bp)...
[M::mem_pestat] # candidate unique pairs for (FF, FR, RF, RR): (2, 96258, 8, 1)
[M::mem_pestat] skip orientation FF as there are not enough pairs
[M::mem_pestat] analyzing insert size distribution for orientation FR...
[M::mem_pestat] (25, 50, 75) percentile: (103, 123, 155)
[M::mem_pestat] low and high boundaries for computing mean and std.dev: (1, 259)
[M::mem_pestat] mean and std.dev: (130.08, 39.14)
[M::mem_pestat] low and high boundaries for proper pairs: (1, 311)
[M::mem_pestat] skip orientation RF as there are not enough pairs
[M::mem_pestat] skip orientation RR as there are not enough pairs
[M::mem_process_seqs] Processed 201260 reads in 9.260 CPU sec, 9.465 real sec
[M::process] read 201294 sequences (20000160 bp)...
[M::mem_pestat] # candidate unique pairs for (FF, FR, RF, RR): (1, 96229, 3, 2)
[M::mem_pestat] skip orientation FF as there are not enough pairs
[M::mem_pestat] analyzing insert size distribution for orientation FR...
[M::mem_pestat] (25, 50, 75) percentile: (103, 123, 154)
[M::mem_pestat] low and high boundaries for computing mean and std.dev: (1, 256)
[M::mem_pestat] mean and std.dev: (129.63, 38.87)
[M::mem_pestat] low and high boundaries for proper pairs: (1, 307)
[M::mem_pestat] skip orientation RF as there are not enough pairs
[M::mem_pestat] skip orientation RR as there are not enough pairs
[M::mem_process_seqs] Processed 201350 reads in 9.412 CPU sec, 9.623 real sec
[M::process] read 201412 sequences (20000147 bp)...
[M::mem_pestat] # candidate unique pairs for (FF, FR, RF, RR): (0, 96352, 4, 1)
[M::mem_pestat] skip orientation FF as there are not enough pairs
[M::mem_pestat] analyzing insert size distribution for orientation FR...
[M::mem_pestat] (25, 50, 75) percentile: (103, 123, 154)
[M::mem_pestat] low and high boundaries for computing mean and std.dev: (1, 256)
[M::mem_pestat] mean and std.dev: (129.48, 38.73)
[M::mem_pestat] low and high boundaries for proper pairs: (1, 307)
[M::mem_pestat] skip orientation RF as there are not enough pairs
[M::mem_pestat] skip orientation RR as there are not enough pairs
[M::mem_process_seqs] Processed 201294 reads in 9.649 CPU sec, 9.858 real sec
[M::process] read 202718 sequences (20000034 bp)...
[M::mem_pestat] # candidate unique pairs for (FF, FR, RF, RR): (1, 96339, 9, 0)
[M::mem_pestat] skip orientation FF as there are not enough pairs
[M::mem_pestat] analyzing insert size distribution for orientation FR...
[M::mem_pestat] (25, 50, 75) percentile: (103, 123, 154)
[M::mem_pestat] low and high boundaries for computing mean and std.dev: (1, 256)
[M::mem_pestat] mean and std.dev: (129.33, 38.84)
[M::mem_pestat] low and high boundaries for proper pairs: (1, 307)
[M::mem_pestat] skip orientation RF as there are not enough pairs
[M::mem_pestat] skip orientation RR as there are not enough pairs
[M::mem_process_seqs] Processed 201412 reads in 9.726 CPU sec, 9.960 real sec
[M::process] read 201472 sequences (20000198 bp)...
[M::mem_pestat] # candidate unique pairs for (FF, FR, RF, RR): (0, 97117, 6, 2)
[M::mem_pestat] skip orientation FF as there are not enough pairs
[M::mem_pestat] analyzing insert size distribution for orientation FR...
[M::mem_pestat] (25, 50, 75) percentile: (103, 123, 154)
[M::mem_pestat] low and high boundaries for computing mean and std.dev: (1, 256)
[M::mem_pestat] mean and std.dev: (129.69, 38.84)
[M::mem_pestat] low and high boundaries for proper pairs: (1, 307)
[M::mem_pestat] skip orientation RF as there are not enough pairs
[M::mem_pestat] skip orientation RR as there are not enough pairs
[M::mem_process_seqs] Processed 202718 reads in 9.647 CPU sec, 9.853 real sec
[M::process] read 201910 sequences (20000163 bp)...
[M::mem_pestat] # candidate unique pairs for (FF, FR, RF, RR): (2, 96338, 5, 0)
[M::mem_pestat] skip orientation FF as there are not enough pairs
[M::mem_pestat] analyzing insert size distribution for orientation FR...
[M::mem_pestat] (25, 50, 75) percentile: (103, 123, 154)
[M::mem_pestat] low and high boundaries for computing mean and std.dev: (1, 256)
[M::mem_pestat] mean and std.dev: (129.40, 38.76)
[M::mem_pestat] low and high boundaries for proper pairs: (1, 307)
[M::mem_pestat] skip orientation RF as there are not enough pairs
[M::mem_pestat] skip orientation RR as there are not enough pairs
[M::mem_process_seqs] Processed 201472 reads in 9.473 CPU sec, 9.690 real sec
[M::process] read 202064 sequences (20000047 bp)...
[M::mem_pestat] # candidate unique pairs for (FF, FR, RF, RR): (0, 96556, 4, 1)
[M::mem_pestat] skip orientation FF as there are not enough pairs
[M::mem_pestat] analyzing insert size distribution for orientation FR...
[M::mem_pestat] (25, 50, 75) percentile: (103, 123, 154)
[M::mem_pestat] low and high boundaries for computing mean and std.dev: (1, 256)
[M::mem_pestat] mean and std.dev: (129.47, 38.78)
[M::mem_pestat] low and high boundaries for proper pairs: (1, 307)
[M::mem_pestat] skip orientation RF as there are not enough pairs
[M::mem_pestat] skip orientation RR as there are not enough pairs
[M::mem_process_seqs] Processed 201910 reads in 9.425 CPU sec, 9.637 real sec
[M::process] read 201256 sequences (20000142 bp)...
[M::mem_pestat] # candidate unique pairs for (FF, FR, RF, RR): (1, 96629, 3, 0)
[M::mem_pestat] skip orientation FF as there are not enough pairs
[M::mem_pestat] analyzing insert size distribution for orientation FR...
[M::mem_pestat] (25, 50, 75) percentile: (103, 123, 155)
[M::mem_pestat] low and high boundaries for computing mean and std.dev: (1, 259)
[M::mem_pestat] mean and std.dev: (129.90, 39.19)
[M::mem_pestat] low and high boundaries for proper pairs: (1, 311)
[M::mem_pestat] skip orientation RF as there are not enough pairs
[M::mem_pestat] skip orientation RR as there are not enough pairs
[M::mem_process_seqs] Processed 202064 reads in 9.450 CPU sec, 9.653 real sec
[M::process] read 201616 sequences (20000017 bp)...
[M::mem_pestat] # candidate unique pairs for (FF, FR, RF, RR): (1, 96367, 2, 0)
[M::mem_pestat] skip orientation FF as there are not enough pairs
[M::mem_pestat] analyzing insert size distribution for orientation FR...
[M::mem_pestat] (25, 50, 75) percentile: (103, 124, 155)
[M::mem_pestat] low and high boundaries for computing mean and std.dev: (1, 259)
[M::mem_pestat] mean and std.dev: (130.30, 39.46)
[M::mem_pestat] low and high boundaries for proper pairs: (1, 311)
[M::mem_pestat] skip orientation RF as there are not enough pairs
[M::mem_pestat] skip orientation RR as there are not enough pairs
[M::mem_process_seqs] Processed 201256 reads in 9.979 CPU sec, 10.183 real sec
[M::mem_pestat] # candidate unique pairs for (FF, FR, RF, RR): (0, 96619, 5, 3)
[M::mem_pestat] skip orientation FF as there are not enough pairs
[M::mem_pestat] analyzing insert size distribution for orientation FR...
[M::mem_pestat] (25, 50, 75) percentile: (103, 124, 156)
[M::mem_pestat] low and high boundaries for computing mean and std.dev: (1, 262)
[M::mem_pestat] mean and std.dev: (130.81, 39.99)
[M::mem_pestat] low and high boundaries for proper pairs: (1, 315)
[M::mem_pestat] skip orientation RF as there are not enough pairs
[M::mem_pestat] skip orientation RR as there are not enough pairs
[M::mem_process_seqs] Processed 201616 reads in 10.475 CPU sec, 15.744 real sec
[M::process] read 202148 sequences (20000183 bp)...
[M::process] read 203102 sequences (20000031 bp)...
[M::mem_pestat] # candidate unique pairs for (FF, FR, RF, RR): (0, 96816, 3, 1)
[M::mem_pestat] skip orientation FF as there are not enough pairs
[M::mem_pestat] analyzing insert size distribution for orientation FR...
[M::mem_pestat] (25, 50, 75) percentile: (104, 124, 156)
[M::mem_pestat] low and high boundaries for computing mean and std.dev: (1, 260)
[M::mem_pestat] mean and std.dev: (130.82, 39.65)
[M::mem_pestat] low and high boundaries for proper pairs: (1, 312)
[M::mem_pestat] skip orientation RF as there are not enough pairs
[M::mem_pestat] skip orientation RR as there are not enough pairs
[M::mem_process_seqs] Processed 202148 reads in 11.161 CPU sec, 11.211 real sec
[M::process] read 201550 sequences (20000063 bp)...
[M::mem_pestat] # candidate unique pairs for (FF, FR, RF, RR): (2, 97287, 5, 2)
[M::mem_pestat] skip orientation FF as there are not enough pairs
[M::mem_pestat] analyzing insert size distribution for orientation FR...
[M::mem_pestat] (25, 50, 75) percentile: (104, 124, 156)
[M::mem_pestat] low and high boundaries for computing mean and std.dev: (1, 260)
[M::mem_pestat] mean and std.dev: (131.08, 39.75)
[M::mem_pestat] low and high boundaries for proper pairs: (1, 312)
[M::mem_pestat] skip orientation RF as there are not enough pairs
[M::mem_pestat] skip orientation RR as there are not enough pairs
[M::mem_process_seqs] Processed 203102 reads in 11.207 CPU sec, 11.468 real sec
[M::process] read 202196 sequences (20000084 bp)...
[M::mem_pestat] # candidate unique pairs for (FF, FR, RF, RR): (4, 96657, 4, 4)
[M::mem_pestat] skip orientation FF as there are not enough pairs
[M::mem_pestat] analyzing insert size distribution for orientation FR...
[M::mem_pestat] (25, 50, 75) percentile: (103, 124, 156)
[M::mem_pestat] low and high boundaries for computing mean and std.dev: (1, 262)
[M::mem_pestat] mean and std.dev: (130.92, 39.60)
[M::mem_pestat] low and high boundaries for proper pairs: (1, 315)
[M::mem_pestat] skip orientation RF as there are not enough pairs
[M::mem_pestat] skip orientation RR as there are not enough pairs
[M::mem_process_seqs] Processed 201550 reads in 10.248 CPU sec, 10.449 real sec
[M::process] read 201628 sequences (20000090 bp)...
[M::mem_pestat] # candidate unique pairs for (FF, FR, RF, RR): (1, 96902, 7, 1)
[M::mem_pestat] skip orientation FF as there are not enough pairs
[M::mem_pestat] analyzing insert size distribution for orientation FR...
[M::mem_pestat] (25, 50, 75) percentile: (103, 124, 156)
[M::mem_pestat] low and high boundaries for computing mean and std.dev: (1, 262)
[M::mem_pestat] mean and std.dev: (131.08, 39.83)
[M::mem_pestat] low and high boundaries for proper pairs: (1, 315)
[M::mem_pestat] skip orientation RF as there are not enough pairs
[M::mem_pestat] skip orientation RR as there are not enough pairs
[M::mem_process_seqs] Processed 202196 reads in 10.904 CPU sec, 11.131 real sec
[M::process] read 200926 sequences (20000118 bp)...
[M::mem_pestat] # candidate unique pairs for (FF, FR, RF, RR): (2, 96574, 3, 2)
[M::mem_pestat] skip orientation FF as there are not enough pairs
[M::mem_pestat] analyzing insert size distribution for orientation FR...
[M::mem_pestat] (25, 50, 75) percentile: (104, 124, 155)
[M::mem_pestat] low and high boundaries for computing mean and std.dev: (2, 257)
[M::mem_pestat] mean and std.dev: (130.48, 38.87)
[M::mem_pestat] low and high boundaries for proper pairs: (1, 308)
[M::mem_pestat] skip orientation RF as there are not enough pairs
[M::mem_pestat] skip orientation RR as there are not enough pairs
[M::mem_process_seqs] Processed 201628 reads in 10.150 CPU sec, 10.445 real sec
[M::process] read 201402 sequences (20000195 bp)...
[M::mem_pestat] # candidate unique pairs for (FF, FR, RF, RR): (0, 96285, 1, 5)
[M::mem_pestat] skip orientation FF as there are not enough pairs
[M::mem_pestat] analyzing insert size distribution for orientation FR...
[M::mem_pestat] (25, 50, 75) percentile: (103, 124, 156)
[M::mem_pestat] low and high boundaries for computing mean and std.dev: (1, 262)
[M::mem_pestat] mean and std.dev: (130.93, 39.90)
[M::mem_pestat] low and high boundaries for proper pairs: (1, 315)
[M::mem_pestat] skip orientation RF as there are not enough pairs
[M::mem_pestat] skip orientation RR as there are not enough pairs
[M::mem_process_seqs] Processed 200926 reads in 9.817 CPU sec, 10.020 real sec
[M::process] read 200996 sequences (20000136 bp)...
[M::mem_pestat] # candidate unique pairs for (FF, FR, RF, RR): (4, 96325, 6, 1)
[M::mem_pestat] skip orientation FF as there are not enough pairs
[M::mem_pestat] analyzing insert size distribution for orientation FR...
[M::mem_pestat] (25, 50, 75) percentile: (104, 124, 156)
[M::mem_pestat] low and high boundaries for computing mean and std.dev: (1, 260)
[M::mem_pestat] mean and std.dev: (130.84, 39.54)
[M::mem_pestat] low and high boundaries for proper pairs: (1, 312)
[M::mem_pestat] skip orientation RF as there are not enough pairs
[M::mem_pestat] skip orientation RR as there are not enough pairs
[M::mem_process_seqs] Processed 201402 reads in 9.822 CPU sec, 10.030 real sec
[M::process] read 200944 sequences (20000195 bp)...
[M::mem_pestat] # candidate unique pairs for (FF, FR, RF, RR): (3, 96142, 5, 1)
[M::mem_pestat] skip orientation FF as there are not enough pairs
[M::mem_pestat] analyzing insert size distribution for orientation FR...
[M::mem_pestat] (25, 50, 75) percentile: (103, 124, 155)
[M::mem_pestat] low and high boundaries for computing mean and std.dev: (1, 259)
[M::mem_pestat] mean and std.dev: (130.30, 39.14)
[M::mem_pestat] low and high boundaries for proper pairs: (1, 311)
[M::mem_pestat] skip orientation RF as there are not enough pairs
[M::mem_pestat] skip orientation RR as there are not enough pairs
[M::mem_process_seqs] Processed 200996 reads in 9.733 CPU sec, 9.934 real sec
[M::process] read 200980 sequences (20000018 bp)...
[M::mem_pestat] # candidate unique pairs for (FF, FR, RF, RR): (0, 96422, 1, 0)
[M::mem_pestat] skip orientation FF as there are not enough pairs
[M::mem_pestat] analyzing insert size distribution for orientation FR...
[M::mem_pestat] (25, 50, 75) percentile: (103, 124, 156)
[M::mem_pestat] low and high boundaries for computing mean and std.dev: (1, 262)
[M::mem_pestat] mean and std.dev: (130.97, 40.05)
[M::mem_pestat] low and high boundaries for proper pairs: (1, 315)
[M::mem_pestat] skip orientation RF as there are not enough pairs
[M::mem_pestat] skip orientation RR as there are not enough pairs
[M::mem_process_seqs] Processed 200944 reads in 9.534 CPU sec, 9.777 real sec
[M::process] read 200968 sequences (20000085 bp)...
[M::mem_pestat] # candidate unique pairs for (FF, FR, RF, RR): (2, 96223, 2, 2)
[M::mem_pestat] skip orientation FF as there are not enough pairs
[M::mem_pestat] analyzing insert size distribution for orientation FR...
[M::mem_pestat] (25, 50, 75) percentile: (103, 123, 155)
[M::mem_pestat] low and high boundaries for computing mean and std.dev: (1, 259)
[M::mem_pestat] mean and std.dev: (130.25, 39.41)
[M::mem_pestat] low and high boundaries for proper pairs: (1, 311)
[M::mem_pestat] skip orientation RF as there are not enough pairs
[M::mem_pestat] skip orientation RR as there are not enough pairs
[M::mem_process_seqs] Processed 200980 reads in 9.489 CPU sec, 9.714 real sec
[M::process] read 200986 sequences (20000044 bp)...
[M::mem_pestat] # candidate unique pairs for (FF, FR, RF, RR): (1, 96210, 7, 1)
[M::mem_pestat] skip orientation FF as there are not enough pairs
[M::mem_pestat] analyzing insert size distribution for orientation FR...
[M::mem_pestat] (25, 50, 75) percentile: (103, 123, 155)
[M::mem_pestat] low and high boundaries for computing mean and std.dev: (1, 259)
[M::mem_pestat] mean and std.dev: (130.21, 39.47)
[M::mem_pestat] low and high boundaries for proper pairs: (1, 311)
[M::mem_pestat] skip orientation RF as there are not enough pairs
[M::mem_pestat] skip orientation RR as there are not enough pairs
[M::mem_process_seqs] Processed 200968 reads in 9.374 CPU sec, 9.573 real sec
[M::process] read 201000 sequences (20000151 bp)...
[M::mem_pestat] # candidate unique pairs for (FF, FR, RF, RR): (1, 96260, 4, 1)
[M::mem_pestat] skip orientation FF as there are not enough pairs
[M::mem_pestat] analyzing insert size distribution for orientation FR...
[M::mem_pestat] (25, 50, 75) percentile: (103, 124, 156)
[M::mem_pestat] low and high boundaries for computing mean and std.dev: (1, 262)
[M::mem_pestat] mean and std.dev: (130.81, 39.91)
[M::mem_pestat] low and high boundaries for proper pairs: (1, 315)
[M::mem_pestat] skip orientation RF as there are not enough pairs
[M::mem_pestat] skip orientation RR as there are not enough pairs
[M::mem_process_seqs] Processed 200986 reads in 9.579 CPU sec, 9.780 real sec
[M::process] read 200984 sequences (20000093 bp)...
[M::mem_pestat] # candidate unique pairs for (FF, FR, RF, RR): (2, 96328, 6, 3)
[M::mem_pestat] skip orientation FF as there are not enough pairs
[M::mem_pestat] analyzing insert size distribution for orientation FR...
[M::mem_pestat] (25, 50, 75) percentile: (103, 124, 156)
[M::mem_pestat] low and high boundaries for computing mean and std.dev: (1, 262)
[M::mem_pestat] mean and std.dev: (130.72, 39.93)
[M::mem_pestat] low and high boundaries for proper pairs: (1, 315)
[M::mem_pestat] skip orientation RF as there are not enough pairs
[M::mem_pestat] skip orientation RR as there are not enough pairs
[M::mem_process_seqs] Processed 201000 reads in 9.288 CPU sec, 9.491 real sec
[M::mem_pestat] # candidate unique pairs for (FF, FR, RF, RR): (2, 96208, 6, 5)
[M::mem_pestat] skip orientation FF as there are not enough pairs
[M::mem_pestat] analyzing insert size distribution for orientation FR...
[M::mem_pestat] (25, 50, 75) percentile: (103, 124, 155)
[M::mem_pestat] low and high boundaries for computing mean and std.dev: (1, 259)
[M::mem_pestat] mean and std.dev: (130.28, 39.42)
[M::mem_pestat] low and high boundaries for proper pairs: (1, 311)
[M::mem_pestat] skip orientation RF as there are not enough pairs
[M::mem_pestat] skip orientation RR as there are not enough pairs
[M::mem_process_seqs] Processed 200984 reads in 8.948 CPU sec, 13.471 real sec
[M::process] read 201038 sequences (20000141 bp)...
[M::process] read 201034 sequences (20000075 bp)...
[M::mem_pestat] # candidate unique pairs for (FF, FR, RF, RR): (2, 96251, 2, 1)
[M::mem_pestat] skip orientation FF as there are not enough pairs
[M::mem_pestat] analyzing insert size distribution for orientation FR...
[M::mem_pestat] (25, 50, 75) percentile: (103, 124, 155)
[M::mem_pestat] low and high boundaries for computing mean and std.dev: (1, 259)
[M::mem_pestat] mean and std.dev: (130.62, 39.54)
[M::mem_pestat] low and high boundaries for proper pairs: (1, 311)
[M::mem_pestat] skip orientation RF as there are not enough pairs
[M::mem_pestat] skip orientation RR as there are not enough pairs
[M::mem_process_seqs] Processed 201038 reads in 9.216 CPU sec, 9.241 real sec
[M::process] read 201054 sequences (20000104 bp)...
[M::mem_pestat] # candidate unique pairs for (FF, FR, RF, RR): (1, 96232, 4, 4)
[M::mem_pestat] skip orientation FF as there are not enough pairs
[M::mem_pestat] analyzing insert size distribution for orientation FR...
[M::mem_pestat] (25, 50, 75) percentile: (103, 124, 155)
[M::mem_pestat] low and high boundaries for computing mean and std.dev: (1, 259)
[M::mem_pestat] mean and std.dev: (130.40, 39.48)
[M::mem_pestat] low and high boundaries for proper pairs: (1, 311)
[M::mem_pestat] skip orientation RF as there are not enough pairs
[M::mem_pestat] skip orientation RR as there are not enough pairs
[M::mem_process_seqs] Processed 201034 reads in 9.464 CPU sec, 9.679 real sec
[M::process] read 201028 sequences (20000071 bp)...
[M::mem_pestat] # candidate unique pairs for (FF, FR, RF, RR): (3, 96317, 2, 1)
[M::mem_pestat] skip orientation FF as there are not enough pairs
[M::mem_pestat] analyzing insert size distribution for orientation FR...
[M::mem_pestat] (25, 50, 75) percentile: (103, 123, 155)
[M::mem_pestat] low and high boundaries for computing mean and std.dev: (1, 259)
[M::mem_pestat] mean and std.dev: (129.92, 39.25)
[M::mem_pestat] low and high boundaries for proper pairs: (1, 311)
[M::mem_pestat] skip orientation RF as there are not enough pairs
[M::mem_pestat] skip orientation RR as there are not enough pairs
[M::mem_process_seqs] Processed 201054 reads in 9.420 CPU sec, 9.637 real sec
[M::process] read 201066 sequences (20000040 bp)...
[M::mem_pestat] # candidate unique pairs for (FF, FR, RF, RR): (1, 96308, 2, 4)
[M::mem_pestat] skip orientation FF as there are not enough pairs
[M::mem_pestat] analyzing insert size distribution for orientation FR...
[M::mem_pestat] (25, 50, 75) percentile: (103, 124, 155)
[M::mem_pestat] low and high boundaries for computing mean and std.dev: (1, 259)
[M::mem_pestat] mean and std.dev: (130.24, 39.35)
[M::mem_pestat] low and high boundaries for proper pairs: (1, 311)
[M::mem_pestat] skip orientation RF as there are not enough pairs
[M::mem_pestat] skip orientation RR as there are not enough pairs
[M::mem_process_seqs] Processed 201028 reads in 9.371 CPU sec, 9.588 real sec
[M::process] read 201114 sequences (20000178 bp)...
[M::mem_pestat] # candidate unique pairs for (FF, FR, RF, RR): (1, 96244, 2, 1)
[M::mem_pestat] skip orientation FF as there are not enough pairs
[M::mem_pestat] analyzing insert size distribution for orientation FR...
[M::mem_pestat] (25, 50, 75) percentile: (103, 123, 155)
[M::mem_pestat] low and high boundaries for computing mean and std.dev: (1, 259)
[M::mem_pestat] mean and std.dev: (130.11, 39.36)
[M::mem_pestat] low and high boundaries for proper pairs: (1, 311)
[M::mem_pestat] skip orientation RF as there are not enough pairs
[M::mem_pestat] skip orientation RR as there are not enough pairs
[M::mem_process_seqs] Processed 201066 reads in 9.430 CPU sec, 9.625 real sec
[M::process] read 201190 sequences (20000091 bp)...
[M::mem_pestat] # candidate unique pairs for (FF, FR, RF, RR): (1, 96239, 6, 3)
[M::mem_pestat] skip orientation FF as there are not enough pairs
[M::mem_pestat] analyzing insert size distribution for orientation FR...
[M::mem_pestat] (25, 50, 75) percentile: (103, 124, 155)
[M::mem_pestat] low and high boundaries for computing mean and std.dev: (1, 259)
[M::mem_pestat] mean and std.dev: (130.24, 39.29)
[M::mem_pestat] low and high boundaries for proper pairs: (1, 311)
[M::mem_pestat] skip orientation RF as there are not enough pairs
[M::mem_pestat] skip orientation RR as there are not enough pairs
[M::mem_process_seqs] Processed 201114 reads in 9.524 CPU sec, 9.724 real sec
[M::process] read 201188 sequences (20000088 bp)...
[M::mem_pestat] # candidate unique pairs for (FF, FR, RF, RR): (2, 96393, 2, 0)
[M::mem_pestat] skip orientation FF as there are not enough pairs
[M::mem_pestat] analyzing insert size distribution for orientation FR...
[M::mem_pestat] (25, 50, 75) percentile: (103, 123, 155)
[M::mem_pestat] low and high boundaries for computing mean and std.dev: (1, 259)
[M::mem_pestat] mean and std.dev: (130.18, 39.41)
[M::mem_pestat] low and high boundaries for proper pairs: (1, 311)
[M::mem_pestat] skip orientation RF as there are not enough pairs
[M::mem_pestat] skip orientation RR as there are not enough pairs
[M::mem_process_seqs] Processed 201190 reads in 9.426 CPU sec, 9.629 real sec
[M::process] read 201298 sequences (20000189 bp)...
[M::mem_pestat] # candidate unique pairs for (FF, FR, RF, RR): (0, 96348, 6, 5)
[M::mem_pestat] skip orientation FF as there are not enough pairs
[M::mem_pestat] analyzing insert size distribution for orientation FR...
[M::mem_pestat] (25, 50, 75) percentile: (103, 123, 155)
[M::mem_pestat] low and high boundaries for computing mean and std.dev: (1, 259)
[M::mem_pestat] mean and std.dev: (130.18, 39.37)
[M::mem_pestat] low and high boundaries for proper pairs: (1, 311)
[M::mem_pestat] skip orientation RF as there are not enough pairs
[M::mem_pestat] skip orientation RR as there are not enough pairs
[M::mem_process_seqs] Processed 201188 reads in 9.537 CPU sec, 9.739 real sec
[M::process] read 201270 sequences (20000178 bp)...
[M::mem_pestat] # candidate unique pairs for (FF, FR, RF, RR): (3, 96335, 11, 1)
[M::mem_pestat] skip orientation FF as there are not enough pairs
[M::mem_pestat] analyzing insert size distribution for orientation FR...
[M::mem_pestat] (25, 50, 75) percentile: (103, 123, 155)
[M::mem_pestat] low and high boundaries for computing mean and std.dev: (1, 259)
[M::mem_pestat] mean and std.dev: (130.06, 39.21)
[M::mem_pestat] low and high boundaries for proper pairs: (1, 311)
[M::mem_pestat] analyzing insert size distribution for orientation RF...
[M::mem_pestat] (25, 50, 75) percentile: (25, 61, 113)
[M::mem_pestat] low and high boundaries for computing mean and std.dev: (1, 289)
[M::mem_pestat] mean and std.dev: (73.40, 64.14)
[M::mem_pestat] low and high boundaries for proper pairs: (1, 377)
[M::mem_pestat] skip orientation RR as there are not enough pairs
[M::mem_pestat] skip orientation RF
[M::mem_process_seqs] Processed 201298 reads in 9.386 CPU sec, 9.586 real sec
[M::process] read 201332 sequences (20000010 bp)...
[M::mem_pestat] # candidate unique pairs for (FF, FR, RF, RR): (2, 96279, 5, 2)
[M::mem_pestat] skip orientation FF as there are not enough pairs
[M::mem_pestat] analyzing insert size distribution for orientation FR...
[M::mem_pestat] (25, 50, 75) percentile: (103, 123, 155)
[M::mem_pestat] low and high boundaries for computing mean and std.dev: (1, 259)
[M::mem_pestat] mean and std.dev: (130.07, 39.43)
[M::mem_pestat] low and high boundaries for proper pairs: (1, 311)
[M::mem_pestat] skip orientation RF as there are not enough pairs
[M::mem_pestat] skip orientation RR as there are not enough pairs
[M::mem_process_seqs] Processed 201270 reads in 9.484 CPU sec, 9.694 real sec
[M::process] read 201348 sequences (20000031 bp)...
[M::mem_pestat] # candidate unique pairs for (FF, FR, RF, RR): (0, 96455, 7, 0)
[M::mem_pestat] skip orientation FF as there are not enough pairs
[M::mem_pestat] analyzing insert size distribution for orientation FR...
[M::mem_pestat] (25, 50, 75) percentile: (103, 123, 155)
[M::mem_pestat] low and high boundaries for computing mean and std.dev: (1, 259)
[M::mem_pestat] mean and std.dev: (130.03, 39.28)
[M::mem_pestat] low and high boundaries for proper pairs: (1, 311)
[M::mem_pestat] skip orientation RF as there are not enough pairs
[M::mem_pestat] skip orientation RR as there are not enough pairs
[M::mem_process_seqs] Processed 201332 reads in 9.679 CPU sec, 9.888 real sec
[M::process] read 202124 sequences (20000040 bp)...
[M::mem_pestat] # candidate unique pairs for (FF, FR, RF, RR): (1, 96298, 2, 0)
[M::mem_pestat] skip orientation FF as there are not enough pairs
[M::mem_pestat] analyzing insert size distribution for orientation FR...
[M::mem_pestat] (25, 50, 75) percentile: (103, 123, 155)
[M::mem_pestat] low and high boundaries for computing mean and std.dev: (1, 259)
[M::mem_pestat] mean and std.dev: (130.16, 39.40)
[M::mem_pestat] low and high boundaries for proper pairs: (1, 311)
[M::mem_pestat] skip orientation RF as there are not enough pairs
[M::mem_pestat] skip orientation RR as there are not enough pairs
[M::mem_process_seqs] Processed 201348 reads in 9.373 CPU sec, 9.573 real sec
[M::mem_pestat] # candidate unique pairs for (FF, FR, RF, RR): (1, 96649, 6, 0)
[M::mem_pestat] skip orientation FF as there are not enough pairs
[M::mem_pestat] analyzing insert size distribution for orientation FR...
[M::mem_pestat] (25, 50, 75) percentile: (103, 123, 154)
[M::mem_pestat] low and high boundaries for computing mean and std.dev: (1, 256)
[M::mem_pestat] mean and std.dev: (129.55, 38.86)
[M::mem_pestat] low and high boundaries for proper pairs: (1, 307)
[M::mem_pestat] skip orientation RF as there are not enough pairs
[M::mem_pestat] skip orientation RR as there are not enough pairs
[M::mem_process_seqs] Processed 202124 reads in 8.939 CPU sec, 13.417 real sec
[M::process] read 202534 sequences (20000009 bp)...
[M::process] read 201534 sequences (20000039 bp)...
[M::mem_pestat] # candidate unique pairs for (FF, FR, RF, RR): (1, 96913, 5, 2)
[M::mem_pestat] skip orientation FF as there are not enough pairs
[M::mem_pestat] analyzing insert size distribution for orientation FR...
[M::mem_pestat] (25, 50, 75) percentile: (103, 123, 155)
[M::mem_pestat] low and high boundaries for computing mean and std.dev: (1, 259)
[M::mem_pestat] mean and std.dev: (130.15, 39.21)
[M::mem_pestat] low and high boundaries for proper pairs: (1, 311)
[M::mem_pestat] skip orientation RF as there are not enough pairs
[M::mem_pestat] skip orientation RR as there are not enough pairs
[M::mem_process_seqs] Processed 202534 reads in 9.248 CPU sec, 9.297 real sec
[M::process] read 201886 sequences (20000076 bp)...
[M::mem_pestat] # candidate unique pairs for (FF, FR, RF, RR): (1, 96482, 4, 1)
[M::mem_pestat] skip orientation FF as there are not enough pairs
[M::mem_pestat] analyzing insert size distribution for orientation FR...
[M::mem_pestat] (25, 50, 75) percentile: (103, 123, 154)
[M::mem_pestat] low and high boundaries for computing mean and std.dev: (1, 256)
[M::mem_pestat] mean and std.dev: (129.64, 38.87)
[M::mem_pestat] low and high boundaries for proper pairs: (1, 307)
[M::mem_pestat] skip orientation RF as there are not enough pairs
[M::mem_pestat] skip orientation RR as there are not enough pairs
[M::mem_process_seqs] Processed 201534 reads in 9.540 CPU sec, 9.754 real sec
[M::process] read 178460 sequences (17691798 bp)...
[M::mem_pestat] # candidate unique pairs for (FF, FR, RF, RR): (2, 96576, 7, 4)
[M::mem_pestat] skip orientation FF as there are not enough pairs
[M::mem_pestat] analyzing insert size distribution for orientation FR...
[M::mem_pestat] (25, 50, 75) percentile: (103, 124, 155)
[M::mem_pestat] low and high boundaries for computing mean and std.dev: (1, 259)
[M::mem_pestat] mean and std.dev: (130.15, 39.36)
[M::mem_pestat] low and high boundaries for proper pairs: (1, 311)
[M::mem_pestat] skip orientation RF as there are not enough pairs
[M::mem_pestat] skip orientation RR as there are not enough pairs
[M::mem_process_seqs] Processed 201886 reads in 9.477 CPU sec, 9.683 real sec
[M::mem_pestat] # candidate unique pairs for (FF, FR, RF, RR): (1, 85351, 2, 2)
[M::mem_pestat] skip orientation FF as there are not enough pairs
[M::mem_pestat] analyzing insert size distribution for orientation FR...
[M::mem_pestat] (25, 50, 75) percentile: (103, 123, 154)
[M::mem_pestat] low and high boundaries for computing mean and std.dev: (1, 256)
[M::mem_pestat] mean and std.dev: (129.40, 38.74)
[M::mem_pestat] low and high boundaries for proper pairs: (1, 307)
[M::mem_pestat] skip orientation RF as there are not enough pairs
[M::mem_pestat] skip orientation RR as there are not enough pairs
[M::mem_process_seqs] Processed 178460 reads in 7.866 CPU sec, 8.080 real sec
[main] Version: 0.7.17-r1188
[main] CMD: bwa mem -t 2 /home/tiscargf/working_GA/results/Canu_assembly/assCanu_Efae.contigs.fasta /proj/genomeanalysis2022/Genome_Analysis/1_Zhang_2017/transcriptomics_data/RNA-Seq_Serum/trim_paired_ERR1797969_pass_1.fastq.gz /proj/genomeanalysis2022/Genome_Analysis/1_Zhang_2017/transcriptomics_data/RNA-Seq_Serum/trim_paired_ERR1797969_pass_2.fastq.gz
[main] Real time: 1364.450 sec; CPU: 1217.553 sec
[bam_sort_core] merging from 9 files and 1 in-memory blocks...
