[bwa_index] Pack FASTA... 0.02 sec
[bwa_index] Construct BWT for the packed sequence...
[bwa_index] 0.82 seconds elapse.
[bwa_index] Update BWT... 0.02 sec
[bwa_index] Pack forward-only FASTA... 0.02 sec
[bwa_index] Construct SA from BWT and Occ... 0.36 sec
[main] Version: 0.7.17-r1188
[main] CMD: bwa index /home/tiscargf/working_GA/results/Canu_assembly/assCanu_Efae.contigs.fasta
[main] Real time: 1.353 sec; CPU: 1.248 sec
[M::bwa_idx_load_from_disk] read 0 ALT contigs
[M::process] read 200926 sequences (20000158 bp)...
[M::process] read 200910 sequences (20000180 bp)...
[M::mem_pestat] # candidate unique pairs for (FF, FR, RF, RR): (1, 97424, 3, 3)
[M::mem_pestat] skip orientation FF as there are not enough pairs
[M::mem_pestat] analyzing insert size distribution for orientation FR...
[M::mem_pestat] (25, 50, 75) percentile: (108, 132, 172)
[M::mem_pestat] low and high boundaries for computing mean and std.dev: (1, 300)
[M::mem_pestat] mean and std.dev: (141.54, 47.93)
[M::mem_pestat] low and high boundaries for proper pairs: (1, 364)
[M::mem_pestat] skip orientation RF as there are not enough pairs
[M::mem_pestat] skip orientation RR as there are not enough pairs
[M::mem_process_seqs] Processed 200926 reads in 7.974 CPU sec, 7.980 real sec
[M::process] read 201106 sequences (20000017 bp)...
[M::mem_pestat] # candidate unique pairs for (FF, FR, RF, RR): (3, 97540, 3, 1)
[M::mem_pestat] skip orientation FF as there are not enough pairs
[M::mem_pestat] analyzing insert size distribution for orientation FR...
[M::mem_pestat] (25, 50, 75) percentile: (108, 132, 172)
[M::mem_pestat] low and high boundaries for computing mean and std.dev: (1, 300)
[M::mem_pestat] mean and std.dev: (141.35, 47.71)
[M::mem_pestat] low and high boundaries for proper pairs: (1, 364)
[M::mem_pestat] skip orientation RF as there are not enough pairs
[M::mem_pestat] skip orientation RR as there are not enough pairs
[M::mem_process_seqs] Processed 200910 reads in 8.124 CPU sec, 8.329 real sec
[M::process] read 200970 sequences (20000007 bp)...
[M::mem_pestat] # candidate unique pairs for (FF, FR, RF, RR): (2, 97543, 6, 1)
[M::mem_pestat] skip orientation FF as there are not enough pairs
[M::mem_pestat] analyzing insert size distribution for orientation FR...
[M::mem_pestat] (25, 50, 75) percentile: (108, 132, 173)
[M::mem_pestat] low and high boundaries for computing mean and std.dev: (1, 303)
[M::mem_pestat] mean and std.dev: (141.88, 48.17)
[M::mem_pestat] low and high boundaries for proper pairs: (1, 368)
[M::mem_pestat] skip orientation RF as there are not enough pairs
[M::mem_pestat] skip orientation RR as there are not enough pairs
[M::mem_process_seqs] Processed 201106 reads in 8.236 CPU sec, 8.444 real sec
[M::process] read 201054 sequences (20000097 bp)...
[M::mem_pestat] # candidate unique pairs for (FF, FR, RF, RR): (1, 97494, 3, 2)
[M::mem_pestat] skip orientation FF as there are not enough pairs
[M::mem_pestat] analyzing insert size distribution for orientation FR...
[M::mem_pestat] (25, 50, 75) percentile: (107, 131, 172)
[M::mem_pestat] low and high boundaries for computing mean and std.dev: (1, 302)
[M::mem_pestat] mean and std.dev: (141.28, 47.90)
[M::mem_pestat] low and high boundaries for proper pairs: (1, 367)
[M::mem_pestat] skip orientation RF as there are not enough pairs
[M::mem_pestat] skip orientation RR as there are not enough pairs
[M::mem_process_seqs] Processed 200970 reads in 8.121 CPU sec, 8.327 real sec
[M::process] read 200944 sequences (20000107 bp)...
[M::mem_pestat] # candidate unique pairs for (FF, FR, RF, RR): (1, 97402, 7, 2)
[M::mem_pestat] skip orientation FF as there are not enough pairs
[M::mem_pestat] analyzing insert size distribution for orientation FR...
[M::mem_pestat] (25, 50, 75) percentile: (108, 132, 172)
[M::mem_pestat] low and high boundaries for computing mean and std.dev: (1, 300)
[M::mem_pestat] mean and std.dev: (141.52, 47.56)
[M::mem_pestat] low and high boundaries for proper pairs: (1, 364)
[M::mem_pestat] skip orientation RF as there are not enough pairs
[M::mem_pestat] skip orientation RR as there are not enough pairs
[M::mem_process_seqs] Processed 201054 reads in 8.175 CPU sec, 8.380 real sec
[M::process] read 200946 sequences (20000163 bp)...
[M::mem_pestat] # candidate unique pairs for (FF, FR, RF, RR): (4, 97450, 7, 0)
[M::mem_pestat] skip orientation FF as there are not enough pairs
[M::mem_pestat] analyzing insert size distribution for orientation FR...
[M::mem_pestat] (25, 50, 75) percentile: (108, 132, 172)
[M::mem_pestat] low and high boundaries for computing mean and std.dev: (1, 300)
[M::mem_pestat] mean and std.dev: (141.45, 47.74)
[M::mem_pestat] low and high boundaries for proper pairs: (1, 364)
[M::mem_pestat] skip orientation RF as there are not enough pairs
[M::mem_pestat] skip orientation RR as there are not enough pairs
[M::mem_process_seqs] Processed 200944 reads in 8.143 CPU sec, 8.348 real sec
[M::process] read 201004 sequences (20000124 bp)...
[M::mem_pestat] # candidate unique pairs for (FF, FR, RF, RR): (1, 97419, 5, 1)
[M::mem_pestat] skip orientation FF as there are not enough pairs
[M::mem_pestat] analyzing insert size distribution for orientation FR...
[M::mem_pestat] (25, 50, 75) percentile: (108, 132, 172)
[M::mem_pestat] low and high boundaries for computing mean and std.dev: (1, 300)
[M::mem_pestat] mean and std.dev: (141.38, 47.83)
[M::mem_pestat] low and high boundaries for proper pairs: (1, 364)
[M::mem_pestat] skip orientation RF as there are not enough pairs
[M::mem_pestat] skip orientation RR as there are not enough pairs
[M::mem_process_seqs] Processed 200946 reads in 8.195 CPU sec, 8.406 real sec
[M::process] read 201144 sequences (20000078 bp)...
[M::mem_pestat] # candidate unique pairs for (FF, FR, RF, RR): (1, 97498, 5, 2)
[M::mem_pestat] skip orientation FF as there are not enough pairs
[M::mem_pestat] analyzing insert size distribution for orientation FR...
[M::mem_pestat] (25, 50, 75) percentile: (107, 131, 171)
[M::mem_pestat] low and high boundaries for computing mean and std.dev: (1, 299)
[M::mem_pestat] mean and std.dev: (140.91, 47.54)
[M::mem_pestat] low and high boundaries for proper pairs: (1, 363)
[M::mem_pestat] skip orientation RF as there are not enough pairs
[M::mem_pestat] skip orientation RR as there are not enough pairs
[M::mem_process_seqs] Processed 201004 reads in 8.145 CPU sec, 8.351 real sec
[M::process] read 201128 sequences (20000051 bp)...
[M::mem_pestat] # candidate unique pairs for (FF, FR, RF, RR): (2, 97454, 6, 1)
[M::mem_pestat] skip orientation FF as there are not enough pairs
[M::mem_pestat] analyzing insert size distribution for orientation FR...
[M::mem_pestat] (25, 50, 75) percentile: (108, 131, 171)
[M::mem_pestat] low and high boundaries for computing mean and std.dev: (1, 297)
[M::mem_pestat] mean and std.dev: (140.78, 47.17)
[M::mem_pestat] low and high boundaries for proper pairs: (1, 360)
[M::mem_pestat] skip orientation RF as there are not enough pairs
[M::mem_pestat] skip orientation RR as there are not enough pairs
[M::mem_process_seqs] Processed 201144 reads in 8.184 CPU sec, 8.391 real sec
[M::process] read 201114 sequences (20000080 bp)...
[M::mem_pestat] # candidate unique pairs for (FF, FR, RF, RR): (0, 97510, 5, 4)
[M::mem_pestat] skip orientation FF as there are not enough pairs
[M::mem_pestat] analyzing insert size distribution for orientation FR...
[M::mem_pestat] (25, 50, 75) percentile: (107, 132, 172)
[M::mem_pestat] low and high boundaries for computing mean and std.dev: (1, 302)
[M::mem_pestat] mean and std.dev: (141.24, 47.96)
[M::mem_pestat] low and high boundaries for proper pairs: (1, 367)
[M::mem_pestat] skip orientation RF as there are not enough pairs
[M::mem_pestat] skip orientation RR as there are not enough pairs
[M::mem_process_seqs] Processed 201128 reads in 8.934 CPU sec, 9.153 real sec
[M::process] read 201090 sequences (20000015 bp)...
[M::mem_pestat] # candidate unique pairs for (FF, FR, RF, RR): (3, 97431, 5, 0)
[M::mem_pestat] skip orientation FF as there are not enough pairs
[M::mem_pestat] analyzing insert size distribution for orientation FR...
[M::mem_pestat] (25, 50, 75) percentile: (107, 131, 171)
[M::mem_pestat] low and high boundaries for computing mean and std.dev: (1, 299)
[M::mem_pestat] mean and std.dev: (140.85, 47.35)
[M::mem_pestat] low and high boundaries for proper pairs: (1, 363)
[M::mem_pestat] skip orientation RF as there are not enough pairs
[M::mem_pestat] skip orientation RR as there are not enough pairs
[M::mem_process_seqs] Processed 201114 reads in 9.107 CPU sec, 9.338 real sec
[M::process] read 201126 sequences (20000176 bp)...
[M::mem_pestat] # candidate unique pairs for (FF, FR, RF, RR): (1, 97492, 3, 1)
[M::mem_pestat] skip orientation FF as there are not enough pairs
[M::mem_pestat] analyzing insert size distribution for orientation FR...
[M::mem_pestat] (25, 50, 75) percentile: (108, 131, 171)
[M::mem_pestat] low and high boundaries for computing mean and std.dev: (1, 297)
[M::mem_pestat] mean and std.dev: (140.79, 47.14)
[M::mem_pestat] low and high boundaries for proper pairs: (1, 360)
[M::mem_pestat] skip orientation RF as there are not enough pairs
[M::mem_pestat] skip orientation RR as there are not enough pairs
[M::mem_process_seqs] Processed 201090 reads in 9.106 CPU sec, 9.335 real sec
[M::process] read 201128 sequences (20000172 bp)...
[M::mem_pestat] # candidate unique pairs for (FF, FR, RF, RR): (4, 97468, 4, 1)
[M::mem_pestat] skip orientation FF as there are not enough pairs
[M::mem_pestat] analyzing insert size distribution for orientation FR...
[M::mem_pestat] (25, 50, 75) percentile: (107, 131, 171)
[M::mem_pestat] low and high boundaries for computing mean and std.dev: (1, 299)
[M::mem_pestat] mean and std.dev: (140.74, 47.24)
[M::mem_pestat] low and high boundaries for proper pairs: (1, 363)
[M::mem_pestat] skip orientation RF as there are not enough pairs
[M::mem_pestat] skip orientation RR as there are not enough pairs
[M::mem_process_seqs] Processed 201126 reads in 9.221 CPU sec, 9.457 real sec
[M::process] read 201148 sequences (20000196 bp)...
[M::mem_pestat] # candidate unique pairs for (FF, FR, RF, RR): (2, 97508, 3, 1)
[M::mem_pestat] skip orientation FF as there are not enough pairs
[M::mem_pestat] analyzing insert size distribution for orientation FR...
[M::mem_pestat] (25, 50, 75) percentile: (107, 131, 171)
[M::mem_pestat] low and high boundaries for computing mean and std.dev: (1, 299)
[M::mem_pestat] mean and std.dev: (140.62, 47.24)
[M::mem_pestat] low and high boundaries for proper pairs: (1, 363)
[M::mem_pestat] skip orientation RF as there are not enough pairs
[M::mem_pestat] skip orientation RR as there are not enough pairs
[M::mem_process_seqs] Processed 201128 reads in 9.223 CPU sec, 9.511 real sec
[M::mem_pestat] # candidate unique pairs for (FF, FR, RF, RR): (3, 97429, 1, 2)
[M::mem_pestat] skip orientation FF as there are not enough pairs
[M::mem_pestat] analyzing insert size distribution for orientation FR...
[M::mem_pestat] (25, 50, 75) percentile: (107, 131, 171)
[M::mem_pestat] low and high boundaries for computing mean and std.dev: (1, 299)
[M::mem_pestat] mean and std.dev: (140.93, 47.70)
[M::mem_pestat] low and high boundaries for proper pairs: (1, 363)
[M::mem_pestat] skip orientation RF as there are not enough pairs
[M::mem_pestat] skip orientation RR as there are not enough pairs
[M::mem_process_seqs] Processed 201148 reads in 7.997 CPU sec, 11.974 real sec
[M::process] read 201152 sequences (20000128 bp)...
[M::process] read 201220 sequences (20000063 bp)...
[M::mem_pestat] # candidate unique pairs for (FF, FR, RF, RR): (3, 97378, 0, 2)
[M::mem_pestat] skip orientation FF as there are not enough pairs
[M::mem_pestat] analyzing insert size distribution for orientation FR...
[M::mem_pestat] (25, 50, 75) percentile: (107, 131, 170)
[M::mem_pestat] low and high boundaries for computing mean and std.dev: (1, 296)
[M::mem_pestat] mean and std.dev: (140.09, 46.80)
[M::mem_pestat] low and high boundaries for proper pairs: (1, 359)
[M::mem_pestat] skip orientation RF as there are not enough pairs
[M::mem_pestat] skip orientation RR as there are not enough pairs
[M::mem_process_seqs] Processed 201152 reads in 7.999 CPU sec, 8.002 real sec
[M::process] read 201226 sequences (20000127 bp)...
[M::mem_pestat] # candidate unique pairs for (FF, FR, RF, RR): (2, 97576, 11, 1)
[M::mem_pestat] skip orientation FF as there are not enough pairs
[M::mem_pestat] analyzing insert size distribution for orientation FR...
[M::mem_pestat] (25, 50, 75) percentile: (107, 131, 171)
[M::mem_pestat] low and high boundaries for computing mean and std.dev: (1, 299)
[M::mem_pestat] mean and std.dev: (140.64, 47.45)
[M::mem_pestat] low and high boundaries for proper pairs: (1, 363)
[M::mem_pestat] analyzing insert size distribution for orientation RF...
[M::mem_pestat] (25, 50, 75) percentile: (14, 21, 93)
[M::mem_pestat] low and high boundaries for computing mean and std.dev: (1, 251)
[M::mem_pestat] mean and std.dev: (42.73, 44.05)
[M::mem_pestat] low and high boundaries for proper pairs: (1, 330)
[M::mem_pestat] skip orientation RR as there are not enough pairs
[M::mem_pestat] skip orientation RF
[M::mem_process_seqs] Processed 201220 reads in 8.311 CPU sec, 8.490 real sec
[M::process] read 201200 sequences (20000123 bp)...
[M::mem_pestat] # candidate unique pairs for (FF, FR, RF, RR): (1, 97464, 6, 2)
[M::mem_pestat] skip orientation FF as there are not enough pairs
[M::mem_pestat] analyzing insert size distribution for orientation FR...
[M::mem_pestat] (25, 50, 75) percentile: (107, 131, 170)
[M::mem_pestat] low and high boundaries for computing mean and std.dev: (1, 296)
[M::mem_pestat] mean and std.dev: (140.23, 46.90)
[M::mem_pestat] low and high boundaries for proper pairs: (1, 359)
[M::mem_pestat] skip orientation RF as there are not enough pairs
[M::mem_pestat] skip orientation RR as there are not enough pairs
[M::mem_process_seqs] Processed 201226 reads in 8.197 CPU sec, 8.386 real sec
[M::process] read 201326 sequences (20000098 bp)...
[M::mem_pestat] # candidate unique pairs for (FF, FR, RF, RR): (2, 97492, 9, 1)
[M::mem_pestat] skip orientation FF as there are not enough pairs
[M::mem_pestat] analyzing insert size distribution for orientation FR...
[M::mem_pestat] (25, 50, 75) percentile: (107, 131, 170)
[M::mem_pestat] low and high boundaries for computing mean and std.dev: (1, 296)
[M::mem_pestat] mean and std.dev: (140.50, 46.77)
[M::mem_pestat] low and high boundaries for proper pairs: (1, 359)
[M::mem_pestat] skip orientation RF as there are not enough pairs
[M::mem_pestat] skip orientation RR as there are not enough pairs
[M::mem_process_seqs] Processed 201200 reads in 8.210 CPU sec, 8.416 real sec
[M::process] read 201258 sequences (20000021 bp)...
[M::mem_pestat] # candidate unique pairs for (FF, FR, RF, RR): (1, 97597, 4, 0)
[M::mem_pestat] skip orientation FF as there are not enough pairs
[M::mem_pestat] analyzing insert size distribution for orientation FR...
[M::mem_pestat] (25, 50, 75) percentile: (107, 131, 170)
[M::mem_pestat] low and high boundaries for computing mean and std.dev: (1, 296)
[M::mem_pestat] mean and std.dev: (140.31, 47.03)
[M::mem_pestat] low and high boundaries for proper pairs: (1, 359)
[M::mem_pestat] skip orientation RF as there are not enough pairs
[M::mem_pestat] skip orientation RR as there are not enough pairs
[M::mem_process_seqs] Processed 201326 reads in 8.175 CPU sec, 8.365 real sec
[M::process] read 201288 sequences (20000194 bp)...
[M::mem_pestat] # candidate unique pairs for (FF, FR, RF, RR): (1, 97557, 4, 2)
[M::mem_pestat] skip orientation FF as there are not enough pairs
[M::mem_pestat] analyzing insert size distribution for orientation FR...
[M::mem_pestat] (25, 50, 75) percentile: (107, 131, 170)
[M::mem_pestat] low and high boundaries for computing mean and std.dev: (1, 296)
[M::mem_pestat] mean and std.dev: (140.14, 46.68)
[M::mem_pestat] low and high boundaries for proper pairs: (1, 359)
[M::mem_pestat] skip orientation RF as there are not enough pairs
[M::mem_pestat] skip orientation RR as there are not enough pairs
[M::mem_process_seqs] Processed 201258 reads in 8.199 CPU sec, 8.379 real sec
[M::process] read 201384 sequences (20000066 bp)...
[M::mem_pestat] # candidate unique pairs for (FF, FR, RF, RR): (2, 97530, 3, 1)
[M::mem_pestat] skip orientation FF as there are not enough pairs
[M::mem_pestat] analyzing insert size distribution for orientation FR...
[M::mem_pestat] (25, 50, 75) percentile: (107, 131, 169)
[M::mem_pestat] low and high boundaries for computing mean and std.dev: (1, 293)
[M::mem_pestat] mean and std.dev: (139.81, 46.26)
[M::mem_pestat] low and high boundaries for proper pairs: (1, 355)
[M::mem_pestat] skip orientation RF as there are not enough pairs
[M::mem_pestat] skip orientation RR as there are not enough pairs
[M::mem_process_seqs] Processed 201288 reads in 8.559 CPU sec, 8.776 real sec
[M::process] read 201528 sequences (20000099 bp)...
[M::mem_pestat] # candidate unique pairs for (FF, FR, RF, RR): (3, 97581, 6, 1)
[M::mem_pestat] skip orientation FF as there are not enough pairs
[M::mem_pestat] analyzing insert size distribution for orientation FR...
[M::mem_pestat] (25, 50, 75) percentile: (107, 131, 170)
[M::mem_pestat] low and high boundaries for computing mean and std.dev: (1, 296)
[M::mem_pestat] mean and std.dev: (140.14, 46.74)
[M::mem_pestat] low and high boundaries for proper pairs: (1, 359)
[M::mem_pestat] skip orientation RF as there are not enough pairs
[M::mem_pestat] skip orientation RR as there are not enough pairs
[M::mem_process_seqs] Processed 201384 reads in 8.826 CPU sec, 9.047 real sec
[M::process] read 201534 sequences (20000062 bp)...
[M::mem_pestat] # candidate unique pairs for (FF, FR, RF, RR): (4, 97677, 3, 2)
[M::mem_pestat] skip orientation FF as there are not enough pairs
[M::mem_pestat] analyzing insert size distribution for orientation FR...
[M::mem_pestat] (25, 50, 75) percentile: (107, 131, 169)
[M::mem_pestat] low and high boundaries for computing mean and std.dev: (1, 293)
[M::mem_pestat] mean and std.dev: (139.77, 46.32)
[M::mem_pestat] low and high boundaries for proper pairs: (1, 355)
[M::mem_pestat] skip orientation RF as there are not enough pairs
[M::mem_pestat] skip orientation RR as there are not enough pairs
[M::mem_process_seqs] Processed 201528 reads in 8.828 CPU sec, 9.040 real sec
[M::process] read 201554 sequences (20000034 bp)...
[M::mem_pestat] # candidate unique pairs for (FF, FR, RF, RR): (1, 97686, 4, 2)
[M::mem_pestat] skip orientation FF as there are not enough pairs
[M::mem_pestat] analyzing insert size distribution for orientation FR...
[M::mem_pestat] (25, 50, 75) percentile: (107, 131, 169)
[M::mem_pestat] low and high boundaries for computing mean and std.dev: (1, 293)
[M::mem_pestat] mean and std.dev: (139.66, 46.27)
[M::mem_pestat] low and high boundaries for proper pairs: (1, 355)
[M::mem_pestat] skip orientation RF as there are not enough pairs
[M::mem_pestat] skip orientation RR as there are not enough pairs
[M::mem_process_seqs] Processed 201534 reads in 9.169 CPU sec, 9.371 real sec
[M::process] read 201644 sequences (20000161 bp)...
[M::mem_pestat] # candidate unique pairs for (FF, FR, RF, RR): (1, 97620, 3, 0)
[M::mem_pestat] skip orientation FF as there are not enough pairs
[M::mem_pestat] analyzing insert size distribution for orientation FR...
[M::mem_pestat] (25, 50, 75) percentile: (107, 131, 169)
[M::mem_pestat] low and high boundaries for computing mean and std.dev: (1, 293)
[M::mem_pestat] mean and std.dev: (139.79, 46.08)
[M::mem_pestat] low and high boundaries for proper pairs: (1, 355)
[M::mem_pestat] skip orientation RF as there are not enough pairs
[M::mem_pestat] skip orientation RR as there are not enough pairs
[M::mem_process_seqs] Processed 201554 reads in 9.114 CPU sec, 9.335 real sec
[M::process] read 202986 sequences (20000057 bp)...
[M::mem_pestat] # candidate unique pairs for (FF, FR, RF, RR): (0, 97626, 4, 0)
[M::mem_pestat] skip orientation FF as there are not enough pairs
[M::mem_pestat] analyzing insert size distribution for orientation FR...
[M::mem_pestat] (25, 50, 75) percentile: (107, 131, 169)
[M::mem_pestat] low and high boundaries for computing mean and std.dev: (1, 293)
[M::mem_pestat] mean and std.dev: (139.52, 46.34)
[M::mem_pestat] low and high boundaries for proper pairs: (1, 355)
[M::mem_pestat] skip orientation RF as there are not enough pairs
[M::mem_pestat] skip orientation RR as there are not enough pairs
[M::mem_process_seqs] Processed 201644 reads in 9.326 CPU sec, 9.597 real sec
[M::process] read 201700 sequences (20000023 bp)...
[M::mem_pestat] # candidate unique pairs for (FF, FR, RF, RR): (2, 98274, 5, 1)
[M::mem_pestat] skip orientation FF as there are not enough pairs
[M::mem_pestat] analyzing insert size distribution for orientation FR...
[M::mem_pestat] (25, 50, 75) percentile: (107, 130, 169)
[M::mem_pestat] low and high boundaries for computing mean and std.dev: (1, 293)
[M::mem_pestat] mean and std.dev: (139.53, 46.03)
[M::mem_pestat] low and high boundaries for proper pairs: (1, 355)
[M::mem_pestat] skip orientation RF as there are not enough pairs
[M::mem_pestat] skip orientation RR as there are not enough pairs
[M::mem_process_seqs] Processed 202986 reads in 8.498 CPU sec, 8.737 real sec
[M::mem_pestat] # candidate unique pairs for (FF, FR, RF, RR): (2, 97741, 4, 0)
[M::mem_pestat] skip orientation FF as there are not enough pairs
[M::mem_pestat] analyzing insert size distribution for orientation FR...
[M::mem_pestat] (25, 50, 75) percentile: (107, 130, 169)
[M::mem_pestat] low and high boundaries for computing mean and std.dev: (1, 293)
[M::mem_pestat] mean and std.dev: (139.41, 46.17)
[M::mem_pestat] low and high boundaries for proper pairs: (1, 355)
[M::mem_pestat] skip orientation RF as there are not enough pairs
[M::mem_pestat] skip orientation RR as there are not enough pairs
[M::mem_process_seqs] Processed 201700 reads in 7.786 CPU sec, 11.652 real sec
[M::process] read 202346 sequences (20000135 bp)...
[M::process] read 201674 sequences (20000100 bp)...
[M::mem_pestat] # candidate unique pairs for (FF, FR, RF, RR): (1, 98102, 3, 1)
[M::mem_pestat] skip orientation FF as there are not enough pairs
[M::mem_pestat] analyzing insert size distribution for orientation FR...
[M::mem_pestat] (25, 50, 75) percentile: (107, 131, 168)
[M::mem_pestat] low and high boundaries for computing mean and std.dev: (1, 290)
[M::mem_pestat] mean and std.dev: (139.49, 45.73)
[M::mem_pestat] low and high boundaries for proper pairs: (1, 351)
[M::mem_pestat] skip orientation RF as there are not enough pairs
[M::mem_pestat] skip orientation RR as there are not enough pairs
[M::mem_process_seqs] Processed 202346 reads in 8.047 CPU sec, 8.051 real sec
[M::process] read 200964 sequences (20000092 bp)...
[M::mem_pestat] # candidate unique pairs for (FF, FR, RF, RR): (1, 97819, 7, 4)
[M::mem_pestat] skip orientation FF as there are not enough pairs
[M::mem_pestat] analyzing insert size distribution for orientation FR...
[M::mem_pestat] (25, 50, 75) percentile: (107, 131, 170)
[M::mem_pestat] low and high boundaries for computing mean and std.dev: (1, 296)
[M::mem_pestat] mean and std.dev: (140.51, 46.78)
[M::mem_pestat] low and high boundaries for proper pairs: (1, 359)
[M::mem_pestat] skip orientation RF as there are not enough pairs
[M::mem_pestat] skip orientation RR as there are not enough pairs
[M::mem_process_seqs] Processed 201674 reads in 8.289 CPU sec, 8.485 real sec
[M::process] read 200946 sequences (20000001 bp)...
[M::mem_pestat] # candidate unique pairs for (FF, FR, RF, RR): (3, 97427, 3, 0)
[M::mem_pestat] skip orientation FF as there are not enough pairs
[M::mem_pestat] analyzing insert size distribution for orientation FR...
[M::mem_pestat] (25, 50, 75) percentile: (108, 132, 172)
[M::mem_pestat] low and high boundaries for computing mean and std.dev: (1, 300)
[M::mem_pestat] mean and std.dev: (141.46, 47.88)
[M::mem_pestat] low and high boundaries for proper pairs: (1, 364)
[M::mem_pestat] skip orientation RF as there are not enough pairs
[M::mem_pestat] skip orientation RR as there are not enough pairs
[M::mem_process_seqs] Processed 200964 reads in 8.250 CPU sec, 8.449 real sec
[M::process] read 201162 sequences (20000156 bp)...
[M::mem_pestat] # candidate unique pairs for (FF, FR, RF, RR): (1, 97497, 6, 1)
[M::mem_pestat] skip orientation FF as there are not enough pairs
[M::mem_pestat] analyzing insert size distribution for orientation FR...
[M::mem_pestat] (25, 50, 75) percentile: (108, 132, 173)
[M::mem_pestat] low and high boundaries for computing mean and std.dev: (1, 303)
[M::mem_pestat] mean and std.dev: (142.07, 48.35)
[M::mem_pestat] low and high boundaries for proper pairs: (1, 368)
[M::mem_pestat] skip orientation RF as there are not enough pairs
[M::mem_pestat] skip orientation RR as there are not enough pairs
[M::mem_process_seqs] Processed 200946 reads in 8.188 CPU sec, 8.386 real sec
[M::process] read 200984 sequences (20000081 bp)...
[M::mem_pestat] # candidate unique pairs for (FF, FR, RF, RR): (2, 97605, 3, 1)
[M::mem_pestat] skip orientation FF as there are not enough pairs
[M::mem_pestat] analyzing insert size distribution for orientation FR...
[M::mem_pestat] (25, 50, 75) percentile: (108, 132, 173)
[M::mem_pestat] low and high boundaries for computing mean and std.dev: (1, 303)
[M::mem_pestat] mean and std.dev: (141.85, 48.13)
[M::mem_pestat] low and high boundaries for proper pairs: (1, 368)
[M::mem_pestat] skip orientation RF as there are not enough pairs
[M::mem_pestat] skip orientation RR as there are not enough pairs
[M::mem_process_seqs] Processed 201162 reads in 8.221 CPU sec, 8.408 real sec
[M::process] read 201128 sequences (20000061 bp)...
[M::mem_pestat] # candidate unique pairs for (FF, FR, RF, RR): (2, 97446, 3, 0)
[M::mem_pestat] skip orientation FF as there are not enough pairs
[M::mem_pestat] analyzing insert size distribution for orientation FR...
[M::mem_pestat] (25, 50, 75) percentile: (108, 132, 172)
[M::mem_pestat] low and high boundaries for computing mean and std.dev: (1, 300)
[M::mem_pestat] mean and std.dev: (141.54, 47.72)
[M::mem_pestat] low and high boundaries for proper pairs: (1, 364)
[M::mem_pestat] skip orientation RF as there are not enough pairs
[M::mem_pestat] skip orientation RR as there are not enough pairs
[M::mem_process_seqs] Processed 200984 reads in 8.194 CPU sec, 8.380 real sec
[M::process] read 200962 sequences (20000183 bp)...
[M::mem_pestat] # candidate unique pairs for (FF, FR, RF, RR): (0, 97526, 5, 0)
[M::mem_pestat] skip orientation FF as there are not enough pairs
[M::mem_pestat] analyzing insert size distribution for orientation FR...
[M::mem_pestat] (25, 50, 75) percentile: (108, 132, 172)
[M::mem_pestat] low and high boundaries for computing mean and std.dev: (1, 300)
[M::mem_pestat] mean and std.dev: (141.55, 47.63)
[M::mem_pestat] low and high boundaries for proper pairs: (1, 364)
[M::mem_pestat] skip orientation RF as there are not enough pairs
[M::mem_pestat] skip orientation RR as there are not enough pairs
[M::mem_process_seqs] Processed 201128 reads in 8.184 CPU sec, 8.379 real sec
[M::process] read 200966 sequences (20000129 bp)...
[M::mem_pestat] # candidate unique pairs for (FF, FR, RF, RR): (2, 97370, 2, 4)
[M::mem_pestat] skip orientation FF as there are not enough pairs
[M::mem_pestat] analyzing insert size distribution for orientation FR...
[M::mem_pestat] (25, 50, 75) percentile: (108, 132, 172)
[M::mem_pestat] low and high boundaries for computing mean and std.dev: (1, 300)
[M::mem_pestat] mean and std.dev: (141.61, 47.62)
[M::mem_pestat] low and high boundaries for proper pairs: (1, 364)
[M::mem_pestat] skip orientation RF as there are not enough pairs
[M::mem_pestat] skip orientation RR as there are not enough pairs
[M::mem_process_seqs] Processed 200962 reads in 8.195 CPU sec, 8.394 real sec
[M::process] read 200996 sequences (20000067 bp)...
[M::mem_pestat] # candidate unique pairs for (FF, FR, RF, RR): (3, 97464, 3, 1)
[M::mem_pestat] skip orientation FF as there are not enough pairs
[M::mem_pestat] analyzing insert size distribution for orientation FR...
[M::mem_pestat] (25, 50, 75) percentile: (107, 131, 171)
[M::mem_pestat] low and high boundaries for computing mean and std.dev: (1, 299)
[M::mem_pestat] mean and std.dev: (141.02, 47.54)
[M::mem_pestat] low and high boundaries for proper pairs: (1, 363)
[M::mem_pestat] skip orientation RF as there are not enough pairs
[M::mem_pestat] skip orientation RR as there are not enough pairs
[M::mem_process_seqs] Processed 200966 reads in 8.174 CPU sec, 8.379 real sec
[M::process] read 201122 sequences (20000150 bp)...
[M::mem_pestat] # candidate unique pairs for (FF, FR, RF, RR): (2, 97424, 3, 1)
[M::mem_pestat] skip orientation FF as there are not enough pairs
[M::mem_pestat] analyzing insert size distribution for orientation FR...
[M::mem_pestat] (25, 50, 75) percentile: (107, 132, 172)
[M::mem_pestat] low and high boundaries for computing mean and std.dev: (1, 302)
[M::mem_pestat] mean and std.dev: (141.36, 47.88)
[M::mem_pestat] low and high boundaries for proper pairs: (1, 367)
[M::mem_pestat] skip orientation RF as there are not enough pairs
[M::mem_pestat] skip orientation RR as there are not enough pairs
[M::mem_process_seqs] Processed 200996 reads in 8.216 CPU sec, 8.401 real sec
[M::process] read 201078 sequences (20000104 bp)...
[M::mem_pestat] # candidate unique pairs for (FF, FR, RF, RR): (5, 97448, 3, 2)
[M::mem_pestat] skip orientation FF as there are not enough pairs
[M::mem_pestat] analyzing insert size distribution for orientation FR...
[M::mem_pestat] (25, 50, 75) percentile: (108, 132, 172)
[M::mem_pestat] low and high boundaries for computing mean and std.dev: (1, 300)
[M::mem_pestat] mean and std.dev: (141.35, 47.61)
[M::mem_pestat] low and high boundaries for proper pairs: (1, 364)
[M::mem_pestat] skip orientation RF as there are not enough pairs
[M::mem_pestat] skip orientation RR as there are not enough pairs
[M::mem_process_seqs] Processed 201122 reads in 8.197 CPU sec, 8.388 real sec
[M::process] read 201050 sequences (20000002 bp)...
[M::mem_pestat] # candidate unique pairs for (FF, FR, RF, RR): (2, 97531, 7, 0)
[M::mem_pestat] skip orientation FF as there are not enough pairs
[M::mem_pestat] analyzing insert size distribution for orientation FR...
[M::mem_pestat] (25, 50, 75) percentile: (108, 131, 172)
[M::mem_pestat] low and high boundaries for computing mean and std.dev: (1, 300)
[M::mem_pestat] mean and std.dev: (141.07, 47.72)
[M::mem_pestat] low and high boundaries for proper pairs: (1, 364)
[M::mem_pestat] skip orientation RF as there are not enough pairs
[M::mem_pestat] skip orientation RR as there are not enough pairs
[M::mem_process_seqs] Processed 201078 reads in 8.182 CPU sec, 8.381 real sec
[M::process] read 201238 sequences (20000031 bp)...
[M::mem_pestat] # candidate unique pairs for (FF, FR, RF, RR): (1, 97421, 9, 2)
[M::mem_pestat] skip orientation FF as there are not enough pairs
[M::mem_pestat] analyzing insert size distribution for orientation FR...
[M::mem_pestat] (25, 50, 75) percentile: (107, 131, 171)
[M::mem_pestat] low and high boundaries for computing mean and std.dev: (1, 299)
[M::mem_pestat] mean and std.dev: (140.88, 47.41)
[M::mem_pestat] low and high boundaries for proper pairs: (1, 363)
[M::mem_pestat] skip orientation RF as there are not enough pairs
[M::mem_pestat] skip orientation RR as there are not enough pairs
[M::mem_process_seqs] Processed 201050 reads in 8.195 CPU sec, 8.399 real sec
[M::mem_pestat] # candidate unique pairs for (FF, FR, RF, RR): (2, 97510, 4, 2)
[M::mem_pestat] skip orientation FF as there are not enough pairs
[M::mem_pestat] analyzing insert size distribution for orientation FR...
[M::mem_pestat] (25, 50, 75) percentile: (107, 131, 171)
[M::mem_pestat] low and high boundaries for computing mean and std.dev: (1, 299)
[M::mem_pestat] mean and std.dev: (140.73, 47.29)
[M::mem_pestat] low and high boundaries for proper pairs: (1, 363)
[M::mem_pestat] skip orientation RF as there are not enough pairs
[M::mem_pestat] skip orientation RR as there are not enough pairs
[M::mem_process_seqs] Processed 201238 reads in 7.791 CPU sec, 11.671 real sec
[M::process] read 201076 sequences (20000028 bp)...
[M::process] read 201122 sequences (20000039 bp)...
[M::mem_pestat] # candidate unique pairs for (FF, FR, RF, RR): (4, 97488, 5, 1)
[M::mem_pestat] skip orientation FF as there are not enough pairs
[M::mem_pestat] analyzing insert size distribution for orientation FR...
[M::mem_pestat] (25, 50, 75) percentile: (107, 131, 171)
[M::mem_pestat] low and high boundaries for computing mean and std.dev: (1, 299)
[M::mem_pestat] mean and std.dev: (140.77, 47.37)
[M::mem_pestat] low and high boundaries for proper pairs: (1, 363)
[M::mem_pestat] skip orientation RF as there are not enough pairs
[M::mem_pestat] skip orientation RR as there are not enough pairs
[M::mem_process_seqs] Processed 201076 reads in 8.007 CPU sec, 8.017 real sec
[M::process] read 201106 sequences (20000169 bp)...
[M::mem_pestat] # candidate unique pairs for (FF, FR, RF, RR): (0, 97438, 3, 1)
[M::mem_pestat] skip orientation FF as there are not enough pairs
[M::mem_pestat] analyzing insert size distribution for orientation FR...
[M::mem_pestat] (25, 50, 75) percentile: (107, 131, 171)
[M::mem_pestat] low and high boundaries for computing mean and std.dev: (1, 299)
[M::mem_pestat] mean and std.dev: (140.70, 47.30)
[M::mem_pestat] low and high boundaries for proper pairs: (1, 363)
[M::mem_pestat] skip orientation RF as there are not enough pairs
[M::mem_pestat] skip orientation RR as there are not enough pairs
[M::mem_process_seqs] Processed 201122 reads in 8.210 CPU sec, 8.388 real sec
[M::process] read 201136 sequences (20000122 bp)...
[M::mem_pestat] # candidate unique pairs for (FF, FR, RF, RR): (0, 97512, 6, 2)
[M::mem_pestat] skip orientation FF as there are not enough pairs
[M::mem_pestat] analyzing insert size distribution for orientation FR...
[M::mem_pestat] (25, 50, 75) percentile: (107, 131, 171)
[M::mem_pestat] low and high boundaries for computing mean and std.dev: (1, 299)
[M::mem_pestat] mean and std.dev: (140.85, 47.33)
[M::mem_pestat] low and high boundaries for proper pairs: (1, 363)
[M::mem_pestat] skip orientation RF as there are not enough pairs
[M::mem_pestat] skip orientation RR as there are not enough pairs
[M::mem_process_seqs] Processed 201106 reads in 8.189 CPU sec, 8.365 real sec
[M::process] read 201176 sequences (20000127 bp)...
[M::mem_pestat] # candidate unique pairs for (FF, FR, RF, RR): (2, 97531, 4, 1)
[M::mem_pestat] skip orientation FF as there are not enough pairs
[M::mem_pestat] analyzing insert size distribution for orientation FR...
[M::mem_pestat] (25, 50, 75) percentile: (107, 131, 170)
[M::mem_pestat] low and high boundaries for computing mean and std.dev: (1, 296)
[M::mem_pestat] mean and std.dev: (140.38, 46.89)
[M::mem_pestat] low and high boundaries for proper pairs: (1, 359)
[M::mem_pestat] skip orientation RF as there are not enough pairs
[M::mem_pestat] skip orientation RR as there are not enough pairs
[M::mem_process_seqs] Processed 201136 reads in 8.432 CPU sec, 8.650 real sec
[M::process] read 201170 sequences (20000169 bp)...
[M::mem_pestat] # candidate unique pairs for (FF, FR, RF, RR): (2, 97455, 3, 3)
[M::mem_pestat] skip orientation FF as there are not enough pairs
[M::mem_pestat] analyzing insert size distribution for orientation FR...
[M::mem_pestat] (25, 50, 75) percentile: (107, 131, 171)
[M::mem_pestat] low and high boundaries for computing mean and std.dev: (1, 299)
[M::mem_pestat] mean and std.dev: (140.68, 47.32)
[M::mem_pestat] low and high boundaries for proper pairs: (1, 363)
[M::mem_pestat] skip orientation RF as there are not enough pairs
[M::mem_pestat] skip orientation RR as there are not enough pairs
[M::mem_process_seqs] Processed 201176 reads in 8.746 CPU sec, 8.945 real sec
[M::process] read 201172 sequences (20000103 bp)...
[M::mem_pestat] # candidate unique pairs for (FF, FR, RF, RR): (3, 97551, 3, 2)
[M::mem_pestat] skip orientation FF as there are not enough pairs
[M::mem_pestat] analyzing insert size distribution for orientation FR...
[M::mem_pestat] (25, 50, 75) percentile: (107, 131, 171)
[M::mem_pestat] low and high boundaries for computing mean and std.dev: (1, 299)
[M::mem_pestat] mean and std.dev: (140.79, 47.44)
[M::mem_pestat] low and high boundaries for proper pairs: (1, 363)
[M::mem_pestat] skip orientation RF as there are not enough pairs
[M::mem_pestat] skip orientation RR as there are not enough pairs
[M::mem_process_seqs] Processed 201170 reads in 8.811 CPU sec, 9.004 real sec
[M::process] read 201262 sequences (20000061 bp)...
[M::mem_pestat] # candidate unique pairs for (FF, FR, RF, RR): (2, 97594, 5, 2)
[M::mem_pestat] skip orientation FF as there are not enough pairs
[M::mem_pestat] analyzing insert size distribution for orientation FR...
[M::mem_pestat] (25, 50, 75) percentile: (107, 131, 171)
[M::mem_pestat] low and high boundaries for computing mean and std.dev: (1, 299)
[M::mem_pestat] mean and std.dev: (140.82, 47.34)
[M::mem_pestat] low and high boundaries for proper pairs: (1, 363)
[M::mem_pestat] skip orientation RF as there are not enough pairs
[M::mem_pestat] skip orientation RR as there are not enough pairs
[M::mem_process_seqs] Processed 201172 reads in 9.137 CPU sec, 9.330 real sec
[M::process] read 201266 sequences (20000010 bp)...
[M::mem_pestat] # candidate unique pairs for (FF, FR, RF, RR): (3, 97524, 4, 1)
[M::mem_pestat] skip orientation FF as there are not enough pairs
[M::mem_pestat] analyzing insert size distribution for orientation FR...
[M::mem_pestat] (25, 50, 75) percentile: (107, 131, 170)
[M::mem_pestat] low and high boundaries for computing mean and std.dev: (1, 296)
[M::mem_pestat] mean and std.dev: (140.42, 46.86)
[M::mem_pestat] low and high boundaries for proper pairs: (1, 359)
[M::mem_pestat] skip orientation RF as there are not enough pairs
[M::mem_pestat] skip orientation RR as there are not enough pairs
[M::mem_process_seqs] Processed 201262 reads in 9.231 CPU sec, 9.492 real sec
[M::process] read 201364 sequences (20000015 bp)...
[M::mem_pestat] # candidate unique pairs for (FF, FR, RF, RR): (3, 97493, 3, 3)
[M::mem_pestat] skip orientation FF as there are not enough pairs
[M::mem_pestat] analyzing insert size distribution for orientation FR...
[M::mem_pestat] (25, 50, 75) percentile: (107, 131, 170)
[M::mem_pestat] low and high boundaries for computing mean and std.dev: (1, 296)
[M::mem_pestat] mean and std.dev: (140.33, 46.71)
[M::mem_pestat] low and high boundaries for proper pairs: (1, 359)
[M::mem_pestat] skip orientation RF as there are not enough pairs
[M::mem_pestat] skip orientation RR as there are not enough pairs
[M::mem_process_seqs] Processed 201266 reads in 9.015 CPU sec, 9.230 real sec
[M::process] read 201466 sequences (20000125 bp)...
[M::mem_pestat] # candidate unique pairs for (FF, FR, RF, RR): (3, 97517, 6, 3)
[M::mem_pestat] skip orientation FF as there are not enough pairs
[M::mem_pestat] analyzing insert size distribution for orientation FR...
[M::mem_pestat] (25, 50, 75) percentile: (107, 131, 170)
[M::mem_pestat] low and high boundaries for computing mean and std.dev: (1, 296)
[M::mem_pestat] mean and std.dev: (140.45, 46.88)
[M::mem_pestat] low and high boundaries for proper pairs: (1, 359)
[M::mem_pestat] skip orientation RF as there are not enough pairs
[M::mem_pestat] skip orientation RR as there are not enough pairs
[M::mem_process_seqs] Processed 201364 reads in 8.282 CPU sec, 8.469 real sec
[M::process] read 201486 sequences (20000053 bp)...
[M::mem_pestat] # candidate unique pairs for (FF, FR, RF, RR): (3, 97680, 3, 3)
[M::mem_pestat] skip orientation FF as there are not enough pairs
[M::mem_pestat] analyzing insert size distribution for orientation FR...
[M::mem_pestat] (25, 50, 75) percentile: (107, 131, 169)
[M::mem_pestat] low and high boundaries for computing mean and std.dev: (1, 293)
[M::mem_pestat] mean and std.dev: (139.72, 46.14)
[M::mem_pestat] low and high boundaries for proper pairs: (1, 355)
[M::mem_pestat] skip orientation RF as there are not enough pairs
[M::mem_pestat] skip orientation RR as there are not enough pairs
[M::mem_process_seqs] Processed 201466 reads in 8.263 CPU sec, 8.456 real sec
[M::process] read 201390 sequences (20000155 bp)...
[M::mem_pestat] # candidate unique pairs for (FF, FR, RF, RR): (0, 97717, 4, 2)
[M::mem_pestat] skip orientation FF as there are not enough pairs
[M::mem_pestat] analyzing insert size distribution for orientation FR...
[M::mem_pestat] (25, 50, 75) percentile: (107, 131, 170)
[M::mem_pestat] low and high boundaries for computing mean and std.dev: (1, 296)
[M::mem_pestat] mean and std.dev: (140.20, 46.77)
[M::mem_pestat] low and high boundaries for proper pairs: (1, 359)
[M::mem_pestat] skip orientation RF as there are not enough pairs
[M::mem_pestat] skip orientation RR as there are not enough pairs
[M::mem_process_seqs] Processed 201486 reads in 8.321 CPU sec, 8.507 real sec
[M::process] read 201428 sequences (20000173 bp)...
[M::mem_pestat] # candidate unique pairs for (FF, FR, RF, RR): (1, 97597, 2, 2)
[M::mem_pestat] skip orientation FF as there are not enough pairs
[M::mem_pestat] analyzing insert size distribution for orientation FR...
[M::mem_pestat] (25, 50, 75) percentile: (107, 130, 170)
[M::mem_pestat] low and high boundaries for computing mean and std.dev: (1, 296)
[M::mem_pestat] mean and std.dev: (140.03, 46.85)
[M::mem_pestat] low and high boundaries for proper pairs: (1, 359)
[M::mem_pestat] skip orientation RF as there are not enough pairs
[M::mem_pestat] skip orientation RR as there are not enough pairs
[M::mem_process_seqs] Processed 201390 reads in 8.219 CPU sec, 8.404 real sec
[M::mem_pestat] # candidate unique pairs for (FF, FR, RF, RR): (0, 97569, 5, 2)
[M::mem_pestat] skip orientation FF as there are not enough pairs
[M::mem_pestat] analyzing insert size distribution for orientation FR...
[M::mem_pestat] (25, 50, 75) percentile: (107, 130, 169)
[M::mem_pestat] low and high boundaries for computing mean and std.dev: (1, 293)
[M::mem_pestat] mean and std.dev: (139.44, 46.12)
[M::mem_pestat] low and high boundaries for proper pairs: (1, 355)
[M::mem_pestat] skip orientation RF as there are not enough pairs
[M::mem_pestat] skip orientation RR as there are not enough pairs
[M::mem_process_seqs] Processed 201428 reads in 7.762 CPU sec, 11.647 real sec
[M::process] read 201628 sequences (20000191 bp)...
[M::process] read 203742 sequences (20000172 bp)...
[M::mem_pestat] # candidate unique pairs for (FF, FR, RF, RR): (1, 97615, 1, 3)
[M::mem_pestat] skip orientation FF as there are not enough pairs
[M::mem_pestat] analyzing insert size distribution for orientation FR...
[M::mem_pestat] (25, 50, 75) percentile: (107, 131, 169)
[M::mem_pestat] low and high boundaries for computing mean and std.dev: (1, 293)
[M::mem_pestat] mean and std.dev: (139.72, 46.32)
[M::mem_pestat] low and high boundaries for proper pairs: (1, 355)
[M::mem_pestat] skip orientation RF as there are not enough pairs
[M::mem_pestat] skip orientation RR as there are not enough pairs
[M::mem_process_seqs] Processed 201628 reads in 8.117 CPU sec, 8.119 real sec
[M::process] read 201880 sequences (20000037 bp)...
[M::mem_pestat] # candidate unique pairs for (FF, FR, RF, RR): (1, 98651, 7, 2)
[M::mem_pestat] skip orientation FF as there are not enough pairs
[M::mem_pestat] analyzing insert size distribution for orientation FR...
[M::mem_pestat] (25, 50, 75) percentile: (107, 130, 169)
[M::mem_pestat] low and high boundaries for computing mean and std.dev: (1, 293)
[M::mem_pestat] mean and std.dev: (139.62, 46.14)
[M::mem_pestat] low and high boundaries for proper pairs: (1, 355)
[M::mem_pestat] skip orientation RF as there are not enough pairs
[M::mem_pestat] skip orientation RR as there are not enough pairs
[M::mem_process_seqs] Processed 203742 reads in 8.384 CPU sec, 8.566 real sec
[M::process] read 202078 sequences (20000115 bp)...
[M::mem_pestat] # candidate unique pairs for (FF, FR, RF, RR): (3, 97790, 6, 2)
[M::mem_pestat] skip orientation FF as there are not enough pairs
[M::mem_pestat] analyzing insert size distribution for orientation FR...
[M::mem_pestat] (25, 50, 75) percentile: (107, 131, 170)
[M::mem_pestat] low and high boundaries for computing mean and std.dev: (1, 296)
[M::mem_pestat] mean and std.dev: (140.17, 46.75)
[M::mem_pestat] low and high boundaries for proper pairs: (1, 359)
[M::mem_pestat] skip orientation RF as there are not enough pairs
[M::mem_pestat] skip orientation RR as there are not enough pairs
[M::mem_process_seqs] Processed 201880 reads in 8.318 CPU sec, 8.504 real sec
[M::process] read 201682 sequences (20000063 bp)...
[M::mem_pestat] # candidate unique pairs for (FF, FR, RF, RR): (2, 97917, 2, 3)
[M::mem_pestat] skip orientation FF as there are not enough pairs
[M::mem_pestat] analyzing insert size distribution for orientation FR...
[M::mem_pestat] (25, 50, 75) percentile: (107, 130, 168)
[M::mem_pestat] low and high boundaries for computing mean and std.dev: (1, 290)
[M::mem_pestat] mean and std.dev: (138.94, 45.63)
[M::mem_pestat] low and high boundaries for proper pairs: (1, 351)
[M::mem_pestat] skip orientation RF as there are not enough pairs
[M::mem_pestat] skip orientation RR as there are not enough pairs
[M::mem_process_seqs] Processed 202078 reads in 8.358 CPU sec, 8.537 real sec
[M::process] read 200880 sequences (20000017 bp)...
[M::mem_pestat] # candidate unique pairs for (FF, FR, RF, RR): (2, 97852, 4, 2)
[M::mem_pestat] skip orientation FF as there are not enough pairs
[M::mem_pestat] analyzing insert size distribution for orientation FR...
[M::mem_pestat] (25, 50, 75) percentile: (107, 131, 170)
[M::mem_pestat] low and high boundaries for computing mean and std.dev: (1, 296)
[M::mem_pestat] mean and std.dev: (140.45, 46.61)
[M::mem_pestat] low and high boundaries for proper pairs: (1, 359)
[M::mem_pestat] skip orientation RF as there are not enough pairs
[M::mem_pestat] skip orientation RR as there are not enough pairs
[M::mem_process_seqs] Processed 201682 reads in 8.180 CPU sec, 8.361 real sec
[M::process] read 200894 sequences (20000020 bp)...
[M::mem_pestat] # candidate unique pairs for (FF, FR, RF, RR): (2, 97299, 4, 2)
[M::mem_pestat] skip orientation FF as there are not enough pairs
[M::mem_pestat] analyzing insert size distribution for orientation FR...
[M::mem_pestat] (25, 50, 75) percentile: (108, 132, 173)
[M::mem_pestat] low and high boundaries for computing mean and std.dev: (1, 303)
[M::mem_pestat] mean and std.dev: (141.83, 48.25)
[M::mem_pestat] low and high boundaries for proper pairs: (1, 368)
[M::mem_pestat] skip orientation RF as there are not enough pairs
[M::mem_pestat] skip orientation RR as there are not enough pairs
[M::mem_process_seqs] Processed 200880 reads in 8.190 CPU sec, 8.379 real sec
[M::process] read 201278 sequences (20000188 bp)...
[M::mem_pestat] # candidate unique pairs for (FF, FR, RF, RR): (1, 97388, 4, 0)
[M::mem_pestat] skip orientation FF as there are not enough pairs
[M::mem_pestat] analyzing insert size distribution for orientation FR...
[M::mem_pestat] (25, 50, 75) percentile: (108, 132, 173)
[M::mem_pestat] low and high boundaries for computing mean and std.dev: (1, 303)
[M::mem_pestat] mean and std.dev: (141.91, 48.22)
[M::mem_pestat] low and high boundaries for proper pairs: (1, 368)
[M::mem_pestat] skip orientation RF as there are not enough pairs
[M::mem_pestat] skip orientation RR as there are not enough pairs
[M::mem_process_seqs] Processed 200894 reads in 8.155 CPU sec, 8.335 real sec
[M::process] read 200922 sequences (20000084 bp)...
[M::mem_pestat] # candidate unique pairs for (FF, FR, RF, RR): (2, 97624, 3, 1)
[M::mem_pestat] skip orientation FF as there are not enough pairs
[M::mem_pestat] analyzing insert size distribution for orientation FR...
[M::mem_pestat] (25, 50, 75) percentile: (108, 132, 173)
[M::mem_pestat] low and high boundaries for computing mean and std.dev: (1, 303)
[M::mem_pestat] mean and std.dev: (142.05, 48.16)
[M::mem_pestat] low and high boundaries for proper pairs: (1, 368)
[M::mem_pestat] skip orientation RF as there are not enough pairs
[M::mem_pestat] skip orientation RR as there are not enough pairs
[M::mem_process_seqs] Processed 201278 reads in 8.262 CPU sec, 8.442 real sec
[M::process] read 200974 sequences (20000179 bp)...
[M::mem_pestat] # candidate unique pairs for (FF, FR, RF, RR): (0, 97446, 4, 1)
[M::mem_pestat] skip orientation FF as there are not enough pairs
[M::mem_pestat] analyzing insert size distribution for orientation FR...
[M::mem_pestat] (25, 50, 75) percentile: (108, 132, 172)
[M::mem_pestat] low and high boundaries for computing mean and std.dev: (1, 300)
[M::mem_pestat] mean and std.dev: (141.35, 47.43)
[M::mem_pestat] low and high boundaries for proper pairs: (1, 364)
[M::mem_pestat] skip orientation RF as there are not enough pairs
[M::mem_pestat] skip orientation RR as there are not enough pairs
[M::mem_process_seqs] Processed 200922 reads in 8.144 CPU sec, 8.323 real sec
[M::process] read 200948 sequences (20000135 bp)...
[M::mem_pestat] # candidate unique pairs for (FF, FR, RF, RR): (2, 97464, 4, 3)
[M::mem_pestat] skip orientation FF as there are not enough pairs
[M::mem_pestat] analyzing insert size distribution for orientation FR...
[M::mem_pestat] (25, 50, 75) percentile: (108, 132, 173)
[M::mem_pestat] low and high boundaries for computing mean and std.dev: (1, 303)
[M::mem_pestat] mean and std.dev: (141.97, 48.20)
[M::mem_pestat] low and high boundaries for proper pairs: (1, 368)
[M::mem_pestat] skip orientation RF as there are not enough pairs
[M::mem_pestat] skip orientation RR as there are not enough pairs
[M::mem_process_seqs] Processed 200974 reads in 8.170 CPU sec, 8.364 real sec
[M::process] read 200948 sequences (20000021 bp)...
[M::mem_pestat] # candidate unique pairs for (FF, FR, RF, RR): (0, 97496, 6, 1)
[M::mem_pestat] skip orientation FF as there are not enough pairs
[M::mem_pestat] analyzing insert size distribution for orientation FR...
[M::mem_pestat] (25, 50, 75) percentile: (107, 132, 172)
[M::mem_pestat] low and high boundaries for computing mean and std.dev: (1, 302)
[M::mem_pestat] mean and std.dev: (141.59, 48.14)
[M::mem_pestat] low and high boundaries for proper pairs: (1, 367)
[M::mem_pestat] skip orientation RF as there are not enough pairs
[M::mem_pestat] skip orientation RR as there are not enough pairs
[M::mem_process_seqs] Processed 200948 reads in 8.245 CPU sec, 8.430 real sec
[M::process] read 201034 sequences (20000026 bp)...
[M::mem_pestat] # candidate unique pairs for (FF, FR, RF, RR): (1, 97434, 4, 3)
[M::mem_pestat] skip orientation FF as there are not enough pairs
[M::mem_pestat] analyzing insert size distribution for orientation FR...
[M::mem_pestat] (25, 50, 75) percentile: (108, 132, 172)
[M::mem_pestat] low and high boundaries for computing mean and std.dev: (1, 300)
[M::mem_pestat] mean and std.dev: (141.43, 47.63)
[M::mem_pestat] low and high boundaries for proper pairs: (1, 364)
[M::mem_pestat] skip orientation RF as there are not enough pairs
[M::mem_pestat] skip orientation RR as there are not enough pairs
[M::mem_process_seqs] Processed 200948 reads in 8.351 CPU sec, 8.539 real sec
[M::process] read 201106 sequences (20000045 bp)...
[M::mem_pestat] # candidate unique pairs for (FF, FR, RF, RR): (0, 97378, 1, 1)
[M::mem_pestat] skip orientation FF as there are not enough pairs
[M::mem_pestat] analyzing insert size distribution for orientation FR...
[M::mem_pestat] (25, 50, 75) percentile: (108, 132, 172)
[M::mem_pestat] low and high boundaries for computing mean and std.dev: (1, 300)
[M::mem_pestat] mean and std.dev: (141.36, 47.58)
[M::mem_pestat] low and high boundaries for proper pairs: (1, 364)
[M::mem_pestat] skip orientation RF as there are not enough pairs
[M::mem_pestat] skip orientation RR as there are not enough pairs
[M::mem_process_seqs] Processed 201034 reads in 8.159 CPU sec, 8.345 real sec
[M::mem_pestat] # candidate unique pairs for (FF, FR, RF, RR): (4, 97471, 5, 0)
[M::mem_pestat] skip orientation FF as there are not enough pairs
[M::mem_pestat] analyzing insert size distribution for orientation FR...
[M::mem_pestat] (25, 50, 75) percentile: (108, 132, 172)
[M::mem_pestat] low and high boundaries for computing mean and std.dev: (1, 300)
[M::mem_pestat] mean and std.dev: (141.46, 47.60)
[M::mem_pestat] low and high boundaries for proper pairs: (1, 364)
[M::mem_pestat] skip orientation RF as there are not enough pairs
[M::mem_pestat] skip orientation RR as there are not enough pairs
[M::mem_process_seqs] Processed 201106 reads in 7.735 CPU sec, 11.613 real sec
[M::process] read 201136 sequences (20000026 bp)...
[M::process] read 201014 sequences (20000094 bp)...
[M::mem_pestat] # candidate unique pairs for (FF, FR, RF, RR): (3, 97439, 1, 0)
[M::mem_pestat] skip orientation FF as there are not enough pairs
[M::mem_pestat] analyzing insert size distribution for orientation FR...
[M::mem_pestat] (25, 50, 75) percentile: (108, 132, 172)
[M::mem_pestat] low and high boundaries for computing mean and std.dev: (1, 300)
[M::mem_pestat] mean and std.dev: (141.53, 47.69)
[M::mem_pestat] low and high boundaries for proper pairs: (1, 364)
[M::mem_pestat] skip orientation RF as there are not enough pairs
[M::mem_pestat] skip orientation RR as there are not enough pairs
[M::mem_process_seqs] Processed 201136 reads in 8.054 CPU sec, 8.056 real sec
[M::process] read 201060 sequences (20000028 bp)...
[M::mem_pestat] # candidate unique pairs for (FF, FR, RF, RR): (2, 97417, 9, 2)
[M::mem_pestat] skip orientation FF as there are not enough pairs
[M::mem_pestat] analyzing insert size distribution for orientation FR...
[M::mem_pestat] (25, 50, 75) percentile: (107, 131, 171)
[M::mem_pestat] low and high boundaries for computing mean and std.dev: (1, 299)
[M::mem_pestat] mean and std.dev: (140.84, 47.46)
[M::mem_pestat] low and high boundaries for proper pairs: (1, 363)
[M::mem_pestat] skip orientation RF as there are not enough pairs
[M::mem_pestat] skip orientation RR as there are not enough pairs
[M::mem_process_seqs] Processed 201014 reads in 8.882 CPU sec, 9.138 real sec
[M::process] read 201094 sequences (20000147 bp)...
[M::mem_pestat] # candidate unique pairs for (FF, FR, RF, RR): (1, 97378, 4, 3)
[M::mem_pestat] skip orientation FF as there are not enough pairs
[M::mem_pestat] analyzing insert size distribution for orientation FR...
[M::mem_pestat] (25, 50, 75) percentile: (107, 132, 171)
[M::mem_pestat] low and high boundaries for computing mean and std.dev: (1, 299)
[M::mem_pestat] mean and std.dev: (140.94, 47.34)
[M::mem_pestat] low and high boundaries for proper pairs: (1, 363)
[M::mem_pestat] skip orientation RF as there are not enough pairs
[M::mem_pestat] skip orientation RR as there are not enough pairs
[M::mem_process_seqs] Processed 201060 reads in 8.783 CPU sec, 8.971 real sec
[M::process] read 201058 sequences (20000165 bp)...
[M::mem_pestat] # candidate unique pairs for (FF, FR, RF, RR): (2, 97352, 4, 6)
[M::mem_pestat] skip orientation FF as there are not enough pairs
[M::mem_pestat] analyzing insert size distribution for orientation FR...
[M::mem_pestat] (25, 50, 75) percentile: (107, 131, 172)
[M::mem_pestat] low and high boundaries for computing mean and std.dev: (1, 302)
[M::mem_pestat] mean and std.dev: (141.28, 47.92)
[M::mem_pestat] low and high boundaries for proper pairs: (1, 367)
[M::mem_pestat] skip orientation RF as there are not enough pairs
[M::mem_pestat] skip orientation RR as there are not enough pairs
[M::mem_process_seqs] Processed 201094 reads in 8.926 CPU sec, 9.115 real sec
[M::process] read 201100 sequences (20000132 bp)...
[M::mem_pestat] # candidate unique pairs for (FF, FR, RF, RR): (0, 97434, 4, 7)
[M::mem_pestat] skip orientation FF as there are not enough pairs
[M::mem_pestat] analyzing insert size distribution for orientation FR...
[M::mem_pestat] (25, 50, 75) percentile: (108, 132, 172)
[M::mem_pestat] low and high boundaries for computing mean and std.dev: (1, 300)
[M::mem_pestat] mean and std.dev: (141.07, 47.50)
[M::mem_pestat] low and high boundaries for proper pairs: (1, 364)
[M::mem_pestat] skip orientation RF as there are not enough pairs
[M::mem_pestat] skip orientation RR as there are not enough pairs
[M::mem_process_seqs] Processed 201058 reads in 9.062 CPU sec, 9.279 real sec
[M::process] read 201172 sequences (20000118 bp)...
[M::mem_pestat] # candidate unique pairs for (FF, FR, RF, RR): (1, 97442, 4, 3)
[M::mem_pestat] skip orientation FF as there are not enough pairs
[M::mem_pestat] analyzing insert size distribution for orientation FR...
[M::mem_pestat] (25, 50, 75) percentile: (107, 131, 171)
[M::mem_pestat] low and high boundaries for computing mean and std.dev: (1, 299)
[M::mem_pestat] mean and std.dev: (141.01, 47.76)
[M::mem_pestat] low and high boundaries for proper pairs: (1, 363)
[M::mem_pestat] skip orientation RF as there are not enough pairs
[M::mem_pestat] skip orientation RR as there are not enough pairs
[M::mem_process_seqs] Processed 201100 reads in 9.323 CPU sec, 9.574 real sec
[M::process] read 201104 sequences (20000119 bp)...
[M::mem_pestat] # candidate unique pairs for (FF, FR, RF, RR): (0, 97455, 6, 1)
[M::mem_pestat] skip orientation FF as there are not enough pairs
[M::mem_pestat] analyzing insert size distribution for orientation FR...
[M::mem_pestat] (25, 50, 75) percentile: (107, 131, 171)
[M::mem_pestat] low and high boundaries for computing mean and std.dev: (1, 299)
[M::mem_pestat] mean and std.dev: (140.80, 47.38)
[M::mem_pestat] low and high boundaries for proper pairs: (1, 363)
[M::mem_pestat] skip orientation RF as there are not enough pairs
[M::mem_pestat] skip orientation RR as there are not enough pairs
[M::mem_process_seqs] Processed 201172 reads in 8.449 CPU sec, 8.662 real sec
[M::process] read 201128 sequences (20000070 bp)...
[M::mem_pestat] # candidate unique pairs for (FF, FR, RF, RR): (1, 97410, 0, 2)
[M::mem_pestat] skip orientation FF as there are not enough pairs
[M::mem_pestat] analyzing insert size distribution for orientation FR...
[M::mem_pestat] (25, 50, 75) percentile: (108, 131, 171)
[M::mem_pestat] low and high boundaries for computing mean and std.dev: (1, 297)
[M::mem_pestat] mean and std.dev: (140.75, 47.10)
[M::mem_pestat] low and high boundaries for proper pairs: (1, 360)
[M::mem_pestat] skip orientation RF as there are not enough pairs
[M::mem_pestat] skip orientation RR as there are not enough pairs
[M::mem_process_seqs] Processed 201104 reads in 8.292 CPU sec, 8.478 real sec
[M::process] read 201204 sequences (20000189 bp)...
[M::mem_pestat] # candidate unique pairs for (FF, FR, RF, RR): (2, 97457, 8, 1)
[M::mem_pestat] skip orientation FF as there are not enough pairs
[M::mem_pestat] analyzing insert size distribution for orientation FR...
[M::mem_pestat] (25, 50, 75) percentile: (107, 131, 171)
[M::mem_pestat] low and high boundaries for computing mean and std.dev: (1, 299)
[M::mem_pestat] mean and std.dev: (140.90, 47.53)
[M::mem_pestat] low and high boundaries for proper pairs: (1, 363)
[M::mem_pestat] skip orientation RF as there are not enough pairs
[M::mem_pestat] skip orientation RR as there are not enough pairs
[M::mem_process_seqs] Processed 201128 reads in 8.210 CPU sec, 8.391 real sec
[M::process] read 201254 sequences (20000063 bp)...
[M::mem_pestat] # candidate unique pairs for (FF, FR, RF, RR): (2, 97588, 4, 2)
[M::mem_pestat] skip orientation FF as there are not enough pairs
[M::mem_pestat] analyzing insert size distribution for orientation FR...
[M::mem_pestat] (25, 50, 75) percentile: (107, 131, 171)
[M::mem_pestat] low and high boundaries for computing mean and std.dev: (1, 299)
[M::mem_pestat] mean and std.dev: (140.81, 47.40)
[M::mem_pestat] low and high boundaries for proper pairs: (1, 363)
[M::mem_pestat] skip orientation RF as there are not enough pairs
[M::mem_pestat] skip orientation RR as there are not enough pairs
[M::mem_process_seqs] Processed 201204 reads in 8.232 CPU sec, 8.420 real sec
[M::process] read 201328 sequences (20000063 bp)...
[M::mem_pestat] # candidate unique pairs for (FF, FR, RF, RR): (1, 97470, 5, 1)
[M::mem_pestat] skip orientation FF as there are not enough pairs
[M::mem_pestat] analyzing insert size distribution for orientation FR...
[M::mem_pestat] (25, 50, 75) percentile: (107, 131, 170)
[M::mem_pestat] low and high boundaries for computing mean and std.dev: (1, 296)
[M::mem_pestat] mean and std.dev: (140.43, 46.93)
[M::mem_pestat] low and high boundaries for proper pairs: (1, 359)
[M::mem_pestat] skip orientation RF as there are not enough pairs
[M::mem_pestat] skip orientation RR as there are not enough pairs
[M::mem_process_seqs] Processed 201254 reads in 8.176 CPU sec, 8.361 real sec
[M::process] read 201280 sequences (20000082 bp)...
[M::mem_pestat] # candidate unique pairs for (FF, FR, RF, RR): (1, 97526, 6, 2)
[M::mem_pestat] skip orientation FF as there are not enough pairs
[M::mem_pestat] analyzing insert size distribution for orientation FR...
[M::mem_pestat] (25, 50, 75) percentile: (107, 131, 170)
[M::mem_pestat] low and high boundaries for computing mean and std.dev: (1, 296)
[M::mem_pestat] mean and std.dev: (140.37, 46.80)
[M::mem_pestat] low and high boundaries for proper pairs: (1, 359)
[M::mem_pestat] skip orientation RF as there are not enough pairs
[M::mem_pestat] skip orientation RR as there are not enough pairs
[M::mem_process_seqs] Processed 201328 reads in 8.220 CPU sec, 8.412 real sec
[M::process] read 201450 sequences (20000184 bp)...
[M::mem_pestat] # candidate unique pairs for (FF, FR, RF, RR): (0, 97575, 1, 1)
[M::mem_pestat] skip orientation FF as there are not enough pairs
[M::mem_pestat] analyzing insert size distribution for orientation FR...
[M::mem_pestat] (25, 50, 75) percentile: (108, 131, 170)
[M::mem_pestat] low and high boundaries for computing mean and std.dev: (1, 294)
[M::mem_pestat] mean and std.dev: (140.13, 46.35)
[M::mem_pestat] low and high boundaries for proper pairs: (1, 356)
[M::mem_pestat] skip orientation RF as there are not enough pairs
[M::mem_pestat] skip orientation RR as there are not enough pairs
[M::mem_process_seqs] Processed 201280 reads in 8.198 CPU sec, 8.382 real sec
[M::mem_pestat] # candidate unique pairs for (FF, FR, RF, RR): (0, 97639, 4, 1)
[M::mem_pestat] skip orientation FF as there are not enough pairs
[M::mem_pestat] analyzing insert size distribution for orientation FR...
[M::mem_pestat] (25, 50, 75) percentile: (107, 131, 170)
[M::mem_pestat] low and high boundaries for computing mean and std.dev: (1, 296)
[M::mem_pestat] mean and std.dev: (140.45, 47.06)
[M::mem_pestat] low and high boundaries for proper pairs: (1, 359)
[M::mem_pestat] skip orientation RF as there are not enough pairs
[M::mem_pestat] skip orientation RR as there are not enough pairs
[M::mem_process_seqs] Processed 201450 reads in 7.765 CPU sec, 11.651 real sec
[M::process] read 201384 sequences (20000132 bp)...
[M::process] read 201494 sequences (20000170 bp)...
[M::mem_pestat] # candidate unique pairs for (FF, FR, RF, RR): (4, 97654, 2, 4)
[M::mem_pestat] skip orientation FF as there are not enough pairs
[M::mem_pestat] analyzing insert size distribution for orientation FR...
[M::mem_pestat] (25, 50, 75) percentile: (107, 131, 170)
[M::mem_pestat] low and high boundaries for computing mean and std.dev: (1, 296)
[M::mem_pestat] mean and std.dev: (140.45, 46.75)
[M::mem_pestat] low and high boundaries for proper pairs: (1, 359)
[M::mem_pestat] skip orientation RF as there are not enough pairs
[M::mem_pestat] skip orientation RR as there are not enough pairs
[M::mem_process_seqs] Processed 201384 reads in 7.984 CPU sec, 7.986 real sec
[M::process] read 201400 sequences (20000079 bp)...
[M::mem_pestat] # candidate unique pairs for (FF, FR, RF, RR): (2, 97613, 5, 3)
[M::mem_pestat] skip orientation FF as there are not enough pairs
[M::mem_pestat] analyzing insert size distribution for orientation FR...
[M::mem_pestat] (25, 50, 75) percentile: (107, 131, 170)
[M::mem_pestat] low and high boundaries for computing mean and std.dev: (1, 296)
[M::mem_pestat] mean and std.dev: (140.19, 46.62)
[M::mem_pestat] low and high boundaries for proper pairs: (1, 359)
[M::mem_pestat] skip orientation RF as there are not enough pairs
[M::mem_pestat] skip orientation RR as there are not enough pairs
[M::mem_process_seqs] Processed 201494 reads in 8.329 CPU sec, 8.513 real sec
[M::process] read 202434 sequences (20000008 bp)...
[M::mem_pestat] # candidate unique pairs for (FF, FR, RF, RR): (0, 97666, 3, 1)
[M::mem_pestat] skip orientation FF as there are not enough pairs
[M::mem_pestat] analyzing insert size distribution for orientation FR...
[M::mem_pestat] (25, 50, 75) percentile: (107, 131, 170)
[M::mem_pestat] low and high boundaries for computing mean and std.dev: (1, 296)
[M::mem_pestat] mean and std.dev: (140.13, 46.88)
[M::mem_pestat] low and high boundaries for proper pairs: (1, 359)
[M::mem_pestat] skip orientation RF as there are not enough pairs
[M::mem_pestat] skip orientation RR as there are not enough pairs
[M::mem_process_seqs] Processed 201400 reads in 8.289 CPU sec, 8.479 real sec
[M::process] read 202038 sequences (20000032 bp)...
[M::mem_pestat] # candidate unique pairs for (FF, FR, RF, RR): (1, 98098, 3, 1)
[M::mem_pestat] skip orientation FF as there are not enough pairs
[M::mem_pestat] analyzing insert size distribution for orientation FR...
[M::mem_pestat] (25, 50, 75) percentile: (107, 131, 170)
[M::mem_pestat] low and high boundaries for computing mean and std.dev: (1, 296)
[M::mem_pestat] mean and std.dev: (140.09, 46.67)
[M::mem_pestat] low and high boundaries for proper pairs: (1, 359)
[M::mem_pestat] skip orientation RF as there are not enough pairs
[M::mem_pestat] skip orientation RR as there are not enough pairs
[M::mem_process_seqs] Processed 202434 reads in 8.291 CPU sec, 8.478 real sec
[M::process] read 201816 sequences (20000154 bp)...
[M::mem_pestat] # candidate unique pairs for (FF, FR, RF, RR): (1, 97818, 3, 3)
[M::mem_pestat] skip orientation FF as there are not enough pairs
[M::mem_pestat] analyzing insert size distribution for orientation FR...
[M::mem_pestat] (25, 50, 75) percentile: (107, 130, 169)
[M::mem_pestat] low and high boundaries for computing mean and std.dev: (1, 293)
[M::mem_pestat] mean and std.dev: (139.64, 46.15)
[M::mem_pestat] low and high boundaries for proper pairs: (1, 355)
[M::mem_pestat] skip orientation RF as there are not enough pairs
[M::mem_pestat] skip orientation RR as there are not enough pairs
[M::mem_process_seqs] Processed 202038 reads in 8.238 CPU sec, 8.421 real sec
[M::process] read 202272 sequences (20000009 bp)...
[M::mem_pestat] # candidate unique pairs for (FF, FR, RF, RR): (2, 97842, 2, 2)
[M::mem_pestat] skip orientation FF as there are not enough pairs
[M::mem_pestat] analyzing insert size distribution for orientation FR...
[M::mem_pestat] (25, 50, 75) percentile: (107, 131, 169)
[M::mem_pestat] low and high boundaries for computing mean and std.dev: (1, 293)
[M::mem_pestat] mean and std.dev: (139.84, 46.14)
[M::mem_pestat] low and high boundaries for proper pairs: (1, 355)
[M::mem_pestat] skip orientation RF as there are not enough pairs
[M::mem_pestat] skip orientation RR as there are not enough pairs
[M::mem_process_seqs] Processed 201816 reads in 8.229 CPU sec, 8.412 real sec
[M::process] read 201310 sequences (20000031 bp)...
[M::mem_pestat] # candidate unique pairs for (FF, FR, RF, RR): (0, 97996, 3, 1)
[M::mem_pestat] skip orientation FF as there are not enough pairs
[M::mem_pestat] analyzing insert size distribution for orientation FR...
[M::mem_pestat] (25, 50, 75) percentile: (107, 131, 169)
[M::mem_pestat] low and high boundaries for computing mean and std.dev: (1, 293)
[M::mem_pestat] mean and std.dev: (139.74, 46.04)
[M::mem_pestat] low and high boundaries for proper pairs: (1, 355)
[M::mem_pestat] skip orientation RF as there are not enough pairs
[M::mem_pestat] skip orientation RR as there are not enough pairs
[M::mem_process_seqs] Processed 202272 reads in 8.205 CPU sec, 8.395 real sec
[M::process] read 201690 sequences (20000031 bp)...
[M::mem_pestat] # candidate unique pairs for (FF, FR, RF, RR): (2, 97605, 8, 0)
[M::mem_pestat] skip orientation FF as there are not enough pairs
[M::mem_pestat] analyzing insert size distribution for orientation FR...
[M::mem_pestat] (25, 50, 75) percentile: (107, 131, 171)
[M::mem_pestat] low and high boundaries for computing mean and std.dev: (1, 299)
[M::mem_pestat] mean and std.dev: (140.96, 47.44)
[M::mem_pestat] low and high boundaries for proper pairs: (1, 363)
[M::mem_pestat] skip orientation RF as there are not enough pairs
[M::mem_pestat] skip orientation RR as there are not enough pairs
[M::mem_process_seqs] Processed 201310 reads in 8.655 CPU sec, 8.838 real sec
[M::process] read 202222 sequences (20000127 bp)...
[M::mem_pestat] # candidate unique pairs for (FF, FR, RF, RR): (2, 97709, 8, 2)
[M::mem_pestat] skip orientation FF as there are not enough pairs
[M::mem_pestat] analyzing insert size distribution for orientation FR...
[M::mem_pestat] (25, 50, 75) percentile: (108, 132, 173)
[M::mem_pestat] low and high boundaries for computing mean and std.dev: (1, 303)
[M::mem_pestat] mean and std.dev: (142.02, 48.37)
[M::mem_pestat] low and high boundaries for proper pairs: (1, 368)
[M::mem_pestat] skip orientation RF as there are not enough pairs
[M::mem_pestat] skip orientation RR as there are not enough pairs
[M::mem_process_seqs] Processed 201690 reads in 9.829 CPU sec, 10.013 real sec
[M::process] read 203140 sequences (20000011 bp)...
[M::mem_pestat] # candidate unique pairs for (FF, FR, RF, RR): (1, 98195, 4, 3)
[M::mem_pestat] skip orientation FF as there are not enough pairs
[M::mem_pestat] analyzing insert size distribution for orientation FR...
[M::mem_pestat] (25, 50, 75) percentile: (108, 132, 173)
[M::mem_pestat] low and high boundaries for computing mean and std.dev: (1, 303)
[M::mem_pestat] mean and std.dev: (141.91, 48.00)
[M::mem_pestat] low and high boundaries for proper pairs: (1, 368)
[M::mem_pestat] skip orientation RF as there are not enough pairs
[M::mem_pestat] skip orientation RR as there are not enough pairs
[M::mem_process_seqs] Processed 202222 reads in 10.032 CPU sec, 10.231 real sec
[M::process] read 201662 sequences (20000172 bp)...
[M::mem_pestat] # candidate unique pairs for (FF, FR, RF, RR): (1, 98656, 0, 2)
[M::mem_pestat] skip orientation FF as there are not enough pairs
[M::mem_pestat] analyzing insert size distribution for orientation FR...
[M::mem_pestat] (25, 50, 75) percentile: (108, 132, 173)
[M::mem_pestat] low and high boundaries for computing mean and std.dev: (1, 303)
[M::mem_pestat] mean and std.dev: (142.26, 48.31)
[M::mem_pestat] low and high boundaries for proper pairs: (1, 368)
[M::mem_pestat] skip orientation RF as there are not enough pairs
[M::mem_pestat] skip orientation RR as there are not enough pairs
[M::mem_process_seqs] Processed 203140 reads in 9.458 CPU sec, 9.651 real sec
[M::process] read 202348 sequences (20000038 bp)...
[M::mem_pestat] # candidate unique pairs for (FF, FR, RF, RR): (1, 97719, 8, 2)
[M::mem_pestat] skip orientation FF as there are not enough pairs
[M::mem_pestat] analyzing insert size distribution for orientation FR...
[M::mem_pestat] (25, 50, 75) percentile: (108, 132, 173)
[M::mem_pestat] low and high boundaries for computing mean and std.dev: (1, 303)
[M::mem_pestat] mean and std.dev: (141.99, 48.00)
[M::mem_pestat] low and high boundaries for proper pairs: (1, 368)
[M::mem_pestat] skip orientation RF as there are not enough pairs
[M::mem_pestat] skip orientation RR as there are not enough pairs
[M::mem_process_seqs] Processed 201662 reads in 8.919 CPU sec, 9.112 real sec
[M::process] read 201476 sequences (20000025 bp)...
[M::mem_pestat] # candidate unique pairs for (FF, FR, RF, RR): (3, 98056, 2, 3)
[M::mem_pestat] skip orientation FF as there are not enough pairs
[M::mem_pestat] analyzing insert size distribution for orientation FR...
[M::mem_pestat] (25, 50, 75) percentile: (108, 132, 173)
[M::mem_pestat] low and high boundaries for computing mean and std.dev: (1, 303)
[M::mem_pestat] mean and std.dev: (142.15, 48.18)
[M::mem_pestat] low and high boundaries for proper pairs: (1, 368)
[M::mem_pestat] skip orientation RF as there are not enough pairs
[M::mem_pestat] skip orientation RR as there are not enough pairs
[M::mem_process_seqs] Processed 202348 reads in 9.265 CPU sec, 9.465 real sec
[M::mem_pestat] # candidate unique pairs for (FF, FR, RF, RR): (0, 97805, 2, 0)
[M::mem_pestat] skip orientation FF as there are not enough pairs
[M::mem_pestat] analyzing insert size distribution for orientation FR...
[M::mem_pestat] (25, 50, 75) percentile: (108, 132, 172)
[M::mem_pestat] low and high boundaries for computing mean and std.dev: (1, 300)
[M::mem_pestat] mean and std.dev: (141.28, 47.37)
[M::mem_pestat] low and high boundaries for proper pairs: (1, 364)
[M::mem_pestat] skip orientation RF as there are not enough pairs
[M::mem_pestat] skip orientation RR as there are not enough pairs
[M::mem_process_seqs] Processed 201476 reads in 8.167 CPU sec, 12.265 real sec
[M::process] read 201148 sequences (20000154 bp)...
[M::process] read 201368 sequences (20000186 bp)...
[M::mem_pestat] # candidate unique pairs for (FF, FR, RF, RR): (3, 97515, 8, 6)
[M::mem_pestat] skip orientation FF as there are not enough pairs
[M::mem_pestat] analyzing insert size distribution for orientation FR...
[M::mem_pestat] (25, 50, 75) percentile: (108, 132, 172)
[M::mem_pestat] low and high boundaries for computing mean and std.dev: (1, 300)
[M::mem_pestat] mean and std.dev: (141.63, 47.92)
[M::mem_pestat] low and high boundaries for proper pairs: (1, 364)
[M::mem_pestat] skip orientation RF as there are not enough pairs
[M::mem_pestat] skip orientation RR as there are not enough pairs
[M::mem_process_seqs] Processed 201148 reads in 8.327 CPU sec, 8.337 real sec
[M::process] read 200972 sequences (20000015 bp)...
[M::mem_pestat] # candidate unique pairs for (FF, FR, RF, RR): (3, 97571, 4, 2)
[M::mem_pestat] skip orientation FF as there are not enough pairs
[M::mem_pestat] analyzing insert size distribution for orientation FR...
[M::mem_pestat] (25, 50, 75) percentile: (108, 132, 172)
[M::mem_pestat] low and high boundaries for computing mean and std.dev: (1, 300)
[M::mem_pestat] mean and std.dev: (141.69, 47.74)
[M::mem_pestat] low and high boundaries for proper pairs: (1, 364)
[M::mem_pestat] skip orientation RF as there are not enough pairs
[M::mem_pestat] skip orientation RR as there are not enough pairs
[M::mem_process_seqs] Processed 201368 reads in 8.515 CPU sec, 8.691 real sec
[M::process] read 200986 sequences (20000019 bp)...
[M::mem_pestat] # candidate unique pairs for (FF, FR, RF, RR): (0, 97390, 5, 3)
[M::mem_pestat] skip orientation FF as there are not enough pairs
[M::mem_pestat] analyzing insert size distribution for orientation FR...
[M::mem_pestat] (25, 50, 75) percentile: (108, 132, 172)
[M::mem_pestat] low and high boundaries for computing mean and std.dev: (1, 300)
[M::mem_pestat] mean and std.dev: (141.61, 47.66)
[M::mem_pestat] low and high boundaries for proper pairs: (1, 364)
[M::mem_pestat] skip orientation RF as there are not enough pairs
[M::mem_pestat] skip orientation RR as there are not enough pairs
[M::mem_process_seqs] Processed 200972 reads in 8.375 CPU sec, 8.551 real sec
[M::process] read 201070 sequences (20000067 bp)...
[M::mem_pestat] # candidate unique pairs for (FF, FR, RF, RR): (3, 97374, 2, 0)
[M::mem_pestat] skip orientation FF as there are not enough pairs
[M::mem_pestat] analyzing insert size distribution for orientation FR...
[M::mem_pestat] (25, 50, 75) percentile: (108, 132, 171)
[M::mem_pestat] low and high boundaries for computing mean and std.dev: (1, 297)
[M::mem_pestat] mean and std.dev: (140.84, 46.86)
[M::mem_pestat] low and high boundaries for proper pairs: (1, 360)
[M::mem_pestat] skip orientation RF as there are not enough pairs
[M::mem_pestat] skip orientation RR as there are not enough pairs
[M::mem_process_seqs] Processed 200986 reads in 8.224 CPU sec, 8.401 real sec
[M::process] read 201010 sequences (20000123 bp)...
[M::mem_pestat] # candidate unique pairs for (FF, FR, RF, RR): (3, 97506, 5, 1)
[M::mem_pestat] skip orientation FF as there are not enough pairs
[M::mem_pestat] analyzing insert size distribution for orientation FR...
[M::mem_pestat] (25, 50, 75) percentile: (108, 132, 172)
[M::mem_pestat] low and high boundaries for computing mean and std.dev: (1, 300)
[M::mem_pestat] mean and std.dev: (141.25, 47.68)
[M::mem_pestat] low and high boundaries for proper pairs: (1, 364)
[M::mem_pestat] skip orientation RF as there are not enough pairs
[M::mem_pestat] skip orientation RR as there are not enough pairs
[M::mem_process_seqs] Processed 201070 reads in 8.155 CPU sec, 8.341 real sec
[M::process] read 201086 sequences (20000046 bp)...
[M::mem_pestat] # candidate unique pairs for (FF, FR, RF, RR): (1, 97425, 7, 2)
[M::mem_pestat] skip orientation FF as there are not enough pairs
[M::mem_pestat] analyzing insert size distribution for orientation FR...
[M::mem_pestat] (25, 50, 75) percentile: (108, 132, 171)
[M::mem_pestat] low and high boundaries for computing mean and std.dev: (1, 297)
[M::mem_pestat] mean and std.dev: (140.94, 46.99)
[M::mem_pestat] low and high boundaries for proper pairs: (1, 360)
[M::mem_pestat] skip orientation RF as there are not enough pairs
[M::mem_pestat] skip orientation RR as there are not enough pairs
[M::mem_process_seqs] Processed 201010 reads in 8.310 CPU sec, 8.487 real sec
[M::process] read 201028 sequences (20000178 bp)...
[M::mem_pestat] # candidate unique pairs for (FF, FR, RF, RR): (2, 97437, 9, 2)
[M::mem_pestat] skip orientation FF as there are not enough pairs
[M::mem_pestat] analyzing insert size distribution for orientation FR...
[M::mem_pestat] (25, 50, 75) percentile: (108, 131, 171)
[M::mem_pestat] low and high boundaries for computing mean and std.dev: (1, 297)
[M::mem_pestat] mean and std.dev: (140.70, 47.15)
[M::mem_pestat] low and high boundaries for proper pairs: (1, 360)
[M::mem_pestat] skip orientation RF as there are not enough pairs
[M::mem_pestat] skip orientation RR as there are not enough pairs
[M::mem_process_seqs] Processed 201086 reads in 8.178 CPU sec, 8.356 real sec
[M::process] read 201066 sequences (20000031 bp)...
[M::mem_pestat] # candidate unique pairs for (FF, FR, RF, RR): (0, 97494, 3, 4)
[M::mem_pestat] skip orientation FF as there are not enough pairs
[M::mem_pestat] analyzing insert size distribution for orientation FR...
[M::mem_pestat] (25, 50, 75) percentile: (108, 131, 171)
[M::mem_pestat] low and high boundaries for computing mean and std.dev: (1, 297)
[M::mem_pestat] mean and std.dev: (140.72, 47.07)
[M::mem_pestat] low and high boundaries for proper pairs: (1, 360)
[M::mem_pestat] skip orientation RF as there are not enough pairs
[M::mem_pestat] skip orientation RR as there are not enough pairs
[M::mem_process_seqs] Processed 201028 reads in 8.183 CPU sec, 8.369 real sec
[M::process] read 201166 sequences (20000185 bp)...
[M::mem_pestat] # candidate unique pairs for (FF, FR, RF, RR): (2, 97448, 5, 3)
[M::mem_pestat] skip orientation FF as there are not enough pairs
[M::mem_pestat] analyzing insert size distribution for orientation FR...
[M::mem_pestat] (25, 50, 75) percentile: (108, 131, 171)
[M::mem_pestat] low and high boundaries for computing mean and std.dev: (1, 297)
[M::mem_pestat] mean and std.dev: (140.66, 47.04)
[M::mem_pestat] low and high boundaries for proper pairs: (1, 360)
[M::mem_pestat] skip orientation RF as there are not enough pairs
[M::mem_pestat] skip orientation RR as there are not enough pairs
[M::mem_process_seqs] Processed 201066 reads in 8.171 CPU sec, 8.351 real sec
[M::process] read 201144 sequences (20000179 bp)...
[M::mem_pestat] # candidate unique pairs for (FF, FR, RF, RR): (2, 97525, 1, 3)
[M::mem_pestat] skip orientation FF as there are not enough pairs
[M::mem_pestat] analyzing insert size distribution for orientation FR...
[M::mem_pestat] (25, 50, 75) percentile: (107, 131, 171)
[M::mem_pestat] low and high boundaries for computing mean and std.dev: (1, 299)
[M::mem_pestat] mean and std.dev: (140.75, 47.54)
[M::mem_pestat] low and high boundaries for proper pairs: (1, 363)
[M::mem_pestat] skip orientation RF as there are not enough pairs
[M::mem_pestat] skip orientation RR as there are not enough pairs
[M::mem_process_seqs] Processed 201166 reads in 8.233 CPU sec, 8.415 real sec
[M::process] read 201056 sequences (20000054 bp)...
[M::mem_pestat] # candidate unique pairs for (FF, FR, RF, RR): (1, 97447, 5, 1)
[M::mem_pestat] skip orientation FF as there are not enough pairs
[M::mem_pestat] analyzing insert size distribution for orientation FR...
[M::mem_pestat] (25, 50, 75) percentile: (107, 131, 171)
[M::mem_pestat] low and high boundaries for computing mean and std.dev: (1, 299)
[M::mem_pestat] mean and std.dev: (140.83, 47.52)
[M::mem_pestat] low and high boundaries for proper pairs: (1, 363)
[M::mem_pestat] skip orientation RF as there are not enough pairs
[M::mem_pestat] skip orientation RR as there are not enough pairs
[M::mem_process_seqs] Processed 201144 reads in 8.231 CPU sec, 8.414 real sec
[M::process] read 201174 sequences (20000184 bp)...
[M::mem_pestat] # candidate unique pairs for (FF, FR, RF, RR): (1, 97414, 5, 3)
[M::mem_pestat] skip orientation FF as there are not enough pairs
[M::mem_pestat] analyzing insert size distribution for orientation FR...
[M::mem_pestat] (25, 50, 75) percentile: (107, 131, 171)
[M::mem_pestat] low and high boundaries for computing mean and std.dev: (1, 299)
[M::mem_pestat] mean and std.dev: (140.88, 47.40)
[M::mem_pestat] low and high boundaries for proper pairs: (1, 363)
[M::mem_pestat] skip orientation RF as there are not enough pairs
[M::mem_pestat] skip orientation RR as there are not enough pairs
[M::mem_process_seqs] Processed 201056 reads in 8.213 CPU sec, 8.403 real sec
[M::process] read 201244 sequences (20000044 bp)...
[M::mem_pestat] # candidate unique pairs for (FF, FR, RF, RR): (2, 97480, 3, 2)
[M::mem_pestat] skip orientation FF as there are not enough pairs
[M::mem_pestat] analyzing insert size distribution for orientation FR...
[M::mem_pestat] (25, 50, 75) percentile: (107, 131, 171)
[M::mem_pestat] low and high boundaries for computing mean and std.dev: (1, 299)
[M::mem_pestat] mean and std.dev: (140.92, 47.46)
[M::mem_pestat] low and high boundaries for proper pairs: (1, 363)
[M::mem_pestat] skip orientation RF as there are not enough pairs
[M::mem_pestat] skip orientation RR as there are not enough pairs
[M::mem_process_seqs] Processed 201174 reads in 8.191 CPU sec, 8.374 real sec
[M::mem_pestat] # candidate unique pairs for (FF, FR, RF, RR): (1, 97587, 2, 1)
[M::mem_pestat] skip orientation FF as there are not enough pairs
[M::mem_pestat] analyzing insert size distribution for orientation FR...
[M::mem_pestat] (25, 50, 75) percentile: (107, 131, 170)
[M::mem_pestat] low and high boundaries for computing mean and std.dev: (1, 296)
[M::mem_pestat] mean and std.dev: (140.22, 46.94)
[M::mem_pestat] low and high boundaries for proper pairs: (1, 359)
[M::mem_pestat] skip orientation RF as there are not enough pairs
[M::mem_pestat] skip orientation RR as there are not enough pairs
[M::mem_process_seqs] Processed 201244 reads in 7.654 CPU sec, 11.507 real sec
[M::process] read 201320 sequences (20000033 bp)...
[M::process] read 201262 sequences (20000191 bp)...
[M::mem_pestat] # candidate unique pairs for (FF, FR, RF, RR): (3, 97508, 4, 1)
[M::mem_pestat] skip orientation FF as there are not enough pairs
[M::mem_pestat] analyzing insert size distribution for orientation FR...
[M::mem_pestat] (25, 50, 75) percentile: (107, 131, 171)
[M::mem_pestat] low and high boundaries for computing mean and std.dev: (1, 299)
[M::mem_pestat] mean and std.dev: (140.92, 47.29)
[M::mem_pestat] low and high boundaries for proper pairs: (1, 363)
[M::mem_pestat] skip orientation RF as there are not enough pairs
[M::mem_pestat] skip orientation RR as there are not enough pairs
[M::mem_process_seqs] Processed 201320 reads in 8.096 CPU sec, 8.098 real sec
[M::process] read 201420 sequences (20000164 bp)...
[M::mem_pestat] # candidate unique pairs for (FF, FR, RF, RR): (1, 97498, 1, 2)
[M::mem_pestat] skip orientation FF as there are not enough pairs
[M::mem_pestat] analyzing insert size distribution for orientation FR...
[M::mem_pestat] (25, 50, 75) percentile: (108, 131, 171)
[M::mem_pestat] low and high boundaries for computing mean and std.dev: (1, 297)
[M::mem_pestat] mean and std.dev: (140.68, 47.11)
[M::mem_pestat] low and high boundaries for proper pairs: (1, 360)
[M::mem_pestat] skip orientation RF as there are not enough pairs
[M::mem_pestat] skip orientation RR as there are not enough pairs
[M::mem_process_seqs] Processed 201262 reads in 8.293 CPU sec, 8.471 real sec
[M::process] read 201348 sequences (20000184 bp)...
[M::mem_pestat] # candidate unique pairs for (FF, FR, RF, RR): (0, 97627, 5, 1)
[M::mem_pestat] skip orientation FF as there are not enough pairs
[M::mem_pestat] analyzing insert size distribution for orientation FR...
[M::mem_pestat] (25, 50, 75) percentile: (107, 131, 170)
[M::mem_pestat] low and high boundaries for computing mean and std.dev: (1, 296)
[M::mem_pestat] mean and std.dev: (140.38, 46.73)
[M::mem_pestat] low and high boundaries for proper pairs: (1, 359)
[M::mem_pestat] skip orientation RF as there are not enough pairs
[M::mem_pestat] skip orientation RR as there are not enough pairs
[M::mem_process_seqs] Processed 201420 reads in 8.200 CPU sec, 8.378 real sec
[M::process] read 201430 sequences (20000152 bp)...
[M::mem_pestat] # candidate unique pairs for (FF, FR, RF, RR): (2, 97567, 3, 1)
[M::mem_pestat] skip orientation FF as there are not enough pairs
[M::mem_pestat] analyzing insert size distribution for orientation FR...
[M::mem_pestat] (25, 50, 75) percentile: (107, 131, 170)
[M::mem_pestat] low and high boundaries for computing mean and std.dev: (1, 296)
[M::mem_pestat] mean and std.dev: (140.27, 46.82)
[M::mem_pestat] low and high boundaries for proper pairs: (1, 359)
[M::mem_pestat] skip orientation RF as there are not enough pairs
[M::mem_pestat] skip orientation RR as there are not enough pairs
[M::mem_process_seqs] Processed 201348 reads in 8.224 CPU sec, 8.411 real sec
[M::process] read 201482 sequences (20000132 bp)...
[M::mem_pestat] # candidate unique pairs for (FF, FR, RF, RR): (2, 97604, 5, 0)
[M::mem_pestat] skip orientation FF as there are not enough pairs
[M::mem_pestat] analyzing insert size distribution for orientation FR...
[M::mem_pestat] (25, 50, 75) percentile: (107, 131, 170)
[M::mem_pestat] low and high boundaries for computing mean and std.dev: (1, 296)
[M::mem_pestat] mean and std.dev: (140.28, 46.99)
[M::mem_pestat] low and high boundaries for proper pairs: (1, 359)
[M::mem_pestat] skip orientation RF as there are not enough pairs
[M::mem_pestat] skip orientation RR as there are not enough pairs
[M::mem_process_seqs] Processed 201430 reads in 8.375 CPU sec, 8.556 real sec
[M::process] read 202464 sequences (20000164 bp)...
[M::mem_pestat] # candidate unique pairs for (FF, FR, RF, RR): (2, 97570, 3, 3)
[M::mem_pestat] skip orientation FF as there are not enough pairs
[M::mem_pestat] analyzing insert size distribution for orientation FR...
[M::mem_pestat] (25, 50, 75) percentile: (107, 131, 169)
[M::mem_pestat] low and high boundaries for computing mean and std.dev: (1, 293)
[M::mem_pestat] mean and std.dev: (140.02, 46.34)
[M::mem_pestat] low and high boundaries for proper pairs: (1, 355)
[M::mem_pestat] skip orientation RF as there are not enough pairs
[M::mem_pestat] skip orientation RR as there are not enough pairs
[M::mem_process_seqs] Processed 201482 reads in 8.258 CPU sec, 8.440 real sec
[M::process] read 202296 sequences (20000135 bp)...
[M::mem_pestat] # candidate unique pairs for (FF, FR, RF, RR): (3, 98107, 2, 0)
[M::mem_pestat] skip orientation FF as there are not enough pairs
[M::mem_pestat] analyzing insert size distribution for orientation FR...
[M::mem_pestat] (25, 50, 75) percentile: (107, 130, 169)
[M::mem_pestat] low and high boundaries for computing mean and std.dev: (1, 293)
[M::mem_pestat] mean and std.dev: (139.57, 46.22)
[M::mem_pestat] low and high boundaries for proper pairs: (1, 355)
[M::mem_pestat] skip orientation RF as there are not enough pairs
[M::mem_pestat] skip orientation RR as there are not enough pairs
[M::mem_process_seqs] Processed 202464 reads in 8.217 CPU sec, 8.405 real sec
[M::process] read 201748 sequences (20000063 bp)...
[M::mem_pestat] # candidate unique pairs for (FF, FR, RF, RR): (0, 97916, 10, 1)
[M::mem_pestat] skip orientation FF as there are not enough pairs
[M::mem_pestat] analyzing insert size distribution for orientation FR...
[M::mem_pestat] (25, 50, 75) percentile: (107, 131, 170)
[M::mem_pestat] low and high boundaries for computing mean and std.dev: (1, 296)
[M::mem_pestat] mean and std.dev: (140.26, 46.79)
[M::mem_pestat] low and high boundaries for proper pairs: (1, 359)
[M::mem_pestat] analyzing insert size distribution for orientation RF...
[M::mem_pestat] (25, 50, 75) percentile: (18, 21, 308)
[M::mem_pestat] low and high boundaries for computing mean and std.dev: (1, 888)
[M::mem_pestat] mean and std.dev: (56.12, 95.27)
[M::mem_pestat] low and high boundaries for proper pairs: (1, 1178)
[M::mem_pestat] skip orientation RR as there are not enough pairs
[M::mem_pestat] skip orientation RF
[M::mem_process_seqs] Processed 202296 reads in 8.304 CPU sec, 8.487 real sec
[M::process] read 201874 sequences (20000165 bp)...
[M::mem_pestat] # candidate unique pairs for (FF, FR, RF, RR): (1, 97733, 3, 3)
[M::mem_pestat] skip orientation FF as there are not enough pairs
[M::mem_pestat] analyzing insert size distribution for orientation FR...
[M::mem_pestat] (25, 50, 75) percentile: (107, 131, 169)
[M::mem_pestat] low and high boundaries for computing mean and std.dev: (1, 293)
[M::mem_pestat] mean and std.dev: (139.86, 46.37)
[M::mem_pestat] low and high boundaries for proper pairs: (1, 355)
[M::mem_pestat] skip orientation RF as there are not enough pairs
[M::mem_pestat] skip orientation RR as there are not enough pairs
[M::mem_process_seqs] Processed 201748 reads in 8.280 CPU sec, 8.467 real sec
[M::process] read 61744 sequences (6117636 bp)...
[M::mem_pestat] # candidate unique pairs for (FF, FR, RF, RR): (1, 97743, 6, 2)
[M::mem_pestat] skip orientation FF as there are not enough pairs
[M::mem_pestat] analyzing insert size distribution for orientation FR...
[M::mem_pestat] (25, 50, 75) percentile: (107, 131, 169)
[M::mem_pestat] low and high boundaries for computing mean and std.dev: (1, 293)
[M::mem_pestat] mean and std.dev: (139.74, 46.27)
[M::mem_pestat] low and high boundaries for proper pairs: (1, 355)
[M::mem_pestat] skip orientation RF as there are not enough pairs
[M::mem_pestat] skip orientation RR as there are not enough pairs
[M::mem_process_seqs] Processed 201874 reads in 7.900 CPU sec, 8.091 real sec
[M::mem_pestat] # candidate unique pairs for (FF, FR, RF, RR): (0, 29976, 1, 1)
[M::mem_pestat] skip orientation FF as there are not enough pairs
[M::mem_pestat] analyzing insert size distribution for orientation FR...
[M::mem_pestat] (25, 50, 75) percentile: (107, 131, 170)
[M::mem_pestat] low and high boundaries for computing mean and std.dev: (1, 296)
[M::mem_pestat] mean and std.dev: (140.24, 46.98)
[M::mem_pestat] low and high boundaries for proper pairs: (1, 359)
[M::mem_pestat] skip orientation RF as there are not enough pairs
[M::mem_pestat] skip orientation RR as there are not enough pairs
[M::mem_process_seqs] Processed 61744 reads in 2.427 CPU sec, 2.617 real sec
[main] Version: 0.7.17-r1188
[main] CMD: bwa mem -t 2 /home/tiscargf/working_GA/results/Canu_assembly/assCanu_Efae.contigs.fasta /proj/genomeanalysis2022/Genome_Analysis/1_Zhang_2017/transcriptomics_data/RNA-Seq_BH/trim_paired_ERR1797974_pass_1.fastq.gz /proj/genomeanalysis2022/Genome_Analysis/1_Zhang_2017/transcriptomics_data/RNA-Seq_BH/trim_paired_ERR1797974_pass_2.fastq.gz
[main] Real time: 1163.246 sec; CPU: 1040.870 sec
[bam_sort_core] merging from 8 files and 1 in-memory blocks...
