canu/2.0 has the useGrid option default set to useGrid=false. This can be overriden by another configuration file or a command-line option.
-- Canu 2.0
--
-- Detected Java(TM) Runtime Environment '1.8.0_151' (from '/sw/comp/java/x86_64/sun_jdk1.8.0_151/bin/java') with -d64 support.
-- Detected gnuplot version '4.6 patchlevel 2   ' (from 'gnuplot') and image format 'png'.
-- Detected 16 CPUs and 126 gigabytes of memory.
-- Limited to 10g gigabytes from maxMemory option.
-- Detected Slurm with 'sinfo' binary in /usr/bin/sinfo.
-- Grid engine and staging disabled per useGrid=false option.
--
--                                (tag)Concurrency
--                         (tag)Threads          |
--                (tag)Memory         |          |
--        (tag)             |         |          |       total usage      algorithm
--        -------  ----------  --------   --------  --------------------  -----------------------------
-- Local: meryl      5.000 GB    4 CPUs x   2 jobs    10.000 GB   8 CPUs  (k-mer counting)
-- Local: hap        5.000 GB    4 CPUs x   2 jobs    10.000 GB   8 CPUs  (read-to-haplotype assignment)
-- Local: cormhap    6.000 GB   16 CPUs x   1 job      6.000 GB  16 CPUs  (overlap detection with mhap)
-- Local: obtovl     4.000 GB    8 CPUs x   2 jobs     8.000 GB  16 CPUs  (overlap detection)
-- Local: utgovl     4.000 GB    8 CPUs x   2 jobs     8.000 GB  16 CPUs  (overlap detection)
-- Local: cor        8.000 GB    2 CPUs x   1 job      8.000 GB   2 CPUs  (read correction)
-- Local: ovb        4.000 GB    1 CPU  x   2 jobs     8.000 GB   2 CPUs  (overlap store bucketizer)
-- Local: ovs        8.000 GB    1 CPU  x   1 job      8.000 GB   1 CPU   (overlap store sorting)
-- Local: red       10.000 GB    4 CPUs x   1 job     10.000 GB   4 CPUs  (read error detection)
-- Local: oea        8.000 GB    1 CPU  x   1 job      8.000 GB   1 CPU   (overlap error adjustment)
-- Local: bat       10.000 GB    4 CPUs x   1 job     10.000 GB   4 CPUs  (contig construction with bogart)
-- Local: cns        -.--- GB    4 CPUs x   - jobs     -.--- GB   - CPUs  (consensus)
-- Local: gfa       10.000 GB    4 CPUs x   1 job     10.000 GB   4 CPUs  (GFA alignment and processing)
--
-- In 'assCanu_Efae.seqStore', found PacBio CLR reads:
--   PacBio CLR:               6
--
--   Raw:                      1
--
-- Generating assembly 'assCanu_Efae' in '/domus/h1/tiscargf/GenomeAnalysis/GenomeAnalysisProject/Code/Canu_assembly':
--    - correct raw reads.
--    - trim corrected reads.
--    - assemble corrected and trimmed reads.
--
-- Parameters:
--
--  genomeSize        2770000
--
--  Overlap Generation Limits:
--    corOvlErrorRate 0.2400 ( 24.00%)
--    obtOvlErrorRate 0.0450 (  4.50%)
--    utgOvlErrorRate 0.0450 (  4.50%)
--
--  Overlap Processing Limits:
--    corErrorRate    0.3000 ( 30.00%)
--    obtErrorRate    0.0450 (  4.50%)
--    utgErrorRate    0.0450 (  4.50%)
--    cnsErrorRate    0.0750 (  7.50%)
--
--
-- BEGIN CORRECTION
--
-- No change in report.
-- No change in report.
--
-- Running jobs.  First attempt out of 2.
----------------------------------------
-- Starting 'meryl' concurrent execution on Wed Apr 27 15:21:49 2022 with 15079.074 GB free disk space (1 processes; 2 concurrently)

    cd correction/0-mercounts
    ./meryl-count.sh 1 > ./meryl-count.000001.out 2>&1

-- Finished on Wed Apr 27 15:24:52 2022 (183 seconds) with 15074.838 GB free disk space
----------------------------------------
-- Found 1 Kmer counting (meryl) outputs.
-- No change in report.
-- Finished stage 'cor-merylCountCheck', reset canuIteration.
-- No change in report.
--
-- Running jobs.  First attempt out of 2.
----------------------------------------
-- Starting 'meryl' concurrent execution on Wed Apr 27 15:24:52 2022 with 15074.838 GB free disk space (1 processes; 2 concurrently)

    cd correction/0-mercounts
    ./meryl-process.sh 1 > ./meryl-process.000001.out 2>&1

-- Finished on Wed Apr 27 15:25:34 2022 (42 seconds) with 15074.285 GB free disk space
----------------------------------------
-- Meryl finished successfully.  Kmer frequency histogram:
--
--  16-mers                                                                                           Fraction
--    Occurrences   NumMers                                                                         Unique Total
--       1-     1         0                                                                        0.0000 0.0000
--       2-     2  44779897 ********************************************************************** 0.6022 0.3152
--       3-     4  19325203 ******************************                                         0.7846 0.4583
--       5-     7   5544988 ********                                                               0.9013 0.5908
--       8-    11   1661602 **                                                                     0.9453 0.6679
--      12-    16    797661 *                                                                      0.9618 0.7117
--      17-    22    639664                                                                        0.9713 0.7488
--      23-    29    610128                                                                        0.9796 0.7931
--      30-    37    500796                                                                        0.9876 0.8489
--      38-    46    290171                                                                        0.9939 0.9055
--      47-    56    114194                                                                        0.9974 0.9446
--      57-    67     38942                                                                        0.9988 0.9631
--      68-    79     17297                                                                        0.9993 0.9708
--      80-    92     10152                                                                        0.9995 0.9750
--      93-   106      5694                                                                        0.9996 0.9779
--     107-   121      3277                                                                        0.9997 0.9798
--     122-   137      2282                                                                        0.9997 0.9811
--     138-   154      2110                                                                        0.9998 0.9822
--     155-   172      1968                                                                        0.9998 0.9832
--     173-   191      1537                                                                        0.9998 0.9843
--     192-   211      1495                                                                        0.9998 0.9853
--     212-   232      1734                                                                        0.9999 0.9864
--     233-   254      1799                                                                        0.9999 0.9878
--     255-   277      1614                                                                        0.9999 0.9893
--     278-   301      1151                                                                        0.9999 0.9908
--     302-   326       742                                                                        0.9999 0.9920
--     327-   352       516                                                                        1.0000 0.9928
--     353-   379       499                                                                        1.0000 0.9934
--     380-   407       471                                                                        1.0000 0.9940
--     408-   436       404                                                                        1.0000 0.9947
--     437-   466       266                                                                        1.0000 0.9953
--     467-   497       222                                                                        1.0000 0.9957
--     498-   529       141                                                                        1.0000 0.9960
--     530-   562        86                                                                        1.0000 0.9963
--     563-   596        47                                                                        1.0000 0.9965
--     597-   631        47                                                                        1.0000 0.9966
--     632-   667        27                                                                        1.0000 0.9967
--     668-   704        24                                                                        1.0000 0.9967
--     705-   742        29                                                                        1.0000 0.9968
--     743-   781        26                                                                        1.0000 0.9968
--     782-   821        27                                                                        1.0000 0.9969
--
--           0 (max occurrences)
--   284160311 (total mers, non-unique)
--    74359185 (distinct mers, non-unique)
--           0 (unique mers)
-- Report changed.
-- Finished stage 'meryl-process', reset canuIteration.
--
-- Removing meryl database 'correction/0-mercounts/assCanu_Efae.ms16'.
--
-- OVERLAPPER (mhap) (correction)
--
-- Set corMhapSensitivity=low based on read coverage of 192.
--
-- PARAMETERS: hashes=256, minMatches=3, threshold=0.8
--
-- Given 5.4 GB, can fit 16200 reads per block.
-- For 8 blocks, set stride to 2 blocks.
-- Logging partitioning to 'correction/1-overlapper/partitioning.log'.
-- Configured 7 mhap precompute jobs.
-- Configured 13 mhap overlap jobs.
-- No change in report.
-- Finished stage 'cor-mhapConfigure', reset canuIteration.
-- No change in report.
--
-- Running jobs.  First attempt out of 2.
----------------------------------------
-- Starting 'cormhap' concurrent execution on Wed Apr 27 15:25:35 2022 with 15074.271 GB free disk space (7 processes; 1 concurrently)

    cd correction/1-overlapper
    ./precompute.sh 1 > ./precompute.000001.out 2>&1
    ./precompute.sh 2 > ./precompute.000002.out 2>&1
    ./precompute.sh 3 > ./precompute.000003.out 2>&1
    ./precompute.sh 4 > ./precompute.000004.out 2>&1
    ./precompute.sh 5 > ./precompute.000005.out 2>&1
    ./precompute.sh 6 > ./precompute.000006.out 2>&1
    ./precompute.sh 7 > ./precompute.000007.out 2>&1

-- Finished on Wed Apr 27 18:17:34 2022 (10319 seconds, it'll be worth it in the end) with 14918.121 GB free disk space
----------------------------------------
-- All 7 mhap precompute jobs finished successfully.
-- No change in report.
-- Finished stage 'cor-mhapPrecomputeCheck', reset canuIteration.
-- No change in report.
--
-- Running jobs.  First attempt out of 2.
----------------------------------------
-- Starting 'cormhap' concurrent execution on Wed Apr 27 18:17:34 2022 with 14918.12 GB free disk space (13 processes; 1 concurrently)

    cd correction/1-overlapper
    ./mhap.sh 1 > ./mhap.000001.out 2>&1
    ./mhap.sh 2 > ./mhap.000002.out 2>&1
    ./mhap.sh 3 > ./mhap.000003.out 2>&1
    ./mhap.sh 4 > ./mhap.000004.out 2>&1
    ./mhap.sh 5 > ./mhap.000005.out 2>&1
    ./mhap.sh 6 > ./mhap.000006.out 2>&1
    ./mhap.sh 7 > ./mhap.000007.out 2>&1
    ./mhap.sh 8 > ./mhap.000008.out 2>&1
    ./mhap.sh 9 > ./mhap.000009.out 2>&1
    ./mhap.sh 10 > ./mhap.000010.out 2>&1
    ./mhap.sh 11 > ./mhap.000011.out 2>&1
    ./mhap.sh 12 > ./mhap.000012.out 2>&1
    ./mhap.sh 13 > ./mhap.000013.out 2>&1

-- Finished on Wed Apr 27 18:29:39 2022 (725 seconds) with 14889.473 GB free disk space
----------------------------------------
-- Found 13 mhap overlap output files.
-- No change in report.
-- Finished stage 'cor-mhapCheck', reset canuIteration.
----------------------------------------
-- Starting command on Wed Apr 27 18:29:39 2022 with 14889.466 GB free disk space

    cd correction
    /sw/bioinfo/canu/2.0/rackham/Linux-amd64/bin/ovStoreConfig \
     -S ../assCanu_Efae.seqStore \
     -M 4-8 \
     -L ./1-overlapper/ovljob.files \
     -create ./assCanu_Efae.ovlStore.config \
     > ./assCanu_Efae.ovlStore.config.txt \
    2> ./assCanu_Efae.ovlStore.config.err

-- Finished on Wed Apr 27 18:29:39 2022 (in the blink of an eye) with 14889.455 GB free disk space
----------------------------------------
--
-- Creating overlap store correction/assCanu_Efae.ovlStore using:
--      2 buckets
--      2 slices
--        using at most 1 GB memory each
-- No change in report.
-- Finished stage 'cor-overlapStoreConfigure', reset canuIteration.
-- No change in report.
--
-- Running jobs.  First attempt out of 2.
----------------------------------------
-- Starting 'ovB' concurrent execution on Wed Apr 27 18:29:39 2022 with 14889.453 GB free disk space (2 processes; 2 concurrently)

    cd correction/assCanu_Efae.ovlStore.BUILDING
    ./scripts/1-bucketize.sh 1 > ./logs/1-bucketize.000001.out 2>&1
    ./scripts/1-bucketize.sh 2 > ./logs/1-bucketize.000002.out 2>&1

-- Finished on Wed Apr 27 18:29:43 2022 (4 seconds) with 14888.98 GB free disk space
----------------------------------------
-- Overlap store bucketizer finished.
-- No change in report.
-- Finished stage 'cor-overlapStoreBucketizerCheck', reset canuIteration.
-- No change in report.
--
-- Running jobs.  First attempt out of 2.
----------------------------------------
-- Starting 'ovS' concurrent execution on Wed Apr 27 18:29:43 2022 with 14888.976 GB free disk space (2 processes; 1 concurrently)

    cd correction/assCanu_Efae.ovlStore.BUILDING
    ./scripts/2-sort.sh 1 > ./logs/2-sort.000001.out 2>&1
    ./scripts/2-sort.sh 2 > ./logs/2-sort.000002.out 2>&1

-- Finished on Wed Apr 27 18:29:47 2022 (4 seconds) with 14889.835 GB free disk space
----------------------------------------
-- Overlap store sorter finished.
-- No change in report.
-- Finished stage 'cor-overlapStoreSorterCheck', reset canuIteration.
----------------------------------------
-- Starting command on Wed Apr 27 18:29:47 2022 with 14889.835 GB free disk space

    cd correction
    /sw/bioinfo/canu/2.0/rackham/Linux-amd64/bin/ovStoreIndexer \
      -O  ./assCanu_Efae.ovlStore.BUILDING \
      -S ../assCanu_Efae.seqStore \
      -C  ./assCanu_Efae.ovlStore.config \
      -delete \
    > ./assCanu_Efae.ovlStore.BUILDING.index.err 2>&1

-- Finished on Wed Apr 27 18:29:47 2022 (like a bat out of hell) with 14889.821 GB free disk space
----------------------------------------
-- Checking store.
----------------------------------------
-- Starting command on Wed Apr 27 18:29:47 2022 with 14889.821 GB free disk space

    cd correction
    /sw/bioinfo/canu/2.0/rackham/Linux-amd64/bin/ovStoreDump \
     -S ../assCanu_Efae.seqStore \
     -O  ./assCanu_Efae.ovlStore \
     -counts \
     > ./assCanu_Efae.ovlStore/counts.dat 2> ./assCanu_Efae.ovlStore/counts.err

-- Finished on Wed Apr 27 18:29:47 2022 (lickety-split) with 14889.811 GB free disk space
----------------------------------------
--
-- Overlap store 'correction/assCanu_Efae.ovlStore' successfully constructed.
-- Found 7374836 overlaps for 88992 reads; 11844 reads have no overlaps.
--
--
-- Purged 1.777 GB in 33 overlap output files.
-- No change in report.
-- Finished stage 'cor-createOverlapStore', reset canuIteration.
-- Set corMinCoverage=4 based on read coverage of 192.
-- Global filter scores will be estimated.
-- Computing correction layouts.
----------------------------------------
-- Starting command on Wed Apr 27 18:29:48 2022 with 14889.71 GB free disk space

    cd correction
    /sw/bioinfo/canu/2.0/rackham/Linux-amd64/bin/generateCorrectionLayouts \
      -S ../assCanu_Efae.seqStore \
      -O  ./assCanu_Efae.ovlStore \
      -C  ./assCanu_Efae.corStore.WORKING \
      -eC 80 \
    > ./assCanu_Efae.corStore.err 2>&1

-- Finished on Wed Apr 27 18:29:50 2022 (2 seconds) with 14889.371 GB free disk space
----------------------------------------
-- No change in report.
-- Finished stage 'cor-buildCorrectionLayoutsConfigure', reset canuIteration.
-- Computing correction layouts.
----------------------------------------
-- Starting command on Wed Apr 27 18:29:50 2022 with 14889.366 GB free disk space

    cd correction/2-correction
    /sw/bioinfo/canu/2.0/rackham/Linux-amd64/bin/filterCorrectionLayouts \
      -S  ../../assCanu_Efae.seqStore \
      -C     ../assCanu_Efae.corStore \
      -R      ./assCanu_Efae.readsToCorrect.WORKING \
      -cc 4 \
      -cl 1000 \
      -g  2770000 \
      -c  40 \
    > ./assCanu_Efae.readsToCorrect.err 2>&1

-- Finished on Wed Apr 27 18:29:51 2022 (one second) with 14889.25 GB free disk space
----------------------------------------
--                             original      original
--                            raw reads     raw reads
--   category                w/overlaps  w/o/overlaps
--   -------------------- ------------- -------------
--   Number of Reads              79691         21145
--   Number of Bases          431465859      42722239
--   Coverage                   155.764        15.423
--   Median                        4836             0
--   Mean                          5414          2020
--   N50                           6974          6189
--   Minimum                       1000             0
--   Maximum                      21204         20592
--   
--                                        --------corrected---------  ----------rescued----------
--                             evidence                     expected                     expected
--   category                     reads            raw     corrected            raw     corrected
--   -------------------- -------------  ------------- -------------  ------------- -------------
--   Number of Reads              77115          11516         11516            477           477
--   Number of Bases          426056389      116927481     110806028        2115983       1051926
--   Coverage                   153.811         42.212        40.002          0.764         0.380
--   Median                        4963           9590          9052           3650          1843
--   Mean                          5524          10153          9621           4436          2205
--   N50                           7009          10084          9425           6040          2584
--   Minimum                       1000           7508          7507           1051          1001
--   Maximum                      20948          19923         18422          17911          6850
--   
--                        --------uncorrected--------
--                                           expected
--   category                       raw     corrected
--   -------------------- ------------- -------------
--   Number of Reads              88843         88843
--   Number of Bases          355144634     193767604
--   Coverage                   128.211        69.952
--   Median                        3641          1280
--   Mean                          3997          2181
--   N50                           5862          5115
--   Minimum                          0             0
--   Maximum                      21204         18970
--   
--   Maximum Memory           714635102
-- Report changed.
-- Finished stage 'cor-filterCorrectionLayouts', reset canuIteration.
-- Using overlaps no worse than 0.3 fraction error for correcting reads (from corErrorRate parameter).
--
-- Configuring correction jobs:
--   Jobs limited to 8 GB per job (via option corMemory).
--   Reads estimated to need at most 1 GB for computation.
--   Leaving 7 GB memory for read data.
----------------------------------------
-- Starting command on Wed Apr 27 18:29:51 2022 with 14889.246 GB free disk space

    cd correction/2-correction
    ./correctReadsPartition.sh \
    > ./correctReadsPartition.err 2>&1

-- Finished on Wed Apr 27 18:29:51 2022 (fast as lightning) with 14889.188 GB free disk space
----------------------------------------
-- Using overlaps no worse than 0.3 fraction error for correcting reads (from corErrorRate parameter).
-- No change in report.
-- Finished stage 'cor-generateCorrectedReadsConfigure', reset canuIteration.
-- No change in report.
--
-- Running jobs.  First attempt out of 2.
----------------------------------------
-- Starting 'cor' concurrent execution on Wed Apr 27 18:29:51 2022 with 14889.183 GB free disk space (2 processes; 1 concurrently)

    cd correction/2-correction
    ./correctReads.sh 1 > ./correctReads.000001.out 2>&1
    ./correctReads.sh 2 > ./correctReads.000002.out 2>&1

-- Finished on Wed Apr 27 20:02:11 2022 (5540 seconds) with 14864.001 GB free disk space
----------------------------------------
-- Found 2 read correction output files.
-- No change in report.
-- Finished stage 'cor-generateCorrectedReadsCheck', reset canuIteration.
-- Found 2 read correction output files.
-- No change in report.
-- Finished stage 'cor-generateCorrectedReadsCheck', reset canuIteration.
--
-- Loading corrected reads into corStore and seqStore.
----------------------------------------
-- Starting command on Wed Apr 27 20:02:11 2022 with 14864.001 GB free disk space

    cd correction
    /sw/bioinfo/canu/2.0/rackham/Linux-amd64/bin/loadCorrectedReads \
      -S ../assCanu_Efae.seqStore \
      -C ./assCanu_Efae.corStore \
      -L ./2-correction/corjob.files \
    >  ./assCanu_Efae.loadCorrectedReads.log \
    2> ./assCanu_Efae.loadCorrectedReads.err

-- Finished on Wed Apr 27 20:02:14 2022 (3 seconds) with 14863.934 GB free disk space
----------------------------------------
----------------------------------------
-- Starting command on Wed Apr 27 20:02:14 2022 with 14863.934 GB free disk space

    cd .
    /sw/bioinfo/canu/2.0/rackham/Linux-amd64/bin/sqStoreDumpMetaData \
      -S ./assCanu_Efae.seqStore \
      -corrected \
      -histogram \
      -lengths \
    > ./assCanu_Efae.seqStore/readlengths-obt.dat \
    2> ./assCanu_Efae.seqStore/readlengths-obt.err 
    

-- Finished on Wed Apr 27 20:02:14 2022 (fast as lightning) with 14863.934 GB free disk space
----------------------------------------
----------------------------------------
-- Starting command on Wed Apr 27 20:02:15 2022 with 14863.934 GB free disk space

    cd .
    /sw/bioinfo/canu/2.0/rackham/Linux-amd64/bin/sqStoreDumpMetaData \
      -S ./assCanu_Efae.seqStore \
      -corrected \
      -histogram \
    > ./assCanu_Efae.seqStore/readlengths-obt.txt \
    2> ./assCanu_Efae.seqStore/readlengths-obt.err 
    

-- Finished on Wed Apr 27 20:02:15 2022 (like a bat out of hell) with 14863.934 GB free disk space
----------------------------------------
--
-- In sequence store './assCanu_Efae.seqStore':
--   Found 11740 reads.
--   Found 102345384 bases (36.94 times coverage).
--    
--    G=102345384                        sum of  ||               length     num
--    NG         length     index       lengths  ||                range    seqs
--    ----- ------------ --------- ------------  ||  ------------------- -------
--    00010        12462       743     10239204  ||          5-363             2|-
--    00020        10999      1621     20479467  ||        364-722             2|-
--    00030        10111      2593     30708016  ||        723-1081           73|----
--    00040         9415      3643     40946295  ||       1082-1440          118|------
--    00050         8849      4764     51173008  ||       1441-1799           62|---
--    00060         8411      5952     61411906  ||       1800-2158           59|---
--    00070         8035      7197     71645087  ||       2159-2517           50|---
--    00080         7689      8499     81881153  ||       2518-2876           34|--
--    00090         7350      9861     92113269  ||       2877-3235           46|---
--    00100            5     11739    102345384  ||       3236-3594           30|--
--    001.000x               11740    102345384  ||       3595-3953           26|--
--                                               ||       3954-4312           35|--
--                                               ||       4313-4671           31|--
--                                               ||       4672-5030           37|--
--                                               ||       5031-5389           38|--
--                                               ||       5390-5748           46|---
--                                               ||       5749-6107           54|---
--                                               ||       6108-6466           64|---
--                                               ||       6467-6825          150|-------
--                                               ||       6826-7184          451|----------------------
--                                               ||       7185-7543         1275|------------------------------------------------------------
--                                               ||       7544-7902         1352|---------------------------------------------------------------
--                                               ||       7903-8261         1258|-----------------------------------------------------------
--                                               ||       8262-8620         1113|----------------------------------------------------
--                                               ||       8621-8979          854|----------------------------------------
--                                               ||       8980-9338          680|--------------------------------
--                                               ||       9339-9697          616|-----------------------------
--                                               ||       9698-10056         510|------------------------
--                                               ||      10057-10415         448|---------------------
--                                               ||      10416-10774         402|-------------------
--                                               ||      10775-11133         306|---------------
--                                               ||      11134-11492         239|------------
--                                               ||      11493-11851         234|-----------
--                                               ||      11852-12210         187|---------
--                                               ||      12211-12569         165|--------
--                                               ||      12570-12928         151|--------
--                                               ||      12929-13287         124|------
--                                               ||      13288-13646          99|-----
--                                               ||      13647-14005          70|----
--                                               ||      14006-14364          65|----
--                                               ||      14365-14723          39|--
--                                               ||      14724-15082          39|--
--                                               ||      15083-15441          29|--
--                                               ||      15442-15800          29|--
--                                               ||      15801-16159          22|--
--                                               ||      16160-16518          10|-
--                                               ||      16519-16877           6|-
--                                               ||      16878-17236           6|-
--                                               ||      17237-17595           0|
--                                               ||      17596-17954           4|-
--    
--
-- Purging correctReads output after loading into stores.
-- Purged 2 .cns outputs.
-- Purged 4 .out job log outputs.
--
-- Purging overlaps used for correction.
-- Report changed.
-- Finished stage 'cor-loadCorrectedReads', reset canuIteration.
----------------------------------------
-- Starting command on Wed Apr 27 20:02:15 2022 with 14863.932 GB free disk space

    cd .
    /sw/bioinfo/canu/2.0/rackham/Linux-amd64/bin/sqStoreDumpFASTQ \
      -corrected \
      -S ./assCanu_Efae.seqStore \
      -o ./assCanu_Efae.correctedReads.gz \
      -fasta \
      -nolibname \
    > assCanu_Efae.correctedReads.fasta.err 2>&1

-- Finished on Wed Apr 27 20:02:18 2022 (3 seconds) with 14863.898 GB free disk space
----------------------------------------
--
-- Corrected reads saved in 'assCanu_Efae.correctedReads.fasta.gz'.
-- No change in report.
-- Finished stage 'cor-dumpCorrectedReads', reset canuIteration.
--
--
-- BEGIN TRIMMING
--
-- No change in report.
----------------------------------------
-- Starting command on Wed Apr 27 20:02:18 2022 with 14863.898 GB free disk space

    cd trimming/0-mercounts
    ./meryl-configure.sh \
    > ./meryl-configure.err 2>&1

-- Finished on Wed Apr 27 20:02:18 2022 (like a bat out of hell) with 14863.897 GB free disk space
----------------------------------------
--  segments   memory batches
--  -------- -------- -------
--        01  0.44 GB       1
--
--  For 11740 reads with 102345384 bases, limit to 1 batch.
--  Will count kmers using 01 jobs, each using 2 GB and 4 threads.
--
-- No change in report.
-- Finished stage 'merylConfigure', reset canuIteration.
-- No change in report.
--
-- Running jobs.  First attempt out of 2.
----------------------------------------
-- Starting 'meryl' concurrent execution on Wed Apr 27 20:02:18 2022 with 14863.897 GB free disk space (1 processes; 2 concurrently)

    cd trimming/0-mercounts
    ./meryl-count.sh 1 > ./meryl-count.000001.out 2>&1

-- Finished on Wed Apr 27 20:02:37 2022 (19 seconds) with 14863.828 GB free disk space
----------------------------------------
-- Found 1 Kmer counting (meryl) outputs.
-- No change in report.
-- Finished stage 'obt-merylCountCheck', reset canuIteration.
-- No change in report.
--
-- Running jobs.  First attempt out of 2.
----------------------------------------
-- Starting 'meryl' concurrent execution on Wed Apr 27 20:02:37 2022 with 14863.828 GB free disk space (1 processes; 2 concurrently)

    cd trimming/0-mercounts
    ./meryl-process.sh 1 > ./meryl-process.000001.out 2>&1

-- Finished on Wed Apr 27 20:03:14 2022 (37 seconds) with 14863.615 GB free disk space
----------------------------------------
-- Meryl finished successfully.  Kmer frequency histogram:
--
--  22-mers                                                                                           Fraction
--    Occurrences   NumMers                                                                         Unique Total
--       1-     1         0                                                                        0.0000 0.0000
--       2-     2    249575 ***********************************                                    0.0769 0.0051
--       3-     4    124342 *****************                                                      0.1012 0.0075
--       5-     7    120987 *****************                                                      0.1261 0.0111
--       8-    11    211363 ******************************                                         0.1677 0.0208
--      12-    16    250396 ***********************************                                    0.2327 0.0434
--      17-    22    310571 ********************************************                           0.3118 0.0828
--      23-    29    427798 *************************************************************          0.4082 0.1483
--      30-    37    490016 ********************************************************************** 0.5441 0.2701
--      38-    46    486188 *********************************************************************  0.6918 0.4379
--      47-    56    336975 ************************************************                       0.8375 0.6440
--      57-    67    153876 *********************                                                  0.9341 0.8096
--      68-    79     32629 ****                                                                   0.9759 0.8949
--      80-    92     15205 **                                                                     0.9848 0.9164
--      93-   106      7160 *                                                                      0.9894 0.9293
--     107-   121      8522 *                                                                      0.9915 0.9365
--     122-   137      1949                                                                        0.9940 0.9458
--     138-   154       962                                                                        0.9946 0.9483
--     155-   172      2670                                                                        0.9949 0.9498
--     173-   191       856                                                                        0.9957 0.9541
--     192-   211      1655                                                                        0.9960 0.9557
--     212-   232      1137                                                                        0.9965 0.9591
--     233-   254      1439                                                                        0.9968 0.9616
--     255-   277       688                                                                        0.9973 0.9652
--     278-   301      1329                                                                        0.9975 0.9672
--     302-   326       412                                                                        0.9979 0.9710
--     327-   352      1364                                                                        0.9980 0.9723
--     353-   379      2537                                                                        0.9984 0.9772
--     380-   407       863                                                                        0.9993 0.9871
--     408-   436        25                                                                        0.9995 0.9899
--     437-   466        36                                                                        0.9995 0.9900
--     467-   497        74                                                                        0.9995 0.9901
--     498-   529       188                                                                        0.9995 0.9905
--     530-   562       455                                                                        0.9996 0.9916
--     563-   596       317                                                                        0.9997 0.9941
--     597-   631       372                                                                        0.9998 0.9960
--     632-   667       193                                                                        0.9999 0.9983
--     668-   704         6                                                                        1.0000 0.9995
--     705-   742        11                                                                        1.0000 0.9995
--     743-   781         3                                                                        1.0000 0.9996
--     782-   821         5                                                                        1.0000 0.9996
--
--           0 (max occurrences)
--    98196442 (total mers, non-unique)
--     3245174 (distinct mers, non-unique)
--           0 (unique mers)
-- Report changed.
-- Finished stage 'meryl-process', reset canuIteration.
--
-- Removing meryl database 'trimming/0-mercounts/assCanu_Efae.ms22'.
--
-- OVERLAPPER (normal) (trimming) erate=0.045
--
----------------------------------------
-- Starting command on Wed Apr 27 20:03:15 2022 with 14863.615 GB free disk space

    cd trimming/1-overlapper
    /sw/bioinfo/canu/2.0/rackham/Linux-amd64/bin/overlapInCorePartition \
     -S  ../../assCanu_Efae.seqStore \
     -hl 80000000 \
     -rl 1000000000 \
     -ol 500 \
     -o  ./assCanu_Efae.partition \
    > ./assCanu_Efae.partition.err 2>&1

-- Finished on Wed Apr 27 20:03:15 2022 (like a bat out of hell) with 14863.614 GB free disk space
----------------------------------------
--
-- Configured 2 overlapInCore jobs.
-- No change in report.
-- Finished stage 'obt-overlapConfigure', reset canuIteration.
-- No change in report.
--
-- Running jobs.  First attempt out of 2.
----------------------------------------
-- Starting 'obtovl' concurrent execution on Wed Apr 27 20:03:15 2022 with 14863.614 GB free disk space (2 processes; 2 concurrently)

    cd trimming/1-overlapper
    ./overlap.sh 1 > ./overlap.000001.out 2>&1
    ./overlap.sh 2 > ./overlap.000002.out 2>&1

-- Finished on Wed Apr 27 20:12:30 2022 (555 seconds) with 14861.658 GB free disk space
----------------------------------------
-- Found 2 overlapInCore output files.
--
-- overlapInCore compute 'trimming/1-overlapper':
--   kmer hits
--     with no overlap          2940630     1470315 +- 484495.424
--     with an overlap           964989    482494.5 +- 148230.087
--
--   overlaps                    964989    482494.5 +- 148230.087
--     contained                      0           0 +- 0
--     dovetail                       0           0 +- 0
--
--   overlaps rejected
--     multiple per pair              0           0 +- 0
--     bad short window               0           0 +- 0
--     bad long window                0           0 +- 0
-- No change in report.
-- Finished stage 'obt-overlapCheck', reset canuIteration.
----------------------------------------
-- Starting command on Wed Apr 27 20:12:30 2022 with 14861.658 GB free disk space

    cd trimming
    /sw/bioinfo/canu/2.0/rackham/Linux-amd64/bin/ovStoreConfig \
     -S ../assCanu_Efae.seqStore \
     -M 3 \
     -L ./1-overlapper/ovljob.files \
     -create ./assCanu_Efae.ovlStore.config \
     > ./assCanu_Efae.ovlStore.config.txt \
    2> ./assCanu_Efae.ovlStore.config.err

-- Finished on Wed Apr 27 20:12:30 2022 (fast as lightning) with 14861.657 GB free disk space
----------------------------------------
--
-- Creating overlap store trimming/assCanu_Efae.ovlStore using:
--      2 buckets
--      2 slices
--        using at most 1 GB memory each
-- No change in report.
-- Finished stage 'obt-overlapStoreConfigure', reset canuIteration.
-- No change in report.
--
-- Running jobs.  First attempt out of 2.
----------------------------------------
-- Starting 'ovB' concurrent execution on Wed Apr 27 20:12:30 2022 with 14861.657 GB free disk space (2 processes; 2 concurrently)

    cd trimming/assCanu_Efae.ovlStore.BUILDING
    ./scripts/1-bucketize.sh 1 > ./logs/1-bucketize.000001.out 2>&1
    ./scripts/1-bucketize.sh 2 > ./logs/1-bucketize.000002.out 2>&1

-- Finished on Wed Apr 27 20:12:31 2022 (one second) with 14861.623 GB free disk space
----------------------------------------
-- Overlap store bucketizer finished.
-- No change in report.
-- Finished stage 'obt-overlapStoreBucketizerCheck', reset canuIteration.
-- No change in report.
--
-- Running jobs.  First attempt out of 2.
----------------------------------------
-- Starting 'ovS' concurrent execution on Wed Apr 27 20:12:31 2022 with 14861.623 GB free disk space (2 processes; 1 concurrently)

    cd trimming/assCanu_Efae.ovlStore.BUILDING
    ./scripts/2-sort.sh 1 > ./logs/2-sort.000001.out 2>&1
    ./scripts/2-sort.sh 2 > ./logs/2-sort.000002.out 2>&1

-- Finished on Wed Apr 27 20:12:33 2022 (2 seconds) with 14861.574 GB free disk space
----------------------------------------
-- Overlap store sorter finished.
-- No change in report.
-- Finished stage 'obt-overlapStoreSorterCheck', reset canuIteration.
----------------------------------------
-- Starting command on Wed Apr 27 20:12:33 2022 with 14861.574 GB free disk space

    cd trimming
    /sw/bioinfo/canu/2.0/rackham/Linux-amd64/bin/ovStoreIndexer \
      -O  ./assCanu_Efae.ovlStore.BUILDING \
      -S ../assCanu_Efae.seqStore \
      -C  ./assCanu_Efae.ovlStore.config \
      -delete \
    > ./assCanu_Efae.ovlStore.BUILDING.index.err 2>&1

-- Finished on Wed Apr 27 20:12:33 2022 (in the blink of an eye) with 14861.566 GB free disk space
----------------------------------------
-- Checking store.
----------------------------------------
-- Starting command on Wed Apr 27 20:12:33 2022 with 14861.566 GB free disk space

    cd trimming
    /sw/bioinfo/canu/2.0/rackham/Linux-amd64/bin/ovStoreDump \
     -S ../assCanu_Efae.seqStore \
     -O  ./assCanu_Efae.ovlStore \
     -counts \
     > ./assCanu_Efae.ovlStore/counts.dat 2> ./assCanu_Efae.ovlStore/counts.err

-- Finished on Wed Apr 27 20:12:33 2022 (fast as lightning) with 14861.565 GB free disk space
----------------------------------------
--
-- Overlap store 'trimming/assCanu_Efae.ovlStore' successfully constructed.
-- Found 1929978 overlaps for 11735 reads; 89101 reads have no overlaps.
--
--
-- Purged 0.018 GB in 6 overlap output files.
-- No change in report.
-- Finished stage 'obt-createOverlapStore', reset canuIteration.
----------------------------------------
-- Starting command on Wed Apr 27 20:12:33 2022 with 14861.565 GB free disk space

    cd trimming/3-overlapbasedtrimming
    /sw/bioinfo/canu/2.0/rackham/Linux-amd64/bin/trimReads \
      -S  ../../assCanu_Efae.seqStore \
      -O  ../assCanu_Efae.ovlStore \
      -Co ./assCanu_Efae.1.trimReads.clear \
      -e  0.045 \
      -minlength 1000 \
      -ol 500 \
      -oc 2 \
      -o  ./assCanu_Efae.1.trimReads \
    >     ./assCanu_Efae.1.trimReads.err 2>&1

-- Finished on Wed Apr 27 20:12:35 2022 (2 seconds) with 14861.559 GB free disk space
----------------------------------------
--  PARAMETERS:
--  ----------
--     1000    (reads trimmed below this many bases are deleted)
--   0.0450    (use overlaps at or below this fraction error)
--      500    (break region if overlap is less than this long, for 'largest covered' algorithm)
--        2    (break region if overlap coverage is less than this many reads, for 'largest covered' algorithm)
--  
--  INPUT READS:
--  -----------
--  100836 reads    102345384 bases (reads processed)
--       0 reads            0 bases (reads not processed, previously deleted)
--       0 reads            0 bases (reads not processed, in a library where trimming isn't allowed)
--  
--  OUTPUT READS:
--  ------------
--   10435 reads     86961726 bases (trimmed reads output)
--    1246 reads     10228924 bases (reads with no change, kept as is)
--   89101 reads         4779 bases (reads with no overlaps, deleted)
--      54 reads        54673 bases (reads with short trimmed length, deleted)
--  
--  TRIMMING DETAILS:
--  ----------------
--    6685 reads      2057330 bases (bases trimmed from the 5' end of a read)
--    8689 reads      3037952 bases (bases trimmed from the 3' end of a read)
-- Report changed.
-- Finished stage 'obt-trimReads', reset canuIteration.
----------------------------------------
-- Starting command on Wed Apr 27 20:12:35 2022 with 14861.559 GB free disk space

    cd trimming/3-overlapbasedtrimming
    /sw/bioinfo/canu/2.0/rackham/Linux-amd64/bin/splitReads \
      -S  ../../assCanu_Efae.seqStore \
      -O  ../assCanu_Efae.ovlStore \
      -Ci ./assCanu_Efae.1.trimReads.clear \
      -Co ./assCanu_Efae.2.splitReads.clear \
      -e  0.045 \
      -minlength 1000 \
      -o  ./assCanu_Efae.2.splitReads \
    >     ./assCanu_Efae.2.splitReads.err 2>&1

-- Finished on Wed Apr 27 20:12:36 2022 (one second) with 14861.558 GB free disk space
----------------------------------------
--  PARAMETERS:
--  ----------
--     1000    (reads trimmed below this many bases are deleted)
--   0.0450    (use overlaps at or below this fraction error)
--  INPUT READS:
--  -----------
--   11681 reads    102285932 bases (reads processed)
--   89155 reads        59452 bases (reads not processed, previously deleted)
--       0 reads            0 bases (reads not processed, in a library where trimming isn't allowed)
--  
--  PROCESSED:
--  --------
--       0 reads            0 bases (no overlaps)
--       0 reads            0 bases (no coverage after adjusting for trimming done already)
--       0 reads            0 bases (processed for chimera)
--       0 reads            0 bases (processed for spur)
--   11681 reads    102285932 bases (processed for subreads)
--  
--  READS WITH SIGNALS:
--  ------------------
--       0 reads            0 signals (number of 5' spur signal)
--       0 reads            0 signals (number of 3' spur signal)
--       0 reads            0 signals (number of chimera signal)
--      24 reads           24 signals (number of subread signal)
--  
--  SIGNALS:
--  -------
--       0 reads            0 bases (size of 5' spur signal)
--       0 reads            0 bases (size of 3' spur signal)
--       0 reads            0 bases (size of chimera signal)
--      24 reads         8756 bases (size of subread signal)
--  
--  TRIMMING:
--  --------
--       7 reads        30918 bases (trimmed from the 5' end of the read)
--      17 reads        74615 bases (trimmed from the 3' end of the read)
-- Report changed.
-- Finished stage 'obt-splitReads', reset canuIteration.
----------------------------------------
-- Starting command on Wed Apr 27 20:12:36 2022 with 14861.558 GB free disk space

    cd trimming/3-overlapbasedtrimming
    /sw/bioinfo/canu/2.0/rackham/Linux-amd64/bin/loadTrimmedReads \
      -S ../../assCanu_Efae.seqStore \
      -c ./assCanu_Efae.2.splitReads.clear \
    > ./assCanu_Efae.loadTrimmedReads.err 2>&1

-- Finished on Wed Apr 27 20:12:36 2022 (furiously fast) with 14861.48 GB free disk space
----------------------------------------
----------------------------------------
-- Starting command on Wed Apr 27 20:12:36 2022 with 14861.479 GB free disk space

    cd .
    /sw/bioinfo/canu/2.0/rackham/Linux-amd64/bin/sqStoreDumpMetaData \
      -S ./assCanu_Efae.seqStore \
      -corrected -trimmed \
      -histogram \
      -lengths \
    > ./assCanu_Efae.seqStore/readlengths-utg.dat \
    2> ./assCanu_Efae.seqStore/readlengths-utg.err 
    

-- Finished on Wed Apr 27 20:12:36 2022 (in the blink of an eye) with 14861.472 GB free disk space
----------------------------------------
----------------------------------------
-- Starting command on Wed Apr 27 20:12:37 2022 with 14861.465 GB free disk space

    cd .
    /sw/bioinfo/canu/2.0/rackham/Linux-amd64/bin/sqStoreDumpMetaData \
      -S ./assCanu_Efae.seqStore \
      -corrected -trimmed \
      -histogram \
    > ./assCanu_Efae.seqStore/readlengths-utg.txt \
    2> ./assCanu_Efae.seqStore/readlengths-utg.err 
    

-- Finished on Wed Apr 27 20:12:37 2022 (in the blink of an eye) with 14861.464 GB free disk space
----------------------------------------
--
-- In sequence store './assCanu_Efae.seqStore':
--   Found 11681 reads.
--   Found 97085117 bases (35.04 times coverage).
--    
--    G=97085117                         sum of  ||               length     num
--    NG         length     index       lengths  ||                range    seqs
--    ----- ------------ --------- ------------  ||  ------------------- -------
--    00010        11548       757      9710179  ||       1004-1324          122|-------
--    00020        10327      1652     19426648  ||       1325-1645           61|----
--    00030         9559      2629     29126973  ||       1646-1966           55|---
--    00040         8968      3679     38837925  ||       1967-2287           54|---
--    00050         8501      4792     48542573  ||       2288-2608           36|--
--    00060         8134      5960     58252390  ||       2609-2929           32|--
--    00070         7799      7180     67964526  ||       2930-3250           45|---
--    00080         7467      8452     77671449  ||       3251-3571           34|--
--    00090         7061      9784     87382828  ||       3572-3892           26|--
--    00100         1004     11680     97085117  ||       3893-4213           39|--
--    001.000x               11681     97085117  ||       4214-4534           55|---
--                                               ||       4535-4855           69|----
--                                               ||       4856-5176           77|----
--                                               ||       5177-5497           84|-----
--                                               ||       5498-5818          111|------
--                                               ||       5819-6139          163|---------
--                                               ||       6140-6460          200|-----------
--                                               ||       6461-6781          278|---------------
--                                               ||       6782-7102          448|-----------------------
--                                               ||       7103-7423         1068|------------------------------------------------------
--                                               ||       7424-7744         1249|---------------------------------------------------------------
--                                               ||       7745-8065         1204|-------------------------------------------------------------
--                                               ||       8066-8386         1041|-----------------------------------------------------
--                                               ||       8387-8707          876|---------------------------------------------
--                                               ||       8708-9028          690|-----------------------------------
--                                               ||       9029-9349          600|-------------------------------
--                                               ||       9350-9670          488|-------------------------
--                                               ||       9671-9991          433|----------------------
--                                               ||       9992-10312         366|-------------------
--                                               ||      10313-10633         323|-----------------
--                                               ||      10634-10954         257|-------------
--                                               ||      10955-11275         190|----------
--                                               ||      11276-11596         174|---------
--                                               ||      11597-11917         142|--------
--                                               ||      11918-12238         110|------
--                                               ||      12239-12559         112|------
--                                               ||      12560-12880          78|----
--                                               ||      12881-13201          75|----
--                                               ||      13202-13522          57|---
--                                               ||      13523-13843          36|--
--                                               ||      13844-14164          35|--
--                                               ||      14165-14485          26|--
--                                               ||      14486-14806          12|-
--                                               ||      14807-15127          16|-
--                                               ||      15128-15448          13|-
--                                               ||      15449-15769           9|-
--                                               ||      15770-16090           5|-
--                                               ||      16091-16411           4|-
--                                               ||      16412-16732           2|-
--                                               ||      16733-17053           1|-
--    
--
-- Purging overlaps used for trimming.
-- Report changed.
-- Finished stage 'obt-dumpReads', reset canuIteration.
----------------------------------------
-- Starting command on Wed Apr 27 20:12:37 2022 with 14861.462 GB free disk space

    cd .
    /sw/bioinfo/canu/2.0/rackham/Linux-amd64/bin/sqStoreDumpFASTQ \
      -trimmed \
      -S ./assCanu_Efae.seqStore \
      -o ./assCanu_Efae.trimmedReads.gz \
      -fasta \
      -trimmed -normal -nolibname \
    > ./assCanu_Efae.trimmedReads.fasta.err 2>&1

-- Finished on Wed Apr 27 20:12:39 2022 (2 seconds) with 14861.45 GB free disk space
----------------------------------------
--
-- Trimmed reads saved in 'assCanu_Efae.trimmedReads.fasta.gz'.
-- No change in report.
-- Finished stage 'cor-dumpTrimmedReads', reset canuIteration.
--
--
-- BEGIN ASSEMBLY
--
-- No change in report.
----------------------------------------
-- Starting command on Wed Apr 27 20:12:39 2022 with 14861.45 GB free disk space

    cd unitigging/0-mercounts
    ./meryl-configure.sh \
    > ./meryl-configure.err 2>&1

-- Finished on Wed Apr 27 20:12:40 2022 (one second) with 14861.45 GB free disk space
----------------------------------------
--  segments   memory batches
--  -------- -------- -------
--        01  0.44 GB       1
--
--  For 11681 reads with 97085117 bases, limit to 1 batch.
--  Will count kmers using 01 jobs, each using 2 GB and 4 threads.
--
-- No change in report.
-- Finished stage 'merylConfigure', reset canuIteration.
-- No change in report.
--
-- Running jobs.  First attempt out of 2.
----------------------------------------
-- Starting 'meryl' concurrent execution on Wed Apr 27 20:12:40 2022 with 14861.45 GB free disk space (1 processes; 2 concurrently)

    cd unitigging/0-mercounts
    ./meryl-count.sh 1 > ./meryl-count.000001.out 2>&1

-- Finished on Wed Apr 27 20:12:58 2022 (18 seconds) with 14861.277 GB free disk space
----------------------------------------
-- Found 1 Kmer counting (meryl) outputs.
-- No change in report.
-- Finished stage 'utg-merylCountCheck', reset canuIteration.
-- No change in report.
--
-- Running jobs.  First attempt out of 2.
----------------------------------------
-- Starting 'meryl' concurrent execution on Wed Apr 27 20:12:58 2022 with 14861.277 GB free disk space (1 processes; 2 concurrently)

    cd unitigging/0-mercounts
    ./meryl-process.sh 1 > ./meryl-process.000001.out 2>&1

-- Finished on Wed Apr 27 20:13:35 2022 (37 seconds) with 14861.549 GB free disk space
----------------------------------------
-- Meryl finished successfully.  Kmer frequency histogram:
--
--  22-mers                                                                                           Fraction
--    Occurrences   NumMers                                                                         Unique Total
--       1-     1         0                                                                        0.0000 0.0000
--       2-     2    206151 ****************************                                           0.0648 0.0044
--       3-     4    112939 ***************                                                        0.0868 0.0066
--       5-     7    123453 *****************                                                      0.1112 0.0103
--       8-    11    220166 ******************************                                         0.1547 0.0207
--      12-    16    262243 ************************************                                   0.2228 0.0448
--      17-    22    328086 **********************************************                         0.3084 0.0884
--      23-    29    468526 *****************************************************************      0.4141 0.1622
--      30-    37    498842 ********************************************************************** 0.5625 0.2983
--      38-    46    483117 *******************************************************************    0.7159 0.4770
--      47-    56    296243 *****************************************                              0.8623 0.6886
--      57-    67    112584 ***************                                                        0.9489 0.8408
--      68-    79     25453 ***                                                                    0.9791 0.9035
--      80-    92     12925 *                                                                      0.9864 0.9215
--      93-   106      9406 *                                                                      0.9901 0.9326
--     107-   121      3505                                                                        0.9931 0.9428
--     122-   137      1654                                                                        0.9941 0.9465
--     138-   154      1977                                                                        0.9946 0.9487
--     155-   172      1611                                                                        0.9953 0.9523
--     173-   191      1735                                                                        0.9957 0.9547
--     192-   211      1283                                                                        0.9963 0.9581
--     212-   232       667                                                                        0.9967 0.9608
--     233-   254      1412                                                                        0.9969 0.9624
--     255-   277       848                                                                        0.9973 0.9660
--     278-   301      1093                                                                        0.9976 0.9685
--     302-   326       569                                                                        0.9979 0.9717
--     327-   352      2020                                                                        0.9981 0.9739
--     353-   379      2306                                                                        0.9988 0.9813
--     380-   407        32                                                                        0.9995 0.9898
--     408-   436        33                                                                        0.9995 0.9899
--     437-   466        68                                                                        0.9995 0.9901
--     467-   497        84                                                                        0.9995 0.9904
--     498-   529       431                                                                        0.9995 0.9908
--     530-   562       253                                                                        0.9997 0.9933
--     563-   596       455                                                                        0.9997 0.9947
--     597-   631       309                                                                        0.9999 0.9976
--     632-   667        14                                                                        1.0000 0.9995
--     668-   704         5                                                                        1.0000 0.9996
--     705-   742        10                                                                        1.0000 0.9996
--     743-   781         2                                                                        1.0000 0.9997
--     782-   821         6                                                                        1.0000 0.9997
--
--           0 (max occurrences)
--    93971266 (total mers, non-unique)
--     3182537 (distinct mers, non-unique)
--           0 (unique mers)
-- Report changed.
-- Finished stage 'meryl-process', reset canuIteration.
--
-- Removing meryl database 'unitigging/0-mercounts/assCanu_Efae.ms22'.
--
-- OVERLAPPER (normal) (assembly) erate=0.045
--
----------------------------------------
-- Starting command on Wed Apr 27 20:13:36 2022 with 14861.545 GB free disk space

    cd unitigging/1-overlapper
    /sw/bioinfo/canu/2.0/rackham/Linux-amd64/bin/overlapInCorePartition \
     -S  ../../assCanu_Efae.seqStore \
     -hl 80000000 \
     -rl 1000000000 \
     -ol 500 \
     -o  ./assCanu_Efae.partition \
    > ./assCanu_Efae.partition.err 2>&1

-- Finished on Wed Apr 27 20:13:36 2022 (fast as lightning) with 14861.544 GB free disk space
----------------------------------------
--
-- Configured 2 overlapInCore jobs.
-- No change in report.
-- Finished stage 'utg-overlapConfigure', reset canuIteration.
-- No change in report.
--
-- Running jobs.  First attempt out of 2.
----------------------------------------
-- Starting 'utgovl' concurrent execution on Wed Apr 27 20:13:36 2022 with 14861.544 GB free disk space (2 processes; 2 concurrently)

    cd unitigging/1-overlapper
    ./overlap.sh 1 > ./overlap.000001.out 2>&1
    ./overlap.sh 2 > ./overlap.000002.out 2>&1

-- Finished on Wed Apr 27 20:29:15 2022 (939 seconds) with 14860.122 GB free disk space
----------------------------------------
-- Found 2 overlapInCore output files.
--
-- overlapInCore compute 'unitigging/1-overlapper':
--   kmer hits
--     with no overlap          3166946     1583473 +- 830771.271
--     with an overlap           421195    210597.5 +- 103921.362
--
--   overlaps                    421195    210597.5 +- 103921.362
--     contained                  56349     28174.5 +- 13881.213
--     dovetail                  364846      182423 +- 90040.149
--
--   overlaps rejected
--     multiple per pair              0           0 +- 0
--     bad short window               0           0 +- 0
--     bad long window                0           0 +- 0
-- No change in report.
-- Finished stage 'utg-overlapCheck', reset canuIteration.
----------------------------------------
-- Starting command on Wed Apr 27 20:29:15 2022 with 14860.122 GB free disk space

    cd unitigging
    /sw/bioinfo/canu/2.0/rackham/Linux-amd64/bin/ovStoreConfig \
     -S ../assCanu_Efae.seqStore \
     -M 3 \
     -L ./1-overlapper/ovljob.files \
     -create ./assCanu_Efae.ovlStore.config \
     > ./assCanu_Efae.ovlStore.config.txt \
    2> ./assCanu_Efae.ovlStore.config.err

-- Finished on Wed Apr 27 20:29:15 2022 (fast as lightning) with 14860.122 GB free disk space
----------------------------------------
--
-- Creating overlap store unitigging/assCanu_Efae.ovlStore using:
--      2 buckets
--      2 slices
--        using at most 1 GB memory each
-- No change in report.
-- Finished stage 'utg-overlapStoreConfigure', reset canuIteration.
-- No change in report.
--
-- Running jobs.  First attempt out of 2.
----------------------------------------
-- Starting 'ovB' concurrent execution on Wed Apr 27 20:29:15 2022 with 14860.122 GB free disk space (2 processes; 2 concurrently)

    cd unitigging/assCanu_Efae.ovlStore.BUILDING
    ./scripts/1-bucketize.sh 1 > ./logs/1-bucketize.000001.out 2>&1
    ./scripts/1-bucketize.sh 2 > ./logs/1-bucketize.000002.out 2>&1

-- Finished on Wed Apr 27 20:29:16 2022 (one second) with 14860.106 GB free disk space
----------------------------------------
-- Overlap store bucketizer finished.
-- No change in report.
-- Finished stage 'utg-overlapStoreBucketizerCheck', reset canuIteration.
-- No change in report.
--
-- Running jobs.  First attempt out of 2.
----------------------------------------
-- Starting 'ovS' concurrent execution on Wed Apr 27 20:29:16 2022 with 14860.106 GB free disk space (2 processes; 1 concurrently)

    cd unitigging/assCanu_Efae.ovlStore.BUILDING
    ./scripts/2-sort.sh 1 > ./logs/2-sort.000001.out 2>&1
    ./scripts/2-sort.sh 2 > ./logs/2-sort.000002.out 2>&1

-- Finished on Wed Apr 27 20:29:17 2022 (one second) with 14860.079 GB free disk space
----------------------------------------
-- Overlap store sorter finished.
-- No change in report.
-- Finished stage 'utg-overlapStoreSorterCheck', reset canuIteration.
----------------------------------------
-- Starting command on Wed Apr 27 20:29:17 2022 with 14860.079 GB free disk space

    cd unitigging
    /sw/bioinfo/canu/2.0/rackham/Linux-amd64/bin/ovStoreIndexer \
      -O  ./assCanu_Efae.ovlStore.BUILDING \
      -S ../assCanu_Efae.seqStore \
      -C  ./assCanu_Efae.ovlStore.config \
      -delete \
    > ./assCanu_Efae.ovlStore.BUILDING.index.err 2>&1

-- Finished on Wed Apr 27 20:29:17 2022 (lickety-split) with 14860.07 GB free disk space
----------------------------------------
-- Checking store.
----------------------------------------
-- Starting command on Wed Apr 27 20:29:17 2022 with 14860.07 GB free disk space

    cd unitigging
    /sw/bioinfo/canu/2.0/rackham/Linux-amd64/bin/ovStoreDump \
     -S ../assCanu_Efae.seqStore \
     -O  ./assCanu_Efae.ovlStore \
     -counts \
     > ./assCanu_Efae.ovlStore/counts.dat 2> ./assCanu_Efae.ovlStore/counts.err

-- Finished on Wed Apr 27 20:29:17 2022 (like a bat out of hell) with 14860.07 GB free disk space
----------------------------------------
--
-- Overlap store 'unitigging/assCanu_Efae.ovlStore' successfully constructed.
-- Found 842390 overlaps for 11680 reads; 89156 reads have no overlaps.
--
--
-- Purged 0.008 GB in 6 overlap output files.
----------------------------------------
-- Starting command on Wed Apr 27 20:29:17 2022 with 14860.07 GB free disk space

    cd unitigging
    /sw/bioinfo/canu/2.0/rackham/Linux-amd64/bin/ovStoreStats \
     -C 35 \
     -S ../assCanu_Efae.seqStore \
     -O  ./assCanu_Efae.ovlStore \
     -o  ./assCanu_Efae.ovlStore \
     > ./assCanu_Efae.ovlStore.summary.err 2>&1

-- Finished on Wed Apr 27 20:29:18 2022 (one second) with 14860.069 GB free disk space
----------------------------------------
--
-- Overlap store 'unitigging/assCanu_Efae.ovlStore' contains:
--
--   category            reads     %          read length        feature size or coverage  analysis
--   ----------------  -------  -------  ----------------------  ------------------------  --------------------
--   middle-missing          1    0.01     3305.00 +- 0.00           321.00 +- 0.00       (bad trimming)
--   middle-hump             0    0.00        0.00 +- 0.00             0.00 +- 0.00       (bad trimming)
--   no-5-prime              6    0.05     5728.33 +- 3446.46        251.00 +- 419.42     (bad trimming)
--   no-3-prime              2    0.02     3416.00 +- 1165.31          0.00 +- 0.00       (bad trimming)
--   
--   low-coverage          262    2.24     5397.81 +- 3453.00          7.14 +- 2.26       (easy to assemble, potential for lower quality consensus)
--   unique               7529   64.46     8245.52 +- 2096.90         34.95 +- 9.81       (easy to assemble, perfect, yay)
--   repeat-cont            68    0.58     6780.44 +- 1808.47         84.94 +- 26.69      (potential for consensus errors, no impact on assembly)
--   repeat-dove             1    0.01     9759.00 +- 0.00            71.77 +- 5.08       (hard to assemble, likely won't assemble correctly or even at all)
--   
--   span-repeat          1874   16.04     8771.04 +- 1927.72       2558.84 +- 2114.87    (read spans a large repeat, usually easy to assemble)
--   uniq-repeat-cont     1499   12.83     8052.96 +- 1621.60                             (should be uniquely placed, low potential for consensus errors, no impact on assembly)
--   uniq-repeat-dove      380    3.25    10652.04 +- 2043.97                             (will end contigs, potential to misassemble)
--   uniq-anchor            58    0.50     8929.02 +- 1648.58       1731.38 +- 2052.57    (repeat read, with unique section, probable bad read)
-- Report changed.
-- Finished stage 'utg-createOverlapStore', reset canuIteration.
--
-- Loading read lengths.
-- Loading number of overlaps per read.
--
-- Configure RED for 10gb memory.
--                   Batches of at most (unlimited) reads.
--                                      500000000 bases.
--                   Expecting evidence of at most 536870912 bases per iteration.
--
--           Total                                               Reads                 Olaps Evidence
--    Job   Memory      Read Range         Reads        Bases   Memory        Olaps   Memory   Memory  (Memory in MB)
--   ---- -------- ------------------- --------- ------------ -------- ------------ -------- --------
--      1 10240.29         1-50133          7029     58673239  7162.48       507809     5.81  1024.00
--      2  7772.18     50134-100836         4711     38471330  4696.36       334581     3.83  1024.00
--   ---- -------- ------------------- --------- ------------ -------- ------------ -------- --------
--                                                   97144569                842390
-- No change in report.
-- Finished stage 'readErrorDetectionConfigure', reset canuIteration.
-- No change in report.
--
-- Running jobs.  First attempt out of 2.
----------------------------------------
-- Starting 'red' concurrent execution on Wed Apr 27 20:29:18 2022 with 14860.069 GB free disk space (2 processes; 1 concurrently)

    cd unitigging/3-overlapErrorAdjustment
    ./red.sh 1 > ./red.000001.out 2>&1
    ./red.sh 2 > ./red.000002.out 2>&1

-- Finished on Wed Apr 27 20:30:36 2022 (78 seconds) with 14859.777 GB free disk space
----------------------------------------
-- Found 2 read error detection output files.
-- No change in report.
-- Finished stage 'readErrorDetectionCheck', reset canuIteration.
--
-- Loading read lengths.
-- Loading number of overlaps per read.
--
-- Configure OEA for 8gb memory.
--                   Batches of at most (unlimited) reads.
--                                      300000000 bases.
--
--           Total                                               Reads                 Olaps  Adjusts
--    Job   Memory      Read Range         Reads        Bases   Memory        Olaps   Memory   Memory  (Memory in MB)
--   ---- -------- ------------------- --------- ------------ -------- ------------ -------- --------
--      1  2501.99         1-100836        11740     97144569   101.00       842390    25.71   327.28
--   ---- -------- ------------------- --------- ------------ -------- ------------ -------- --------
--                                                   97144569                842390
-- No change in report.
-- Finished stage 'overlapErrorAdjustmentConfigure', reset canuIteration.
-- No change in report.
--
-- Running jobs.  First attempt out of 2.
----------------------------------------
-- Starting 'oea' concurrent execution on Wed Apr 27 20:30:37 2022 with 14859.774 GB free disk space (1 processes; 1 concurrently)

    cd unitigging/3-overlapErrorAdjustment
    ./oea.sh 1 > ./oea.000001.out 2>&1

-- Finished on Wed Apr 27 20:30:47 2022 (10 seconds) with 14859.756 GB free disk space
----------------------------------------
-- Found 1 overlap error adjustment output files.
-- No change in report.
-- Finished stage 'overlapErrorAdjustmentCheck', reset canuIteration.
----------------------------------------
-- Starting command on Wed Apr 27 20:30:47 2022 with 14859.756 GB free disk space

    cd unitigging/3-overlapErrorAdjustment
    /sw/bioinfo/canu/2.0/rackham/Linux-amd64/bin/loadErates \
      -S ../../assCanu_Efae.seqStore \
      -O ../assCanu_Efae.ovlStore \
      -L ./oea.files \
    > ./oea.apply.err 2>&1

-- Finished on Wed Apr 27 20:30:47 2022 (fast as lightning) with 14859.754 GB free disk space
----------------------------------------
-- No report available.
-- Report changed.
-- Finished stage 'updateOverlapStore', reset canuIteration.
-- Finished stage 'unitig', reset canuIteration.
-- No change in report.
-- No change in report.
--
-- Running jobs.  First attempt out of 2.
----------------------------------------
-- Starting 'bat' concurrent execution on Wed Apr 27 20:30:47 2022 with 14859.754 GB free disk space (1 processes; 1 concurrently)

    cd unitigging/4-unitigger
    ./unitigger.sh 1 > ./unitigger.000001.out 2>&1

-- Finished on Wed Apr 27 20:30:51 2022 (4 seconds) with 14859.745 GB free disk space
----------------------------------------
-- Unitigger finished successfully.
-- Found, in version 1, after unitig construction:
--   contigs:      9 sequences, total length 3161881 bp (including 0 repeats of total length 0 bp).
--   bubbles:      0 sequences, total length 0 bp.
--   unassembled:  37 sequences, total length 173957 bp.
--
-- Contig sizes based on genome size 2.77mbp:
--
--            NG (bp)  LG (contigs)    sum (bp)
--         ----------  ------------  ----------
--     10     2780773             1     2780773
--     20     2780773             1     2780773
--     30     2780773             1     2780773
--     40     2780773             1     2780773
--     50     2780773             1     2780773
--     60     2780773             1     2780773
--     70     2780773             1     2780773
--     80     2780773             1     2780773
--     90     2780773             1     2780773
--    100     2780773             1     2780773
--    110       40069             4     3079146
--
-- Report changed.
-- Finished stage 'unitigCheck', reset canuIteration.
----------------------------------------
-- Starting command on Wed Apr 27 20:30:51 2022 with 14859.745 GB free disk space

    cd unitigging
    /sw/bioinfo/canu/2.0/rackham/Linux-amd64/bin/utgcns \
      -S ../assCanu_Efae.seqStore \
      -T  ./assCanu_Efae.ctgStore 1 \
      -partition 0.8 1 0.1 \
    > ./assCanu_Efae.ctgStore/partitioning.log 2>&1

-- Finished on Wed Apr 27 20:30:52 2022 (one second) with 14859.687 GB free disk space
----------------------------------------
----------------------------------------
-- Starting command on Wed Apr 27 20:30:52 2022 with 14859.687 GB free disk space

    cd unitigging
    /sw/bioinfo/canu/2.0/rackham/Linux-amd64/bin/utgcns \
      -S ../assCanu_Efae.seqStore \
      -T  ./assCanu_Efae.utgStore 1 \
      -partition 0.8 1 0.1 \
    > ./assCanu_Efae.utgStore/partitioning.log 2>&1

-- Finished on Wed Apr 27 20:30:54 2022 (2 seconds) with 14859.62 GB free disk space
----------------------------------------
-- Using slow alignment for consensus (iteration '0').
-- Configured 2 contig and 2 unitig consensus jobs.
-- No change in report.
-- Finished stage 'consensusConfigure', reset canuIteration.
--
--                                (tag)Concurrency
--                         (tag)Threads          |
--                (tag)Memory         |          |
--        (tag)             |         |          |       total usage      algorithm
--        -------  ----------  --------   --------  --------------------  -----------------------------
-- Local: cns        3.125 GB    4 CPUs x   3 jobs     9.375 GB  12 CPUs  (consensus)
--
-- No change in report.
--
-- Running jobs.  First attempt out of 2.
----------------------------------------
-- Starting 'cns' concurrent execution on Wed Apr 27 20:30:54 2022 with 14859.62 GB free disk space (4 processes; 3 concurrently)

    cd unitigging/5-consensus
    ./consensus.sh 1 > ./consensus.000001.out 2>&1
    ./consensus.sh 2 > ./consensus.000002.out 2>&1
    ./consensus.sh 3 > ./consensus.000003.out 2>&1
    ./consensus.sh 4 > ./consensus.000004.out 2>&1

-- Finished on Wed Apr 27 20:38:02 2022 (428 seconds) with 14858.198 GB free disk space
----------------------------------------
-- Using slow alignment for consensus (iteration '1').
-- Configured 2 contig and 2 unitig consensus jobs.
-- No change in report.
-- All 4 consensus jobs finished successfully.
-- No change in report.
-- Finished stage 'consensusCheck', reset canuIteration.
-- Using slow alignment for consensus (iteration '0').
-- Configured 2 contig and 2 unitig consensus jobs.
-- No change in report.
----------------------------------------
-- Starting command on Wed Apr 27 20:38:02 2022 with 14858.198 GB free disk space

    cd unitigging
    /sw/bioinfo/canu/2.0/rackham/Linux-amd64/bin/tgStoreLoad \
      -S ../assCanu_Efae.seqStore \
      -T  ./assCanu_Efae.ctgStore 2 \
      -L ./5-consensus/ctgcns.files \
    > ./5-consensus/ctgcns.files.ctgStoreLoad.err 2>&1

-- Finished on Wed Apr 27 20:38:02 2022 (fast as lightning) with 14858.189 GB free disk space
----------------------------------------
----------------------------------------
-- Starting command on Wed Apr 27 20:38:02 2022 with 14858.189 GB free disk space

    cd unitigging
    /sw/bioinfo/canu/2.0/rackham/Linux-amd64/bin/tgStoreLoad \
      -S ../assCanu_Efae.seqStore \
      -T  ./assCanu_Efae.utgStore 2 \
      -L ./5-consensus/utgcns.files \
    > ./5-consensus/utgcns.files.utgStoreLoad.err 2>&1

-- Finished on Wed Apr 27 20:38:02 2022 (fast as lightning) with 14858.177 GB free disk space
----------------------------------------
-- Purging consensus output after loading to ctgStore and/or utgStore.
-- Purged 4 .cns outputs.
----------------------------------------
-- Starting command on Wed Apr 27 20:38:02 2022 with 14858.177 GB free disk space

    cd unitigging
    /sw/bioinfo/canu/2.0/rackham/Linux-amd64/bin/tgStoreDump \
      -S ../assCanu_Efae.seqStore \
      -T ./assCanu_Efae.ctgStore 2 \
      -sizes -s 2770000 \
    > ./assCanu_Efae.ctgStore/seqDB.v002.sizes.txt
sqStore_loadMetadata()-- Using 'corrected-trimmed' 0x10 reads.

-- Finished on Wed Apr 27 20:38:03 2022 (one second) with 14858.176 GB free disk space
----------------------------------------
-- Found, in version 2, after consensus generation:
--   contigs:      9 sequences, total length 3156374 bp (including 0 repeats of total length 0 bp).
--   bubbles:      0 sequences, total length 0 bp.
--   unassembled:  37 sequences, total length 173943 bp.
--
-- Contig sizes based on genome size 2.77mbp:
--
--            NG (bp)  LG (contigs)    sum (bp)
--         ----------  ------------  ----------
--     10     2775622             1     2775622
--     20     2775622             1     2775622
--     30     2775622             1     2775622
--     40     2775622             1     2775622
--     50     2775622             1     2775622
--     60     2775622             1     2775622
--     70     2775622             1     2775622
--     80     2775622             1     2775622
--     90     2775622             1     2775622
--    100     2775622             1     2775622
--    110       40016             4     3073689
--
-- Report changed.
-- Finished stage 'consensusLoad', reset canuIteration.
-- No change in report.
----------------------------------------
-- Starting command on Wed Apr 27 20:38:03 2022 with 14858.176 GB free disk space

    cd unitigging/4-unitigger
    ./alignGFA.sh \
    > alignGFA.err 2>&1

-- Finished on Wed Apr 27 20:38:05 2022 (2 seconds) with 14858.174 GB free disk space
----------------------------------------
----------------------------------------
-- Starting command on Wed Apr 27 20:38:05 2022 with 14858.174 GB free disk space

    cd .
    /sw/bioinfo/canu/2.0/rackham/Linux-amd64/bin/tgStoreDump \
      -S ./assCanu_Efae.seqStore \
      -T ./unitigging/assCanu_Efae.ctgStore 2 \
      -o ./assCanu_Efae.contigs \
      -layout \
    > ./assCanu_Efae.contigs.layout.err 2>&1

-- Finished on Wed Apr 27 20:38:05 2022 (furiously fast) with 14858.174 GB free disk space
----------------------------------------
----------------------------------------
-- Starting command on Wed Apr 27 20:38:05 2022 with 14858.174 GB free disk space

    cd .
    /sw/bioinfo/canu/2.0/rackham/Linux-amd64/bin/tgStoreDump \
      -S ./assCanu_Efae.seqStore \
      -T ./unitigging/assCanu_Efae.utgStore 2 \
      -o ./assCanu_Efae.unitigs \
      -layout \
    > ./assCanu_Efae.unitigs.layout.err 2>&1

-- Finished on Wed Apr 27 20:38:05 2022 (fast as lightning) with 14858.174 GB free disk space
----------------------------------------
----------------------------------------
-- Starting command on Wed Apr 27 20:38:05 2022 with 14858.174 GB free disk space

    cd .
    /sw/bioinfo/canu/2.0/rackham/Linux-amd64/bin/tgStoreDump \
      -S ./assCanu_Efae.seqStore \
      -T ./unitigging/assCanu_Efae.ctgStore 2 \
      -consensus -fasta \
      -unassembled \
    > ./assCanu_Efae.unassembled.fasta
    2> ./assCanu_Efae.unassembled.err
sqStore_loadMetadata()-- Using 'corrected-trimmed' 0x10 reads.

-- Finished on Wed Apr 27 20:38:05 2022 (in the blink of an eye) with 14858.173 GB free disk space
----------------------------------------
----------------------------------------
-- Starting command on Wed Apr 27 20:38:05 2022 with 14858.173 GB free disk space

    cd .
    /sw/bioinfo/canu/2.0/rackham/Linux-amd64/bin/tgStoreDump \
      -S ./assCanu_Efae.seqStore \
      -T ./unitigging/assCanu_Efae.ctgStore 2 \
      -consensus -fasta \
      -contigs \
    > ./assCanu_Efae.contigs.fasta
    2> ./assCanu_Efae.contigs.err
sqStore_loadMetadata()-- Using 'corrected-trimmed' 0x10 reads.

-- Finished on Wed Apr 27 20:38:05 2022 (like a bat out of hell) with 14858.169 GB free disk space
----------------------------------------
----------------------------------------
-- Starting command on Wed Apr 27 20:38:05 2022 with 14858.169 GB free disk space

    cd .
    /sw/bioinfo/canu/2.0/rackham/Linux-amd64/bin/tgStoreDump \
      -S ./assCanu_Efae.seqStore \
      -T ./unitigging/assCanu_Efae.utgStore 2 \
      -consensus -fasta \
      -contigs \
    > ./assCanu_Efae.unitigs.fasta
    2> ./assCanu_Efae.unitigs.err
sqStore_loadMetadata()-- Using 'corrected-trimmed' 0x10 reads.

-- Finished on Wed Apr 27 20:38:05 2022 (like a bat out of hell) with 14858.166 GB free disk space
----------------------------------------
-- No change in report.
-- Finished stage 'generateOutputs', reset canuIteration.
--
-- Assembly 'assCanu_Efae' finished in '/domus/h1/tiscargf/GenomeAnalysis/GenomeAnalysisProject/Code/Canu_assembly'.
--
-- Summary saved in 'assCanu_Efae.report'.
--
-- Sequences saved:
--   Contigs       -> 'assCanu_Efae.contigs.fasta'
--   Unassembled   -> 'assCanu_Efae.unassembled.fasta'
--   Unitigs       -> 'assCanu_Efae.unitigs.fasta'
--
-- Read layouts saved:
--   Contigs       -> 'assCanu_Efae.contigs.layout'.
--   Unitigs       -> 'assCanu_Efae.unitigs.layout'.
--
-- Graphs saved:
--   Unitigs       -> 'assCanu_Efae.unitigs.gfa'.
--
-- Bye.
