[14:09:02] This is prokka 1.14.6
[14:09:02] Written by Torsten Seemann <torsten.seemann@gmail.com>
[14:09:02] Homepage is https://github.com/tseemann/prokka
[14:09:02] Local time is Fri Apr 29 14:09:02 2022
[14:09:02] You are tiscargf
[14:09:02] Operating system is linux
[14:09:02] You have BioPerl 1.007001
[14:09:02] System has 16 cores.
[14:09:02] Will use maximum of 8 cores.
[14:09:02] Annotating as >>> Bacteria <<<
[14:09:02] Generating locus_tag from 'assCanu_Efae.contigs.fasta' contents.
[14:09:02] Setting --locustag MDLOOKAE from MD5 6d5884ae275934beb25f74a9bb60dc40
[14:09:02] Creating new output folder: /home/tiscargf/working_GA/code/prokka_annotation
[14:09:02] Running: mkdir -p \/home\/tiscargf\/working_GA\/code\/prokka_annotation
[14:09:02] Using filename prefix: E_fae_E745.XXX
[14:09:02] Setting HMMER_NCPU=1
[14:09:02] Writing log to: /home/tiscargf/working_GA/code/prokka_annotation/E_fae_E745.log
[14:09:02] Command: /sw/bioinfo/prokka/1.45-5b58020/snowy/bin/prokka assCanu_Efae.contigs.fasta --prefix E_fae_E745 --outdir /home/tiscargf/working_GA/code/prokka_annotation
[14:09:02] Appending to PATH: /sw/bioinfo/prokka/1.45-5b58020/rackham/bin/../binaries/linux
[14:09:02] Appending to PATH: /sw/bioinfo/prokka/1.45-5b58020/rackham/bin/../binaries/linux/../common
[14:09:02] Appending to PATH: /sw/bioinfo/prokka/1.45-5b58020/rackham/bin
[14:09:02] Looking for 'aragorn' - found /sw/bioinfo/prokka/1.45-5b58020/rackham/bin/../binaries/linux/aragorn
[14:09:02] Determined aragorn version is 001002 from 'ARAGORN v1.2.38 Dean Laslett'
[14:09:02] Looking for 'barrnap' - found /sw/bioinfo/barrnap/0.8/snowy/bin/barrnap
[14:09:02] Determined barrnap version is 000008 from 'barrnap 0.8'
[14:09:02] Looking for 'blastp' - found /sw/bioinfo/blast/2.11.0+/snowy/bin/blastp
[14:09:03] Determined blastp version is 002011 from 'blastp: 2.11.0+'
[14:09:03] Looking for 'cmpress' - found /sw/bioinfo/prokka/1.45-5b58020/rackham/bin/../binaries/linux/cmpress
[14:09:03] Determined cmpress version is 001001 from '# INFERNAL 1.1.2 (July 2016)'
[14:09:03] Looking for 'cmscan' - found /sw/bioinfo/prokka/1.45-5b58020/rackham/bin/../binaries/linux/cmscan
[14:09:03] Determined cmscan version is 001001 from '# INFERNAL 1.1.2 (July 2016)'
[14:09:03] Looking for 'egrep' - found /usr/bin/egrep
[14:09:03] Looking for 'find' - found /usr/bin/find
[14:09:03] Looking for 'grep' - found /usr/bin/grep
[14:09:03] Looking for 'hmmpress' - found /sw/apps/bioinfo/hmmer/3.1b2/snowy/bin/hmmpress
[14:09:03] Determined hmmpress version is 003001 from '# HMMER 3.1b2 (February 2015); http://hmmer.org/'
[14:09:03] Looking for 'hmmscan' - found /sw/apps/bioinfo/hmmer/3.1b2/snowy/bin/hmmscan
[14:09:03] Determined hmmscan version is 003001 from '# HMMER 3.1b2 (February 2015); http://hmmer.org/'
[14:09:03] Looking for 'java' - found /usr/bin/java
[14:09:03] Looking for 'makeblastdb' - found /sw/bioinfo/blast/2.11.0+/snowy/bin/makeblastdb
[14:09:04] Determined makeblastdb version is 002011 from 'makeblastdb: 2.11.0+'
[14:09:04] Looking for 'minced' - found /sw/apps/bioinfo/minced/0.2.0/snowy/minced
[14:09:05] Determined minced version is 002000 from 'minced 0.2.0'
[14:09:05] Looking for 'parallel' - found /sw/parallel/gnuparallel/20170122/snowy/bin/parallel
[14:09:05] Determined parallel version is 20170122 from 'GNU parallel 20170122'
[14:09:05] Looking for 'prodigal' - found /sw/apps/bioinfo/prodigal/2.6.3/snowy/bin/prodigal
[14:09:05] Determined prodigal version is 002006 from 'Prodigal V2.6.3: February, 2016'
[14:09:05] Looking for 'prokka-genbank_to_fasta_db' - found /sw/bioinfo/prokka/1.45-5b58020/snowy/bin/prokka-genbank_to_fasta_db
[14:09:05] Looking for 'sed' - found /usr/bin/sed
[14:09:05] Looking for 'signalp' - found /sw/bioinfo/SignalP/4.1f/snowy/signalp
[14:09:05] Determined signalp version is 004001 from '4.1 6175260'
[14:09:05] Looking for 'tbl2asn' - found /sw/bioinfo/tbl2asn/25.8/snowy/tbl2asn
[14:09:05] Determined tbl2asn version is 025008 from 'tbl2asn 25.8   arguments:'
[14:09:05] Using genetic code table 11.
[14:09:05] Loading and checking input file: assCanu_Efae.contigs.fasta
[14:09:06] Wrote 9 contigs totalling 3156374 bp.
[14:09:06] Predicting tRNAs and tmRNAs
[14:09:06] Running: aragorn -l -gc11  -w \/home\/tiscargf\/working_GA\/code\/prokka_annotation\/E_fae_E745\.fna
[14:09:07] 1 tRNA-Val [650039,650113] 35 (tac)
[14:09:07] 2 tRNA-Lys [650115,650189] 35 (ttt)
[14:09:07] 3 tRNA-Leu [650195,650278] 36 (tag)
[14:09:07] 4 tRNA-Thr [650294,650369] 35 (tgt)
[14:09:07] 5 tRNA-Gly [650379,650450] 33 (gcc)
[14:09:07] 6 tRNA-Leu [650467,650552] 35 (taa)
[14:09:07] 7 tRNA-Arg [650562,650637] 36 (acg)
[14:09:07] 8 tRNA-Pro [650658,650731] 35 (tgg)
[14:09:07] 9 tRNA-Arg [650788,650864] 36 (acg)
[14:09:07] 10 tRNA-Ala [876883,876955] 34 (tgc)
[14:09:07] 11 tRNA-Val [880385,880459] 35 (tac)
[14:09:07] 12 tRNA-Lys [880461,880535] 35 (ttt)
[14:09:07] 13 tRNA-Leu [880541,880624] 36 (tag)
[14:09:07] 14 tRNA-Thr [880640,880715] 35 (tgt)
[14:09:07] 15 tRNA-Gly [880725,880796] 33 (gcc)
[14:09:07] 16 tRNA-Leu [880813,880898] 35 (taa)
[14:09:07] 17 tRNA-Arg [880908,880983] 36 (acg)
[14:09:07] 18 tRNA-Pro [880992,881065] 35 (tgg)
[14:09:07] 19 tRNA-Ala [881085,881157] 34 (tgc)
[14:09:07] 20 tRNA-Met [881184,881259] 36 (cat)
[14:09:07] 21 tRNA-Met [881271,881346] 36 (cat)
[14:09:07] 22 tRNA-Ser [881369,881458] 37 (tga)
[14:09:07] 23 tRNA-Met [881470,881545] 36 (cat)
[14:09:07] 24 tRNA-Asp [881563,881638] 34 (gtc)
[14:09:07] 25 tRNA-Gly [881640,881710] 33 (tcc)
[14:09:07] 26 tRNA-Ile [881723,881798] 36 (gat)
[14:09:07] 27 tRNA-Ser [881821,881910] 36 (gct)
[14:09:07] 28 tRNA-Glu [881930,882003] 35 (ttc)
[14:09:07] 29 tRNA-Ser [882025,882114] 37 (tga)
[14:09:07] 30 tRNA-Met [882126,882201] 36 (cat)
[14:09:07] 31 tRNA-Asp [882218,882292] 35 (gtc)
[14:09:07] 32 tRNA-Phe [882294,882368] 35 (gaa)
[14:09:07] 33 tRNA-Gly [882372,882442] 33 (tcc)
[14:09:07] 34 tRNA-Ile [882454,882529] 36 (gat)
[14:09:07] 35 tRNA-Glu [882539,882612] 35 (ttc)
[14:09:07] 36 tRNA-Lys c[1082670,1082742] 34 (ctt)
[14:09:07] 37 tRNA-Met [1134608,1134681] 35 (cat)
[14:09:07] 38 tRNA-Ala [1263871,1263943] 34 (tgc)
[14:09:07] 39 tRNA-Asn [1267369,1267444] 36 (gtt)
[14:09:07] 40 tRNA-Ser [1267482,1267573] 36 (gga)
[14:09:07] 41 tRNA-Glu [1267586,1267659] 35 (ttc)
[14:09:07] 42 tRNA-Val [1267673,1267747] 35 (tac)
[14:09:07] 43 tRNA-Asp [1267755,1267830] 35 (gtc)
[14:09:07] 44 tRNA-Phe [1267864,1267939] 34 (gaa)
[14:09:07] 45 tRNA-Tyr [1267940,1268022] 36 (gta)
[14:09:07] 46 tRNA-Trp [1268028,1268101] 33 (cca)
[14:09:07] 47 tRNA-His [1268104,1268177] 34 (gtg)
[14:09:07] 48 tRNA-Gln [1268187,1268260] 34 (ttg)
[14:09:07] 49 tRNA-Cys [1268305,1268375] 33 (gca)
[14:09:07] 50 tRNA-Leu [1268395,1268481] 36 (caa)
[14:09:07] 51 tRNA-His [1268542,1268615] 34 (gtg)
[14:09:07] 52 tRNA-Gln [1268623,1268696] 34 (ttg)
[14:09:07] 53 tRNA-Leu [1268712,1268798] 36 (caa)
[14:09:07] 54 tRNA-Leu c[1431863,1431947] 35 (gag)
[14:09:07] 55 tRNA-Leu [1520984,1521069] 36 (cag)
[14:09:07] 56 tRNA-Gln c[1525439,1525511] 34 (ctg)
[14:09:07] 57 tRNA-Met c[1749403,1749478] 36 (cat)
[14:09:07] 58 tRNA-Ser c[2013252,2013339] 33 (cga)
[14:09:07] 59 tmRNA [2042153,2042516] 91,129 AKNENNSYALAA*
[14:09:07] 60 tRNA-Met c[2044901,2044974] 35 (cat)
[14:09:07] 61 tRNA-Gln c[2289363,2289436] 34 (ttg)
[14:09:07] 62 tRNA-Tyr c[2289442,2289522] 35 (gta)
[14:09:07] 63 tRNA-Arg [2320139,2320212] 35 (ccg)
[14:09:07] 64 tRNA-Gly c[2391267,2391337] 33 (ccc)
[14:09:07] 65 tRNA-Asn c[2444425,2444500] 36 (gtt)
[14:09:07] 66 tRNA-Thr [2444713,2444785] 34 (ggt)
[14:09:07] 67 tRNA-Asn c[2447771,2447846] 36 (gtt)
[14:09:07] 68 tRNA-Thr c[2536496,2536568] 34 (cgt)
[14:09:07] 69 tRNA-Met c[2606834,2606907] 35 (cat)
[14:09:07] 70 tRNA-Arg c[2644187,2644262] 36 (cct)
[14:09:07] 71 tRNA-Arg c[2698296,2698370] 35 (tct)
[14:09:07] Found 71 tRNAs
[14:09:07] Predicting Ribosomal RNAs
[14:09:07] Running Barrnap with 8 threads
[14:09:14] 1 tig00000001 219155 5S ribosomal RNA
[14:09:14] 2 tig00000001 219364 23S ribosomal RNA
[14:09:14] 3 tig00000001 222621 16S ribosomal RNA
[14:09:14] 4 tig00000001 645000 16S ribosomal RNA
[14:09:14] 5 tig00000001 646904 23S ribosomal RNA
[14:09:14] 6 tig00000001 649913 5S ribosomal RNA
[14:09:14] 7 tig00000001 875250 16S ribosomal RNA
[14:09:14] 8 tig00000001 877250 23S ribosomal RNA
[14:09:14] 9 tig00000001 880259 5S ribosomal RNA
[14:09:14] 10 tig00000001 971444 16S ribosomal RNA
[14:09:14] 11 tig00000001 973348 23S ribosomal RNA
[14:09:14] 12 tig00000001 976357 5S ribosomal RNA
[14:09:14] 13 tig00000001 1262237 16S ribosomal RNA
[14:09:14] 14 tig00000001 1264238 23S ribosomal RNA
[14:09:14] 15 tig00000001 1267247 5S ribosomal RNA
[14:09:14] 16 tig00000001 2447858 5S ribosomal RNA
[14:09:14] 17 tig00000001 2448067 23S ribosomal RNA
[14:09:14] 18 tig00000001 2451324 16S ribosomal RNA
[14:09:14] Found 18 rRNAs
[14:09:14] Skipping ncRNA search, enable with --rfam if desired.
[14:09:14] Total of 88 tRNA + rRNA features
[14:09:14] Searching for CRISPR repeats
[14:09:15] Found 0 CRISPRs
[14:09:15] Predicting coding sequences
[14:09:15] Contigs total 3156374 bp, so using single mode
[14:09:15] Running: prodigal -i \/home\/tiscargf\/working_GA\/code\/prokka_annotation\/E_fae_E745\.fna -c -m -g 11 -p single -f sco -q
[14:09:24] Found 3130 CDS
[14:09:24] Connecting features back to sequences
[14:09:24] Not using genus-specific database. Try --usegenus to enable it.
[14:09:24] Annotating CDS, please be patient.
[14:09:24] Will use 8 CPUs for similarity searching.
[14:09:26] There are still 3130 unannotated CDS left (started with 3130)
[14:09:26] Will use blast to search against /sw/bioinfo/prokka/1.45-5b58020/rackham/db/kingdom/Bacteria/IS with 8 CPUs
[14:09:26] Running: cat \/home\/tiscargf\/working_GA\/code\/prokka_annotation\/E_fae_E745\.IS\.tmp\.49628\.faa | parallel --gnu --plain -j 8 --block 56786 --recstart '>' --pipe blastp -query - -db /sw/bioinfo/prokka/1.45-5b58020/rackham/db/kingdom/Bacteria/IS -evalue 1e-30 -qcov_hsp_perc 90 -num_threads 1 -num_descriptions 1 -num_alignments 1 -seg no > \/home\/tiscargf\/working_GA\/code\/prokka_annotation\/E_fae_E745\.IS\.tmp\.49628\.blast 2> /dev/null
[14:10:49] Deleting unwanted file: /home/tiscargf/working_GA/code/prokka_annotation/E_fae_E745.IS.tmp.49628.faa
[14:10:49] Deleting unwanted file: /home/tiscargf/working_GA/code/prokka_annotation/E_fae_E745.IS.tmp.49628.blast
[14:10:51] There are still 2956 unannotated CDS left (started with 3130)
[14:10:51] Will use blast to search against /sw/bioinfo/prokka/1.45-5b58020/rackham/db/kingdom/Bacteria/AMR with 8 CPUs
[14:10:51] Running: cat \/home\/tiscargf\/working_GA\/code\/prokka_annotation\/E_fae_E745\.AMR\.tmp\.49628\.faa | parallel --gnu --plain -j 8 --block 53287 --recstart '>' --pipe blastp -query - -db /sw/bioinfo/prokka/1.45-5b58020/rackham/db/kingdom/Bacteria/AMR -evalue 9.99999999999999e-301 -qcov_hsp_perc 90 -num_threads 1 -num_descriptions 1 -num_alignments 1 -seg no > \/home\/tiscargf\/working_GA\/code\/prokka_annotation\/E_fae_E745\.AMR\.tmp\.49628\.blast 2> /dev/null
[14:11:47] Deleting unwanted file: /home/tiscargf/working_GA/code/prokka_annotation/E_fae_E745.AMR.tmp.49628.faa
[14:11:47] Deleting unwanted file: /home/tiscargf/working_GA/code/prokka_annotation/E_fae_E745.AMR.tmp.49628.blast
[14:11:50] There are still 2954 unannotated CDS left (started with 3130)
[14:11:50] Will use blast to search against /sw/bioinfo/prokka/1.45-5b58020/rackham/db/kingdom/Bacteria/sprot with 8 CPUs
[14:11:50] Running: cat \/home\/tiscargf\/working_GA\/code\/prokka_annotation\/E_fae_E745\.sprot\.tmp\.49628\.faa | parallel --gnu --plain -j 8 --block 53224 --recstart '>' --pipe blastp -query - -db /sw/bioinfo/prokka/1.45-5b58020/rackham/db/kingdom/Bacteria/sprot -evalue 1e-09 -qcov_hsp_perc 80 -num_threads 1 -num_descriptions 1 -num_alignments 1 -seg no > \/home\/tiscargf\/working_GA\/code\/prokka_annotation\/E_fae_E745\.sprot\.tmp\.49628\.blast 2> /dev/null
[14:16:48] Modify product: UPF0374 protein SP_1903 => hypothetical protein
[14:16:48] Modify product: Acetyltransferase SACOL1063 => Acetyltransferase
[14:16:48] Modify product: UPF0053 inner membrane protein YfjD => hypothetical protein
[14:16:48] Modify product: Uncharacterized protein YkuJ => putative protein YkuJ
[14:16:48] Modify product: Uncharacterized protein YqeH => putative protein YqeH
[14:16:48] Modify product: RNA-binding protein HI_1333 => RNA-binding protein
[14:16:48] Modify product: Probable transcriptional regulatory protein YeeN => putative transcriptional regulatory protein YeeN
[14:16:48] Modify product: Probable tautomerase SAR1376 => putative tautomerase
[14:16:48] Modify product: Uncharacterized HTH-type transcriptional regulator YbbH => putative HTH-type transcriptional regulator YbbH
[14:16:48] Modify product: Probable L-ascorbate-6-phosphate lactonase UlaG => putative L-ascorbate-6-phosphate lactonase UlaG
[14:16:48] Modify product: Deacetylase EF_0837 => Deacetylase
[14:16:48] Modify product: Uncharacterized HTH-type transcriptional regulator HI_0186 => putative HTH-type transcriptional regulator
[14:16:48] Modify product: Uncharacterized protein PA2218 => putative protein
[14:16:48] Modify product: Putative universal stress protein SA1532 => Putative universal stress protein
[14:16:48] Modify product: Calcium-transporting ATPase lmo0841 => Calcium-transporting ATPase
[14:16:48] Modify product: Uncharacterized ABC transporter ATP-binding protein YbiT => putative ABC transporter ATP-binding protein YbiT
[14:16:48] Modify product: Putative universal stress protein SA1532 => Putative universal stress protein
[14:16:48] Modify product: Uncharacterized AAA domain-containing protein Rv2559c => putative AAA domain-containing protein
[14:16:48] Modify product: UPF0213 protein EF_2693 => hypothetical protein
[14:16:48] Modify product: Probable transporter SCO4007 => putative transporter
[14:16:48] Modify product: Uncharacterized ABC transporter ATP-binding protein YbiT => putative ABC transporter ATP-binding protein YbiT
[14:16:48] Modify product: DegV domain-containing protein MW1315 => DegV domain-containing protein
[14:16:49] Modify product: Probable undecaprenyl-phosphate N-acetylglucosaminyl 1-phosphate transferase => putative undecaprenyl-phosphate N-acetylglucosaminyl 1-phosphate transferase
[14:16:49] Modify product: Putative dipeptidase SA1572 => Putative dipeptidase
[14:16:49] Modify product: 30S ribosomal protein S1 homolog => 30S ribosomal protein S1 
[14:16:49] Modify product: UPF0302 protein BA_1542/GBAA_1542/BAS1430 => hypothetical protein
[14:16:49] Modify product: Uncharacterized protein YpjD => putative protein YpjD
[14:16:49] Modify product: UPF0073 inner membrane protein YqfA => hypothetical protein
[14:16:49] Modify product: DegV domain-containing protein SP_1112 => DegV domain-containing protein
[14:16:49] Modify product: UPF0346 protein YozE => hypothetical protein
[14:16:49] Modify product: Uncharacterized protein YccU => putative protein YccU
[14:16:49] Modify product: Probable manganese-dependent inorganic pyrophosphatase => putative manganese-dependent inorganic pyrophosphatase
[14:16:49] Modify product: UPF0316 protein SA1727 => hypothetical protein
[14:16:49] Modify product: Probable HTH-type transcriptional repressor ExuR => putative HTH-type transcriptional repressor ExuR
[14:16:49] Modify product: Uncharacterized metal-dependent hydrolase YcfH => putative metal-dependent hydrolase YcfH
[14:16:49] Modify product: Uncharacterized membrane protein YuaF => putative membrane protein YuaF
[14:16:49] Modify product: UPF0223 protein BH2638 => hypothetical protein
[14:16:49] Modify product: UPF0358 protein EF_2458 => hypothetical protein
[14:16:49] Modify product: Probable peptidoglycan glycosyltransferase FtsW => putative peptidoglycan glycosyltransferase FtsW
[14:16:49] Modify product: Uncharacterized protein YlbL => putative protein YlbL
[14:16:49] Modify product: Uncharacterized protein YqeN => putative protein YqeN
[14:16:49] Modify product: Probable metallo-hydrolase M6_Spy0554 => putative metallo-hydrolase
[14:16:49] Modify product: UPF0234 protein XC_3703 => hypothetical protein
[14:16:49] Modify product: Putative universal stress protein SA1532 => Putative universal stress protein
[14:16:49] Modify product: Probable transport protein YifK => putative transport protein YifK
[14:16:49] Modify product: UPF0702 transmembrane protein YetF => hypothetical protein
[14:16:49] Modify product: Probable N-acetyl-LL-diaminopimelate aminotransferase => putative N-acetyl-LL-diaminopimelate aminotransferase
[14:16:49] Modify product: Glutathione peroxidase homolog BsaA => Glutathione peroxidase BsaA
[14:16:49] Modify product: Uncharacterized ABC transporter ATP-binding protein Rv0986 => putative ABC transporter ATP-binding protein
[14:16:49] Modify product: Uncharacterized membrane protein YdfK => putative membrane protein YdfK
[14:16:49] Modify product: Probable UbiX-like flavin prenyltransferase => putative UbiX-like flavin prenyltransferase
[14:16:49] Modify product: Probable glutamate/gamma-aminobutyrate antiporter => putative glutamate/gamma-aminobutyrate antiporter
[14:16:49] Modify product: Multidrug efflux system ATP-binding protein Rv1218c => Multidrug efflux system ATP-binding protein
[14:16:49] Modify product: Multidrug efflux system permease protein Rv1217c => Multidrug efflux system permease protein
[14:16:49] Modify product: UPF0145 protein YbjQ => hypothetical protein
[14:16:49] Modify product: Uncharacterized oxidoreductase SpyM50865 => putative oxidoreductase
[14:16:49] Modify product: Putative universal stress protein SA1532 => Putative universal stress protein
[14:16:49] Modify product: Probable acrylyl-CoA reductase AcuI => putative acrylyl-CoA reductase AcuI
[14:16:49] Modify product: Uncharacterized sugar epimerase YhfK => putative sugar epimerase YhfK
[14:16:49] Modify product: Uncharacterized amino acid permease YvbW => putative amino acid permease YvbW
[14:16:49] Modify product: Phosphorylated carbohydrates phosphatase TM_1254 => Phosphorylated carbohydrates phosphatase
[14:16:49] Modify product: Putative lipid kinase SP_1045 => Putative lipid kinase
[14:16:49] Modify product: Uncharacterized ABC transporter ATP-binding protein YknY => putative ABC transporter ATP-binding protein YknY
[14:16:49] Modify product: UPF0051 protein SA0778 => hypothetical protein
[14:16:49] Modify product: UPF0051 protein SA0778 => hypothetical protein
[14:16:49] Modify product: Probable ABC transporter ATP-binding protein M6_Spy0273 => putative ABC transporter ATP-binding protein
[14:16:49] Modify product: UPF0324 inner membrane protein YeiH => hypothetical protein
[14:16:49] Modify product: Prophage bactoprenol glucosyl transferase homolog => Prophage bactoprenol glucosyl transferase 
[14:16:49] Modify product: TelA-like protein SA1238 => TelA-like protein
[14:16:49] Modify product: Uncharacterized amino acid permease YhdG => putative amino acid permease YhdG
[14:16:49] Modify product: Probable glucose uptake protein GlcU => putative glucose uptake protein GlcU
[14:16:49] Modify product: Probable arabinose-binding protein => putative arabinose-binding protein
[14:16:49] Modify product: Probable manganese catalase => putative manganese catalase
[14:16:49] Modify product: Probable pyridine nucleotide-disulfide oxidoreductase RclA => putative pyridine nucleotide-disulfide oxidoreductase RclA
[14:16:49] Modify product: Putative acetyltransferase SA2342 => Putative acetyltransferase
[14:16:49] Modify product: Uncharacterized oxidoreductase SA2266 => putative oxidoreductase
[14:16:49] Modify product: Uncharacterized PIN and TRAM-domain containing protein YacL => putative PIN and TRAM-domain containing protein YacL
[14:16:49] Modify product: UPF0701 protein YicC => hypothetical protein
[14:16:49] Modify product: Probable transcriptional regulatory protein HI_0315 => putative transcriptional regulatory protein
[14:16:49] Modify product: Uncharacterized ABC transporter ATP-binding protein Rv1273c => putative ABC transporter ATP-binding protein
[14:16:49] Modify product: Uncharacterized ABC transporter ATP-binding protein TM_0288 => putative ABC transporter ATP-binding protein
[14:16:49] Modify product: Uncharacterized ABC transporter ATP-binding protein TM_0288 => putative ABC transporter ATP-binding protein
[14:16:49] Modify product: Uncharacterized ABC transporter ATP-binding protein Rv1273c => putative ABC transporter ATP-binding protein
[14:16:49] Modify product: Probable licABCH operon regulator => putative licABCH operon regulator
[14:16:49] Modify product: Uncharacterized multiple-sugar transport system permease YteP => putative multiple-sugar transport system permease YteP
[14:16:49] Modify product: UPF0342 protein SA1663 => hypothetical protein
[14:16:49] Modify product: Putative multidrug export ATP-binding/permease protein SAV1866 => Putative multidrug export ATP-binding/permease protein
[14:16:49] Modify product: Probable HTH-type transcriptional repressor ExuR => putative HTH-type transcriptional repressor ExuR
[14:16:49] Modify product: Uncharacterized multiple-sugar transport system permease YteP => putative multiple-sugar transport system permease YteP
[14:16:49] Modify product: Uncharacterized symporter YjmB => putative symporter YjmB
[14:16:49] Modify product: Zinc-type alcohol dehydrogenase-like protein SA1988 => Zinc-type alcohol dehydrogenase-like protein
[14:16:49] Modify product: Probable protein kinase UbiB => putative protein kinase UbiB
[14:16:49] Modify product: UPF0178 protein YaiI => hypothetical protein
[14:16:49] Modify product: Potassium channel HX13_20290 => Potassium channel
[14:16:49] Modify product: Uncharacterized protein YueI => putative protein YueI
[14:16:50] Modify product: Uncharacterized protein SA1069 => putative protein
[14:16:50] Modify product: Uncharacterized protein Spy1614 => putative protein
[14:16:50] Modify product: Potassium channel HX13_20290 => Potassium channel
[14:16:50] Modify product: Uncharacterized ABC transporter ATP-binding protein YbiT => putative ABC transporter ATP-binding protein YbiT
[14:16:50] Modify product: DegV domain-containing protein MW1315 => DegV domain-containing protein
[14:16:50] Modify product: 23S rRNA 5-hydroxycytidine C2501 synthase => 23S rRNA 5-hydroxycytidine synthase
[14:16:50] Modify product: Uncharacterized ABC transporter ATP-binding protein YadG => putative ABC transporter ATP-binding protein YadG
[14:16:50] Modify product: Probable tRNA-dihydrouridine synthase => putative tRNA-dihydrouridine synthase
[14:16:50] Modify product: Zinc-type alcohol dehydrogenase-like protein SA1988 => Zinc-type alcohol dehydrogenase-like protein
[14:16:50] Modify product: Probable ribosomal protein YlxQ => putative ribosomal protein YlxQ
[14:16:50] Modify product: Uncharacterized protein YibN => putative protein YibN
[14:16:50] Modify product: Uncharacterized protein YqgQ => putative protein YqgQ
[14:16:50] Modify product: Uncharacterized protein YqgN => putative protein YqgN
[14:16:50] Modify product: Probable siderophore-binding lipoprotein YfiY => putative siderophore-binding lipoprotein YfiY
[14:16:50] Modify product: Uncharacterized protein YjcQ => putative protein YjcQ
[14:16:50] Modify product: Putative phosphatase M6_Spy0533 => Putative phosphatase
[14:16:50] Modify product: Probable peptidoglycan glycosyltransferase FtsW => putative peptidoglycan glycosyltransferase FtsW
[14:16:50] Modify product: Stress response regulator gls24 homolog => Stress response regulator gls24 
[14:16:50] Modify product: Uncharacterized oxidoreductase YghA => putative oxidoreductase YghA
[14:16:50] Modify product: Probable licABCH operon regulator => putative licABCH operon regulator
[14:16:50] Modify product: GTP cyclohydrolase 1 type 2 homolog => GTP cyclohydrolase 1 type 2 
[14:16:50] Modify product: GTP cyclohydrolase 1 type 2 homolog => GTP cyclohydrolase 1 type 2 
[14:16:50] Modify product: UPF0176 protein SP_0095 => hypothetical protein
[14:16:50] Modify product: Uncharacterized RNA methyltransferase SP_1029 => putative RNA methyltransferase
[14:16:50] Modify product: Probable GTP-binding protein EngB => putative GTP-binding protein EngB
[14:16:50] Modify product: Probable cell division protein WhiA => putative cell division protein WhiA
[14:16:50] Modify product: Uncharacterized protease YdeA => putative protease YdeA
[14:16:50] Modify product: Probable glutamine ABC transporter permease protein GlnM => putative glutamine ABC transporter permease protein GlnM
[14:16:50] Modify product: Probable glutamine ABC transporter permease protein GlnP => putative glutamine ABC transporter permease protein GlnP
[14:16:50] Modify product: Uncharacterized MscS family protein YkuT => putative MscS family protein YkuT
[14:16:50] Modify product: UPF0291 protein SP_1473 => hypothetical protein
[14:16:50] Modify product: UPF0398 protein YpsA => hypothetical protein
[14:16:50] Modify product: Uncharacterized protein YedJ => putative protein YedJ
[14:16:50] Modify product: Uncharacterized epimerase/dehydratase SA0511 => putative epimerase/dehydratase
[14:16:50] Modify product: Acetyltransferase SACOL1063 => Acetyltransferase
[14:16:50] Modify product: Rqc2 homolog RqcH => Rqc2 RqcH
[14:16:50] Modify product: Uncharacterized oxidoreductase YhhX => putative oxidoreductase YhhX
[14:16:50] Modify product: Uncharacterized HTH-type transcriptional regulator YbbH => putative HTH-type transcriptional regulator YbbH
[14:16:50] Modify product: Uncharacterized ABC transporter permease Rv0072 => putative ABC transporter permease
[14:16:50] Modify product: UPF0340 protein YwlG => hypothetical protein
[14:16:50] Modify product: UPF0371 protein DIP2346 => hypothetical protein
[14:16:50] Modify product: Probable ABC transporter extracellular-binding protein YckB => putative ABC transporter extracellular-binding protein YckB
[14:16:50] Modify product: Uncharacterized protein Rv1339 => putative protein
[14:16:50] Modify product: Nucleoid-associated protein SP_1102 => Nucleoid-associated protein
[14:16:50] Modify product: Uncharacterized HTH-type transcriptional regulator YdjF => putative HTH-type transcriptional regulator YdjF
[14:16:50] Modify product: Probable phosphotransferase enzyme IIB component M6_Spy0801 => putative phosphotransferase enzyme IIB component
[14:16:50] Modify product: Probable acrylyl-CoA reductase AcuI => putative acrylyl-CoA reductase AcuI
[14:16:51] Modify product: Uncharacterized sugar epimerase YhfK => putative sugar epimerase YhfK
[14:16:51] Modify product: UPF0109 protein Rv2908c => hypothetical protein
[14:16:51] Modify product: UPF0122 protein SP_1288 => hypothetical protein
[14:16:51] Modify product: Probable copper-importing P-type ATPase A => putative copper-importing P-type ATPase A
[14:16:51] Modify product: Uncharacterized sugar transferase EpsL => putative sugar transferase EpsL
[14:16:51] Modify product: Probable capsular polysaccharide biosynthesis protein YwqC => putative capsular polysaccharide biosynthesis protein YwqC
[14:16:51] Modify product: Uncharacterized protein YqeY => putative protein YqeY
[14:16:51] Modify product: Probable 6-phospho-beta-glucosidase => putative 6-phospho-beta-glucosidase
[14:16:51] Modify product: Probable multidrug resistance ABC transporter ATP-binding/permease protein YheH => putative multidrug resistance ABC transporter ATP-binding/permease protein YheH
[14:16:51] Modify product: Probable multidrug resistance ABC transporter ATP-binding/permease protein YheI => putative multidrug resistance ABC transporter ATP-binding/permease protein YheI
[14:16:51] Modify product: UPF0154 protein SA1178 => hypothetical protein
[14:16:51] Modify product: Probable endonuclease 4 => putative endonuclease 4
[14:16:51] Modify product: Phosphate-specific transport system accessory protein PhoU homolog => Phosphate-specific transport system accessory protein PhoU 
[14:16:51] Modify product: Uncharacterized N-acetyltransferase YvbK => putative N-acetyltransferase YvbK
[14:16:51] Modify product: Probable protein-export membrane protein SecG => putative protein-export membrane protein SecG
[14:16:51] Modify product: Uncharacterized protein YjdJ => putative protein YjdJ
[14:16:51] Modify product: Probable succinyl-diaminopimelate desuccinylase => putative succinyl-diaminopimelate desuccinylase
[14:16:51] Modify product: Probable dual-specificity RNA methyltransferase RlmN => putative dual-specificity RNA methyltransferase RlmN
[14:16:51] Modify product: Probable mannose-6-phosphate isomerase GmuF => putative mannose-6-phosphate isomerase GmuF
[14:16:51] Modify product: Uncharacterized ABC transporter ATP-binding protein Rv1273c => putative ABC transporter ATP-binding protein
[14:16:51] Modify product: Probable ATP-dependent RNA helicase YfmL => putative ATP-dependent RNA helicase YfmL
[14:16:51] Modify product: Bifunctional protein FolD => Bifunctional protein FolD protein
[14:16:51] Modify product: Uncharacterized protein Spy1535 => putative protein
[14:16:51] Modify product: Uncharacterized multiple-sugar transport system permease YteP => putative multiple-sugar transport system permease YteP
[14:16:51] Modify product: Uncharacterized response regulatory protein SACOL0201 => putative response regulatory protein
[14:16:51] Modify product: Uncharacterized ABC transporter ATP-binding protein Rv0986 => putative ABC transporter ATP-binding protein
[14:16:51] Modify product: Probable phosphotransferase enzyme IIB component M6_Spy0801 => putative phosphotransferase enzyme IIB component
[14:16:51] Modify product: Probable phosphotransferase enzyme IIB component M6_Spy0801 => putative phosphotransferase enzyme IIB component
[14:16:51] Modify product: Probable DNA-directed RNA polymerase subunit delta => putative DNA-directed RNA polymerase subunit delta
[14:16:51] Modify product: Uncharacterized isomerase YddE => putative isomerase YddE
[14:16:51] Modify product: Uncharacterized protein YhaP => putative protein YhaP
[14:16:51] Modify product: Uncharacterized ABC transporter permease Rv0072 => putative ABC transporter permease
[14:16:51] Modify product: UPF0473 protein SP_0194 => hypothetical protein
[14:16:51] Modify product: UPF0297 protein EF_1202 => hypothetical protein
[14:16:51] Modify product: Uncharacterized ABC transporter ATP-binding protein YheS => putative ABC transporter ATP-binding protein YheS
[14:16:51] Modify product: Probable arabinose-binding protein => putative arabinose-binding protein
[14:16:51] Modify product: Uncharacterized ABC transporter ATP-binding protein TM_0288 => putative ABC transporter ATP-binding protein
[14:16:51] Modify product: Uncharacterized ABC transporter ATP-binding protein Rv1273c => putative ABC transporter ATP-binding protein
[14:16:51] Modify product: UPF0356 protein M6_Spy1605 => hypothetical protein
[14:16:51] Modify product: UPF0758 protein SP_1088 => hypothetical protein
[14:16:51] Modify product: Phosphorylated carbohydrates phosphatase TM_1254 => Phosphorylated carbohydrates phosphatase
[14:16:51] Modify product: Probable tRNA sulfurtransferase => putative tRNA sulfurtransferase
[14:16:51] Modify product: Probable tRNA sulfurtransferase => putative tRNA sulfurtransferase
[14:16:51] Modify product: Probable ketoamine kinase HMPREF0351_12196 => putative ketoamine kinase
[14:16:51] Modify product: Uncharacterized protein YpjQ => putative protein YpjQ
[14:16:51] Modify product: Probable bifunctional oligoribonuclease and PAP phosphatase NrnA => putative bifunctional oligoribonuclease and PAP phosphatase NrnA
[14:16:51] Modify product: UPF0173 metal-dependent hydrolase SA1529 => hypothetical protein
[14:16:51] Modify product: UPF0309 protein BH3325 => hypothetical protein
[14:16:51] Modify product: Probable phosphotransferase enzyme IIB component M6_Spy0801 => putative phosphotransferase enzyme IIB component
[14:16:51] Modify product: Uncharacterized ABC transporter ATP-binding protein Rv1273c => putative ABC transporter ATP-binding protein
[14:16:51] Modify product: Uncharacterized ABC transporter ATP-binding protein TM_0288 => putative ABC transporter ATP-binding protein
[14:16:51] Cleaned 193 /product names
[14:16:51] Deleting unwanted file: /home/tiscargf/working_GA/code/prokka_annotation/E_fae_E745.sprot.tmp.49628.faa
[14:16:51] Deleting unwanted file: /home/tiscargf/working_GA/code/prokka_annotation/E_fae_E745.sprot.tmp.49628.blast
[14:16:53] There are still 1452 unannotated CDS left (started with 3130)
[14:16:53] Will use hmmer3 to search against /sw/bioinfo/prokka/1.45-5b58020/rackham/db/hmm/HAMAP.hmm with 8 CPUs
[14:16:53] Running: cat \/home\/tiscargf\/working_GA\/code\/prokka_annotation\/E_fae_E745\.HAMAP\.hmm\.tmp\.49628\.faa | parallel --gnu --plain -j 8 --block 21759 --recstart '>' --pipe hmmscan --noali --notextw --acc -E 1e-09 --cpu 1 /sw/bioinfo/prokka/1.45-5b58020/rackham/db/hmm/HAMAP.hmm /dev/stdin > \/home\/tiscargf\/working_GA\/code\/prokka_annotation\/E_fae_E745\.HAMAP\.hmm\.tmp\.49628\.hmmer3 2> /dev/null
[14:19:01] Modify product: Protein SprT-like => Protein SprT-like protein
[14:19:01] Modify product: Uncharacterized MFS-type transporter YfcJ => putative MFS-type transporter YfcJ
[14:19:02] Cleaned 2 /product names
[14:19:02] Deleting unwanted file: /home/tiscargf/working_GA/code/prokka_annotation/E_fae_E745.HAMAP.hmm.tmp.49628.faa
[14:19:02] Deleting unwanted file: /home/tiscargf/working_GA/code/prokka_annotation/E_fae_E745.HAMAP.hmm.tmp.49628.hmmer3
[14:19:02] Labelling remaining 1330 proteins as 'hypothetical protein'
[14:19:02] Possible /pseudo 'Coenzyme A biosynthesis bifunctional protein CoaBC' at tig00000001 position 4724
[14:19:02] Possible /pseudo 'Regulatory protein Spx' at tig00000001 position 225223
[14:19:02] Possible /pseudo 'Na(+)/H(+) antiporter NhaC' at tig00000001 position 287123
[14:19:02] Possible /pseudo 'IS256 family transposase ISEf1' at tig00000001 position 365793
[14:19:02] Possible /pseudo 'IS3 family transposase IS1485' at tig00000001 position 375258
[14:19:02] Possible /pseudo 'Calcium-transporting ATPase 1' at tig00000001 position 422134
[14:19:02] Possible /pseudo 'putative protein' at tig00000001 position 535119
[14:19:02] Possible /pseudo 'tRNA modification GTPase MnmE' at tig00000001 position 631117
[14:19:02] Possible /pseudo 'Putative NAD(P)H nitroreductase YodC' at tig00000001 position 791303
[14:19:02] Possible /pseudo 'Multidrug efflux protein YfmO' at tig00000001 position 794967
[14:19:02] Possible /pseudo 'putative ABC transporter ATP-binding protein' at tig00000001 position 890630
[14:19:02] Possible /pseudo 'putative ABC transporter ATP-binding protein' at tig00000001 position 904092
[14:19:02] Possible /pseudo 'IS30 family transposase IS1252' at tig00000001 position 1082176
[14:19:02] Possible /pseudo 'IS3 family transposase ISEfa8' at tig00000001 position 1135684
[14:19:02] Possible /pseudo 'PTS system mannose-specific EIIBCA component' at tig00000001 position 1299868
[14:19:02] Possible /pseudo 'Sensor histidine kinase DcuS' at tig00000001 position 1439671
[14:19:02] Possible /pseudo 'ATP-dependent DNA helicase RecQ' at tig00000001 position 1492776
[14:19:02] Possible /pseudo 'Di-/tripeptide transporter' at tig00000001 position 1529558
[14:19:02] Possible /pseudo 'ATP-dependent helicase/deoxyribonuclease subunit B' at tig00000001 position 1533030
[14:19:02] Possible /pseudo 'Dihydroorotate dehydrogenase B (NAD(+)), electron transfer subunit' at tig00000001 position 1620282
[14:19:02] Possible /pseudo 'Na(+)/H(+) antiporter' at tig00000001 position 1719665
[14:19:02] Possible /pseudo 'General stress protein A' at tig00000001 position 1746482
[14:19:02] Possible /pseudo 'GTP cyclohydrolase 1 type 2 ' at tig00000001 position 1799576
[14:19:02] Possible /pseudo 'Na(+), Li(+), K(+)/H(+) antiporter subunit B' at tig00000001 position 1825902
[14:19:02] Possible /pseudo 'ATP-dependent Clp protease ATP-binding subunit ClpX' at tig00000001 position 1868453
[14:19:02] Possible /pseudo 'Xylulose-5-phosphate phosphoketolase' at tig00000001 position 1921411
[14:19:02] Possible /pseudo 'Phosphonoacetaldehyde hydrolase' at tig00000001 position 1943835
[14:19:02] Possible /pseudo 'IS3 family transposase ISEfa8' at tig00000001 position 2088388
[14:19:02] Possible /pseudo 'Choloylglycine hydrolase' at tig00000001 position 2145478
[14:19:02] Possible /pseudo 'Phosphate import ATP-binding protein PstB 3' at tig00000001 position 2272622
[14:19:02] Possible /pseudo 'putative ABC transporter ATP-binding protein' at tig00000001 position 2420722
[14:19:02] Possible /pseudo 'putative tRNA sulfurtransferase' at tig00000001 position 2433248
[14:19:02] Possible /pseudo 'IS3 family transposase IS1485' at tig00000001 position 2446571
[14:19:02] Possible /pseudo 'putative ABC transporter ATP-binding protein' at tig00000001 position 2498195
[14:19:02] Possible /pseudo 'IS3 family transposase ISEfa8' at tig00000001 position 2605867
[14:19:02] Possible /pseudo 'PTS system mannose-specific EIIAB component' at tig00000001 position 2690132
[14:19:02] Possible /pseudo 'D-alanine--D-alanyl carrier protein ligase' at tig00000001 position 2709149
[14:19:02] Possible /pseudo 'PTS system fructose-specific EIIABC component' at tig00000001 position 2735225
[14:19:02] Possible /pseudo 'Coenzyme A biosynthesis bifunctional protein CoaBC' at tig00000001 position 2769631
[14:19:02] Possible /pseudo 'ISL3 family transposase ISEfa5' at tig00000004 position 874
[14:19:02] Possible /pseudo 'ISL3 family transposase ISEfa5' at tig00000004 position 1292
[14:19:02] Possible /pseudo 'IS3 family transposase ISEfa10' at tig00000004 position 74918
[14:19:02] Possible /pseudo 'IS3 family transposase IS1485' at tig00000004 position 110821
[14:19:02] Possible /pseudo 'IS256 family transposase ISBsu2' at tig00000004 position 114013
[14:19:02] Possible /pseudo 'IS3 family transposase ISEfa8' at tig00000004 position 159123
[14:19:02] Possible /pseudo 'IS3 family transposase ISEfa8' at tig00000004 position 161738
[14:19:02] Possible /pseudo 'IS6 family transposase IS1216V' at tig00000004 position 198891
[14:19:02] Possible /pseudo 'IS200/IS605 family transposase ISEfa4' at tig00000004 position 210570
[14:19:02] Possible /pseudo 'ISL3 family transposase IS1251' at tig00000006 position 4492
[14:19:02] Possible /pseudo 'ISL3 family transposase IS1251' at tig00000006 position 4956
[14:19:02] Possible /pseudo 'ISL3 family transposase ISEfa5' at tig00000006 position 6967
[14:19:02] Possible /pseudo 'ISL3 family transposase ISEfa5' at tig00000006 position 8454
[14:19:02] Found 1188 unique /gene codes.
[14:19:02] Fixed 2 duplicate /gene - pyrK_1 pyrK_2
[14:19:02] Fixed 2 duplicate /gene - polC_1 polC_2
[14:19:02] Fixed 2 duplicate /gene - dinG_1 dinG_2
[14:19:02] Fixed 2 duplicate /gene - queT_1 queT_2
[14:19:02] Fixed 2 duplicate /gene - hrtA_1 hrtA_2
[14:19:02] Fixed 2 duplicate /gene - ybbH_1 ybbH_2
[14:19:02] Fixed 3 duplicate /gene - panT_1 panT_2 panT_3
[14:19:02] Fixed 2 duplicate /gene - bcrA_1 bcrA_2
[14:19:02] Fixed 2 duplicate /gene - licA_1 licA_2
[14:19:02] Fixed 2 duplicate /gene - gph_1 gph_2
[14:19:02] Fixed 2 duplicate /gene - ywpJ_1 ywpJ_2
[14:19:02] Fixed 2 duplicate /gene - phoR_1 phoR_2
[14:19:02] Fixed 2 duplicate /gene - thiI_1 thiI_2
[14:19:02] Fixed 2 duplicate /gene - pnp_1 pnp_2
[14:19:02] Fixed 7 duplicate /gene - araQ_1 araQ_2 araQ_3 araQ_4 araQ_5 araQ_6 araQ_7
[14:19:02] Fixed 2 duplicate /gene - potA_1 potA_2
[14:19:02] Fixed 3 duplicate /gene - yteP_1 yteP_2 yteP_3
[14:19:02] Fixed 2 duplicate /gene - glnQ_1 glnQ_2
[14:19:02] Fixed 3 duplicate /gene - hdfR_1 hdfR_2 hdfR_3
[14:19:02] Fixed 2 duplicate /gene - rluD_1 rluD_2
[14:19:02] Fixed 2 duplicate /gene - rcsC_1 rcsC_2
[14:19:02] Fixed 5 duplicate /gene - fruA_1 fruA_2 fruA_3 fruA_4 fruA_5
[14:19:02] Fixed 2 duplicate /gene - murR_1 murR_2
[14:19:02] Fixed 2 duplicate /gene - ybaK_1 ybaK_2
[14:19:02] Fixed 3 duplicate /gene - menH_1 menH_2 menH_3
[14:19:02] Fixed 2 duplicate /gene - gltC_1 gltC_2
[14:19:02] Fixed 2 duplicate /gene - lacE_1 lacE_2
[14:19:02] Fixed 3 duplicate /gene - yxdL_1 yxdL_2 yxdL_3
[14:19:02] Fixed 2 duplicate /gene - murA1_1 murA1_2
[14:19:02] Fixed 3 duplicate /gene - manR_1 manR_2 manR_3
[14:19:02] Fixed 2 duplicate /gene - rpe_1 rpe_2
[14:19:02] Fixed 2 duplicate /gene - yvdM_1 yvdM_2
[14:19:02] Fixed 2 duplicate /gene - xpkA_1 xpkA_2
[14:19:02] Fixed 3 duplicate /gene - bglH_1 bglH_2 bglH_3
[14:19:02] Fixed 2 duplicate /gene - metQ_1 metQ_2
[14:19:02] Fixed 5 duplicate /gene - gmuE_1 gmuE_2 gmuE_3 gmuE_4 gmuE_5
[14:19:02] Fixed 2 duplicate /gene - dltA_1 dltA_2
[14:19:02] Fixed 2 duplicate /gene - norR_1 norR_2
[14:19:02] Fixed 2 duplicate /gene - dtpT_1 dtpT_2
[14:19:02] Fixed 2 duplicate /gene - rpmGA_1 rpmGA_2
[14:19:02] Fixed 2 duplicate /gene - gspA_1 gspA_2
[14:19:02] Fixed 2 duplicate /gene - clpP_1 clpP_2
[14:19:02] Fixed 2 duplicate /gene - scaC_1 scaC_2
[14:19:02] Fixed 3 duplicate /gene - ptsG_1 ptsG_2 ptsG_3
[14:19:02] Fixed 2 duplicate /gene - folT_1 folT_2
[14:19:02] Fixed 2 duplicate /gene - oppF_1 oppF_2
[14:19:02] Fixed 2 duplicate /gene - ntpJ_1 ntpJ_2
[14:19:02] Fixed 2 duplicate /gene - ldh_1 ldh_2
[14:19:02] Fixed 2 duplicate /gene - ulaA_1 ulaA_2
[14:19:02] Fixed 3 duplicate /gene - yidA_1 yidA_2 yidA_3
[14:19:02] Fixed 2 duplicate /gene - ssaB_1 ssaB_2
[14:19:02] Fixed 2 duplicate /gene - ccpA_1 ccpA_2
[14:19:02] Fixed 3 duplicate /gene - xylB_1 xylB_2 xylB_3
[14:19:02] Fixed 2 duplicate /gene - ptcB_1 ptcB_2
[14:19:02] Fixed 2 duplicate /gene - dapH_1 dapH_2
[14:19:02] Fixed 5 duplicate /gene - lacF_1 lacF_2 lacF_3 lacF_4 lacF_5
[14:19:02] Fixed 2 duplicate /gene - dagK_1 dagK_2
[14:19:02] Fixed 2 duplicate /gene - araR_1 araR_2
[14:19:02] Fixed 2 duplicate /gene - malL_1 malL_2
[14:19:02] Fixed 2 duplicate /gene - walK_1 walK_2
[14:19:02] Fixed 2 duplicate /gene - mtlF_1 mtlF_2
[14:19:02] Fixed 2 duplicate /gene - arlR_1 arlR_2
[14:19:02] Fixed 2 duplicate /gene - ligA_1 ligA_2
[14:19:02] Fixed 2 duplicate /gene - rex_1 rex_2
[14:19:02] Fixed 2 duplicate /gene - galK_1 galK_2
[14:19:02] Fixed 2 duplicate /gene - manP_1 manP_2
[14:19:02] Fixed 2 duplicate /gene - eis_1 eis_2
[14:19:02] Fixed 2 duplicate /gene - ghrB_1 ghrB_2
[14:19:02] Fixed 2 duplicate /gene - rspR_1 rspR_2
[14:19:02] Fixed 3 duplicate /gene - ssb_1 ssb_2 ssb_3
[14:19:02] Fixed 2 duplicate /gene - napA_1 napA_2
[14:19:02] Fixed 2 duplicate /gene - aes_1 aes_2
[14:19:02] Fixed 2 duplicate /gene - exuR_1 exuR_2
[14:19:02] Fixed 2 duplicate /gene - opuCA_1 opuCA_2
[14:19:02] Fixed 3 duplicate /gene - recQ_1 recQ_2 recQ_3
[14:19:02] Fixed 2 duplicate /gene - guaA_1 guaA_2
[14:19:02] Fixed 2 duplicate /gene - uxuA_1 uxuA_2
[14:19:02] Fixed 5 duplicate /gene - topB_1 topB_2 topB_3 topB_4 topB_5
[14:19:02] Fixed 2 duplicate /gene - mro_1 mro_2
[14:19:02] Fixed 2 duplicate /gene - lacR_1 lacR_2
[14:19:02] Fixed 6 duplicate /gene - btuD_1 btuD_2 btuD_3 btuD_4 btuD_5 btuD_6
[14:19:02] Fixed 2 duplicate /gene - mutS2_1 mutS2_2
[14:19:02] Fixed 4 duplicate /gene - degA_1 degA_2 degA_3 degA_4
[14:19:02] Fixed 3 duplicate /gene - gatC_1 gatC_2 gatC_3
[14:19:02] Fixed 2 duplicate /gene - pstB3_1 pstB3_2
[14:19:02] Fixed 2 duplicate /gene - arcD1_1 arcD1_2
[14:19:02] Fixed 2 duplicate /gene - ltaS1_1 ltaS1_2
[14:19:02] Fixed 2 duplicate /gene - nagR_1 nagR_2
[14:19:02] Fixed 5 duplicate /gene - dgaR_1 dgaR_2 dgaR_3 dgaR_4 dgaR_5
[14:19:02] Fixed 2 duplicate /gene - pglH_1 pglH_2
[14:19:02] Fixed 2 duplicate /gene - mnmE_1 mnmE_2
[14:19:02] Fixed 2 duplicate /gene - fabG_1 fabG_2
[14:19:02] Fixed 2 duplicate /gene - helD_1 helD_2
[14:19:02] Fixed 2 duplicate /gene - gmuC_1 gmuC_2
[14:19:02] Fixed 2 duplicate /gene - yfmO_1 yfmO_2
[14:19:02] Fixed 2 duplicate /gene - pepF1_1 pepF1_2
[14:19:02] Fixed 2 duplicate /gene - gtaB_1 gtaB_2
[14:19:02] Fixed 3 duplicate /gene - agaA_1 agaA_2 agaA_3
[14:19:02] Fixed 3 duplicate /gene - sasA_1 sasA_2 sasA_3
[14:19:02] Fixed 2 duplicate /gene - licR_1 licR_2
[14:19:02] Fixed 2 duplicate /gene - def_1 def_2
[14:19:02] Fixed 5 duplicate /gene - spxA_1 spxA_2 spxA_3 spxA_4 spxA_5
[14:19:02] Fixed 3 duplicate /gene - umuC_1 umuC_2 umuC_3
[14:19:02] Fixed 2 duplicate /gene - iolU_1 iolU_2
[14:19:02] Fixed 2 duplicate /gene - bceA_1 bceA_2
[14:19:02] Fixed 2 duplicate /gene - addB_1 addB_2
[14:19:02] Fixed 2 duplicate /gene - dinB_1 dinB_2
[14:19:02] Fixed 3 duplicate /gene - prsA_1 prsA_2 prsA_3
[14:19:02] Fixed 2 duplicate /gene - fabZ_1 fabZ_2
[14:19:02] Fixed 3 duplicate /gene - lacG_1 lacG_2 lacG_3
[14:19:02] Fixed 2 duplicate /gene - gmk_1 gmk_2
[14:19:02] Fixed 2 duplicate /gene - ponA_1 ponA_2
[14:19:02] Fixed 2 duplicate /gene - melR_1 melR_2
[14:19:02] Fixed 2 duplicate /gene - araN_1 araN_2
[14:19:02] Fixed 2 duplicate /gene - brnQ_1 brnQ_2
[14:19:02] Fixed 2 duplicate /gene - treP_1 treP_2
[14:19:02] Fixed 2 duplicate /gene - vanX_1 vanX_2
[14:19:02] Fixed 2 duplicate /gene - pstS1_1 pstS1_2
[14:19:02] Fixed 2 duplicate /gene - dcuS_1 dcuS_2
[14:19:02] Fixed 2 duplicate /gene - atpE_1 atpE_2
[14:19:02] Fixed 2 duplicate /gene - gatA_1 gatA_2
[14:19:02] Fixed 4 duplicate /gene - cbh_1 cbh_2 cbh_3 cbh_4
[14:19:02] Fixed 2 duplicate /gene - nanE_1 nanE_2
[14:19:02] Fixed 2 duplicate /gene - gadC_1 gadC_2
[14:19:02] Fixed 2 duplicate /gene - ctpE_1 ctpE_2
[14:19:02] Fixed 2 duplicate /gene - nox_1 nox_2
[14:19:02] Fixed 2 duplicate /gene - lacC_1 lacC_2
[14:19:02] Fixed 2 duplicate /gene - ftsW_1 ftsW_2
[14:19:02] Fixed 2 duplicate /gene - msrA_1 msrA_2
[14:19:02] Fixed 2 duplicate /gene - yfnB_1 yfnB_2
[14:19:02] Fixed 2 duplicate /gene - ugl_1 ugl_2
[14:19:02] Fixed 2 duplicate /gene - ribZ_1 ribZ_2
[14:19:02] Fixed 3 duplicate /gene - argR_1 argR_2 argR_3
[14:19:02] Fixed 2 duplicate /gene - yecS_1 yecS_2
[14:19:02] Fixed 2 duplicate /gene - npr_1 npr_2
[14:19:02] Fixed 3 duplicate /gene - murJ_1 murJ_2 murJ_3
[14:19:02] Fixed 2 duplicate /gene - pbpX_1 pbpX_2
[14:19:02] Fixed 2 duplicate /gene - phnX_1 phnX_2
[14:19:02] Fixed 2 duplicate /gene - COQ5_1 COQ5_2
[14:19:02] Fixed 3 duplicate /gene - artM_1 artM_2 artM_3
[14:19:02] Fixed 2 duplicate /gene - steT_1 steT_2
[14:19:02] Fixed 3 duplicate /gene - frlB_1 frlB_2 frlB_3
[14:19:02] Fixed 2 duplicate /gene - glcU_1 glcU_2
[14:19:02] Fixed 2 duplicate /gene - mutS_1 mutS_2
[14:19:02] Fixed 3 duplicate /gene - nhaC_1 nhaC_2 nhaC_3
[14:19:02] Fixed 2 duplicate /gene - oppD_1 oppD_2
[14:19:02] Fixed 2 duplicate /gene - abfA_1 abfA_2
[14:19:02] Fixed 2 duplicate /gene - gpsA_1 gpsA_2
[14:19:02] Fixed 2 duplicate /gene - mltF_1 mltF_2
[14:19:02] Fixed 2 duplicate /gene - folA_1 folA_2
[14:19:02] Fixed 3 duplicate /gene - tagU_1 tagU_2 tagU_3
[14:19:02] Fixed 2 duplicate /gene - srrA_1 srrA_2
[14:19:02] Fixed 2 duplicate /gene - wbgU_1 wbgU_2
[14:19:02] Fixed 2 duplicate /gene - scrB_1 scrB_2
[14:19:02] Fixed 2 duplicate /gene - gmuD_1 gmuD_2
[14:19:02] Fixed 4 duplicate /gene - licT_1 licT_2 licT_3 licT_4
[14:19:02] Fixed 2 duplicate /gene - cdr_1 cdr_2
[14:19:02] Fixed 2 duplicate /gene - tadA_1 tadA_2
[14:19:02] Fixed 2 duplicate /gene - mprF_1 mprF_2
[14:19:02] Fixed 2 duplicate /gene - umpB_1 umpB_2
[14:19:02] Fixed 2 duplicate /gene - yhfK_1 yhfK_2
[14:19:02] Fixed 2 duplicate /gene - natA_1 natA_2
[14:19:02] Fixed 6 duplicate /gene - bin3_1 bin3_2 bin3_3 bin3_4 bin3_5 bin3_6
[14:19:02] Fixed 2 duplicate /gene - vanH_1 vanH_2
[14:19:02] Fixed 2 duplicate /gene - tuf_1 tuf_2
[14:19:02] Fixed 4 duplicate /gene - coaBC_1 coaBC_2 coaBC_3 coaBC_4
[14:19:02] Fixed 2 duplicate /gene - yodC_1 yodC_2
[14:19:02] Fixed 3 duplicate /gene - licC_1 licC_2 licC_3
[14:19:02] Fixed 2 duplicate /gene - gap_1 gap_2
[14:19:02] Fixed 3 duplicate /gene - smc_1 smc_2 smc_3
[14:19:02] Fixed 2 duplicate /gene - clpX_1 clpX_2
[14:19:02] Fixed 2 duplicate /gene - cspLA_1 cspLA_2
[14:19:02] Fixed 2 duplicate /gene - metP_1 metP_2
[14:19:02] Fixed 3 duplicate /gene - soj_1 soj_2 soj_3
[14:19:02] Fixed 2 duplicate /gene - rpmF_1 rpmF_2
[14:19:02] Fixed 5 duplicate /gene - manX_1 manX_2 manX_3 manX_4 manX_5
[14:19:02] Fixed 3 duplicate /gene - rhaS_1 rhaS_2 rhaS_3
[14:19:02] Fixed 2 duplicate /gene - acuI_1 acuI_2
[14:19:02] Fixed 3 duplicate /gene - ybiT_1 ybiT_2 ybiT_3
[14:19:02] Fixed 2 duplicate /gene - sbnD_1 sbnD_2
[14:19:02] Fixed 12 duplicate /gene - xerC_1 xerC_2 xerC_3 xerC_4 xerC_5 xerC_6 xerC_7 xerC_8 xerC_9 xerC_10 xerC_11 xerC_12
[14:19:02] Fixed 2 duplicate /gene - vanA_1 vanA_2
[14:19:02] Fixed 5 duplicate /gene - bglF_1 bglF_2 bglF_3 bglF_4 bglF_5
[14:19:02] Fixed 6 duplicate /gene - rhaR_1 rhaR_2 rhaR_3 rhaR_4 rhaR_5 rhaR_6
[14:19:02] Fixed 2 duplicate /gene - rluB_1 rluB_2
[14:19:02] Fixed 2 duplicate /gene - lolD_1 lolD_2
[14:19:02] Fixed 2 duplicate /gene - rpsN2_1 rpsN2_2
[14:19:02] Fixed 2 duplicate /gene - clsA_1 clsA_2
[14:19:02] Fixed 2 duplicate /gene - purR_1 purR_2
[14:19:02] Fixed 2 duplicate /gene - ygaZ_1 ygaZ_2
[14:19:02] Fixed 2 duplicate /gene - ohrB_1 ohrB_2
[14:19:02] Fixed 8 duplicate /gene - manZ_1 manZ_2 manZ_3 manZ_4 manZ_5 manZ_6 manZ_7 manZ_8
[14:19:02] Fixed 2 duplicate /gene - walR_1 walR_2
[14:19:02] Fixed 2 duplicate /gene - sorB_1 sorB_2
[14:19:02] Fixed 2 duplicate /gene - uvrC_1 uvrC_2
[14:19:02] Fixed 2 duplicate /gene - arnC_1 arnC_2
[14:19:02] Fixed 4 duplicate /gene - sorA_1 sorA_2 sorA_3 sorA_4
[14:19:02] Fixed 2 duplicate /gene - iscS_1 iscS_2
[14:19:02] Fixed 2 duplicate /gene - potB_1 potB_2
[14:19:02] Fixed 3 duplicate /gene - gpmA_1 gpmA_2 gpmA_3
[14:19:02] Fixed 2 duplicate /gene - bceB_1 bceB_2
[14:19:02] Fixed 201 colliding /gene names.
[14:19:02] Adding /locus_tag identifiers
[14:19:02] Assigned 3219 locus_tags to CDS and RNA features.
[14:19:02] Writing outputs to /home/tiscargf/working_GA/code/prokka_annotation/
[14:19:06] Generating annotation statistics file
[14:19:06] Generating Genbank and Sequin files
[14:19:06] Running: tbl2asn -V b -a r10k -l paired-ends -M n -N 1 -y 'Annotated using prokka 1.14.6 from https://github.com/tseemann/prokka' -Z \/home\/tiscargf\/working_GA\/code\/prokka_annotation\/E_fae_E745\.err -i \/home\/tiscargf\/working_GA\/code\/prokka_annotation\/E_fae_E745\.fsa 2> /dev/null
[14:19:12] Deleting unwanted file: /home/tiscargf/working_GA/code/prokka_annotation/errorsummary.val
[14:19:12] Deleting unwanted file: /home/tiscargf/working_GA/code/prokka_annotation/E_fae_E745.dr
[14:19:12] Deleting unwanted file: /home/tiscargf/working_GA/code/prokka_annotation/E_fae_E745.fixedproducts
[14:19:12] Deleting unwanted file: /home/tiscargf/working_GA/code/prokka_annotation/E_fae_E745.ecn
[14:19:12] Deleting unwanted file: /home/tiscargf/working_GA/code/prokka_annotation/E_fae_E745.val
[14:19:12] Repairing broken .GBK output that tbl2asn produces...
[14:19:12] Running: sed 's/COORDINATES: profile/COORDINATES:profile/' < \/home\/tiscargf\/working_GA\/code\/prokka_annotation\/E_fae_E745\.gbf > \/home\/tiscargf\/working_GA\/code\/prokka_annotation\/E_fae_E745\.gbk
[14:19:12] Deleting unwanted file: /home/tiscargf/working_GA/code/prokka_annotation/E_fae_E745.gbf
[14:19:13] Output files:
[14:19:13] /home/tiscargf/working_GA/code/prokka_annotation/E_fae_E745.log
[14:19:13] /home/tiscargf/working_GA/code/prokka_annotation/E_fae_E745.fna
[14:19:13] /home/tiscargf/working_GA/code/prokka_annotation/E_fae_E745.gff
[14:19:13] /home/tiscargf/working_GA/code/prokka_annotation/E_fae_E745.faa
[14:19:13] /home/tiscargf/working_GA/code/prokka_annotation/E_fae_E745.ffn
[14:19:13] /home/tiscargf/working_GA/code/prokka_annotation/E_fae_E745.tbl
[14:19:13] /home/tiscargf/working_GA/code/prokka_annotation/E_fae_E745.fsa
[14:19:13] /home/tiscargf/working_GA/code/prokka_annotation/E_fae_E745.tsv
[14:19:13] /home/tiscargf/working_GA/code/prokka_annotation/E_fae_E745.txt
[14:19:13] /home/tiscargf/working_GA/code/prokka_annotation/E_fae_E745.gbk
[14:19:13] /home/tiscargf/working_GA/code/prokka_annotation/E_fae_E745.sqn
[14:19:13] /home/tiscargf/working_GA/code/prokka_annotation/E_fae_E745.err
[14:19:13] Annotation finished successfully.
[14:19:13] Walltime used: 10.18 minutes
[14:19:13] If you use this result please cite the Prokka paper:
[14:19:13] Seemann T (2014) Prokka: rapid prokaryotic genome annotation. Bioinformatics. 30(14):2068-9.
[14:19:13] Type 'prokka --citation' for more details.
[14:19:13] Share and enjoy!
/var/spool/slurmd/job6175260/slurm_script: line 18: --protein: command not found
/var/spool/slurmd/job6175260/slurm_script: line 20: --addgenes: command not found
